#
# A fatal error has been detected by the Java Runtime Environment:
#
#  SIGSEGV (0xb) at pc=0x00007f8aa4b956e2, pid=3264, tid=3282
#
# JRE version: Java(TM) SE Runtime Environment (12.0.1+12) (build 12.0.1+12)
# Java VM: Java HotSpot(TM) 64-Bit Server VM (12.0.1+12, mixed mode, sharing, tiered, compressed oops, serial gc, linux-amd64)
# Problematic frame:
# j  java.lang.String.valueOf(Ljava/lang/Object;)Ljava/lang/String;+10 java.base@12.0.1
#
# Core dump will be written. Default location: Core dumps may be processed with "/usr/share/apport/apport %p %s %c %d %P" (or dumping to /home/kiit/1905243/cnProject/CN-p2p-file-sharing/core.3264)
#
# If you would like to submit a bug report, please visit:
#   http://bugreport.java.com/bugreport/crash.jsp
#

---------------  S U M M A R Y ------------

Command Line: -Djava.library.path=. Gui

Host: Intel(R) Core(TM) i5-8250U CPU @ 1.60GHz, 1 cores, 3G, Ubuntu 18.04.2 LTS
Time: Sat Jan  1 21:41:51 2022 IST elapsed time: 5 seconds (0d 0h 0m 5s)

---------------  T H R E A D  ---------------

Current thread (0x00007f8aa0005800):  JavaThread "AWT-EventQueue-0" [_thread_in_Java, id=3282, stack(0x00007f8a8227c000,0x00007f8a8237d000)]

Stack: [0x00007f8a8227c000,0x00007f8a8237d000],  sp=0x00007f8a8237a780,  free space=1017k
Native frames: (J=compiled Java code, A=aot compiled Java code, j=interpreted, Vv=VM code, C=native code)
j  java.lang.String.valueOf(Ljava/lang/Object;)Ljava/lang/String;+10 java.base@12.0.1
j  java.io.PrintStream.print(Ljava/lang/String;)V+2 java.base@12.0.1
j  java.io.PrintStream.println(Ljava/lang/String;)V+6 java.base@12.0.1
j  Login.actionPerformed(Ljava/awt/event/ActionEvent;)V+48
j  javax.swing.AbstractButton.fireActionPerformed(Ljava/awt/event/ActionEvent;)V+83 java.desktop@12.0.1
j  javax.swing.AbstractButton$Handler.actionPerformed(Ljava/awt/event/ActionEvent;)V+5 java.desktop@12.0.1
j  javax.swing.DefaultButtonModel.fireActionPerformed(Ljava/awt/event/ActionEvent;)V+34 java.desktop@12.0.1
j  javax.swing.DefaultButtonModel.setPressed(Z)V+117 java.desktop@12.0.1
j  javax.swing.plaf.basic.BasicButtonListener.mouseReleased(Ljava/awt/event/MouseEvent;)V+35 java.desktop@12.0.1
j  java.awt.Component.processMouseEvent(Ljava/awt/event/MouseEvent;)V+64 java.desktop@12.0.1
j  javax.swing.JComponent.processMouseEvent(Ljava/awt/event/MouseEvent;)V+23 java.desktop@12.0.1
j  java.awt.Component.processEvent(Ljava/awt/AWTEvent;)V+81 java.desktop@12.0.1
j  java.awt.Container.processEvent(Ljava/awt/AWTEvent;)V+18 java.desktop@12.0.1
j  java.awt.Component.dispatchEventImpl(Ljava/awt/AWTEvent;)V+496 java.desktop@12.0.1
j  java.awt.Container.dispatchEventImpl(Ljava/awt/AWTEvent;)V+42 java.desktop@12.0.1
j  java.awt.Component.dispatchEvent(Ljava/awt/AWTEvent;)V+2 java.desktop@12.0.1
j  java.awt.LightweightDispatcher.retargetMouseEvent(Ljava/awt/Component;ILjava/awt/event/MouseEvent;)V+349 java.desktop@12.0.1
j  java.awt.LightweightDispatcher.processMouseEvent(Ljava/awt/event/MouseEvent;)Z+155 java.desktop@12.0.1
j  java.awt.LightweightDispatcher.dispatchEvent(Ljava/awt/AWTEvent;)Z+50 java.desktop@12.0.1
j  java.awt.Container.dispatchEventImpl(Ljava/awt/AWTEvent;)V+12 java.desktop@12.0.1
j  java.awt.Window.dispatchEventImpl(Ljava/awt/AWTEvent;)V+19 java.desktop@12.0.1
j  java.awt.Component.dispatchEvent(Ljava/awt/AWTEvent;)V+2 java.desktop@12.0.1
j  java.awt.EventQueue.dispatchEventImpl(Ljava/awt/AWTEvent;Ljava/lang/Object;)V+41 java.desktop@12.0.1
j  java.awt.EventQueue$4.run()Ljava/lang/Void;+32 java.desktop@12.0.1
j  java.awt.EventQueue$4.run()Ljava/lang/Object;+1 java.desktop@12.0.1
J 794 c1 java.security.AccessController.executePrivileged(Ljava/security/PrivilegedAction;Ljava/security/AccessControlContext;Ljava/lang/Class;)Ljava/lang/Object; java.base@12.0.1 (65 bytes) @ 0x00007f8aa524fd64 [0x00007f8aa524fc00+0x0000000000000164]
j  java.security.AccessController.doPrivileged(Ljava/security/PrivilegedAction;Ljava/security/AccessControlContext;)Ljava/lang/Object;+13 java.base@12.0.1
j  java.security.ProtectionDomain$JavaSecurityAccessImpl.doIntersectionPrivilege(Ljava/security/PrivilegedAction;Ljava/security/AccessControlContext;Ljava/security/AccessControlContext;)Ljava/lang/Object;+18 java.base@12.0.1
j  java.security.ProtectionDomain$JavaSecurityAccessImpl.doIntersectionPrivilege(Ljava/security/PrivilegedAction;Ljava/security/AccessControlContext;)Ljava/lang/Object;+6 java.base@12.0.1
j  java.awt.EventQueue$5.run()Ljava/lang/Void;+11 java.desktop@12.0.1
j  java.awt.EventQueue$5.run()Ljava/lang/Object;+1 java.desktop@12.0.1
J 794 c1 java.security.AccessController.executePrivileged(Ljava/security/PrivilegedAction;Ljava/security/AccessControlContext;Ljava/lang/Class;)Ljava/lang/Object; java.base@12.0.1 (65 bytes) @ 0x00007f8aa524fd64 [0x00007f8aa524fc00+0x0000000000000164]
j  java.security.AccessController.doPrivileged(Ljava/security/PrivilegedAction;Ljava/security/AccessControlContext;)Ljava/lang/Object;+13 java.base@12.0.1
j  java.security.ProtectionDomain$JavaSecurityAccessImpl.doIntersectionPrivilege(Ljava/security/PrivilegedAction;Ljava/security/AccessControlContext;Ljava/security/AccessControlContext;)Ljava/lang/Object;+18 java.base@12.0.1
j  java.awt.EventQueue.dispatchEvent(Ljava/awt/AWTEvent;)V+73 java.desktop@12.0.1
j  java.awt.EventDispatchThread.pumpOneEventForFilters(I)V+78 java.desktop@12.0.1
j  java.awt.EventDispatchThread.pumpEventsForFilter(ILjava/awt/Conditional;Ljava/awt/EventFilter;)V+35 java.desktop@12.0.1
j  java.awt.EventDispatchThread.pumpEventsForHierarchy(ILjava/awt/Conditional;Ljava/awt/Component;)V+11 java.desktop@12.0.1
j  java.awt.EventDispatchThread.pumpEvents(ILjava/awt/Conditional;)V+4 java.desktop@12.0.1
j  java.awt.EventDispatchThread.pumpEvents(Ljava/awt/Conditional;)V+3 java.desktop@12.0.1
j  java.awt.EventDispatchThread.run()V+9 java.desktop@12.0.1
v  ~StubRoutines::call_stub
V  [libjvm.so+0x86fc39]  JavaCalls::call_helper(JavaValue*, methodHandle const&, JavaCallArguments*, Thread*)+0x3c9
V  [libjvm.so+0x86dbcd]  JavaCalls::call_virtual(JavaValue*, Handle, Klass*, Symbol*, Symbol*, Thread*)+0x1ed
V  [libjvm.so+0x91ae9c]  thread_entry(JavaThread*, Thread*)+0x6c
V  [libjvm.so+0xdd533f]  JavaThread::thread_main_inner()+0x22f
V  [libjvm.so+0xdd21bf]  Thread::call_run()+0x16f
V  [libjvm.so+0xbfe94e]  thread_native_entry(Thread*)+0xee


siginfo: si_signo: 11 (SIGSEGV), si_code: 1 (SEGV_MAPERR), si_addr: 0x00000000676f4c08

Register to memory mapping:

RAX=0x0 is NULL
RBX=0x0000000000000002 is an unknown value
RCX=0x00000000676f4c00 is an unknown value
RDX=0x0000000080000001 is an unknown value
RSP=0x00007f8a8237a780 is pointing into the stack for thread: 0x00007f8aa0005800
RBP=0x00007f8a8237a7d8 is pointing into the stack for thread: 0x00007f8aa0005800
RSI=0x00007f8a8237a860 is pointing into the stack for thread: 0x00007f8aa0005800
RDI=0x00007f8aa00061b0 points into unknown readable memory: 03 00 00 00 1e 00 00 00
R8 ={method} {0x0000000800339428} 'println' '(Ljava/lang/String;)V' in 'java/io/PrintStream'
R9 =0x0000000000000004 is an unknown value
R10=0x00007f8ac5861d80: <offset 0x00000000014ced80> in /usr/lib/jvm/jdk-12.0.1/lib/server/libjvm.so at 0x00007f8ac4393000
R11=0x00007f8abc00c9e0 points into unknown readable memory: 00 00 00 00 00 00 00 00
R12=0x0 is NULL
R13=0x00000008009cd0ba is pointing into metadata
R14=0x00007f8a8237a7e8 is pointing into the stack for thread: 0x00007f8aa0005800
R15=0x00007f8aa0005800 is a thread


Registers:
RAX=0x0000000000000000, RBX=0x0000000000000002, RCX=0x00000000676f4c00, RDX=0x0000000080000001
RSP=0x00007f8a8237a780, RBP=0x00007f8a8237a7d8, RSI=0x00007f8a8237a860, RDI=0x00007f8aa00061b0
R8 =0x0000000800339428, R9 =0x0000000000000004, R10=0x00007f8ac5861d80, R11=0x00007f8abc00c9e0
R12=0x0000000000000000, R13=0x00000008009cd0ba, R14=0x00007f8a8237a7e8, R15=0x00007f8aa0005800
RIP=0x00007f8aa4b956e2, EFLAGS=0x0000000000010246, CSGSFS=0x002b000000000033, ERR=0x0000000000000004
  TRAPNO=0x000000000000000e

Top of Stack: (sp=0x00007f8a8237a780)
0x00007f8a8237a780:   00007f8aa4b81a00 00000000676f4c00
0x00007f8a8237a790:   00007f8a8237a790 00000008009cd0ba
0x00007f8a8237a7a0:   00007f8a8237a7e8 0000000800359a88
0x00007f8a8237a7b0:   00007f8ac2138480 00000000c2400b30 

Instructions: (pc=0x00007f8aa4b956e2)
0x00007f8aa4b956c2:   10 4c 8b 68 d8 41 83 ed 04 41 c1 e5 03 49 03 c5
0x00007f8aa4b956d2:   48 89 45 d8 4c 8d 6c 24 08 4c 89 6d f0 ff 63 48
0x00007f8aa4b956e2:   8b 41 08 48 c1 e0 03 49 bc 00 00 00 00 08 00 00
0x00007f8aa4b956f2:   00 49 03 c4 4d 33 e4 4c 8b 75 d8 4d 85 f6 0f 84 

Stack slot to memory mapping:
stack at sp + 0 slots: 0x00007f8aa4b81a00 is at code_begin+1664 in an Interpreter codelet
invoke return entry points  [0x00007f8aa4b81380, 0x00007f8aa4b81da0]  2592 bytes
stack at sp + 1 slots: 0x00000000676f4c00 is an unknown value
stack at sp + 2 slots: 0x00007f8a8237a790 is pointing into the stack for thread: 0x00007f8aa0005800
stack at sp + 3 slots: 0x00000008009cd0ba is pointing into metadata
stack at sp + 4 slots: 0x00007f8a8237a7e8 is pointing into the stack for thread: 0x00007f8aa0005800
stack at sp + 5 slots: 0x0000000800359a88 is pointing into metadata
stack at sp + 6 slots: 0x00007f8ac2138480 is pointing into metadata
stack at sp + 7 slots: 0x00000000c2400b30 points into unknown readable memory: 01 41 3a 2b 45 00 00 00

invokevirtual  182 invokevirtual  [0x00007f8aa4b95400, 0x00007f8aa4b95920]  1312 bytes

---------------  P R O C E S S  ---------------

Threads class SMR info:
_java_thread_list=0x0000000000c69730, length=14, elements={
0x00007f8abc059800, 0x00007f8abc05b800, 0x00007f8abc062000, 0x00007f8abc064000,
0x00007f8abc066000, 0x00007f8abc068000, 0x00007f8abc0ab000, 0x00007f8abc0b4000,
0x00007f8abc1ee000, 0x00007f8abc214800, 0x00007f8abc2b6800, 0x00007f8aa0005800,
0x00007f8abc011000, 0x0000000000c68000
}

Java Threads: ( => current thread )
  0x00007f8abc059800 JavaThread "Reference Handler" daemon [_thread_blocked, id=3267, stack(0x00007f8ac1d5f000,0x00007f8ac1e60000)]
  0x00007f8abc05b800 JavaThread "Finalizer" daemon [_thread_blocked, id=3268, stack(0x00007f8ac1c5e000,0x00007f8ac1d5f000)]
  0x00007f8abc062000 JavaThread "Signal Dispatcher" daemon [_thread_blocked, id=3269, stack(0x00007f8ac118e000,0x00007f8ac128f000)]
  0x00007f8abc064000 JavaThread "C2 CompilerThread0" daemon [_thread_blocked, id=3270, stack(0x00007f8ac108d000,0x00007f8ac118e000)]
  0x00007f8abc066000 JavaThread "C1 CompilerThread0" daemon [_thread_blocked, id=3271, stack(0x00007f8ac0f8c000,0x00007f8ac108d000)]
  0x00007f8abc068000 JavaThread "Sweeper thread" daemon [_thread_blocked, id=3272, stack(0x00007f8ac0e8b000,0x00007f8ac0f8c000)]
  0x00007f8abc0ab000 JavaThread "Service Thread" daemon [_thread_blocked, id=3273, stack(0x00007f8ac0d8a000,0x00007f8ac0e8b000)]
  0x00007f8abc0b4000 JavaThread "Common-Cleaner" daemon [_thread_blocked, id=3275, stack(0x00007f8ac0b87000,0x00007f8ac0c88000)]
  0x00007f8abc1ee000 JavaThread "Java2D Disposer" daemon [_thread_blocked, id=3279, stack(0x00007f8a85269000,0x00007f8a8536a000)]
  0x00007f8abc214800 JavaThread "AWT-XAWT" daemon [_thread_in_native, id=3280, stack(0x00007f8a85168000,0x00007f8a85269000)]
  0x00007f8abc2b6800 JavaThread "AWT-Shutdown" [_thread_blocked, id=3281, stack(0x00007f8a823f6000,0x00007f8a824f7000)]
=>0x00007f8aa0005800 JavaThread "AWT-EventQueue-0" [_thread_in_Java, id=3282, stack(0x00007f8a8227c000,0x00007f8a8237d000)]
  0x00007f8abc011000 JavaThread "DestroyJavaVM" [_thread_blocked, id=3265, stack(0x00007f8ac65c2000,0x00007f8ac66c3000)]
  0x0000000000c68000 JavaThread "TimerQueue" daemon [_thread_blocked, id=3283, stack(0x00007f8a8217b000,0x00007f8a8227c000)]

Other Threads:
  0x00007f8abc056800 VMThread "VM Thread" [stack: 0x00007f8ac1e62000,0x00007f8ac1f62000] [id=3266]
  0x00007f8abc0b1800 WatcherThread [stack: 0x00007f8ac0c8a000,0x00007f8ac0d8a000] [id=3274]

Threads with active compile tasks:

VM state:not at safepoint (normal execution)

VM Mutex/Monitor currently owned by a thread: None

Heap address: 0x00000000c2400000, size: 988 MB, Compressed Oops mode: 32-bit
Narrow klass base: 0x0000000800000000, Narrow klass shift: 3
Compressed class space size: 1073741824 Address: 0x0000000801129000

Heap:
 def new generation   total 19008K, used 8455K [0x00000000c2400000, 0x00000000c38a0000, 0x00000000d6d50000)
  eden space 16896K,  50% used [0x00000000c2400000, 0x00000000c2c41d00, 0x00000000c3480000)
  from space 2112K,   0% used [0x00000000c3480000, 0x00000000c3480000, 0x00000000c3690000)
  to   space 2112K,   0% used [0x00000000c3690000, 0x00000000c3690000, 0x00000000c38a0000)
 tenured generation   total 42368K, used 0K [0x00000000d6d50000, 0x00000000d96b0000, 0x0000000100000000)
   the space 42368K,   0% used [0x00000000d6d50000, 0x00000000d6d50000, 0x00000000d6d50200, 0x00000000d96b0000)
 Metaspace       used 9457K, capacity 9838K, committed 10240K, reserved 1058816K
  class space    used 1057K, capacity 1225K, committed 1280K, reserved 1048576K

Card table byte_map: [0x00007f8ac2988000,0x00007f8ac2b77000] _byte_map_base: 0x00007f8ac2376000

Polling page: 0x00007f8ac66da000

Metaspace:

Usage:
  Non-class:      8.41 MB capacity,     8.20 MB ( 98%) used,   179.58 KB (  2%) free+waste,    33.00 KB ( <1%) overhead. 
      Class:      1.20 MB capacity,     1.03 MB ( 86%) used,   148.28 KB ( 12%) free+waste,    19.38 KB (  2%) overhead. 
       Both:      9.61 MB capacity,     9.24 MB ( 96%) used,   327.86 KB (  3%) free+waste,    52.38 KB ( <1%) overhead. 

Virtual space:
  Non-class space:       10.00 MB reserved,       8.75 MB ( 88%) committed 
      Class space:        1.00 GB reserved,       1.25 MB ( <1%) committed 
             Both:        1.01 GB reserved,      10.00 MB ( <1%) committed 

Chunk freelists:
   Non-Class:  14.38 KB
       Class:  2.38 KB
        Both:  16.75 KB

CodeHeap 'non-profiled nmethods': size=120036Kb used=258Kb max_used=258Kb free=119777Kb
 bounds [0x00007f8aac63f000, 0x00007f8aac8af000, 0x00007f8ab3b78000]
CodeHeap 'profiled nmethods': size=120032Kb used=1435Kb max_used=1435Kb free=118597Kb
 bounds [0x00007f8aa5107000, 0x00007f8aa5377000, 0x00007f8aac63f000]
CodeHeap 'non-nmethods': size=5692Kb used=1250Kb max_used=1277Kb free=4441Kb
 bounds [0x00007f8aa4b78000, 0x00007f8aa4de8000, 0x00007f8aa5107000]
 total_blobs=1626 nmethods=874 adapters=560
 compilation: enabled
              stopped_count=0, restarted_count=0
 full_count=0

Compilation events (10 events):
Event: 5.632 Thread 0x00007f8abc066000  870       1       javax.swing.text.View::getParent (5 bytes)
Event: 5.632 Thread 0x00007f8abc066000 nmethod 870 0x00007f8aac67f310 code [0x00007f8aac67f4c0, 0x00007f8aac67f5f0]
Event: 5.634 Thread 0x00007f8abc066000  871       3       java.awt.Insets::<init> (26 bytes)
Event: 5.634 Thread 0x00007f8abc066000 nmethod 871 0x00007f8aa5268d90 code [0x00007f8aa5268f40, 0x00007f8aa5269110]
Event: 5.638 Thread 0x00007f8abc066000  872       1       sun.java2d.xr.MutableInteger::getValue (5 bytes)
Event: 5.638 Thread 0x00007f8abc066000 nmethod 872 0x00007f8aac67f690 code [0x00007f8aac67f840, 0x00007f8aac67f970]
Event: 5.639 Thread 0x00007f8abc066000  873       3       java.lang.invoke.MethodHandles::argumentsWithCombinerChecks (189 bytes)
Event: 5.648 Thread 0x00007f8abc066000 nmethod 873 0x00007f8aa5269210 code [0x00007f8aa52696a0, 0x00007f8aa526b4d8]
Event: 5.648 Thread 0x00007f8abc066000  874       3       java.lang.invoke.LambdaFormEditor$Transform::ofBothArrays (139 bytes)
Event: 5.650 Thread 0x00007f8abc066000 nmethod 874 0x00007f8aa526c110 code [0x00007f8aa526c380, 0x00007f8aa526ce08]

GC Heap History (0 events):
No events

Deoptimization events (1 events):
Event: 0.425 Thread 0x00007f8abc011000 Uncommon trap: reason=unstable_if action=reinterpret pc=0x00007f8aac641cd4 method=java.lang.String.hashCode()I @ 14 c2

Classes redefined (0 events):
No events

Internal exceptions (10 events):
Event: 2.471 Thread 0x00007f8abc011000 Exception <a 'java/lang/NoSuchMethodError'{0x00000000c29de388}: java.lang.invoke.DirectMethodHandle$Holder.invokeStatic(Ljava/lang/Object;Ljava/lang/Object;Ljava/lang/Object;Ljava/lang/Object;Ljava/lang/Object;Ljava/lang/Object;Ljava/lang/Object;Ljava/lan
Event: 2.478 Thread 0x00007f8abc011000 Exception <a 'java/lang/NoSuchMethodError'{0x00000000c29ea918}: java.lang.invoke.DirectMethodHandle$Holder.invokeSpecial(Ljava/lang/Object;Ljava/lang/Object;JLjava/lang/Object;Ljava/lang/Object;Ljava/lang/Object;Ljava/lang/Object;Ljava/lang/Object;)Ljava/
Event: 2.479 Thread 0x00007f8abc011000 Exception <a 'java/lang/NoSuchMethodError'{0x00000000c29edf98}: java.lang.invoke.DelegatingMethodHandle$Holder.reinvoke_L(Ljava/lang/Object;JLjava/lang/Object;Ljava/lang/Object;Ljava/lang/Object;Ljava/lang/Object;Ljava/lang/Object;)Ljava/lang/Object;> (0x
Event: 2.487 Thread 0x00007f8abc011000 Exception <a 'java/lang/NoSuchMethodError'{0x00000000c2a026d0}: java.lang.invoke.DirectMethodHandle$Holder.invokeStatic(Ljava/lang/Object;Ljava/lang/Object;Ljava/lang/Object;Ljava/lang/Object;Ljava/lang/Object;J)Ljava/lang/Object;> (0x00000000c2a026d0) th
Event: 2.501 Thread 0x00007f8abc011000 Exception <a 'java/lang/NoSuchMethodError'{0x00000000c2a1fa98}: java.lang.invoke.Invokers$Holder.linkToTargetMethod(Ljava/lang/Object;Ljava/lang/Object;Ljava/lang/Object;Ljava/lang/Object;Ljava/lang/Object;Ljava/lang/Object;)Ljava/lang/Object;> (0x0000000
Event: 2.528 Thread 0x00007f8abc011000 Exception <a 'java/lang/NoSuchMethodError'{0x00000000c2a57c88}: java.lang.invoke.DirectMethodHandle$Holder.invokeSpecial(Ljava/lang/Object;Ljava/lang/Object;JLjava/lang/Object;Ljava/lang/Object;Ljava/lang/Object;Ljava/lang/Object;)Ljava/lang/Object;> (0x0
Event: 2.529 Thread 0x00007f8abc011000 Exception <a 'java/lang/NoSuchMethodError'{0x00000000c2a5b0c0}: java.lang.invoke.DelegatingMethodHandle$Holder.reinvoke_L(Ljava/lang/Object;JLjava/lang/Object;Ljava/lang/Object;Ljava/lang/Object;Ljava/lang/Object;)Ljava/lang/Object;> (0x00000000c2a5b0c0) 
Event: 2.538 Thread 0x00007f8abc011000 Exception <a 'java/lang/NoSuchMethodError'{0x00000000c2a72868}: java.lang.invoke.DirectMethodHandle$Holder.invokeStatic(Ljava/lang/Object;Ljava/lang/Object;Ljava/lang/Object;Ljava/lang/Object;Ljava/lang/Object;Ljava/lang/Object;J)Ljava/lang/Object;> (0x00
Event: 2.550 Thread 0x00007f8abc011000 Exception <a 'java/lang/NoSuchMethodError'{0x00000000c2a891f8}: java.lang.invoke.DirectMethodHandle$Holder.invokeStatic(Ljava/lang/Object;Ljava/lang/Object;Ljava/lang/Object;Ljava/lang/Object;Ljava/lang/Object;Ljava/lang/Object;JLjava/lang/Object;)Ljava/l
Event: 3.504 Thread 0x00007f8aa0005800 Exception <a 'java/lang/UnsupportedOperationException'{0x00000000c2bbcc08}: > (0x00000000c2bbcc08) thrown at [/scratch/opt/mach5/mesos/work_dir/slaves/2dd962d0-8988-479b-a804-57ab764ada59-S77524/frameworks/1735e8a2-a1db-478c-8104-60c8b0af87dd-0196/executo

Events (10 events):
Event: 4.803 loading class java/awt/Toolkit$ToolkitEventMulticaster
Event: 4.803 loading class java/awt/Toolkit$ToolkitEventMulticaster done
Event: 4.804 loading class java/awt/event/MouseWheelEvent
Event: 4.804 loading class java/awt/event/MouseWheelEvent done
Event: 4.811 loading class sun/awt/X11/XMotionEvent
Event: 4.811 loading class sun/awt/X11/XMotionEvent done
Event: 5.603 loading class sun/awt/X11/XButtonEvent
Event: 5.603 loading class sun/awt/X11/XButtonEvent done
Event: 5.606 Executing VM operation: RevokeBias
Event: 5.606 Executing VM operation: RevokeBias done


Dynamic libraries:
00400000-00401000 r-xp 00000000 08:01 937687                             /usr/lib/jvm/jdk-12.0.1/bin/java
00600000-00601000 r--p 00000000 08:01 937687                             /usr/lib/jvm/jdk-12.0.1/bin/java
00601000-00602000 rw-p 00001000 08:01 937687                             /usr/lib/jvm/jdk-12.0.1/bin/java
00c24000-00c87000 rw-p 00000000 00:00 0                                  [heap]
c2400000-c38a0000 rw-p 00000000 00:00 0 
c38a0000-d6d50000 ---p 00000000 00:00 0 
d6d50000-d96b0000 rw-p 00000000 00:00 0 
d96b0000-100000000 ---p 00000000 00:00 0 
800000000-800003000 rwxp 00001000 08:01 937604                           /usr/lib/jvm/jdk-12.0.1/lib/server/classes.jsa
800003000-8003d9000 rw-p 00004000 08:01 937604                           /usr/lib/jvm/jdk-12.0.1/lib/server/classes.jsa
8003d9000-800ae3000 r--p 003da000 08:01 937604                           /usr/lib/jvm/jdk-12.0.1/lib/server/classes.jsa
800ae3000-800ae4000 rw-p 00ae4000 08:01 937604                           /usr/lib/jvm/jdk-12.0.1/lib/server/classes.jsa
800ae4000-801129000 r--p 00ae5000 08:01 937604                           /usr/lib/jvm/jdk-12.0.1/lib/server/classes.jsa
801129000-801269000 rw-p 00000000 00:00 0 
801269000-841129000 ---p 00000000 00:00 0 
7f8a81b0e000-7f8a81f5a000 rw-p 00000000 00:00 0 
7f8a81f5a000-7f8a8209a000 ---p 00000000 00:00 0 
7f8a8217b000-7f8a8217f000 ---p 00000000 00:00 0 
7f8a8217f000-7f8a8227c000 rw-p 00000000 00:00 0 
7f8a8227c000-7f8a82280000 ---p 00000000 00:00 0 
7f8a82280000-7f8a8237d000 rw-p 00000000 00:00 0 
7f8a823f6000-7f8a823fa000 ---p 00000000 00:00 0 
7f8a823fa000-7f8a824f7000 rw-p 00000000 00:00 0 
7f8a824f7000-7f8a824fc000 r-xp 00000000 08:01 1845464                    /usr/lib/x86_64-linux-gnu/libXfixes.so.3.1.0
7f8a824fc000-7f8a826fb000 ---p 00005000 08:01 1845464                    /usr/lib/x86_64-linux-gnu/libXfixes.so.3.1.0
7f8a826fb000-7f8a826fc000 r--p 00004000 08:01 1845464                    /usr/lib/x86_64-linux-gnu/libXfixes.so.3.1.0
7f8a826fc000-7f8a826fd000 rw-p 00005000 08:01 1845464                    /usr/lib/x86_64-linux-gnu/libXfixes.so.3.1.0
7f8a826fd000-7f8a82706000 r-xp 00000000 08:01 1845456                    /usr/lib/x86_64-linux-gnu/libXcursor.so.1.0.2
7f8a82706000-7f8a82905000 ---p 00009000 08:01 1845456                    /usr/lib/x86_64-linux-gnu/libXcursor.so.1.0.2
7f8a82905000-7f8a82906000 r--p 00008000 08:01 1845456                    /usr/lib/x86_64-linux-gnu/libXcursor.so.1.0.2
7f8a82906000-7f8a82907000 rw-p 00009000 08:01 1845456                    /usr/lib/x86_64-linux-gnu/libXcursor.so.1.0.2
7f8a82907000-7f8a82908000 ---p 00000000 00:00 0 
7f8a82908000-7f8a83108000 rw-p 00000000 00:00 0 
7f8a83108000-7f8a83139000 r-xp 00000000 08:01 397877                     /usr/lib/x86_64-linux-gnu/gio/modules/libgvfsdbus.so
7f8a83139000-7f8a83339000 ---p 00031000 08:01 397877                     /usr/lib/x86_64-linux-gnu/gio/modules/libgvfsdbus.so
7f8a83339000-7f8a8333b000 r--p 00031000 08:01 397877                     /usr/lib/x86_64-linux-gnu/gio/modules/libgvfsdbus.so
7f8a8333b000-7f8a8333c000 rw-p 00033000 08:01 397877                     /usr/lib/x86_64-linux-gnu/gio/modules/libgvfsdbus.so
7f8a8333c000-7f8a83348000 r-xp 00000000 08:01 397872                     /usr/lib/x86_64-linux-gnu/gio/modules/libdconfsettings.so
7f8a83348000-7f8a83547000 ---p 0000c000 08:01 397872                     /usr/lib/x86_64-linux-gnu/gio/modules/libdconfsettings.so
7f8a83547000-7f8a83548000 r--p 0000b000 08:01 397872                     /usr/lib/x86_64-linux-gnu/gio/modules/libdconfsettings.so
7f8a83548000-7f8a83549000 rw-p 0000c000 08:01 397872                     /usr/lib/x86_64-linux-gnu/gio/modules/libdconfsettings.so
7f8a83549000-7f8a8354a000 ---p 00000000 00:00 0 
7f8a8354a000-7f8a83d4a000 rw-p 00000000 00:00 0 
7f8a83d4a000-7f8a83d4b000 ---p 00000000 00:00 0 
7f8a83d4b000-7f8a8454b000 rw-p 00000000 00:00 0 
7f8a8454b000-7f8a84581000 r-xp 00000000 08:01 398181                     /usr/lib/x86_64-linux-gnu/gvfs/libgvfscommon.so
7f8a84581000-7f8a84781000 ---p 00036000 08:01 398181                     /usr/lib/x86_64-linux-gnu/gvfs/libgvfscommon.so
7f8a84781000-7f8a84787000 r--p 00036000 08:01 398181                     /usr/lib/x86_64-linux-gnu/gvfs/libgvfscommon.so
7f8a84787000-7f8a84788000 rw-p 0003c000 08:01 398181                     /usr/lib/x86_64-linux-gnu/gvfs/libgvfscommon.so
7f8a84788000-7f8a847a2000 r-xp 00000000 08:01 397876                     /usr/lib/x86_64-linux-gnu/gio/modules/libgioremote-volume-monitor.so
7f8a847a2000-7f8a849a1000 ---p 0001a000 08:01 397876                     /usr/lib/x86_64-linux-gnu/gio/modules/libgioremote-volume-monitor.so
7f8a849a1000-7f8a849a4000 r--p 00019000 08:01 397876                     /usr/lib/x86_64-linux-gnu/gio/modules/libgioremote-volume-monitor.so
7f8a849a4000-7f8a849a5000 rw-p 0001c000 08:01 397876                     /usr/lib/x86_64-linux-gnu/gio/modules/libgioremote-volume-monitor.so
7f8a849a5000-7f8a849bc000 r-xp 00000000 08:01 136771                     /lib/x86_64-linux-gnu/libgcc_s.so.1
7f8a849bc000-7f8a84bbb000 ---p 00017000 08:01 136771                     /lib/x86_64-linux-gnu/libgcc_s.so.1
7f8a84bbb000-7f8a84bbc000 r--p 00016000 08:01 136771                     /lib/x86_64-linux-gnu/libgcc_s.so.1
7f8a84bbc000-7f8a84bbd000 rw-p 00017000 08:01 136771                     /lib/x86_64-linux-gnu/libgcc_s.so.1
7f8a84bbd000-7f8a84d36000 r-xp 00000000 08:01 1845922                    /usr/lib/x86_64-linux-gnu/libstdc++.so.6.0.25
7f8a84d36000-7f8a84f36000 ---p 00179000 08:01 1845922                    /usr/lib/x86_64-linux-gnu/libstdc++.so.6.0.25
7f8a84f36000-7f8a84f40000 r--p 00179000 08:01 1845922                    /usr/lib/x86_64-linux-gnu/libstdc++.so.6.0.25
7f8a84f40000-7f8a84f42000 rw-p 00183000 08:01 1845922                    /usr/lib/x86_64-linux-gnu/libstdc++.so.6.0.25
7f8a84f42000-7f8a84f46000 rw-p 00000000 00:00 0 
7f8a84f46000-7f8a84f64000 r-xp 00000000 08:01 1846335                    /usr/lib/x86_64-linux-gnu/libproxy.so.1.0.0
7f8a84f64000-7f8a85164000 ---p 0001e000 08:01 1846335                    /usr/lib/x86_64-linux-gnu/libproxy.so.1.0.0
7f8a85164000-7f8a85165000 r--p 0001e000 08:01 1846335                    /usr/lib/x86_64-linux-gnu/libproxy.so.1.0.0
7f8a85165000-7f8a85166000 rw-p 0001f000 08:01 1846335                    /usr/lib/x86_64-linux-gnu/libproxy.so.1.0.0
7f8a85168000-7f8a8516c000 ---p 00000000 00:00 0 
7f8a8516c000-7f8a85269000 rw-p 00000000 00:00 0 
7f8a85269000-7f8a8526d000 ---p 00000000 00:00 0 
7f8a8526d000-7f8a8536a000 rw-p 00000000 00:00 0 
7f8a8536a000-7f8a85397000 r--p 00000000 08:01 264999                     /usr/share/glib-2.0/schemas/gschemas.compiled
7f8a85397000-7f8a8539d000 r-xp 00000000 08:01 137130                     /lib/x86_64-linux-gnu/libuuid.so.1.3.0
7f8a8539d000-7f8a8559c000 ---p 00006000 08:01 137130                     /lib/x86_64-linux-gnu/libuuid.so.1.3.0
7f8a8559c000-7f8a8559d000 r--p 00005000 08:01 137130                     /lib/x86_64-linux-gnu/libuuid.so.1.3.0
7f8a8559d000-7f8a8559e000 rw-p 00006000 08:01 137130                     /lib/x86_64-linux-gnu/libuuid.so.1.3.0
7f8a8559e000-7f8a855e5000 r-xp 00000000 08:01 136954                     /lib/x86_64-linux-gnu/libblkid.so.1.1.0
7f8a855e5000-7f8a857e5000 ---p 00047000 08:01 136954                     /lib/x86_64-linux-gnu/libblkid.so.1.1.0
7f8a857e5000-7f8a857e9000 r--p 00047000 08:01 136954                     /lib/x86_64-linux-gnu/libblkid.so.1.1.0
7f8a857e9000-7f8a857ea000 rw-p 0004b000 08:01 136954                     /lib/x86_64-linux-gnu/libblkid.so.1.1.0
7f8a857ea000-7f8a857eb000 rw-p 00000000 00:00 0 
7f8a857eb000-7f8a8585b000 r-xp 00000000 08:01 137084                     /lib/x86_64-linux-gnu/libpcre.so.3.13.3
7f8a8585b000-7f8a85a5b000 ---p 00070000 08:01 137084                     /lib/x86_64-linux-gnu/libpcre.so.3.13.3
7f8a85a5b000-7f8a85a5c000 r--p 00070000 08:01 137084                     /lib/x86_64-linux-gnu/libpcre.so.3.13.3
7f8a85a5c000-7f8a85a5d000 rw-p 00071000 08:01 137084                     /lib/x86_64-linux-gnu/libpcre.so.3.13.3
7f8a85a5d000-7f8a85a64000 r-xp 00000000 08:01 1845797                    /usr/lib/x86_64-linux-gnu/libffi.so.6.0.4
7f8a85a64000-7f8a85c63000 ---p 00007000 08:01 1845797                    /usr/lib/x86_64-linux-gnu/libffi.so.6.0.4
7f8a85c63000-7f8a85c64000 r--p 00006000 08:01 1845797                    /usr/lib/x86_64-linux-gnu/libffi.so.6.0.4
7f8a85c64000-7f8a85c65000 rw-p 00007000 08:01 1845797                    /usr/lib/x86_64-linux-gnu/libffi.so.6.0.4
7f8a85c65000-7f8a85cb6000 r-xp 00000000 08:01 137031                     /lib/x86_64-linux-gnu/libmount.so.1.1.0
7f8a85cb6000-7f8a85eb5000 ---p 00051000 08:01 137031                     /lib/x86_64-linux-gnu/libmount.so.1.1.0
7f8a85eb5000-7f8a85eb7000 r--p 00050000 08:01 137031                     /lib/x86_64-linux-gnu/libmount.so.1.1.0
7f8a85eb7000-7f8a85eb8000 rw-p 00052000 08:01 137031                     /lib/x86_64-linux-gnu/libmount.so.1.1.0
7f8a85eb8000-7f8a85eb9000 rw-p 00000000 00:00 0 
7f8a85eb9000-7f8a85ed0000 r-xp 00000000 08:01 137101                     /lib/x86_64-linux-gnu/libresolv-2.27.so
7f8a85ed0000-7f8a860d0000 ---p 00017000 08:01 137101                     /lib/x86_64-linux-gnu/libresolv-2.27.so
7f8a860d0000-7f8a860d1000 r--p 00017000 08:01 137101                     /lib/x86_64-linux-gnu/libresolv-2.27.so
7f8a860d1000-7f8a860d2000 rw-p 00018000 08:01 137101                     /lib/x86_64-linux-gnu/libresolv-2.27.so
7f8a860d2000-7f8a860d4000 rw-p 00000000 00:00 0 
7f8a860d4000-7f8a860f9000 r-xp 00000000 08:01 137107                     /lib/x86_64-linux-gnu/libselinux.so.1
7f8a860f9000-7f8a862f8000 ---p 00025000 08:01 137107                     /lib/x86_64-linux-gnu/libselinux.so.1
7f8a862f8000-7f8a862f9000 r--p 00024000 08:01 137107                     /lib/x86_64-linux-gnu/libselinux.so.1
7f8a862f9000-7f8a862fa000 rw-p 00025000 08:01 137107                     /lib/x86_64-linux-gnu/libselinux.so.1
7f8a862fa000-7f8a862fc000 rw-p 00000000 00:00 0 
7f8a862fc000-7f8a8640f000 r-xp 00000000 08:01 1845891                    /usr/lib/x86_64-linux-gnu/libglib-2.0.so.0.5600.3
7f8a8640f000-7f8a8660f000 ---p 00113000 08:01 1845891                    /usr/lib/x86_64-linux-gnu/libglib-2.0.so.0.5600.3
7f8a8660f000-7f8a86610000 r--p 00113000 08:01 1845891                    /usr/lib/x86_64-linux-gnu/libglib-2.0.so.0.5600.3
7f8a86610000-7f8a86611000 rw-p 00114000 08:01 1845891                    /usr/lib/x86_64-linux-gnu/libglib-2.0.so.0.5600.3
7f8a86611000-7f8a86612000 rw-p 00000000 00:00 0 
7f8a86612000-7f8a86615000 r-xp 00000000 08:01 1845895                    /usr/lib/x86_64-linux-gnu/libgmodule-2.0.so.0.5600.3
7f8a86615000-7f8a86814000 ---p 00003000 08:01 1845895                    /usr/lib/x86_64-linux-gnu/libgmodule-2.0.so.0.5600.3
7f8a86814000-7f8a86815000 r--p 00002000 08:01 1845895                    /usr/lib/x86_64-linux-gnu/libgmodule-2.0.so.0.5600.3
7f8a86815000-7f8a86816000 rw-p 00003000 08:01 1845895                    /usr/lib/x86_64-linux-gnu/libgmodule-2.0.so.0.5600.3
7f8a86816000-7f8a86868000 r-xp 00000000 08:01 1845919                    /usr/lib/x86_64-linux-gnu/libgobject-2.0.so.0.5600.3
7f8a86868000-7f8a86a68000 ---p 00052000 08:01 1845919                    /usr/lib/x86_64-linux-gnu/libgobject-2.0.so.0.5600.3
7f8a86a68000-7f8a86a69000 r--p 00052000 08:01 1845919                    /usr/lib/x86_64-linux-gnu/libgobject-2.0.so.0.5600.3
7f8a86a69000-7f8a86a6a000 rw-p 00053000 08:01 1845919                    /usr/lib/x86_64-linux-gnu/libgobject-2.0.so.0.5600.3
7f8a86a6a000-7f8a86bff000 r-xp 00000000 08:01 1845885                    /usr/lib/x86_64-linux-gnu/libgio-2.0.so.0.5600.3
7f8a86bff000-7f8a86dff000 ---p 00195000 08:01 1845885                    /usr/lib/x86_64-linux-gnu/libgio-2.0.so.0.5600.3
7f8a86dff000-7f8a86e06000 r--p 00195000 08:01 1845885                    /usr/lib/x86_64-linux-gnu/libgio-2.0.so.0.5600.3
7f8a86e06000-7f8a86e07000 rw-p 0019c000 08:01 1845885                    /usr/lib/x86_64-linux-gnu/libgio-2.0.so.0.5600.3
7f8a86e07000-7f8a86e09000 rw-p 00000000 00:00 0 
7f8a86e09000-7f8a86e13000 r-xp 00000000 08:01 1845480                    /usr/lib/x86_64-linux-gnu/libXrandr.so.2.2.0
7f8a86e13000-7f8a87012000 ---p 0000a000 08:01 1845480                    /usr/lib/x86_64-linux-gnu/libXrandr.so.2.2.0
7f8a87012000-7f8a87013000 r--p 00009000 08:01 1845480                    /usr/lib/x86_64-linux-gnu/libXrandr.so.2.2.0
7f8a87013000-7f8a87014000 rw-p 0000a000 08:01 1845480                    /usr/lib/x86_64-linux-gnu/libXrandr.so.2.2.0
7f8a87014000-7f8a87045000 r-xp 00000000 08:01 1846319                    /usr/lib/x86_64-linux-gnu/libpng16.so.16.34.0
7f8a87045000-7f8a87244000 ---p 00031000 08:01 1846319                    /usr/lib/x86_64-linux-gnu/libpng16.so.16.34.0
7f8a87244000-7f8a87245000 r--p 00030000 08:01 1846319                    /usr/lib/x86_64-linux-gnu/libpng16.so.16.34.0
7f8a87245000-7f8a87246000 rw-p 00031000 08:01 1846319                    /usr/lib/x86_64-linux-gnu/libpng16.so.16.34.0
7f8a87246000-7f8a872f3000 r-xp 00000000 08:01 1845829                    /usr/lib/x86_64-linux-gnu/libfreetype.so.6.15.0
7f8a872f3000-7f8a874f2000 ---p 000ad000 08:01 1845829                    /usr/lib/x86_64-linux-gnu/libfreetype.so.6.15.0
7f8a874f2000-7f8a874f9000 r--p 000ac000 08:01 1845829                    /usr/lib/x86_64-linux-gnu/libfreetype.so.6.15.0
7f8a874f9000-7f8a874fa000 rw-p 000b3000 08:01 1845829                    /usr/lib/x86_64-linux-gnu/libfreetype.so.6.15.0
7f8a874fa000-7f8a875b7000 r-xp 00000000 08:01 790477                     /usr/lib/jvm/jdk-12.0.1/lib/libfontmanager.so
7f8a875b7000-7f8a877b6000 ---p 000bd000 08:01 790477                     /usr/lib/jvm/jdk-12.0.1/lib/libfontmanager.so
7f8a877b6000-7f8a877b8000 r--p 000bc000 08:01 790477                     /usr/lib/jvm/jdk-12.0.1/lib/libfontmanager.so
7f8a877b8000-7f8a877b9000 rw-p 000be000 08:01 790477                     /usr/lib/jvm/jdk-12.0.1/lib/libfontmanager.so
7f8a877b9000-7f8a877ba000 rw-p 00000000 00:00 0 
7f8a877ba000-7f8a877bc000 r-xp 00000000 08:01 1709134                    /home/kiit/1905243/cnProject/CN-p2p-file-sharing/libnative.so
7f8a877bc000-7f8a879bb000 ---p 00002000 08:01 1709134                    /home/kiit/1905243/cnProject/CN-p2p-file-sharing/libnative.so
7f8a879bb000-7f8a879bc000 r--p 00001000 08:01 1709134                    /home/kiit/1905243/cnProject/CN-p2p-file-sharing/libnative.so
7f8a879bc000-7f8a879bd000 rw-p 00002000 08:01 1709134                    /home/kiit/1905243/cnProject/CN-p2p-file-sharing/libnative.so
7f8a879bd000-7f8a879d0000 r-xp 00000000 08:01 136819                     /lib/x86_64-linux-gnu/libbsd.so.0.8.7
7f8a879d0000-7f8a87bcf000 ---p 00013000 08:01 136819                     /lib/x86_64-linux-gnu/libbsd.so.0.8.7
7f8a87bcf000-7f8a87bd0000 r--p 00012000 08:01 136819                     /lib/x86_64-linux-gnu/libbsd.so.0.8.7
7f8a87bd0000-7f8a87bd1000 rw-p 00013000 08:01 136819                     /lib/x86_64-linux-gnu/libbsd.so.0.8.7
7f8a87bd1000-7f8a87bd2000 rw-p 00000000 00:00 0 
7f8a87bd2000-7f8a87bd7000 r-xp 00000000 08:01 1845460                    /usr/lib/x86_64-linux-gnu/libXdmcp.so.6.0.0
7f8a87bd7000-7f8a87dd6000 ---p 00005000 08:01 1845460                    /usr/lib/x86_64-linux-gnu/libXdmcp.so.6.0.0
7f8a87dd6000-7f8a87dd7000 r--p 00004000 08:01 1845460                    /usr/lib/x86_64-linux-gnu/libXdmcp.so.6.0.0
7f8a87dd7000-7f8a87dd8000 rw-p 00005000 08:01 1845460                    /usr/lib/x86_64-linux-gnu/libXdmcp.so.6.0.0
7f8a87dd8000-7f8a87dfe000 r-xp 00000000 08:01 1845448                    /usr/lib/x86_64-linux-gnu/libxcb.so.1.1.0
7f8a87dfe000-7f8a87ffe000 ---p 00026000 08:01 1845448                    /usr/lib/x86_64-linux-gnu/libxcb.so.1.1.0
7f8a87ffe000-7f8a87fff000 r--p 00026000 08:01 1845448                    /usr/lib/x86_64-linux-gnu/libxcb.so.1.1.0
7f8a87fff000-7f8a88000000 rw-p 00027000 08:01 1845448                    /usr/lib/x86_64-linux-gnu/libxcb.so.1.1.0
7f8a88000000-7f8a884b3000 rw-p 00000000 00:00 0 
7f8a884b3000-7f8a8c000000 ---p 00000000 00:00 0 
7f8a8c000000-7f8a8c021000 rw-p 00000000 00:00 0 
7f8a8c021000-7f8a90000000 ---p 00000000 00:00 0 
7f8a90000000-7f8a90021000 rw-p 00000000 00:00 0 
7f8a90021000-7f8a94000000 ---p 00000000 00:00 0 
7f8a94000000-7f8a946a8000 rw-p 00000000 00:00 0 
7f8a946a8000-7f8a98000000 ---p 00000000 00:00 0 
7f8a98000000-7f8a98021000 rw-p 00000000 00:00 0 
7f8a98021000-7f8a9c000000 ---p 00000000 00:00 0 
7f8a9c000000-7f8a9c021000 rw-p 00000000 00:00 0 
7f8a9c021000-7f8aa0000000 ---p 00000000 00:00 0 
7f8aa0000000-7f8aa0075000 rw-p 00000000 00:00 0 
7f8aa0075000-7f8aa4000000 ---p 00000000 00:00 0 
7f8aa401c000-7f8aa401e000 r-xp 00000000 08:01 1855880                    /usr/lib/x86_64-linux-gnu/libXau.so.6.0.0
7f8aa401e000-7f8aa421e000 ---p 00002000 08:01 1855880                    /usr/lib/x86_64-linux-gnu/libXau.so.6.0.0
7f8aa421e000-7f8aa421f000 r--p 00002000 08:01 1855880                    /usr/lib/x86_64-linux-gnu/libXau.so.6.0.0
7f8aa421f000-7f8aa4220000 rw-p 00003000 08:01 1855880                    /usr/lib/x86_64-linux-gnu/libXau.so.6.0.0
7f8aa4220000-7f8aa422f000 r-xp 00000000 08:01 1845470                    /usr/lib/x86_64-linux-gnu/libXi.so.6.1.0
7f8aa422f000-7f8aa442e000 ---p 0000f000 08:01 1845470                    /usr/lib/x86_64-linux-gnu/libXi.so.6.1.0
7f8aa442e000-7f8aa442f000 r--p 0000e000 08:01 1845470                    /usr/lib/x86_64-linux-gnu/libXi.so.6.1.0
7f8aa442f000-7f8aa4430000 rw-p 0000f000 08:01 1845470                    /usr/lib/x86_64-linux-gnu/libXi.so.6.1.0
7f8aa4430000-7f8aa4435000 r-xp 00000000 08:01 1845488                    /usr/lib/x86_64-linux-gnu/libXtst.so.6.1.0
7f8aa4435000-7f8aa4634000 ---p 00005000 08:01 1845488                    /usr/lib/x86_64-linux-gnu/libXtst.so.6.1.0
7f8aa4634000-7f8aa4635000 r--p 00004000 08:01 1845488                    /usr/lib/x86_64-linux-gnu/libXtst.so.6.1.0
7f8aa4635000-7f8aa4636000 rw-p 00005000 08:01 1845488                    /usr/lib/x86_64-linux-gnu/libXtst.so.6.1.0
7f8aa4636000-7f8aa463f000 r-xp 00000000 08:01 1845482                    /usr/lib/x86_64-linux-gnu/libXrender.so.1.3.0
7f8aa463f000-7f8aa483e000 ---p 00009000 08:01 1845482                    /usr/lib/x86_64-linux-gnu/libXrender.so.1.3.0
7f8aa483e000-7f8aa483f000 r--p 00008000 08:01 1845482                    /usr/lib/x86_64-linux-gnu/libXrender.so.1.3.0
7f8aa483f000-7f8aa4840000 rw-p 00009000 08:01 1845482                    /usr/lib/x86_64-linux-gnu/libXrender.so.1.3.0
7f8aa4840000-7f8aa4973000 r-xp 00000000 08:01 1846661                    /usr/lib/x86_64-linux-gnu/libX11.so.6.3.0
7f8aa4973000-7f8aa4b73000 ---p 00133000 08:01 1846661                    /usr/lib/x86_64-linux-gnu/libX11.so.6.3.0
7f8aa4b73000-7f8aa4b74000 r--p 00133000 08:01 1846661                    /usr/lib/x86_64-linux-gnu/libX11.so.6.3.0
7f8aa4b74000-7f8aa4b78000 rw-p 00134000 08:01 1846661                    /usr/lib/x86_64-linux-gnu/libX11.so.6.3.0
7f8aa4b78000-7f8aa4de8000 rwxp 00000000 00:00 0 
7f8aa4de8000-7f8aa5107000 ---p 00000000 00:00 0 
7f8aa5107000-7f8aa5377000 rwxp 00000000 00:00 0 
7f8aa5377000-7f8aac63f000 ---p 00000000 00:00 0 
7f8aac63f000-7f8aac8af000 rwxp 00000000 00:00 0 
7f8aac8af000-7f8ab3b78000 ---p 00000000 00:00 0 
7f8ab3b78000-7f8abc000000 r--s 00000000 08:01 790479                     /usr/lib/jvm/jdk-12.0.1/lib/modules
7f8abc000000-7f8abc317000 rw-p 00000000 00:00 0 
7f8abc317000-7f8ac0000000 ---p 00000000 00:00 0 
7f8ac0017000-7f8ac0028000 r-xp 00000000 08:01 1845462                    /usr/lib/x86_64-linux-gnu/libXext.so.6.4.0
7f8ac0028000-7f8ac0227000 ---p 00011000 08:01 1845462                    /usr/lib/x86_64-linux-gnu/libXext.so.6.4.0
7f8ac0227000-7f8ac0228000 r--p 00010000 08:01 1845462                    /usr/lib/x86_64-linux-gnu/libXext.so.6.4.0
7f8ac0228000-7f8ac0229000 rw-p 00011000 08:01 1845462                    /usr/lib/x86_64-linux-gnu/libXext.so.6.4.0
7f8ac0229000-7f8ac0287000 r-xp 00000000 08:01 790494                     /usr/lib/jvm/jdk-12.0.1/lib/libawt_xawt.so
7f8ac0287000-7f8ac0486000 ---p 0005e000 08:01 790494                     /usr/lib/jvm/jdk-12.0.1/lib/libawt_xawt.so
7f8ac0486000-7f8ac0487000 r--p 0005d000 08:01 790494                     /usr/lib/jvm/jdk-12.0.1/lib/libawt_xawt.so
7f8ac0487000-7f8ac048a000 rw-p 0005e000 08:01 790494                     /usr/lib/jvm/jdk-12.0.1/lib/libawt_xawt.so
7f8ac048a000-7f8ac048c000 rw-p 00000000 00:00 0 
7f8ac048c000-7f8ac052c000 r-xp 00000000 08:01 790495                     /usr/lib/jvm/jdk-12.0.1/lib/libawt.so
7f8ac052c000-7f8ac072c000 ---p 000a0000 08:01 790495                     /usr/lib/jvm/jdk-12.0.1/lib/libawt.so
7f8ac072c000-7f8ac072d000 r--p 000a0000 08:01 790495                     /usr/lib/jvm/jdk-12.0.1/lib/libawt.so
7f8ac072d000-7f8ac0738000 rw-p 000a1000 08:01 790495                     /usr/lib/jvm/jdk-12.0.1/lib/libawt.so
7f8ac0738000-7f8ac075d000 rw-p 00000000 00:00 0 
7f8ac075d000-7f8ac0773000 r-xp 00000000 08:01 796432                     /usr/lib/jvm/jdk-12.0.1/lib/libnet.so
7f8ac0773000-7f8ac0973000 ---p 00016000 08:01 796432                     /usr/lib/jvm/jdk-12.0.1/lib/libnet.so
7f8ac0973000-7f8ac0974000 r--p 00016000 08:01 796432                     /usr/lib/jvm/jdk-12.0.1/lib/libnet.so
7f8ac0974000-7f8ac0975000 rw-p 00017000 08:01 796432                     /usr/lib/jvm/jdk-12.0.1/lib/libnet.so
7f8ac0975000-7f8ac0986000 r-xp 00000000 08:01 796429                     /usr/lib/jvm/jdk-12.0.1/lib/libnio.so
7f8ac0986000-7f8ac0b85000 ---p 00011000 08:01 796429                     /usr/lib/jvm/jdk-12.0.1/lib/libnio.so
7f8ac0b85000-7f8ac0b86000 r--p 00010000 08:01 796429                     /usr/lib/jvm/jdk-12.0.1/lib/libnio.so
7f8ac0b86000-7f8ac0b87000 rw-p 00011000 08:01 796429                     /usr/lib/jvm/jdk-12.0.1/lib/libnio.so
7f8ac0b87000-7f8ac0b8b000 ---p 00000000 00:00 0 
7f8ac0b8b000-7f8ac0c88000 rw-p 00000000 00:00 0 
7f8ac0c88000-7f8ac0c89000 ---p 00000000 00:00 0 
7f8ac0c89000-7f8ac0d8a000 rw-p 00000000 00:00 0 
7f8ac0d8a000-7f8ac0d8e000 ---p 00000000 00:00 0 
7f8ac0d8e000-7f8ac0e8b000 rw-p 00000000 00:00 0 
7f8ac0e8b000-7f8ac0e8f000 ---p 00000000 00:00 0 
7f8ac0e8f000-7f8ac0f8c000 rw-p 00000000 00:00 0 
7f8ac0f8c000-7f8ac0f90000 ---p 00000000 00:00 0 
7f8ac0f90000-7f8ac108d000 rw-p 00000000 00:00 0 
7f8ac108d000-7f8ac1091000 ---p 00000000 00:00 0 
7f8ac1091000-7f8ac118e000 rw-p 00000000 00:00 0 
7f8ac118e000-7f8ac1192000 ---p 00000000 00:00 0 
7f8ac1192000-7f8ac128f000 rw-p 00000000 00:00 0 
7f8ac128f000-7f8ac1c5e000 r--p 00000000 08:01 1841870                    /usr/lib/locale/locale-archive
7f8ac1c5e000-7f8ac1c62000 ---p 00000000 00:00 0 
7f8ac1c62000-7f8ac1d5f000 rw-p 00000000 00:00 0 
7f8ac1d5f000-7f8ac1d63000 ---p 00000000 00:00 0 
7f8ac1d63000-7f8ac1e60000 rw-p 00000000 00:00 0 
7f8ac1e60000-7f8ac1e61000 ---p 00000000 00:00 0 
7f8ac1e61000-7f8ac2853000 rw-p 00000000 00:00 0 
7f8ac2853000-7f8ac2988000 ---p 00000000 00:00 0 
7f8ac2988000-7f8ac2993000 rw-p 00000000 00:00 0 
7f8ac2993000-7f8ac2a2c000 ---p 00000000 00:00 0 
7f8ac2a2c000-7f8ac2a42000 rw-p 00000000 00:00 0 
7f8ac2a42000-7f8ac2b76000 ---p 00000000 00:00 0 
7f8ac2b76000-7f8ac2b7c000 rw-p 00000000 00:00 0 
7f8ac2b7c000-7f8ac2c62000 ---p 00000000 00:00 0 
7f8ac2c62000-7f8ac2c67000 rw-p 00000000 00:00 0 
7f8ac2c67000-7f8ac2d4d000 ---p 00000000 00:00 0 
7f8ac2d4d000-7f8ac2d68000 r-xp 00000000 08:01 790509                     /usr/lib/jvm/jdk-12.0.1/lib/libjimage.so
7f8ac2d68000-7f8ac2f67000 ---p 0001b000 08:01 790509                     /usr/lib/jvm/jdk-12.0.1/lib/libjimage.so
7f8ac2f67000-7f8ac2f69000 r--p 0001a000 08:01 790509                     /usr/lib/jvm/jdk-12.0.1/lib/libjimage.so
7f8ac2f69000-7f8ac2f6a000 rw-p 0001c000 08:01 790509                     /usr/lib/jvm/jdk-12.0.1/lib/libjimage.so
7f8ac2f6a000-7f8ac2f71000 r-xp 00000000 08:01 790511                     /usr/lib/jvm/jdk-12.0.1/lib/libzip.so
7f8ac2f71000-7f8ac3170000 ---p 00007000 08:01 790511                     /usr/lib/jvm/jdk-12.0.1/lib/libzip.so
7f8ac3170000-7f8ac3171000 r--p 00006000 08:01 790511                     /usr/lib/jvm/jdk-12.0.1/lib/libzip.so
7f8ac3171000-7f8ac3172000 rw-p 00007000 08:01 790511                     /usr/lib/jvm/jdk-12.0.1/lib/libzip.so
7f8ac3172000-7f8ac317d000 r-xp 00000000 08:01 137052                     /lib/x86_64-linux-gnu/libnss_files-2.27.so
7f8ac317d000-7f8ac337c000 ---p 0000b000 08:01 137052                     /lib/x86_64-linux-gnu/libnss_files-2.27.so
7f8ac337c000-7f8ac337d000 r--p 0000a000 08:01 137052                     /lib/x86_64-linux-gnu/libnss_files-2.27.so
7f8ac337d000-7f8ac337e000 rw-p 0000b000 08:01 137052                     /lib/x86_64-linux-gnu/libnss_files-2.27.so
7f8ac337e000-7f8ac3384000 rw-p 00000000 00:00 0 
7f8ac3384000-7f8ac339b000 r-xp 00000000 08:01 137046                     /lib/x86_64-linux-gnu/libnsl-2.27.so
7f8ac339b000-7f8ac359a000 ---p 00017000 08:01 137046                     /lib/x86_64-linux-gnu/libnsl-2.27.so
7f8ac359a000-7f8ac359b000 r--p 00016000 08:01 137046                     /lib/x86_64-linux-gnu/libnsl-2.27.so
7f8ac359b000-7f8ac359c000 rw-p 00017000 08:01 137046                     /lib/x86_64-linux-gnu/libnsl-2.27.so
7f8ac359c000-7f8ac359e000 rw-p 00000000 00:00 0 
7f8ac359e000-7f8ac35a9000 r-xp 00000000 08:01 137063                     /lib/x86_64-linux-gnu/libnss_nis-2.27.so
7f8ac35a9000-7f8ac37a8000 ---p 0000b000 08:01 137063                     /lib/x86_64-linux-gnu/libnss_nis-2.27.so
7f8ac37a8000-7f8ac37a9000 r--p 0000a000 08:01 137063                     /lib/x86_64-linux-gnu/libnss_nis-2.27.so
7f8ac37a9000-7f8ac37aa000 rw-p 0000b000 08:01 137063                     /lib/x86_64-linux-gnu/libnss_nis-2.27.so
7f8ac37aa000-7f8ac37b2000 r-xp 00000000 08:01 137048                     /lib/x86_64-linux-gnu/libnss_compat-2.27.so
7f8ac37b2000-7f8ac39b2000 ---p 00008000 08:01 137048                     /lib/x86_64-linux-gnu/libnss_compat-2.27.so
7f8ac39b2000-7f8ac39b3000 r--p 00008000 08:01 137048                     /lib/x86_64-linux-gnu/libnss_compat-2.27.so
7f8ac39b3000-7f8ac39b4000 rw-p 00009000 08:01 137048                     /lib/x86_64-linux-gnu/libnss_compat-2.27.so
7f8ac39b4000-7f8ac39dc000 r-xp 00000000 08:01 790481                     /usr/lib/jvm/jdk-12.0.1/lib/libjava.so
7f8ac39dc000-7f8ac3bdb000 ---p 00028000 08:01 790481                     /usr/lib/jvm/jdk-12.0.1/lib/libjava.so
7f8ac3bdb000-7f8ac3bdc000 r--p 00027000 08:01 790481                     /usr/lib/jvm/jdk-12.0.1/lib/libjava.so
7f8ac3bdc000-7f8ac3bde000 rw-p 00028000 08:01 790481                     /usr/lib/jvm/jdk-12.0.1/lib/libjava.so
7f8ac3bde000-7f8ac3beb000 r-xp 00000000 08:01 796437                     /usr/lib/jvm/jdk-12.0.1/lib/libverify.so
7f8ac3beb000-7f8ac3dea000 ---p 0000d000 08:01 796437                     /usr/lib/jvm/jdk-12.0.1/lib/libverify.so
7f8ac3dea000-7f8ac3dec000 r--p 0000c000 08:01 796437                     /usr/lib/jvm/jdk-12.0.1/lib/libverify.so
7f8ac3dec000-7f8ac3ded000 rw-p 0000e000 08:01 796437                     /usr/lib/jvm/jdk-12.0.1/lib/libverify.so
7f8ac3ded000-7f8ac3df4000 r-xp 00000000 08:01 137103                     /lib/x86_64-linux-gnu/librt-2.27.so
7f8ac3df4000-7f8ac3ff3000 ---p 00007000 08:01 137103                     /lib/x86_64-linux-gnu/librt-2.27.so
7f8ac3ff3000-7f8ac3ff4000 r--p 00006000 08:01 137103                     /lib/x86_64-linux-gnu/librt-2.27.so
7f8ac3ff4000-7f8ac3ff5000 rw-p 00007000 08:01 137103                     /lib/x86_64-linux-gnu/librt-2.27.so
7f8ac3ff5000-7f8ac4192000 r-xp 00000000 08:01 137025                     /lib/x86_64-linux-gnu/libm-2.27.so
7f8ac4192000-7f8ac4391000 ---p 0019d000 08:01 137025                     /lib/x86_64-linux-gnu/libm-2.27.so
7f8ac4391000-7f8ac4392000 r--p 0019c000 08:01 137025                     /lib/x86_64-linux-gnu/libm-2.27.so
7f8ac4392000-7f8ac4393000 rw-p 0019d000 08:01 137025                     /lib/x86_64-linux-gnu/libm-2.27.so
7f8ac4393000-7f8ac54f7000 r-xp 00000000 08:01 937605                     /usr/lib/jvm/jdk-12.0.1/lib/server/libjvm.so
7f8ac54f7000-7f8ac56f7000 ---p 01164000 08:01 937605                     /usr/lib/jvm/jdk-12.0.1/lib/server/libjvm.so
7f8ac56f7000-7f8ac57b8000 r--p 01164000 08:01 937605                     /usr/lib/jvm/jdk-12.0.1/lib/server/libjvm.so
7f8ac57b8000-7f8ac57f1000 rw-p 01225000 08:01 937605                     /usr/lib/jvm/jdk-12.0.1/lib/server/libjvm.so
7f8ac57f1000-7f8ac5874000 rw-p 00000000 00:00 0 
7f8ac5874000-7f8ac5a5b000 r-xp 00000000 08:01 136962                     /lib/x86_64-linux-gnu/libc-2.27.so
7f8ac5a5b000-7f8ac5c5b000 ---p 001e7000 08:01 136962                     /lib/x86_64-linux-gnu/libc-2.27.so
7f8ac5c5b000-7f8ac5c5f000 r--p 001e7000 08:01 136962                     /lib/x86_64-linux-gnu/libc-2.27.so
7f8ac5c5f000-7f8ac5c61000 rw-p 001eb000 08:01 136962                     /lib/x86_64-linux-gnu/libc-2.27.so
7f8ac5c61000-7f8ac5c65000 rw-p 00000000 00:00 0 
7f8ac5c65000-7f8ac5c68000 r-xp 00000000 08:01 136985                     /lib/x86_64-linux-gnu/libdl-2.27.so
7f8ac5c68000-7f8ac5e67000 ---p 00003000 08:01 136985                     /lib/x86_64-linux-gnu/libdl-2.27.so
7f8ac5e67000-7f8ac5e68000 r--p 00002000 08:01 136985                     /lib/x86_64-linux-gnu/libdl-2.27.so
7f8ac5e68000-7f8ac5e69000 rw-p 00003000 08:01 136985                     /lib/x86_64-linux-gnu/libdl-2.27.so
7f8ac5e69000-7f8ac5e83000 r-xp 00000000 08:01 137095                     /lib/x86_64-linux-gnu/libpthread-2.27.so
7f8ac5e83000-7f8ac6082000 ---p 0001a000 08:01 137095                     /lib/x86_64-linux-gnu/libpthread-2.27.so
7f8ac6082000-7f8ac6083000 r--p 00019000 08:01 137095                     /lib/x86_64-linux-gnu/libpthread-2.27.so
7f8ac6083000-7f8ac6084000 rw-p 0001a000 08:01 137095                     /lib/x86_64-linux-gnu/libpthread-2.27.so
7f8ac6084000-7f8ac6088000 rw-p 00000000 00:00 0 
7f8ac6088000-7f8ac6098000 r-xp 00000000 08:01 790513                     /usr/lib/jvm/jdk-12.0.1/lib/libjli.so
7f8ac6098000-7f8ac6297000 ---p 00010000 08:01 790513                     /usr/lib/jvm/jdk-12.0.1/lib/libjli.so
7f8ac6297000-7f8ac6298000 r--p 0000f000 08:01 790513                     /usr/lib/jvm/jdk-12.0.1/lib/libjli.so
7f8ac6298000-7f8ac6299000 rw-p 00010000 08:01 790513                     /usr/lib/jvm/jdk-12.0.1/lib/libjli.so
7f8ac6299000-7f8ac62b5000 r-xp 00000000 08:01 137134                     /lib/x86_64-linux-gnu/libz.so.1.2.11
7f8ac62b5000-7f8ac64b4000 ---p 0001c000 08:01 137134                     /lib/x86_64-linux-gnu/libz.so.1.2.11
7f8ac64b4000-7f8ac64b5000 r--p 0001b000 08:01 137134                     /lib/x86_64-linux-gnu/libz.so.1.2.11
7f8ac64b5000-7f8ac64b6000 rw-p 0001c000 08:01 137134                     /lib/x86_64-linux-gnu/libz.so.1.2.11
7f8ac64b6000-7f8ac64dd000 r-xp 00000000 08:01 136934                     /lib/x86_64-linux-gnu/ld-2.27.so
7f8ac6502000-7f8ac65bb000 rw-p 00000000 00:00 0 
7f8ac65bb000-7f8ac65c2000 ---p 00000000 00:00 0 
7f8ac65c2000-7f8ac65c6000 ---p 00000000 00:00 0 
7f8ac65c6000-7f8ac66c7000 rw-p 00000000 00:00 0 
7f8ac66cd000-7f8ac66d1000 r--p 00000000 08:01 1574428                    /home/kiit/.config/dconf/user
7f8ac66d1000-7f8ac66d2000 r--s 00000000 00:2e 35                         /run/user/1000/dconf/user
7f8ac66d2000-7f8ac66da000 rw-s 00000000 08:01 790427                     /tmp/hsperfdata_kiit/3264
7f8ac66da000-7f8ac66db000 ---p 00000000 00:00 0 
7f8ac66db000-7f8ac66dc000 r--p 00000000 00:00 0 
7f8ac66dc000-7f8ac66dd000 ---p 00000000 00:00 0 
7f8ac66dd000-7f8ac66de000 r--p 00027000 08:01 136934                     /lib/x86_64-linux-gnu/ld-2.27.so
7f8ac66de000-7f8ac66df000 rw-p 00028000 08:01 136934                     /lib/x86_64-linux-gnu/ld-2.27.so
7f8ac66df000-7f8ac66e0000 rw-p 00000000 00:00 0 
7ffca0db3000-7ffca0dd4000 rw-p 00000000 00:00 0                          [stack]
7ffca0dd5000-7ffca0dd8000 r--p 00000000 00:00 0                          [vvar]
7ffca0dd8000-7ffca0dda000 r-xp 00000000 00:00 0                          [vdso]
ffffffffff600000-ffffffffff601000 r-xp 00000000 00:00 0                  [vsyscall]


VM Arguments:
jvm_args: -Djava.library.path=. 
java_command: Gui
java_class_path (initial): .
Launcher Type: SUN_STANDARD

[Global flags]
     intx CICompilerCount                          = 2                                         {product} {ergonomic}
   size_t InitialHeapSize                          = 65011712                                  {product} {ergonomic}
   size_t MaxHeapSize                              = 1035993088                                {product} {ergonomic}
   size_t MaxNewSize                               = 345309184                                 {product} {ergonomic}
   size_t MinHeapDeltaBytes                        = 196608                                    {product} {ergonomic}
   size_t NewSize                                  = 21626880                                  {product} {ergonomic}
    uintx NonNMethodCodeHeapSize                   = 5825164                                {pd product} {ergonomic}
    uintx NonProfiledCodeHeapSize                  = 122916538                              {pd product} {ergonomic}
   size_t OldSize                                  = 43384832                                  {product} {ergonomic}
    uintx ProfiledCodeHeapSize                     = 122916538                              {pd product} {ergonomic}
    uintx ReservedCodeCacheSize                    = 251658240                              {pd product} {ergonomic}
     bool SegmentedCodeCache                       = true                                      {product} {ergonomic}
     bool UseCompressedClassPointers               = true                                 {lp64_product} {ergonomic}
     bool UseCompressedOops                        = true                                 {lp64_product} {ergonomic}
     bool UseSerialGC                              = true                                      {product} {ergonomic}

Logging:
Log output configuration:
 #0: stdout all=warning uptime,level,tags
 #1: stderr all=off uptime,level,tags

Environment Variables:
JAVA_HOME=/usr/lib/jvm/jdk-12.0.1
PATH=/usr/local/sbin:/usr/local/bin:/usr/sbin:/usr/bin:/sbin:/bin:/usr/games:/usr/local/games:/snap/bin:/usr/lib/jvm/jdk-12.0.1/bin
USERNAME=kiit
SHELL=/bin/bash
DISPLAY=:0

Signal Handlers:
SIGSEGV: [libjvm.so+0xe45640], sa_mask[0]=11111111011111111101111111111110, sa_flags=SA_RESTART|SA_SIGINFO
SIGBUS: [libjvm.so+0xe45640], sa_mask[0]=11111111011111111101111111111110, sa_flags=SA_RESTART|SA_SIGINFO
SIGFPE: [libjvm.so+0xe45640], sa_mask[0]=11111111011111111101111111111110, sa_flags=SA_RESTART|SA_SIGINFO
SIGPIPE: SIG_IGN, sa_mask[0]=00000000000010000000000000000000, sa_flags=SA_RESTART
SIGXFSZ: [libjvm.so+0xbf4b50], sa_mask[0]=11111111011111111101111111111110, sa_flags=SA_RESTART|SA_SIGINFO
SIGILL: [libjvm.so+0xe45640], sa_mask[0]=11111111011111111101111111111110, sa_flags=SA_RESTART|SA_SIGINFO
SIGUSR2: [libjvm.so+0xbf49f0], sa_mask[0]=00000000000000000000000000000000, sa_flags=SA_RESTART|SA_SIGINFO
SIGHUP: [libjvm.so+0xbf4d50], sa_mask[0]=11111111011111111101111111111110, sa_flags=SA_RESTART|SA_SIGINFO
SIGINT: [libjvm.so+0xbf4d50], sa_mask[0]=11111111011111111101111111111110, sa_flags=SA_RESTART|SA_SIGINFO
SIGTERM: [libjvm.so+0xbf4d50], sa_mask[0]=11111111011111111101111111111110, sa_flags=SA_RESTART|SA_SIGINFO
SIGQUIT: [libjvm.so+0xbf4d50], sa_mask[0]=11111111011111111101111111111110, sa_flags=SA_RESTART|SA_SIGINFO


---------------  S Y S T E M  ---------------

OS:DISTRIB_ID=Ubuntu
DISTRIB_RELEASE=18.04
DISTRIB_CODENAME=bionic
DISTRIB_DESCRIPTION="Ubuntu 18.04.2 LTS"
uname:Linux 4.18.0-25-generic #26~18.04.1-Ubuntu SMP Thu Jun 27 07:28:31 UTC 2019 x86_64
libc:glibc 2.27 NPTL 2.27 
rlimit: STACK 8192k, CORE 0k, NPROC 15535, NOFILE 4096, AS infinity, DATA infinity, FSIZE infinity
load average:0.49 0.25 0.48

/proc/meminfo:
MemTotal:        4039524 kB
MemFree:         1086712 kB
MemAvailable:    2617320 kB
Buffers:          123212 kB
Cached:          1647004 kB
SwapCached:            0 kB
Active:          1461168 kB
Inactive:        1234820 kB
Active(anon):     926776 kB
Inactive(anon):    99592 kB
Active(file):     534392 kB
Inactive(file):  1135228 kB
Unevictable:          32 kB
Mlocked:              32 kB
SwapTotal:       1471128 kB
SwapFree:        1471128 kB
Dirty:               248 kB
Writeback:             0 kB
AnonPages:        925888 kB
Mapped:           340068 kB
Shmem:            100524 kB
Slab:             160900 kB
SReclaimable:     127320 kB
SUnreclaim:        33580 kB
KernelStack:        7168 kB
PageTables:        32992 kB
NFS_Unstable:          0 kB
Bounce:                0 kB
WritebackTmp:          0 kB
CommitLimit:     3490888 kB
Committed_AS:    3972188 kB
VmallocTotal:   34359738367 kB
VmallocUsed:           0 kB
VmallocChunk:          0 kB
HardwareCorrupted:     0 kB
AnonHugePages:         0 kB
ShmemHugePages:        0 kB
ShmemPmdMapped:        0 kB
CmaTotal:              0 kB
CmaFree:               0 kB
HugePages_Total:       0
HugePages_Free:        0
HugePages_Rsvd:        0
HugePages_Surp:        0
Hugepagesize:       2048 kB
Hugetlb:               0 kB
DirectMap4k:      122816 kB
DirectMap2M:     4071424 kB


/proc/sys/kernel/threads-max (system-wide limit on the number of threads):
31070


/proc/sys/vm/max_map_count (maximum number of memory map areas a process may have):
65530


/proc/sys/kernel/pid_max (system-wide limit on number of process identifiers):
32768



container (cgroup) information:
container_type: cgroupv1
cpu_cpuset_cpus: 0
cpu_memory_nodes: 0
active_processor_count: 1
cpu_quota: -1
cpu_period: 100000
cpu_shares: -1
memory_limit_in_bytes: -1
memory_and_swap_limit_in_bytes: -2
memory_soft_limit_in_bytes: -1
memory_usage_in_bytes: 2760642560
memory_max_usage_in_bytes: 0


CPU:total 1 (initial active 1) (1 cores per cpu, 1 threads per core) family 6 model 142 stepping 10, cmov, cx8, fxsr, mmx, sse, sse2, sse3, ssse3, sse4.1, sse4.2, popcnt, avx, avx2, aes, clmul, 3dnowpref, lzcnt, tsc, tscinvbit
CPU Model and flags from /proc/cpuinfo:
model name	: Intel(R) Core(TM) i5-8250U CPU @ 1.60GHz
flags		: fpu vme de pse tsc msr pae mce cx8 apic sep mtrr pge mca cmov pat pse36 clflush mmx fxsr sse sse2 ht syscall nx rdtscp lm constant_tsc rep_good nopl xtopology nonstop_tsc cpuid tsc_known_freq pni pclmulqdq monitor ssse3 cx16 pcid sse4_1 sse4_2 x2apic movbe popcnt aes xsave avx rdrand hypervisor lahf_lm abm 3dnowprefetch invpcid_single pti fsgsbase avx2 invpcid rdseed clflushopt md_clear flush_l1d

Memory: 4k page, physical 4039524k(1086588k free), swap 1471128k(1471128k free)

vm_info: Java HotSpot(TM) 64-Bit Server VM (12.0.1+12) for linux-amd64 JRE (12.0.1+12), built on Apr  1 2019 23:46:14 by "mach5one" with gcc 7.3.0

END.
