#
# A fatal error has been detected by the Java Runtime Environment:
#
#  SIGSEGV (0xb) at pc=0x00007efd98b956e2, pid=3390, tid=3408
#
# JRE version: Java(TM) SE Runtime Environment (12.0.1+12) (build 12.0.1+12)
# Java VM: Java HotSpot(TM) 64-Bit Server VM (12.0.1+12, mixed mode, sharing, tiered, compressed oops, serial gc, linux-amd64)
# Problematic frame:
# j  java.lang.String.valueOf(Ljava/lang/Object;)Ljava/lang/String;+10 java.base@12.0.1
#
# Core dump will be written. Default location: Core dumps may be processed with "/usr/share/apport/apport %p %s %c %d %P" (or dumping to /home/kiit/1905243/cnProject/CN-p2p-file-sharing/core.3390)
#
# If you would like to submit a bug report, please visit:
#   http://bugreport.java.com/bugreport/crash.jsp
#

---------------  S U M M A R Y ------------

Command Line: -Djava.library.path=. Gui

Host: Intel(R) Core(TM) i5-8250U CPU @ 1.60GHz, 1 cores, 3G, Ubuntu 18.04.2 LTS
Time: Sat Jan  1 21:50:33 2022 IST elapsed time: 11 seconds (0d 0h 0m 11s)

---------------  T H R E A D  ---------------

Current thread (0x00007efd9403d800):  JavaThread "AWT-EventQueue-0" [_thread_in_Java, id=3408, stack(0x00007efd755b4000,0x00007efd756b5000)]

Stack: [0x00007efd755b4000,0x00007efd756b5000],  sp=0x00007efd756b2860,  free space=1018k
Native frames: (J=compiled Java code, A=aot compiled Java code, j=interpreted, Vv=VM code, C=native code)
j  java.lang.String.valueOf(Ljava/lang/Object;)Ljava/lang/String;+10 java.base@12.0.1
j  java.io.PrintStream.print(Ljava/lang/String;)V+2 java.base@12.0.1
j  java.io.PrintStream.println(Ljava/lang/String;)V+6 java.base@12.0.1
j  Login.actionPerformed(Ljava/awt/event/ActionEvent;)V+48
j  javax.swing.AbstractButton.fireActionPerformed(Ljava/awt/event/ActionEvent;)V+83 java.desktop@12.0.1
j  javax.swing.AbstractButton$Handler.actionPerformed(Ljava/awt/event/ActionEvent;)V+5 java.desktop@12.0.1
j  javax.swing.DefaultButtonModel.fireActionPerformed(Ljava/awt/event/ActionEvent;)V+34 java.desktop@12.0.1
j  javax.swing.DefaultButtonModel.setPressed(Z)V+117 java.desktop@12.0.1
j  javax.swing.plaf.basic.BasicButtonListener.mouseReleased(Ljava/awt/event/MouseEvent;)V+35 java.desktop@12.0.1
j  java.awt.Component.processMouseEvent(Ljava/awt/event/MouseEvent;)V+64 java.desktop@12.0.1
j  javax.swing.JComponent.processMouseEvent(Ljava/awt/event/MouseEvent;)V+23 java.desktop@12.0.1
j  java.awt.Component.processEvent(Ljava/awt/AWTEvent;)V+81 java.desktop@12.0.1
j  java.awt.Container.processEvent(Ljava/awt/AWTEvent;)V+18 java.desktop@12.0.1
j  java.awt.Component.dispatchEventImpl(Ljava/awt/AWTEvent;)V+496 java.desktop@12.0.1
j  java.awt.Container.dispatchEventImpl(Ljava/awt/AWTEvent;)V+42 java.desktop@12.0.1
j  java.awt.Component.dispatchEvent(Ljava/awt/AWTEvent;)V+2 java.desktop@12.0.1
j  java.awt.LightweightDispatcher.retargetMouseEvent(Ljava/awt/Component;ILjava/awt/event/MouseEvent;)V+349 java.desktop@12.0.1
j  java.awt.LightweightDispatcher.processMouseEvent(Ljava/awt/event/MouseEvent;)Z+155 java.desktop@12.0.1
j  java.awt.LightweightDispatcher.dispatchEvent(Ljava/awt/AWTEvent;)Z+50 java.desktop@12.0.1
j  java.awt.Container.dispatchEventImpl(Ljava/awt/AWTEvent;)V+12 java.desktop@12.0.1
j  java.awt.Window.dispatchEventImpl(Ljava/awt/AWTEvent;)V+19 java.desktop@12.0.1
j  java.awt.Component.dispatchEvent(Ljava/awt/AWTEvent;)V+2 java.desktop@12.0.1
j  java.awt.EventQueue.dispatchEventImpl(Ljava/awt/AWTEvent;Ljava/lang/Object;)V+41 java.desktop@12.0.1
j  java.awt.EventQueue$4.run()Ljava/lang/Void;+32 java.desktop@12.0.1
j  java.awt.EventQueue$4.run()Ljava/lang/Object;+1 java.desktop@12.0.1
J 981 c1 java.security.ProtectionDomain$JavaSecurityAccessImpl.doIntersectionPrivilege(Ljava/security/PrivilegedAction;Ljava/security/AccessControlContext;Ljava/security/AccessControlContext;)Ljava/lang/Object; java.base@12.0.1 (22 bytes) @ 0x00007efd992982ec [0x00007efd99297e00+0x00000000000004ec]
j  java.security.ProtectionDomain$JavaSecurityAccessImpl.doIntersectionPrivilege(Ljava/security/PrivilegedAction;Ljava/security/AccessControlContext;)Ljava/lang/Object;+6 java.base@12.0.1
j  java.awt.EventQueue$5.run()Ljava/lang/Void;+11 java.desktop@12.0.1
j  java.awt.EventQueue$5.run()Ljava/lang/Object;+1 java.desktop@12.0.1
J 981 c1 java.security.ProtectionDomain$JavaSecurityAccessImpl.doIntersectionPrivilege(Ljava/security/PrivilegedAction;Ljava/security/AccessControlContext;Ljava/security/AccessControlContext;)Ljava/lang/Object; java.base@12.0.1 (22 bytes) @ 0x00007efd992982ec [0x00007efd99297e00+0x00000000000004ec]
j  java.awt.EventQueue.dispatchEvent(Ljava/awt/AWTEvent;)V+73 java.desktop@12.0.1
j  java.awt.EventDispatchThread.pumpOneEventForFilters(I)V+78 java.desktop@12.0.1
j  java.awt.EventDispatchThread.pumpEventsForFilter(ILjava/awt/Conditional;Ljava/awt/EventFilter;)V+35 java.desktop@12.0.1
j  java.awt.EventDispatchThread.pumpEventsForHierarchy(ILjava/awt/Conditional;Ljava/awt/Component;)V+11 java.desktop@12.0.1
j  java.awt.EventDispatchThread.pumpEvents(ILjava/awt/Conditional;)V+4 java.desktop@12.0.1
j  java.awt.EventDispatchThread.pumpEvents(Ljava/awt/Conditional;)V+3 java.desktop@12.0.1
j  java.awt.EventDispatchThread.run()V+9 java.desktop@12.0.1
v  ~StubRoutines::call_stub
V  [libjvm.so+0x86fc39]  JavaCalls::call_helper(JavaValue*, methodHandle const&, JavaCallArguments*, Thread*)+0x3c9
V  [libjvm.so+0x86dbcd]  JavaCalls::call_virtual(JavaValue*, Handle, Klass*, Symbol*, Symbol*, Thread*)+0x1ed
V  [libjvm.so+0x91ae9c]  thread_entry(JavaThread*, Thread*)+0x6c
V  [libjvm.so+0xdd533f]  JavaThread::thread_main_inner()+0x22f
V  [libjvm.so+0xdd21bf]  Thread::call_run()+0x16f
V  [libjvm.so+0xbfe94e]  thread_native_entry(Thread*)+0xee


siginfo: si_signo: 11 (SIGSEGV), si_code: 1 (SEGV_MAPERR), si_addr: 0x00000000676f4c08

Register to memory mapping:

RAX=0x0 is NULL
RBX=0x0000000000000002 is an unknown value
RCX=0x00000000676f4c00 is an unknown value
RDX=0x0000000080000001 is an unknown value
RSP=0x00007efd756b2860 is pointing into the stack for thread: 0x00007efd9403d800
RBP=0x00007efd756b28b8 is pointing into the stack for thread: 0x00007efd9403d800
RSI=0x00007efd756b2940 is pointing into the stack for thread: 0x00007efd9403d800
RDI=0x00007efd9403e000 points into unknown readable memory: 03 00 00 00 1e 00 00 00
R8 ={method} {0x0000000800339428} 'println' '(Ljava/lang/String;)V' in 'java/io/PrintStream'
R9 =0x0000000000000004 is an unknown value
R10=0x00007efdb8b56d80: <offset 0x00000000014ced80> in /usr/lib/jvm/jdk-12.0.1/lib/server/libjvm.so at 0x00007efdb7688000
R11=0x00007efdb000c9e0 points into unknown readable memory: 00 00 00 00 00 00 00 00
R12=0x0 is NULL
R13=0x00000008009cd0ba is pointing into metadata
R14=0x00007efd756b28c8 is pointing into the stack for thread: 0x00007efd9403d800
R15=0x00007efd9403d800 is a thread


Registers:
RAX=0x0000000000000000, RBX=0x0000000000000002, RCX=0x00000000676f4c00, RDX=0x0000000080000001
RSP=0x00007efd756b2860, RBP=0x00007efd756b28b8, RSI=0x00007efd756b2940, RDI=0x00007efd9403e000
R8 =0x0000000800339428, R9 =0x0000000000000004, R10=0x00007efdb8b56d80, R11=0x00007efdb000c9e0
R12=0x0000000000000000, R13=0x00000008009cd0ba, R14=0x00007efd756b28c8, R15=0x00007efd9403d800
RIP=0x00007efd98b956e2, EFLAGS=0x0000000000010246, CSGSFS=0x002b000000000033, ERR=0x0000000000000004
  TRAPNO=0x000000000000000e

Top of Stack: (sp=0x00007efd756b2860)
0x00007efd756b2860:   00007efd98b81a00 00000000676f4c00
0x00007efd756b2870:   00007efd756b2870 00000008009cd0ba
0x00007efd756b2880:   00007efd756b28c8 0000000800359a88
0x00007efd756b2890:   00007efdb5354e60 00000000c2400b30 

Instructions: (pc=0x00007efd98b956e2)
0x00007efd98b956c2:   10 4c 8b 68 d8 41 83 ed 04 41 c1 e5 03 49 03 c5
0x00007efd98b956d2:   48 89 45 d8 4c 8d 6c 24 08 4c 89 6d f0 ff 63 48
0x00007efd98b956e2:   8b 41 08 48 c1 e0 03 49 bc 00 00 00 00 08 00 00
0x00007efd98b956f2:   00 49 03 c4 4d 33 e4 4c 8b 75 d8 4d 85 f6 0f 84 

Stack slot to memory mapping:
stack at sp + 0 slots: 0x00007efd98b81a00 is at code_begin+1664 in an Interpreter codelet
invoke return entry points  [0x00007efd98b81380, 0x00007efd98b81da0]  2592 bytes
stack at sp + 1 slots: 0x00000000676f4c00 is an unknown value
stack at sp + 2 slots: 0x00007efd756b2870 is pointing into the stack for thread: 0x00007efd9403d800
stack at sp + 3 slots: 0x00000008009cd0ba is pointing into metadata
stack at sp + 4 slots: 0x00007efd756b28c8 is pointing into the stack for thread: 0x00007efd9403d800
stack at sp + 5 slots: 0x0000000800359a88 is pointing into metadata
stack at sp + 6 slots: 0x00007efdb5354e60 is pointing into metadata
stack at sp + 7 slots: 0x00000000c2400b30 points into unknown readable memory: 01 41 3a 2b 45 00 00 00

invokevirtual  182 invokevirtual  [0x00007efd98b95400, 0x00007efd98b95920]  1312 bytes

---------------  P R O C E S S  ---------------

Threads class SMR info:
_java_thread_list=0x0000000001661d40, length=14, elements={
0x00007efdb0059800, 0x00007efdb005b800, 0x00007efdb0062000, 0x00007efdb0064000,
0x00007efdb0066000, 0x00007efdb0068000, 0x00007efdb00a2800, 0x00007efdb00ac000,
0x00007efdb01d6000, 0x00007efdb01fd000, 0x00007efdb029b800, 0x00007efd9403d800,
0x00007efdb0011000, 0x0000000001660800
}

Java Threads: ( => current thread )
  0x00007efdb0059800 JavaThread "Reference Handler" daemon [_thread_blocked, id=3393, stack(0x00007efdb5054000,0x00007efdb5155000)]
  0x00007efdb005b800 JavaThread "Finalizer" daemon [_thread_blocked, id=3394, stack(0x00007efdb4f53000,0x00007efdb5054000)]
  0x00007efdb0062000 JavaThread "Signal Dispatcher" daemon [_thread_blocked, id=3395, stack(0x00007efdb4483000,0x00007efdb4584000)]
  0x00007efdb0064000 JavaThread "C2 CompilerThread0" daemon [_thread_blocked, id=3396, stack(0x00007efdb4382000,0x00007efdb4483000)]
  0x00007efdb0066000 JavaThread "C1 CompilerThread0" daemon [_thread_blocked, id=3397, stack(0x00007efdb4281000,0x00007efdb4382000)]
  0x00007efdb0068000 JavaThread "Sweeper thread" daemon [_thread_blocked, id=3398, stack(0x00007efdb4180000,0x00007efdb4281000)]
  0x00007efdb00a2800 JavaThread "Service Thread" daemon [_thread_blocked, id=3399, stack(0x00007efdb407f000,0x00007efdb4180000)]
  0x00007efdb00ac000 JavaThread "Common-Cleaner" daemon [_thread_blocked, id=3401, stack(0x00007efd98975000,0x00007efd98a76000)]
  0x00007efdb01d6000 JavaThread "Java2D Disposer" daemon [_thread_blocked, id=3405, stack(0x00007efd78528000,0x00007efd78629000)]
  0x00007efdb01fd000 JavaThread "AWT-XAWT" daemon [_thread_in_native, id=3406, stack(0x00007efd78427000,0x00007efd78528000)]
  0x00007efdb029b800 JavaThread "AWT-Shutdown" [_thread_blocked, id=3407, stack(0x00007efd756b5000,0x00007efd757b6000)]
=>0x00007efd9403d800 JavaThread "AWT-EventQueue-0" [_thread_in_Java, id=3408, stack(0x00007efd755b4000,0x00007efd756b5000)]
  0x00007efdb0011000 JavaThread "DestroyJavaVM" [_thread_blocked, id=3391, stack(0x00007efdb98b7000,0x00007efdb99b8000)]
  0x0000000001660800 JavaThread "TimerQueue" daemon [_thread_blocked, id=3409, stack(0x00007efd752b3000,0x00007efd753b4000)]

Other Threads:
  0x00007efdb0056800 VMThread "VM Thread" [stack: 0x00007efdb5157000,0x00007efdb5257000] [id=3392]
  0x00007efdb00a9000 WatcherThread [stack: 0x00007efd98a78000,0x00007efd98b78000] [id=3400]

Threads with active compile tasks:

VM state:not at safepoint (normal execution)

VM Mutex/Monitor currently owned by a thread: None

Heap address: 0x00000000c2400000, size: 988 MB, Compressed Oops mode: 32-bit
Narrow klass base: 0x0000000800000000, Narrow klass shift: 3
Compressed class space size: 1073741824 Address: 0x0000000801129000

Heap:
 def new generation   total 19008K, used 8792K [0x00000000c2400000, 0x00000000c38a0000, 0x00000000d6d50000)
  eden space 16896K,  52% used [0x00000000c2400000, 0x00000000c2c96148, 0x00000000c3480000)
  from space 2112K,   0% used [0x00000000c3480000, 0x00000000c3480000, 0x00000000c3690000)
  to   space 2112K,   0% used [0x00000000c3690000, 0x00000000c3690000, 0x00000000c38a0000)
 tenured generation   total 42368K, used 0K [0x00000000d6d50000, 0x00000000d96b0000, 0x0000000100000000)
   the space 42368K,   0% used [0x00000000d6d50000, 0x00000000d6d50000, 0x00000000d6d50200, 0x00000000d96b0000)
 Metaspace       used 9851K, capacity 10278K, committed 10624K, reserved 1058816K
  class space    used 1102K, capacity 1289K, committed 1408K, reserved 1048576K

Card table byte_map: [0x00007efdb5c7d000,0x00007efdb5e6c000] _byte_map_base: 0x00007efdb566b000

Polling page: 0x00007efdb99cf000

Metaspace:

Usage:
  Non-class:      8.78 MB capacity,     8.54 MB ( 97%) used,   206.92 KB (  2%) free+waste,    33.25 KB ( <1%) overhead. 
      Class:      1.26 MB capacity,     1.08 MB ( 86%) used,   167.29 KB ( 13%) free+waste,    19.50 KB (  2%) overhead. 
       Both:     10.04 MB capacity,     9.62 MB ( 96%) used,   374.21 KB (  4%) free+waste,    52.75 KB ( <1%) overhead. 

Virtual space:
  Non-class space:       10.00 MB reserved,       9.00 MB ( 90%) committed 
      Class space:        1.00 GB reserved,       1.38 MB ( <1%) committed 
             Both:        1.01 GB reserved,      10.38 MB (  1%) committed 

Chunk freelists:
   Non-Class:  10.38 KB
       Class:  2.38 KB
        Both:  12.75 KB

CodeHeap 'non-profiled nmethods': size=120036Kb used=302Kb max_used=302Kb free=119733Kb
 bounds [0x00007efda063f000, 0x00007efda08af000, 0x00007efda7b78000]
CodeHeap 'profiled nmethods': size=120032Kb used=1678Kb max_used=1678Kb free=118353Kb
 bounds [0x00007efd99107000, 0x00007efd99377000, 0x00007efda063f000]
CodeHeap 'non-nmethods': size=5692Kb used=1250Kb max_used=1264Kb free=4441Kb
 bounds [0x00007efd98b78000, 0x00007efd98de8000, 0x00007efd99107000]
 total_blobs=1783 nmethods=1025 adapters=560
 compilation: enabled
              stopped_count=0, restarted_count=0
 full_count=0

Compilation events (10 events):
Event: 11.548 Thread 0x00007efdb0066000 nmethod 1018 0x00007efda0689c10 code [0x00007efda0689dc0, 0x00007efda0689ef0]
Event: 11.558 Thread 0x00007efdb0064000 nmethod 1021 0x00007efda0689f90 code [0x00007efda068a140, 0x00007efda068a338]
Event: 11.564 Thread 0x00007efdb0066000 1022       3       java.lang.invoke.MethodHandles::argumentsWithCombinerChecks (189 bytes)
Event: 11.582 Thread 0x00007efdb0066000 nmethod 1022 0x00007efd992a6810 code [0x00007efd992a6ca0, 0x00007efd992a8ad8]
Event: 11.582 Thread 0x00007efdb0066000 1024       3       sun.java2d.xr.GrowableRectArray::pushRectValues (72 bytes)
Event: 11.583 Thread 0x00007efdb0066000 nmethod 1024 0x00007efd992a9710 code [0x00007efd992a98e0, 0x00007efd992a9c28]
Event: 11.583 Thread 0x00007efdb0066000 1023       3       sun.java2d.pipe.Region::getIntersectionXYXY (108 bytes)
Event: 11.588 Thread 0x00007efdb0066000 nmethod 1023 0x00007efd992a9d90 code [0x00007efd992a9fe0, 0x00007efd992aa878]
Event: 11.588 Thread 0x00007efdb0066000 1025       1       java.awt.Font::hasLayoutAttributes (5 bytes)
Event: 11.588 Thread 0x00007efdb0066000 nmethod 1025 0x00007efda068a510 code [0x00007efda068a6c0, 0x00007efda068a7f0]

GC Heap History (0 events):
No events

Deoptimization events (5 events):
Event: 0.397 Thread 0x00007efdb0011000 Uncommon trap: reason=unstable_if action=reinterpret pc=0x00007efda0643554 method=java.lang.String.hashCode()I @ 14 c2
Event: 5.618 Thread 0x00007efd9403d800 Uncommon trap: reason=class_check action=maybe_recompile pc=0x00007efda06579e8 method=java.lang.String.equals(Ljava/lang/Object;)Z @ 8 c2
Event: 5.618 Thread 0x00007efd9403d800 Uncommon trap: reason=class_check action=maybe_recompile pc=0x00007efda06579e8 method=java.lang.String.equals(Ljava/lang/Object;)Z @ 8 c2
Event: 6.049 Thread 0x00007efd9403d800 Uncommon trap: reason=class_check action=maybe_recompile pc=0x00007efda06579e8 method=java.lang.String.equals(Ljava/lang/Object;)Z @ 8 c2
Event: 6.049 Thread 0x00007efd9403d800 Uncommon trap: reason=class_check action=maybe_recompile pc=0x00007efda06579e8 method=java.lang.String.equals(Ljava/lang/Object;)Z @ 8 c2

Classes redefined (0 events):
No events

Internal exceptions (10 events):
Event: 2.253 Thread 0x00007efdb0011000 Exception <a 'java/lang/NoSuchMethodError'{0x00000000c29ddff0}: java.lang.invoke.DirectMethodHandle$Holder.invokeStatic(Ljava/lang/Object;Ljava/lang/Object;Ljava/lang/Object;Ljava/lang/Object;Ljava/lang/Object;Ljava/lang/Object;Ljava/lang/Object;Ljava/lan
Event: 2.265 Thread 0x00007efdb0011000 Exception <a 'java/lang/NoSuchMethodError'{0x00000000c29ea580}: java.lang.invoke.DirectMethodHandle$Holder.invokeSpecial(Ljava/lang/Object;Ljava/lang/Object;JLjava/lang/Object;Ljava/lang/Object;Ljava/lang/Object;Ljava/lang/Object;Ljava/lang/Object;)Ljava/
Event: 2.265 Thread 0x00007efdb0011000 Exception <a 'java/lang/NoSuchMethodError'{0x00000000c29edc00}: java.lang.invoke.DelegatingMethodHandle$Holder.reinvoke_L(Ljava/lang/Object;JLjava/lang/Object;Ljava/lang/Object;Ljava/lang/Object;Ljava/lang/Object;Ljava/lang/Object;)Ljava/lang/Object;> (0x
Event: 2.277 Thread 0x00007efdb0011000 Exception <a 'java/lang/NoSuchMethodError'{0x00000000c2a02350}: java.lang.invoke.DirectMethodHandle$Holder.invokeStatic(Ljava/lang/Object;Ljava/lang/Object;Ljava/lang/Object;Ljava/lang/Object;Ljava/lang/Object;J)Ljava/lang/Object;> (0x00000000c2a02350) th
Event: 2.292 Thread 0x00007efdb0011000 Exception <a 'java/lang/NoSuchMethodError'{0x00000000c2a1f718}: java.lang.invoke.Invokers$Holder.linkToTargetMethod(Ljava/lang/Object;Ljava/lang/Object;Ljava/lang/Object;Ljava/lang/Object;Ljava/lang/Object;Ljava/lang/Object;)Ljava/lang/Object;> (0x0000000
Event: 2.314 Thread 0x00007efdb0011000 Exception <a 'java/lang/NoSuchMethodError'{0x00000000c2a57908}: java.lang.invoke.DirectMethodHandle$Holder.invokeSpecial(Ljava/lang/Object;Ljava/lang/Object;JLjava/lang/Object;Ljava/lang/Object;Ljava/lang/Object;Ljava/lang/Object;)Ljava/lang/Object;> (0x0
Event: 2.319 Thread 0x00007efdb0011000 Exception <a 'java/lang/NoSuchMethodError'{0x00000000c2a5ad40}: java.lang.invoke.DelegatingMethodHandle$Holder.reinvoke_L(Ljava/lang/Object;JLjava/lang/Object;Ljava/lang/Object;Ljava/lang/Object;Ljava/lang/Object;)Ljava/lang/Object;> (0x00000000c2a5ad40) 
Event: 2.324 Thread 0x00007efdb0011000 Exception <a 'java/lang/NoSuchMethodError'{0x00000000c2a724e8}: java.lang.invoke.DirectMethodHandle$Holder.invokeStatic(Ljava/lang/Object;Ljava/lang/Object;Ljava/lang/Object;Ljava/lang/Object;Ljava/lang/Object;Ljava/lang/Object;J)Ljava/lang/Object;> (0x00
Event: 2.336 Thread 0x00007efdb0011000 Exception <a 'java/lang/NoSuchMethodError'{0x00000000c2a88e78}: java.lang.invoke.DirectMethodHandle$Holder.invokeStatic(Ljava/lang/Object;Ljava/lang/Object;Ljava/lang/Object;Ljava/lang/Object;Ljava/lang/Object;Ljava/lang/Object;JLjava/lang/Object;)Ljava/l
Event: 2.987 Thread 0x00007efd9403d800 Exception <a 'java/lang/UnsupportedOperationException'{0x00000000c2b6ac28}: > (0x00000000c2b6ac28) thrown at [/scratch/opt/mach5/mesos/work_dir/slaves/2dd962d0-8988-479b-a804-57ab764ada59-S77524/frameworks/1735e8a2-a1db-478c-8104-60c8b0af87dd-0196/executo

Events (10 events):
Event: 8.120 Executing VM operation: RevokeBias
Event: 8.120 Executing VM operation: RevokeBias done
Event: 8.120 Executing VM operation: RevokeBias
Event: 8.120 Executing VM operation: RevokeBias done
Event: 8.125 Executing VM operation: RevokeBias
Event: 8.125 Executing VM operation: RevokeBias done
Event: 8.257 loading class javax/swing/Autoscroller
Event: 8.258 loading class javax/swing/Autoscroller done
Event: 9.209 Executing VM operation: RevokeBias
Event: 9.209 Executing VM operation: RevokeBias done


Dynamic libraries:
00400000-00401000 r-xp 00000000 08:01 937687                             /usr/lib/jvm/jdk-12.0.1/bin/java
00600000-00601000 r--p 00000000 08:01 937687                             /usr/lib/jvm/jdk-12.0.1/bin/java
00601000-00602000 rw-p 00001000 08:01 937687                             /usr/lib/jvm/jdk-12.0.1/bin/java
01634000-0169c000 rw-p 00000000 00:00 0                                  [heap]
c2400000-c38a0000 rw-p 00000000 00:00 0 
c38a0000-d6d50000 ---p 00000000 00:00 0 
d6d50000-d96b0000 rw-p 00000000 00:00 0 
d96b0000-100000000 ---p 00000000 00:00 0 
800000000-800003000 rwxp 00001000 08:01 937604                           /usr/lib/jvm/jdk-12.0.1/lib/server/classes.jsa
800003000-8003d9000 rw-p 00004000 08:01 937604                           /usr/lib/jvm/jdk-12.0.1/lib/server/classes.jsa
8003d9000-800ae3000 r--p 003da000 08:01 937604                           /usr/lib/jvm/jdk-12.0.1/lib/server/classes.jsa
800ae3000-800ae4000 rw-p 00ae4000 08:01 937604                           /usr/lib/jvm/jdk-12.0.1/lib/server/classes.jsa
800ae4000-801129000 r--p 00ae5000 08:01 937604                           /usr/lib/jvm/jdk-12.0.1/lib/server/classes.jsa
801129000-801289000 rw-p 00000000 00:00 0 
801289000-841129000 ---p 00000000 00:00 0 
7efd74f27000-7efd752b3000 rw-p 00000000 00:00 0 
7efd752b3000-7efd752b7000 ---p 00000000 00:00 0 
7efd752b7000-7efd754b4000 rw-p 00000000 00:00 0 
7efd754b4000-7efd755b4000 ---p 00000000 00:00 0 
7efd755b4000-7efd755b8000 ---p 00000000 00:00 0 
7efd755b8000-7efd756b5000 rw-p 00000000 00:00 0 
7efd756b5000-7efd756b9000 ---p 00000000 00:00 0 
7efd756b9000-7efd757b6000 rw-p 00000000 00:00 0 
7efd757b6000-7efd757bb000 r-xp 00000000 08:01 1845464                    /usr/lib/x86_64-linux-gnu/libXfixes.so.3.1.0
7efd757bb000-7efd759ba000 ---p 00005000 08:01 1845464                    /usr/lib/x86_64-linux-gnu/libXfixes.so.3.1.0
7efd759ba000-7efd759bb000 r--p 00004000 08:01 1845464                    /usr/lib/x86_64-linux-gnu/libXfixes.so.3.1.0
7efd759bb000-7efd759bc000 rw-p 00005000 08:01 1845464                    /usr/lib/x86_64-linux-gnu/libXfixes.so.3.1.0
7efd759bc000-7efd759c5000 r-xp 00000000 08:01 1845456                    /usr/lib/x86_64-linux-gnu/libXcursor.so.1.0.2
7efd759c5000-7efd75bc4000 ---p 00009000 08:01 1845456                    /usr/lib/x86_64-linux-gnu/libXcursor.so.1.0.2
7efd75bc4000-7efd75bc5000 r--p 00008000 08:01 1845456                    /usr/lib/x86_64-linux-gnu/libXcursor.so.1.0.2
7efd75bc5000-7efd75bc6000 rw-p 00009000 08:01 1845456                    /usr/lib/x86_64-linux-gnu/libXcursor.so.1.0.2
7efd75bc6000-7efd75bc7000 ---p 00000000 00:00 0 
7efd75bc7000-7efd763c7000 rw-p 00000000 00:00 0 
7efd763c7000-7efd763f8000 r-xp 00000000 08:01 397877                     /usr/lib/x86_64-linux-gnu/gio/modules/libgvfsdbus.so
7efd763f8000-7efd765f8000 ---p 00031000 08:01 397877                     /usr/lib/x86_64-linux-gnu/gio/modules/libgvfsdbus.so
7efd765f8000-7efd765fa000 r--p 00031000 08:01 397877                     /usr/lib/x86_64-linux-gnu/gio/modules/libgvfsdbus.so
7efd765fa000-7efd765fb000 rw-p 00033000 08:01 397877                     /usr/lib/x86_64-linux-gnu/gio/modules/libgvfsdbus.so
7efd765fb000-7efd76607000 r-xp 00000000 08:01 397872                     /usr/lib/x86_64-linux-gnu/gio/modules/libdconfsettings.so
7efd76607000-7efd76806000 ---p 0000c000 08:01 397872                     /usr/lib/x86_64-linux-gnu/gio/modules/libdconfsettings.so
7efd76806000-7efd76807000 r--p 0000b000 08:01 397872                     /usr/lib/x86_64-linux-gnu/gio/modules/libdconfsettings.so
7efd76807000-7efd76808000 rw-p 0000c000 08:01 397872                     /usr/lib/x86_64-linux-gnu/gio/modules/libdconfsettings.so
7efd76808000-7efd76809000 ---p 00000000 00:00 0 
7efd76809000-7efd77009000 rw-p 00000000 00:00 0 
7efd77009000-7efd7700a000 ---p 00000000 00:00 0 
7efd7700a000-7efd7780a000 rw-p 00000000 00:00 0 
7efd7780a000-7efd77840000 r-xp 00000000 08:01 398181                     /usr/lib/x86_64-linux-gnu/gvfs/libgvfscommon.so
7efd77840000-7efd77a40000 ---p 00036000 08:01 398181                     /usr/lib/x86_64-linux-gnu/gvfs/libgvfscommon.so
7efd77a40000-7efd77a46000 r--p 00036000 08:01 398181                     /usr/lib/x86_64-linux-gnu/gvfs/libgvfscommon.so
7efd77a46000-7efd77a47000 rw-p 0003c000 08:01 398181                     /usr/lib/x86_64-linux-gnu/gvfs/libgvfscommon.so
7efd77a47000-7efd77a61000 r-xp 00000000 08:01 397876                     /usr/lib/x86_64-linux-gnu/gio/modules/libgioremote-volume-monitor.so
7efd77a61000-7efd77c60000 ---p 0001a000 08:01 397876                     /usr/lib/x86_64-linux-gnu/gio/modules/libgioremote-volume-monitor.so
7efd77c60000-7efd77c63000 r--p 00019000 08:01 397876                     /usr/lib/x86_64-linux-gnu/gio/modules/libgioremote-volume-monitor.so
7efd77c63000-7efd77c64000 rw-p 0001c000 08:01 397876                     /usr/lib/x86_64-linux-gnu/gio/modules/libgioremote-volume-monitor.so
7efd77c64000-7efd77c7b000 r-xp 00000000 08:01 136771                     /lib/x86_64-linux-gnu/libgcc_s.so.1
7efd77c7b000-7efd77e7a000 ---p 00017000 08:01 136771                     /lib/x86_64-linux-gnu/libgcc_s.so.1
7efd77e7a000-7efd77e7b000 r--p 00016000 08:01 136771                     /lib/x86_64-linux-gnu/libgcc_s.so.1
7efd77e7b000-7efd77e7c000 rw-p 00017000 08:01 136771                     /lib/x86_64-linux-gnu/libgcc_s.so.1
7efd77e7c000-7efd77ff5000 r-xp 00000000 08:01 1845922                    /usr/lib/x86_64-linux-gnu/libstdc++.so.6.0.25
7efd77ff5000-7efd781f5000 ---p 00179000 08:01 1845922                    /usr/lib/x86_64-linux-gnu/libstdc++.so.6.0.25
7efd781f5000-7efd781ff000 r--p 00179000 08:01 1845922                    /usr/lib/x86_64-linux-gnu/libstdc++.so.6.0.25
7efd781ff000-7efd78201000 rw-p 00183000 08:01 1845922                    /usr/lib/x86_64-linux-gnu/libstdc++.so.6.0.25
7efd78201000-7efd78205000 rw-p 00000000 00:00 0 
7efd78205000-7efd78223000 r-xp 00000000 08:01 1846335                    /usr/lib/x86_64-linux-gnu/libproxy.so.1.0.0
7efd78223000-7efd78423000 ---p 0001e000 08:01 1846335                    /usr/lib/x86_64-linux-gnu/libproxy.so.1.0.0
7efd78423000-7efd78424000 r--p 0001e000 08:01 1846335                    /usr/lib/x86_64-linux-gnu/libproxy.so.1.0.0
7efd78424000-7efd78425000 rw-p 0001f000 08:01 1846335                    /usr/lib/x86_64-linux-gnu/libproxy.so.1.0.0
7efd78427000-7efd7842b000 ---p 00000000 00:00 0 
7efd7842b000-7efd78528000 rw-p 00000000 00:00 0 
7efd78528000-7efd7852c000 ---p 00000000 00:00 0 
7efd7852c000-7efd78629000 rw-p 00000000 00:00 0 
7efd78629000-7efd7862f000 r-xp 00000000 08:01 137130                     /lib/x86_64-linux-gnu/libuuid.so.1.3.0
7efd7862f000-7efd7882e000 ---p 00006000 08:01 137130                     /lib/x86_64-linux-gnu/libuuid.so.1.3.0
7efd7882e000-7efd7882f000 r--p 00005000 08:01 137130                     /lib/x86_64-linux-gnu/libuuid.so.1.3.0
7efd7882f000-7efd78830000 rw-p 00006000 08:01 137130                     /lib/x86_64-linux-gnu/libuuid.so.1.3.0
7efd78830000-7efd78877000 r-xp 00000000 08:01 136954                     /lib/x86_64-linux-gnu/libblkid.so.1.1.0
7efd78877000-7efd78a77000 ---p 00047000 08:01 136954                     /lib/x86_64-linux-gnu/libblkid.so.1.1.0
7efd78a77000-7efd78a7b000 r--p 00047000 08:01 136954                     /lib/x86_64-linux-gnu/libblkid.so.1.1.0
7efd78a7b000-7efd78a7c000 rw-p 0004b000 08:01 136954                     /lib/x86_64-linux-gnu/libblkid.so.1.1.0
7efd78a7c000-7efd78a7d000 rw-p 00000000 00:00 0 
7efd78a7d000-7efd78aed000 r-xp 00000000 08:01 137084                     /lib/x86_64-linux-gnu/libpcre.so.3.13.3
7efd78aed000-7efd78ced000 ---p 00070000 08:01 137084                     /lib/x86_64-linux-gnu/libpcre.so.3.13.3
7efd78ced000-7efd78cee000 r--p 00070000 08:01 137084                     /lib/x86_64-linux-gnu/libpcre.so.3.13.3
7efd78cee000-7efd78cef000 rw-p 00071000 08:01 137084                     /lib/x86_64-linux-gnu/libpcre.so.3.13.3
7efd78cef000-7efd78cf6000 r-xp 00000000 08:01 1845797                    /usr/lib/x86_64-linux-gnu/libffi.so.6.0.4
7efd78cf6000-7efd78ef5000 ---p 00007000 08:01 1845797                    /usr/lib/x86_64-linux-gnu/libffi.so.6.0.4
7efd78ef5000-7efd78ef6000 r--p 00006000 08:01 1845797                    /usr/lib/x86_64-linux-gnu/libffi.so.6.0.4
7efd78ef6000-7efd78ef7000 rw-p 00007000 08:01 1845797                    /usr/lib/x86_64-linux-gnu/libffi.so.6.0.4
7efd78ef7000-7efd78f48000 r-xp 00000000 08:01 137031                     /lib/x86_64-linux-gnu/libmount.so.1.1.0
7efd78f48000-7efd79147000 ---p 00051000 08:01 137031                     /lib/x86_64-linux-gnu/libmount.so.1.1.0
7efd79147000-7efd79149000 r--p 00050000 08:01 137031                     /lib/x86_64-linux-gnu/libmount.so.1.1.0
7efd79149000-7efd7914a000 rw-p 00052000 08:01 137031                     /lib/x86_64-linux-gnu/libmount.so.1.1.0
7efd7914a000-7efd7914b000 rw-p 00000000 00:00 0 
7efd7914b000-7efd79162000 r-xp 00000000 08:01 137101                     /lib/x86_64-linux-gnu/libresolv-2.27.so
7efd79162000-7efd79362000 ---p 00017000 08:01 137101                     /lib/x86_64-linux-gnu/libresolv-2.27.so
7efd79362000-7efd79363000 r--p 00017000 08:01 137101                     /lib/x86_64-linux-gnu/libresolv-2.27.so
7efd79363000-7efd79364000 rw-p 00018000 08:01 137101                     /lib/x86_64-linux-gnu/libresolv-2.27.so
7efd79364000-7efd79366000 rw-p 00000000 00:00 0 
7efd79366000-7efd7938b000 r-xp 00000000 08:01 137107                     /lib/x86_64-linux-gnu/libselinux.so.1
7efd7938b000-7efd7958a000 ---p 00025000 08:01 137107                     /lib/x86_64-linux-gnu/libselinux.so.1
7efd7958a000-7efd7958b000 r--p 00024000 08:01 137107                     /lib/x86_64-linux-gnu/libselinux.so.1
7efd7958b000-7efd7958c000 rw-p 00025000 08:01 137107                     /lib/x86_64-linux-gnu/libselinux.so.1
7efd7958c000-7efd7958e000 rw-p 00000000 00:00 0 
7efd7958e000-7efd796a1000 r-xp 00000000 08:01 1845891                    /usr/lib/x86_64-linux-gnu/libglib-2.0.so.0.5600.3
7efd796a1000-7efd798a1000 ---p 00113000 08:01 1845891                    /usr/lib/x86_64-linux-gnu/libglib-2.0.so.0.5600.3
7efd798a1000-7efd798a2000 r--p 00113000 08:01 1845891                    /usr/lib/x86_64-linux-gnu/libglib-2.0.so.0.5600.3
7efd798a2000-7efd798a3000 rw-p 00114000 08:01 1845891                    /usr/lib/x86_64-linux-gnu/libglib-2.0.so.0.5600.3
7efd798a3000-7efd798a4000 rw-p 00000000 00:00 0 
7efd798a4000-7efd798a7000 r-xp 00000000 08:01 1845895                    /usr/lib/x86_64-linux-gnu/libgmodule-2.0.so.0.5600.3
7efd798a7000-7efd79aa6000 ---p 00003000 08:01 1845895                    /usr/lib/x86_64-linux-gnu/libgmodule-2.0.so.0.5600.3
7efd79aa6000-7efd79aa7000 r--p 00002000 08:01 1845895                    /usr/lib/x86_64-linux-gnu/libgmodule-2.0.so.0.5600.3
7efd79aa7000-7efd79aa8000 rw-p 00003000 08:01 1845895                    /usr/lib/x86_64-linux-gnu/libgmodule-2.0.so.0.5600.3
7efd79aa8000-7efd79afa000 r-xp 00000000 08:01 1845919                    /usr/lib/x86_64-linux-gnu/libgobject-2.0.so.0.5600.3
7efd79afa000-7efd79cfa000 ---p 00052000 08:01 1845919                    /usr/lib/x86_64-linux-gnu/libgobject-2.0.so.0.5600.3
7efd79cfa000-7efd79cfb000 r--p 00052000 08:01 1845919                    /usr/lib/x86_64-linux-gnu/libgobject-2.0.so.0.5600.3
7efd79cfb000-7efd79cfc000 rw-p 00053000 08:01 1845919                    /usr/lib/x86_64-linux-gnu/libgobject-2.0.so.0.5600.3
7efd79cfc000-7efd79e91000 r-xp 00000000 08:01 1845885                    /usr/lib/x86_64-linux-gnu/libgio-2.0.so.0.5600.3
7efd79e91000-7efd7a091000 ---p 00195000 08:01 1845885                    /usr/lib/x86_64-linux-gnu/libgio-2.0.so.0.5600.3
7efd7a091000-7efd7a098000 r--p 00195000 08:01 1845885                    /usr/lib/x86_64-linux-gnu/libgio-2.0.so.0.5600.3
7efd7a098000-7efd7a099000 rw-p 0019c000 08:01 1845885                    /usr/lib/x86_64-linux-gnu/libgio-2.0.so.0.5600.3
7efd7a099000-7efd7a09b000 rw-p 00000000 00:00 0 
7efd7a09b000-7efd7a0a5000 r-xp 00000000 08:01 1845480                    /usr/lib/x86_64-linux-gnu/libXrandr.so.2.2.0
7efd7a0a5000-7efd7a2a4000 ---p 0000a000 08:01 1845480                    /usr/lib/x86_64-linux-gnu/libXrandr.so.2.2.0
7efd7a2a4000-7efd7a2a5000 r--p 00009000 08:01 1845480                    /usr/lib/x86_64-linux-gnu/libXrandr.so.2.2.0
7efd7a2a5000-7efd7a2a6000 rw-p 0000a000 08:01 1845480                    /usr/lib/x86_64-linux-gnu/libXrandr.so.2.2.0
7efd7a2a6000-7efd7a2d7000 r-xp 00000000 08:01 1846319                    /usr/lib/x86_64-linux-gnu/libpng16.so.16.34.0
7efd7a2d7000-7efd7a4d6000 ---p 00031000 08:01 1846319                    /usr/lib/x86_64-linux-gnu/libpng16.so.16.34.0
7efd7a4d6000-7efd7a4d7000 r--p 00030000 08:01 1846319                    /usr/lib/x86_64-linux-gnu/libpng16.so.16.34.0
7efd7a4d7000-7efd7a4d8000 rw-p 00031000 08:01 1846319                    /usr/lib/x86_64-linux-gnu/libpng16.so.16.34.0
7efd7a4d8000-7efd7a585000 r-xp 00000000 08:01 1845829                    /usr/lib/x86_64-linux-gnu/libfreetype.so.6.15.0
7efd7a585000-7efd7a784000 ---p 000ad000 08:01 1845829                    /usr/lib/x86_64-linux-gnu/libfreetype.so.6.15.0
7efd7a784000-7efd7a78b000 r--p 000ac000 08:01 1845829                    /usr/lib/x86_64-linux-gnu/libfreetype.so.6.15.0
7efd7a78b000-7efd7a78c000 rw-p 000b3000 08:01 1845829                    /usr/lib/x86_64-linux-gnu/libfreetype.so.6.15.0
7efd7a78c000-7efd7a849000 r-xp 00000000 08:01 790477                     /usr/lib/jvm/jdk-12.0.1/lib/libfontmanager.so
7efd7a849000-7efd7aa48000 ---p 000bd000 08:01 790477                     /usr/lib/jvm/jdk-12.0.1/lib/libfontmanager.so
7efd7aa48000-7efd7aa4a000 r--p 000bc000 08:01 790477                     /usr/lib/jvm/jdk-12.0.1/lib/libfontmanager.so
7efd7aa4a000-7efd7aa4b000 rw-p 000be000 08:01 790477                     /usr/lib/jvm/jdk-12.0.1/lib/libfontmanager.so
7efd7aa4b000-7efd7aa4c000 rw-p 00000000 00:00 0 
7efd7aa4c000-7efd7aa4e000 r-xp 00000000 08:01 1709133                    /home/kiit/1905243/cnProject/CN-p2p-file-sharing/libnative.so
7efd7aa4e000-7efd7ac4d000 ---p 00002000 08:01 1709133                    /home/kiit/1905243/cnProject/CN-p2p-file-sharing/libnative.so
7efd7ac4d000-7efd7ac4e000 r--p 00001000 08:01 1709133                    /home/kiit/1905243/cnProject/CN-p2p-file-sharing/libnative.so
7efd7ac4e000-7efd7ac4f000 rw-p 00002000 08:01 1709133                    /home/kiit/1905243/cnProject/CN-p2p-file-sharing/libnative.so
7efd7ac4f000-7efd7ac62000 r-xp 00000000 08:01 136819                     /lib/x86_64-linux-gnu/libbsd.so.0.8.7
7efd7ac62000-7efd7ae61000 ---p 00013000 08:01 136819                     /lib/x86_64-linux-gnu/libbsd.so.0.8.7
7efd7ae61000-7efd7ae62000 r--p 00012000 08:01 136819                     /lib/x86_64-linux-gnu/libbsd.so.0.8.7
7efd7ae62000-7efd7ae63000 rw-p 00013000 08:01 136819                     /lib/x86_64-linux-gnu/libbsd.so.0.8.7
7efd7ae63000-7efd7ae64000 rw-p 00000000 00:00 0 
7efd7ae64000-7efd7ae69000 r-xp 00000000 08:01 1845460                    /usr/lib/x86_64-linux-gnu/libXdmcp.so.6.0.0
7efd7ae69000-7efd7b068000 ---p 00005000 08:01 1845460                    /usr/lib/x86_64-linux-gnu/libXdmcp.so.6.0.0
7efd7b068000-7efd7b069000 r--p 00004000 08:01 1845460                    /usr/lib/x86_64-linux-gnu/libXdmcp.so.6.0.0
7efd7b069000-7efd7b06a000 rw-p 00005000 08:01 1845460                    /usr/lib/x86_64-linux-gnu/libXdmcp.so.6.0.0
7efd7b06a000-7efd7b06c000 r-xp 00000000 08:01 1855880                    /usr/lib/x86_64-linux-gnu/libXau.so.6.0.0
7efd7b06c000-7efd7b26c000 ---p 00002000 08:01 1855880                    /usr/lib/x86_64-linux-gnu/libXau.so.6.0.0
7efd7b26c000-7efd7b26d000 r--p 00002000 08:01 1855880                    /usr/lib/x86_64-linux-gnu/libXau.so.6.0.0
7efd7b26d000-7efd7b26e000 rw-p 00003000 08:01 1855880                    /usr/lib/x86_64-linux-gnu/libXau.so.6.0.0
7efd7b26e000-7efd7b294000 r-xp 00000000 08:01 1845448                    /usr/lib/x86_64-linux-gnu/libxcb.so.1.1.0
7efd7b294000-7efd7b494000 ---p 00026000 08:01 1845448                    /usr/lib/x86_64-linux-gnu/libxcb.so.1.1.0
7efd7b494000-7efd7b495000 r--p 00026000 08:01 1845448                    /usr/lib/x86_64-linux-gnu/libxcb.so.1.1.0
7efd7b495000-7efd7b496000 rw-p 00027000 08:01 1845448                    /usr/lib/x86_64-linux-gnu/libxcb.so.1.1.0
7efd7b496000-7efd7b4a5000 r-xp 00000000 08:01 1845470                    /usr/lib/x86_64-linux-gnu/libXi.so.6.1.0
7efd7b4a5000-7efd7b6a4000 ---p 0000f000 08:01 1845470                    /usr/lib/x86_64-linux-gnu/libXi.so.6.1.0
7efd7b6a4000-7efd7b6a5000 r--p 0000e000 08:01 1845470                    /usr/lib/x86_64-linux-gnu/libXi.so.6.1.0
7efd7b6a5000-7efd7b6a6000 rw-p 0000f000 08:01 1845470                    /usr/lib/x86_64-linux-gnu/libXi.so.6.1.0
7efd7b6a6000-7efd7b6ab000 r-xp 00000000 08:01 1845488                    /usr/lib/x86_64-linux-gnu/libXtst.so.6.1.0
7efd7b6ab000-7efd7b8aa000 ---p 00005000 08:01 1845488                    /usr/lib/x86_64-linux-gnu/libXtst.so.6.1.0
7efd7b8aa000-7efd7b8ab000 r--p 00004000 08:01 1845488                    /usr/lib/x86_64-linux-gnu/libXtst.so.6.1.0
7efd7b8ab000-7efd7b8ac000 rw-p 00005000 08:01 1845488                    /usr/lib/x86_64-linux-gnu/libXtst.so.6.1.0
7efd7b8ac000-7efd7b8b5000 r-xp 00000000 08:01 1845482                    /usr/lib/x86_64-linux-gnu/libXrender.so.1.3.0
7efd7b8b5000-7efd7bab4000 ---p 00009000 08:01 1845482                    /usr/lib/x86_64-linux-gnu/libXrender.so.1.3.0
7efd7bab4000-7efd7bab5000 r--p 00008000 08:01 1845482                    /usr/lib/x86_64-linux-gnu/libXrender.so.1.3.0
7efd7bab5000-7efd7bab6000 rw-p 00009000 08:01 1845482                    /usr/lib/x86_64-linux-gnu/libXrender.so.1.3.0
7efd7bab6000-7efd7bbe9000 r-xp 00000000 08:01 1846661                    /usr/lib/x86_64-linux-gnu/libX11.so.6.3.0
7efd7bbe9000-7efd7bde9000 ---p 00133000 08:01 1846661                    /usr/lib/x86_64-linux-gnu/libX11.so.6.3.0
7efd7bde9000-7efd7bdea000 r--p 00133000 08:01 1846661                    /usr/lib/x86_64-linux-gnu/libX11.so.6.3.0
7efd7bdea000-7efd7bdee000 rw-p 00134000 08:01 1846661                    /usr/lib/x86_64-linux-gnu/libX11.so.6.3.0
7efd7bdee000-7efd7bdff000 r-xp 00000000 08:01 1845462                    /usr/lib/x86_64-linux-gnu/libXext.so.6.4.0
7efd7bdff000-7efd7bffe000 ---p 00011000 08:01 1845462                    /usr/lib/x86_64-linux-gnu/libXext.so.6.4.0
7efd7bffe000-7efd7bfff000 r--p 00010000 08:01 1845462                    /usr/lib/x86_64-linux-gnu/libXext.so.6.4.0
7efd7bfff000-7efd7c000000 rw-p 00011000 08:01 1845462                    /usr/lib/x86_64-linux-gnu/libXext.so.6.4.0
7efd7c000000-7efd7c50b000 rw-p 00000000 00:00 0 
7efd7c50b000-7efd80000000 ---p 00000000 00:00 0 
7efd80000000-7efd80021000 rw-p 00000000 00:00 0 
7efd80021000-7efd84000000 ---p 00000000 00:00 0 
7efd84000000-7efd84021000 rw-p 00000000 00:00 0 
7efd84021000-7efd88000000 ---p 00000000 00:00 0 
7efd88000000-7efd88527000 rw-p 00000000 00:00 0 
7efd88527000-7efd8c000000 ---p 00000000 00:00 0 
7efd8c000000-7efd8c021000 rw-p 00000000 00:00 0 
7efd8c021000-7efd90000000 ---p 00000000 00:00 0 
7efd90000000-7efd90021000 rw-p 00000000 00:00 0 
7efd90021000-7efd94000000 ---p 00000000 00:00 0 
7efd94000000-7efd94044000 rw-p 00000000 00:00 0 
7efd94044000-7efd98000000 ---p 00000000 00:00 0 
7efd98017000-7efd98075000 r-xp 00000000 08:01 790494                     /usr/lib/jvm/jdk-12.0.1/lib/libawt_xawt.so
7efd98075000-7efd98274000 ---p 0005e000 08:01 790494                     /usr/lib/jvm/jdk-12.0.1/lib/libawt_xawt.so
7efd98274000-7efd98275000 r--p 0005d000 08:01 790494                     /usr/lib/jvm/jdk-12.0.1/lib/libawt_xawt.so
7efd98275000-7efd98278000 rw-p 0005e000 08:01 790494                     /usr/lib/jvm/jdk-12.0.1/lib/libawt_xawt.so
7efd98278000-7efd9827a000 rw-p 00000000 00:00 0 
7efd9827a000-7efd9831a000 r-xp 00000000 08:01 790495                     /usr/lib/jvm/jdk-12.0.1/lib/libawt.so
7efd9831a000-7efd9851a000 ---p 000a0000 08:01 790495                     /usr/lib/jvm/jdk-12.0.1/lib/libawt.so
7efd9851a000-7efd9851b000 r--p 000a0000 08:01 790495                     /usr/lib/jvm/jdk-12.0.1/lib/libawt.so
7efd9851b000-7efd98526000 rw-p 000a1000 08:01 790495                     /usr/lib/jvm/jdk-12.0.1/lib/libawt.so
7efd98526000-7efd9854b000 rw-p 00000000 00:00 0 
7efd9854b000-7efd98561000 r-xp 00000000 08:01 796432                     /usr/lib/jvm/jdk-12.0.1/lib/libnet.so
7efd98561000-7efd98761000 ---p 00016000 08:01 796432                     /usr/lib/jvm/jdk-12.0.1/lib/libnet.so
7efd98761000-7efd98762000 r--p 00016000 08:01 796432                     /usr/lib/jvm/jdk-12.0.1/lib/libnet.so
7efd98762000-7efd98763000 rw-p 00017000 08:01 796432                     /usr/lib/jvm/jdk-12.0.1/lib/libnet.so
7efd98763000-7efd98774000 r-xp 00000000 08:01 796429                     /usr/lib/jvm/jdk-12.0.1/lib/libnio.so
7efd98774000-7efd98973000 ---p 00011000 08:01 796429                     /usr/lib/jvm/jdk-12.0.1/lib/libnio.so
7efd98973000-7efd98974000 r--p 00010000 08:01 796429                     /usr/lib/jvm/jdk-12.0.1/lib/libnio.so
7efd98974000-7efd98975000 rw-p 00011000 08:01 796429                     /usr/lib/jvm/jdk-12.0.1/lib/libnio.so
7efd98975000-7efd98979000 ---p 00000000 00:00 0 
7efd98979000-7efd98a76000 rw-p 00000000 00:00 0 
7efd98a76000-7efd98a77000 ---p 00000000 00:00 0 
7efd98a77000-7efd98b78000 rw-p 00000000 00:00 0 
7efd98b78000-7efd98de8000 rwxp 00000000 00:00 0 
7efd98de8000-7efd99107000 ---p 00000000 00:00 0 
7efd99107000-7efd99377000 rwxp 00000000 00:00 0 
7efd99377000-7efda063f000 ---p 00000000 00:00 0 
7efda063f000-7efda08af000 rwxp 00000000 00:00 0 
7efda08af000-7efda7b78000 ---p 00000000 00:00 0 
7efda7b78000-7efdb0000000 r--s 00000000 08:01 790479                     /usr/lib/jvm/jdk-12.0.1/lib/modules
7efdb0000000-7efdb0367000 rw-p 00000000 00:00 0 
7efdb0367000-7efdb4000000 ---p 00000000 00:00 0 
7efdb4052000-7efdb407f000 r--p 00000000 08:01 264999                     /usr/share/glib-2.0/schemas/gschemas.compiled
7efdb407f000-7efdb4083000 ---p 00000000 00:00 0 
7efdb4083000-7efdb4180000 rw-p 00000000 00:00 0 
7efdb4180000-7efdb4184000 ---p 00000000 00:00 0 
7efdb4184000-7efdb4281000 rw-p 00000000 00:00 0 
7efdb4281000-7efdb4285000 ---p 00000000 00:00 0 
7efdb4285000-7efdb4382000 rw-p 00000000 00:00 0 
7efdb4382000-7efdb4386000 ---p 00000000 00:00 0 
7efdb4386000-7efdb4483000 rw-p 00000000 00:00 0 
7efdb4483000-7efdb4487000 ---p 00000000 00:00 0 
7efdb4487000-7efdb4584000 rw-p 00000000 00:00 0 
7efdb4584000-7efdb4f53000 r--p 00000000 08:01 1841870                    /usr/lib/locale/locale-archive
7efdb4f53000-7efdb4f57000 ---p 00000000 00:00 0 
7efdb4f57000-7efdb5054000 rw-p 00000000 00:00 0 
7efdb5054000-7efdb5058000 ---p 00000000 00:00 0 
7efdb5058000-7efdb5155000 rw-p 00000000 00:00 0 
7efdb5155000-7efdb5156000 ---p 00000000 00:00 0 
7efdb5156000-7efdb5b48000 rw-p 00000000 00:00 0 
7efdb5b48000-7efdb5c7d000 ---p 00000000 00:00 0 
7efdb5c7d000-7efdb5c88000 rw-p 00000000 00:00 0 
7efdb5c88000-7efdb5d21000 ---p 00000000 00:00 0 
7efdb5d21000-7efdb5d37000 rw-p 00000000 00:00 0 
7efdb5d37000-7efdb5e6b000 ---p 00000000 00:00 0 
7efdb5e6b000-7efdb5e71000 rw-p 00000000 00:00 0 
7efdb5e71000-7efdb5f57000 ---p 00000000 00:00 0 
7efdb5f57000-7efdb5f5c000 rw-p 00000000 00:00 0 
7efdb5f5c000-7efdb6042000 ---p 00000000 00:00 0 
7efdb6042000-7efdb605d000 r-xp 00000000 08:01 790509                     /usr/lib/jvm/jdk-12.0.1/lib/libjimage.so
7efdb605d000-7efdb625c000 ---p 0001b000 08:01 790509                     /usr/lib/jvm/jdk-12.0.1/lib/libjimage.so
7efdb625c000-7efdb625e000 r--p 0001a000 08:01 790509                     /usr/lib/jvm/jdk-12.0.1/lib/libjimage.so
7efdb625e000-7efdb625f000 rw-p 0001c000 08:01 790509                     /usr/lib/jvm/jdk-12.0.1/lib/libjimage.so
7efdb625f000-7efdb6266000 r-xp 00000000 08:01 790511                     /usr/lib/jvm/jdk-12.0.1/lib/libzip.so
7efdb6266000-7efdb6465000 ---p 00007000 08:01 790511                     /usr/lib/jvm/jdk-12.0.1/lib/libzip.so
7efdb6465000-7efdb6466000 r--p 00006000 08:01 790511                     /usr/lib/jvm/jdk-12.0.1/lib/libzip.so
7efdb6466000-7efdb6467000 rw-p 00007000 08:01 790511                     /usr/lib/jvm/jdk-12.0.1/lib/libzip.so
7efdb6467000-7efdb6472000 r-xp 00000000 08:01 137052                     /lib/x86_64-linux-gnu/libnss_files-2.27.so
7efdb6472000-7efdb6671000 ---p 0000b000 08:01 137052                     /lib/x86_64-linux-gnu/libnss_files-2.27.so
7efdb6671000-7efdb6672000 r--p 0000a000 08:01 137052                     /lib/x86_64-linux-gnu/libnss_files-2.27.so
7efdb6672000-7efdb6673000 rw-p 0000b000 08:01 137052                     /lib/x86_64-linux-gnu/libnss_files-2.27.so
7efdb6673000-7efdb6679000 rw-p 00000000 00:00 0 
7efdb6679000-7efdb6690000 r-xp 00000000 08:01 137046                     /lib/x86_64-linux-gnu/libnsl-2.27.so
7efdb6690000-7efdb688f000 ---p 00017000 08:01 137046                     /lib/x86_64-linux-gnu/libnsl-2.27.so
7efdb688f000-7efdb6890000 r--p 00016000 08:01 137046                     /lib/x86_64-linux-gnu/libnsl-2.27.so
7efdb6890000-7efdb6891000 rw-p 00017000 08:01 137046                     /lib/x86_64-linux-gnu/libnsl-2.27.so
7efdb6891000-7efdb6893000 rw-p 00000000 00:00 0 
7efdb6893000-7efdb689e000 r-xp 00000000 08:01 137063                     /lib/x86_64-linux-gnu/libnss_nis-2.27.so
7efdb689e000-7efdb6a9d000 ---p 0000b000 08:01 137063                     /lib/x86_64-linux-gnu/libnss_nis-2.27.so
7efdb6a9d000-7efdb6a9e000 r--p 0000a000 08:01 137063                     /lib/x86_64-linux-gnu/libnss_nis-2.27.so
7efdb6a9e000-7efdb6a9f000 rw-p 0000b000 08:01 137063                     /lib/x86_64-linux-gnu/libnss_nis-2.27.so
7efdb6a9f000-7efdb6aa7000 r-xp 00000000 08:01 137048                     /lib/x86_64-linux-gnu/libnss_compat-2.27.so
7efdb6aa7000-7efdb6ca7000 ---p 00008000 08:01 137048                     /lib/x86_64-linux-gnu/libnss_compat-2.27.so
7efdb6ca7000-7efdb6ca8000 r--p 00008000 08:01 137048                     /lib/x86_64-linux-gnu/libnss_compat-2.27.so
7efdb6ca8000-7efdb6ca9000 rw-p 00009000 08:01 137048                     /lib/x86_64-linux-gnu/libnss_compat-2.27.so
7efdb6ca9000-7efdb6cd1000 r-xp 00000000 08:01 790481                     /usr/lib/jvm/jdk-12.0.1/lib/libjava.so
7efdb6cd1000-7efdb6ed0000 ---p 00028000 08:01 790481                     /usr/lib/jvm/jdk-12.0.1/lib/libjava.so
7efdb6ed0000-7efdb6ed1000 r--p 00027000 08:01 790481                     /usr/lib/jvm/jdk-12.0.1/lib/libjava.so
7efdb6ed1000-7efdb6ed3000 rw-p 00028000 08:01 790481                     /usr/lib/jvm/jdk-12.0.1/lib/libjava.so
7efdb6ed3000-7efdb6ee0000 r-xp 00000000 08:01 796437                     /usr/lib/jvm/jdk-12.0.1/lib/libverify.so
7efdb6ee0000-7efdb70df000 ---p 0000d000 08:01 796437                     /usr/lib/jvm/jdk-12.0.1/lib/libverify.so
7efdb70df000-7efdb70e1000 r--p 0000c000 08:01 796437                     /usr/lib/jvm/jdk-12.0.1/lib/libverify.so
7efdb70e1000-7efdb70e2000 rw-p 0000e000 08:01 796437                     /usr/lib/jvm/jdk-12.0.1/lib/libverify.so
7efdb70e2000-7efdb70e9000 r-xp 00000000 08:01 137103                     /lib/x86_64-linux-gnu/librt-2.27.so
7efdb70e9000-7efdb72e8000 ---p 00007000 08:01 137103                     /lib/x86_64-linux-gnu/librt-2.27.so
7efdb72e8000-7efdb72e9000 r--p 00006000 08:01 137103                     /lib/x86_64-linux-gnu/librt-2.27.so
7efdb72e9000-7efdb72ea000 rw-p 00007000 08:01 137103                     /lib/x86_64-linux-gnu/librt-2.27.so
7efdb72ea000-7efdb7487000 r-xp 00000000 08:01 137025                     /lib/x86_64-linux-gnu/libm-2.27.so
7efdb7487000-7efdb7686000 ---p 0019d000 08:01 137025                     /lib/x86_64-linux-gnu/libm-2.27.so
7efdb7686000-7efdb7687000 r--p 0019c000 08:01 137025                     /lib/x86_64-linux-gnu/libm-2.27.so
7efdb7687000-7efdb7688000 rw-p 0019d000 08:01 137025                     /lib/x86_64-linux-gnu/libm-2.27.so
7efdb7688000-7efdb87ec000 r-xp 00000000 08:01 937605                     /usr/lib/jvm/jdk-12.0.1/lib/server/libjvm.so
7efdb87ec000-7efdb89ec000 ---p 01164000 08:01 937605                     /usr/lib/jvm/jdk-12.0.1/lib/server/libjvm.so
7efdb89ec000-7efdb8aad000 r--p 01164000 08:01 937605                     /usr/lib/jvm/jdk-12.0.1/lib/server/libjvm.so
7efdb8aad000-7efdb8ae6000 rw-p 01225000 08:01 937605                     /usr/lib/jvm/jdk-12.0.1/lib/server/libjvm.so
7efdb8ae6000-7efdb8b69000 rw-p 00000000 00:00 0 
7efdb8b69000-7efdb8d50000 r-xp 00000000 08:01 136962                     /lib/x86_64-linux-gnu/libc-2.27.so
7efdb8d50000-7efdb8f50000 ---p 001e7000 08:01 136962                     /lib/x86_64-linux-gnu/libc-2.27.so
7efdb8f50000-7efdb8f54000 r--p 001e7000 08:01 136962                     /lib/x86_64-linux-gnu/libc-2.27.so
7efdb8f54000-7efdb8f56000 rw-p 001eb000 08:01 136962                     /lib/x86_64-linux-gnu/libc-2.27.so
7efdb8f56000-7efdb8f5a000 rw-p 00000000 00:00 0 
7efdb8f5a000-7efdb8f5d000 r-xp 00000000 08:01 136985                     /lib/x86_64-linux-gnu/libdl-2.27.so
7efdb8f5d000-7efdb915c000 ---p 00003000 08:01 136985                     /lib/x86_64-linux-gnu/libdl-2.27.so
7efdb915c000-7efdb915d000 r--p 00002000 08:01 136985                     /lib/x86_64-linux-gnu/libdl-2.27.so
7efdb915d000-7efdb915e000 rw-p 00003000 08:01 136985                     /lib/x86_64-linux-gnu/libdl-2.27.so
7efdb915e000-7efdb9178000 r-xp 00000000 08:01 137095                     /lib/x86_64-linux-gnu/libpthread-2.27.so
7efdb9178000-7efdb9377000 ---p 0001a000 08:01 137095                     /lib/x86_64-linux-gnu/libpthread-2.27.so
7efdb9377000-7efdb9378000 r--p 00019000 08:01 137095                     /lib/x86_64-linux-gnu/libpthread-2.27.so
7efdb9378000-7efdb9379000 rw-p 0001a000 08:01 137095                     /lib/x86_64-linux-gnu/libpthread-2.27.so
7efdb9379000-7efdb937d000 rw-p 00000000 00:00 0 
7efdb937d000-7efdb938d000 r-xp 00000000 08:01 790513                     /usr/lib/jvm/jdk-12.0.1/lib/libjli.so
7efdb938d000-7efdb958c000 ---p 00010000 08:01 790513                     /usr/lib/jvm/jdk-12.0.1/lib/libjli.so
7efdb958c000-7efdb958d000 r--p 0000f000 08:01 790513                     /usr/lib/jvm/jdk-12.0.1/lib/libjli.so
7efdb958d000-7efdb958e000 rw-p 00010000 08:01 790513                     /usr/lib/jvm/jdk-12.0.1/lib/libjli.so
7efdb958e000-7efdb95aa000 r-xp 00000000 08:01 137134                     /lib/x86_64-linux-gnu/libz.so.1.2.11
7efdb95aa000-7efdb97a9000 ---p 0001c000 08:01 137134                     /lib/x86_64-linux-gnu/libz.so.1.2.11
7efdb97a9000-7efdb97aa000 r--p 0001b000 08:01 137134                     /lib/x86_64-linux-gnu/libz.so.1.2.11
7efdb97aa000-7efdb97ab000 rw-p 0001c000 08:01 137134                     /lib/x86_64-linux-gnu/libz.so.1.2.11
7efdb97ab000-7efdb97d2000 r-xp 00000000 08:01 136934                     /lib/x86_64-linux-gnu/ld-2.27.so
7efdb97f7000-7efdb98b0000 rw-p 00000000 00:00 0 
7efdb98b0000-7efdb98b7000 ---p 00000000 00:00 0 
7efdb98b7000-7efdb98bb000 ---p 00000000 00:00 0 
7efdb98bb000-7efdb99bc000 rw-p 00000000 00:00 0 
7efdb99c2000-7efdb99c6000 r--p 00000000 08:01 1574428                    /home/kiit/.config/dconf/user
7efdb99c6000-7efdb99c7000 r--s 00000000 00:2e 35                         /run/user/1000/dconf/user
7efdb99c7000-7efdb99cf000 rw-s 00000000 08:01 790427                     /tmp/hsperfdata_kiit/3390
7efdb99cf000-7efdb99d0000 ---p 00000000 00:00 0 
7efdb99d0000-7efdb99d1000 r--p 00000000 00:00 0 
7efdb99d1000-7efdb99d2000 ---p 00000000 00:00 0 
7efdb99d2000-7efdb99d3000 r--p 00027000 08:01 136934                     /lib/x86_64-linux-gnu/ld-2.27.so
7efdb99d3000-7efdb99d4000 rw-p 00028000 08:01 136934                     /lib/x86_64-linux-gnu/ld-2.27.so
7efdb99d4000-7efdb99d5000 rw-p 00000000 00:00 0 
7fff9d5a9000-7fff9d5ca000 rw-p 00000000 00:00 0                          [stack]
7fff9d5dc000-7fff9d5df000 r--p 00000000 00:00 0                          [vvar]
7fff9d5df000-7fff9d5e1000 r-xp 00000000 00:00 0                          [vdso]
ffffffffff600000-ffffffffff601000 r-xp 00000000 00:00 0                  [vsyscall]


VM Arguments:
jvm_args: -Djava.library.path=. 
java_command: Gui
java_class_path (initial): .
Launcher Type: SUN_STANDARD

[Global flags]
     intx CICompilerCount                          = 2                                         {product} {ergonomic}
   size_t InitialHeapSize                          = 65011712                                  {product} {ergonomic}
   size_t MaxHeapSize                              = 1035993088                                {product} {ergonomic}
   size_t MaxNewSize                               = 345309184                                 {product} {ergonomic}
   size_t MinHeapDeltaBytes                        = 196608                                    {product} {ergonomic}
   size_t NewSize                                  = 21626880                                  {product} {ergonomic}
    uintx NonNMethodCodeHeapSize                   = 5825164                                {pd product} {ergonomic}
    uintx NonProfiledCodeHeapSize                  = 122916538                              {pd product} {ergonomic}
   size_t OldSize                                  = 43384832                                  {product} {ergonomic}
    uintx ProfiledCodeHeapSize                     = 122916538                              {pd product} {ergonomic}
    uintx ReservedCodeCacheSize                    = 251658240                              {pd product} {ergonomic}
     bool SegmentedCodeCache                       = true                                      {product} {ergonomic}
     bool UseCompressedClassPointers               = true                                 {lp64_product} {ergonomic}
     bool UseCompressedOops                        = true                                 {lp64_product} {ergonomic}
     bool UseSerialGC                              = true                                      {product} {ergonomic}

Logging:
Log output configuration:
 #0: stdout all=warning uptime,level,tags
 #1: stderr all=off uptime,level,tags

Environment Variables:
JAVA_HOME=/usr/lib/jvm/jdk-12.0.1
PATH=/usr/local/sbin:/usr/local/bin:/usr/sbin:/usr/bin:/sbin:/bin:/usr/games:/usr/local/games:/snap/bin:/usr/lib/jvm/jdk-12.0.1/bin
USERNAME=kiit
SHELL=/bin/bash
DISPLAY=:0

Signal Handlers:
SIGSEGV: [libjvm.so+0xe45640], sa_mask[0]=11111111011111111101111111111110, sa_flags=SA_RESTART|SA_SIGINFO
SIGBUS: [libjvm.so+0xe45640], sa_mask[0]=11111111011111111101111111111110, sa_flags=SA_RESTART|SA_SIGINFO
SIGFPE: [libjvm.so+0xe45640], sa_mask[0]=11111111011111111101111111111110, sa_flags=SA_RESTART|SA_SIGINFO
SIGPIPE: SIG_IGN, sa_mask[0]=00000000000010000000000000000000, sa_flags=SA_RESTART
SIGXFSZ: [libjvm.so+0xbf4b50], sa_mask[0]=11111111011111111101111111111110, sa_flags=SA_RESTART|SA_SIGINFO
SIGILL: [libjvm.so+0xe45640], sa_mask[0]=11111111011111111101111111111110, sa_flags=SA_RESTART|SA_SIGINFO
SIGUSR2: [libjvm.so+0xbf49f0], sa_mask[0]=00000000000000000000000000000000, sa_flags=SA_RESTART|SA_SIGINFO
SIGHUP: [libjvm.so+0xbf4d50], sa_mask[0]=11111111011111111101111111111110, sa_flags=SA_RESTART|SA_SIGINFO
SIGINT: [libjvm.so+0xbf4d50], sa_mask[0]=11111111011111111101111111111110, sa_flags=SA_RESTART|SA_SIGINFO
SIGTERM: [libjvm.so+0xbf4d50], sa_mask[0]=11111111011111111101111111111110, sa_flags=SA_RESTART|SA_SIGINFO
SIGQUIT: [libjvm.so+0xbf4d50], sa_mask[0]=11111111011111111101111111111110, sa_flags=SA_RESTART|SA_SIGINFO


---------------  S Y S T E M  ---------------

OS:DISTRIB_ID=Ubuntu
DISTRIB_RELEASE=18.04
DISTRIB_CODENAME=bionic
DISTRIB_DESCRIPTION="Ubuntu 18.04.2 LTS"
uname:Linux 4.18.0-25-generic #26~18.04.1-Ubuntu SMP Thu Jun 27 07:28:31 UTC 2019 x86_64
libc:glibc 2.27 NPTL 2.27 
rlimit: STACK 8192k, CORE 0k, NPROC 15535, NOFILE 4096, AS infinity, DATA infinity, FSIZE infinity
load average:0.91 0.59 0.55

/proc/meminfo:
MemTotal:        4039524 kB
MemFree:         1080928 kB
MemAvailable:    2613384 kB
Buffers:          123548 kB
Cached:          1652304 kB
SwapCached:            0 kB
Active:          1461640 kB
Inactive:        1240016 kB
Active(anon):     926732 kB
Inactive(anon):   103480 kB
Active(file):     534908 kB
Inactive(file):  1136536 kB
Unevictable:          32 kB
Mlocked:              32 kB
SwapTotal:       1471128 kB
SwapFree:        1471128 kB
Dirty:                64 kB
Writeback:             0 kB
AnonPages:        925844 kB
Mapped:           343912 kB
Shmem:            104412 kB
Slab:             160940 kB
SReclaimable:     127368 kB
SUnreclaim:        33572 kB
KernelStack:        7152 kB
PageTables:        33024 kB
NFS_Unstable:          0 kB
Bounce:                0 kB
WritebackTmp:          0 kB
CommitLimit:     3490888 kB
Committed_AS:    3975624 kB
VmallocTotal:   34359738367 kB
VmallocUsed:           0 kB
VmallocChunk:          0 kB
HardwareCorrupted:     0 kB
AnonHugePages:         0 kB
ShmemHugePages:        0 kB
ShmemPmdMapped:        0 kB
CmaTotal:              0 kB
CmaFree:               0 kB
HugePages_Total:       0
HugePages_Free:        0
HugePages_Rsvd:        0
HugePages_Surp:        0
Hugepagesize:       2048 kB
Hugetlb:               0 kB
DirectMap4k:      122816 kB
DirectMap2M:     4071424 kB


/proc/sys/kernel/threads-max (system-wide limit on the number of threads):
31070


/proc/sys/vm/max_map_count (maximum number of memory map areas a process may have):
65530


/proc/sys/kernel/pid_max (system-wide limit on number of process identifiers):
32768



container (cgroup) information:
container_type: cgroupv1
cpu_cpuset_cpus: 0
cpu_memory_nodes: 0
active_processor_count: 1
cpu_quota: -1
cpu_period: 100000
cpu_shares: -1
memory_limit_in_bytes: -1
memory_and_swap_limit_in_bytes: -2
memory_soft_limit_in_bytes: -1
memory_usage_in_bytes: 2766680064
memory_max_usage_in_bytes: 0


CPU:total 1 (initial active 1) (1 cores per cpu, 1 threads per core) family 6 model 142 stepping 10, cmov, cx8, fxsr, mmx, sse, sse2, sse3, ssse3, sse4.1, sse4.2, popcnt, avx, avx2, aes, clmul, 3dnowpref, lzcnt, tsc, tscinvbit
CPU Model and flags from /proc/cpuinfo:
model name	: Intel(R) Core(TM) i5-8250U CPU @ 1.60GHz
flags		: fpu vme de pse tsc msr pae mce cx8 apic sep mtrr pge mca cmov pat pse36 clflush mmx fxsr sse sse2 ht syscall nx rdtscp lm constant_tsc rep_good nopl xtopology nonstop_tsc cpuid tsc_known_freq pni pclmulqdq monitor ssse3 cx16 pcid sse4_1 sse4_2 x2apic movbe popcnt aes xsave avx rdrand hypervisor lahf_lm abm 3dnowprefetch invpcid_single pti fsgsbase avx2 invpcid rdseed clflushopt md_clear flush_l1d

Memory: 4k page, physical 4039524k(1080928k free), swap 1471128k(1471128k free)

vm_info: Java HotSpot(TM) 64-Bit Server VM (12.0.1+12) for linux-amd64 JRE (12.0.1+12), built on Apr  1 2019 23:46:14 by "mach5one" with gcc 7.3.0

END.
