#
# A fatal error has been detected by the Java Runtime Environment:
#
#  SIGSEGV (0xb) at pc=0x00007f6e40b81a00, pid=3900, tid=3919
#
# JRE version: Java(TM) SE Runtime Environment (12.0.1+12) (build 12.0.1+12)
# Java VM: Java HotSpot(TM) 64-Bit Server VM (12.0.1+12, mixed mode, sharing, tiered, compressed oops, serial gc, linux-amd64)
# Problematic frame:
# 
[error occurred during error reporting (printing problematic frame), id 0xb, SIGSEGV (0xb) at pc=0x00007f6e5fb5ab42]

# Core dump will be written. Default location: Core dumps may be processed with "/usr/share/apport/apport %p %s %c %d %P" (or dumping to /home/kiit/1905243/cnProject/CN-p2p-file-sharing/core.3900)
#
# If you would like to submit a bug report, please visit:
#   http://bugreport.java.com/bugreport/crash.jsp
#

---------------  S U M M A R Y ------------

Command Line: -Djava.library.path=. Gui

Host: Intel(R) Core(TM) i5-8250U CPU @ 1.60GHz, 1 cores, 3G, Ubuntu 18.04.2 LTS
Time: Mon Jan 24 20:50:09 2022 IST elapsed time: 14 seconds (0d 0h 0m 14s)

---------------  T H R E A D  ---------------

Current thread (0x00007f6e3c005800):  JavaThread "AWT-EventQueue-0" [_thread_in_Java, id=3919, stack(0x00007f6e1d351000,0x00007f6e1d452000)]

Stack: [0x00007f6e1d351000,0x00007f6e1d452000],  sp=0x00007f6e1d44f9b0,  free space=1018k
Native frames: (J=compiled Java code, A=aot compiled Java code, j=interpreted, Vv=VM code, C=native code)

[error occurred during error reporting (printing native stack), id 0xb, SIGSEGV (0xb) at pc=0x00007f6e5fb5ab42]


siginfo: si_signo: 11 (SIGSEGV), si_code: 1 (SEGV_MAPERR), si_addr: 0x0000003672657365

Register to memory mapping:

RAX=
[error occurred during error reporting (printing register info), id 0xb, SIGSEGV (0xb) at pc=0x00007f6e601342c6]

Registers:
RAX=0x00000000c2d12f50, RBX=0x00007f6e5d4e3b50, RCX=0x0000000000000000, RDX=0x00000000c25ee568
RSP=0x00007f6e1d44f9b0, RBP=0x0000003672657375, RSI=0x00007f6e5da31898, RDI=0x00007f6e40b81a00
R8 =0x0000000000000001, R9 =0x0000000800000000, R10=0x0000000000000000, R11=0x00007f6e1d44f9b0
R12=0x0000000000000000, R13=0x00007f6e5d4e3b50, R14=0x00007f6e1d44f9b0, R15=0x00007f6e3c005800
RIP=0x00007f6e40b81a00, EFLAGS=0x0000000000010202, CSGSFS=0x002b000000000033, ERR=0x0000000000000004
  TRAPNO=0x000000000000000e

Top of Stack: (sp=0x00007f6e1d44f9b0)
0x00007f6e1d44f9b0:   00000000c25ee568 00007f6e1d44f9b8
0x00007f6e1d44f9c0:   00007f6e5d64284d 00007f6e1d44fa68
0x00007f6e1d44f9d0:   00007f6e5d642be0 0000000000000000
0x00007f6e1d44f9e0:   00000000c29318b0 00007f6e5d642a88 

Instructions: (pc=0x00007f6e40b81a00)
0x00007f6e40b819e0:   e3 ff 00 00 00 48 8d 24 dc 41 0f b6 5d 05 49 83
0x00007f6e40b819f0:   c5 05 49 ba c0 54 90 60 6e 7f 00 00 41 ff 24 da
0x00007f6e40b81a00:   48 8b 65 f0 48 c7 45 f0 00 00 00 00 4c 8b 6d c0
0x00007f6e40b81a10:   4c 8b 75 c8 48 8b 5d d8 48 85 db 0f 84 94 00 00 

Stack slot to memory mapping:
stack at sp + 0 slots: 0x00000000c25ee568 is an oop: Gui 
{0x00000000c25ee568} - klass: 'Gui'
stack at sp + 1 slots: 0x00007f6e1d44f9b8 is pointing into the stack for thread: 0x00007f6e3c005800
stack at sp + 2 slots: 0x00007f6e5d64284d is pointing into metadata
stack at sp + 3 slots: 0x00007f6e1d44fa68 is pointing into the stack for thread: 0x00007f6e3c005800
stack at sp + 4 slots: 0x00007f6e5d642be0 is pointing into metadata
stack at sp + 5 slots: 0x0 is NULL
stack at sp + 6 slots: 
[error occurred during error reporting (inspecting top of stack), id 0xb, SIGSEGV (0xb) at pc=0x00007f6e601342c6]

invoke return entry points  [0x00007f6e40b81380, 0x00007f6e40b81da0]  2592 bytes

---------------  P R O C E S S  ---------------

Threads class SMR info:
_java_thread_list=0x00000000021cce80, length=14, elements={
0x00007f6e58059800, 0x00007f6e5805b800, 0x00007f6e58062000, 0x00007f6e58064000,
0x00007f6e58066000, 0x00007f6e58068000, 0x00007f6e580a2800, 0x00007f6e580ac000,
0x00007f6e581e2000, 0x00007f6e58209000, 0x00007f6e582af000, 0x00007f6e3c005800,
0x00007f6e58011000, 0x00000000021cb800
}

Java Threads: ( => current thread )
  0x00007f6e58059800 JavaThread "Reference Handler" daemon [_thread_blocked, id=3903, stack(0x00007f6e5ce04000,0x00007f6e5cf05000)]
  0x00007f6e5805b800 JavaThread "Finalizer" daemon [_thread_blocked, id=3904, stack(0x00007f6e5cd03000,0x00007f6e5ce04000)]
  0x00007f6e58062000 JavaThread "Signal Dispatcher" daemon [_thread_blocked, id=3905, stack(0x00007f6e5c233000,0x00007f6e5c334000)]
  0x00007f6e58064000 JavaThread "C2 CompilerThread0" daemon [_thread_blocked, id=3906, stack(0x00007f6e5c132000,0x00007f6e5c233000)]
  0x00007f6e58066000 JavaThread "C1 CompilerThread0" daemon [_thread_blocked, id=3907, stack(0x00007f6e5c031000,0x00007f6e5c132000)]
  0x00007f6e58068000 JavaThread "Sweeper thread" daemon [_thread_blocked, id=3908, stack(0x00007f6e40a77000,0x00007f6e40b78000)]
  0x00007f6e580a2800 JavaThread "Service Thread" daemon [_thread_blocked, id=3909, stack(0x00007f6e40976000,0x00007f6e40a77000)]
  0x00007f6e580ac000 JavaThread "Common-Cleaner" daemon [_thread_blocked, id=3911, stack(0x00007f6e40773000,0x00007f6e40874000)]
  0x00007f6e581e2000 JavaThread "Java2D Disposer" daemon [_thread_blocked, id=3915, stack(0x00007f6e202c5000,0x00007f6e203c6000)]
  0x00007f6e58209000 JavaThread "AWT-XAWT" daemon [_thread_in_native, id=3916, stack(0x00007f6e201c4000,0x00007f6e202c5000)]
  0x00007f6e582af000 JavaThread "AWT-Shutdown" [_thread_blocked, id=3918, stack(0x00007f6e1d452000,0x00007f6e1d553000)]
=>0x00007f6e3c005800 JavaThread "AWT-EventQueue-0" [_thread_in_Java, id=3919, stack(0x00007f6e1d351000,0x00007f6e1d452000)]
  0x00007f6e58011000 JavaThread "DestroyJavaVM" [_thread_blocked, id=3901, stack(0x00007f6e61667000,0x00007f6e61768000)]
  0x00000000021cb800 JavaThread "TimerQueue" daemon [_thread_blocked, id=3920, stack(0x00007f6e1d050000,0x00007f6e1d151000)]

Other Threads:
  0x00007f6e58056800 VMThread "VM Thread" [stack: 0x00007f6e5cf07000,0x00007f6e5d007000] [id=3902]
  0x00007f6e580a9000 WatcherThread [stack: 0x00007f6e40876000,0x00007f6e40976000] [id=3910]

Threads with active compile tasks:

VM state:not at safepoint (normal execution)

VM Mutex/Monitor currently owned by a thread: None

Heap address: 0x00000000c2400000, size: 988 MB, Compressed Oops mode: 32-bit
Narrow klass base: 0x0000000800000000, Narrow klass shift: 3
Compressed class space size: 1073741824 Address: 0x0000000801129000

Heap:
 def new generation   total 19008K, used 9471K [0x00000000c2400000, 0x00000000c38a0000, 0x00000000d6d50000)
  eden space 16896K,  56% used [0x00000000c2400000, 0x00000000c2d3fd28, 0x00000000c3480000)
  from space 2112K,   0% used [0x00000000c3480000, 0x00000000c3480000, 0x00000000c3690000)
  to   space 2112K,   0% used [0x00000000c3690000, 0x00000000c3690000, 0x00000000c38a0000)
 tenured generation   total 42368K, used 0K [0x00000000d6d50000, 0x00000000d96b0000, 0x0000000100000000)
   the space 42368K,   0% used [0x00000000d6d50000, 0x00000000d6d50000, 0x00000000d6d50200, 0x00000000d96b0000)
 Metaspace       used 10288K, capacity 10668K, committed 10880K, reserved 1058816K
  class space    used 1114K, capacity 1283K, committed 1408K, reserved 1048576K

Card table byte_map: [0x00007f6e5da2d000,0x00007f6e5dc1c000] _byte_map_base: 0x00007f6e5d41b000

Polling page: 0x00007f6e6177f000

Metaspace:

Usage:
  Non-class:      9.17 MB capacity,     8.96 MB ( 98%) used,   177.12 KB (  2%) free+waste,    33.81 KB ( <1%) overhead. 
      Class:      1.25 MB capacity,     1.09 MB ( 87%) used,   149.44 KB ( 12%) free+waste,    19.31 KB (  2%) overhead. 
       Both:     10.42 MB capacity,    10.05 MB ( 96%) used,   326.56 KB (  3%) free+waste,    53.12 KB ( <1%) overhead. 

Virtual space:
  Non-class space:       10.00 MB reserved,       9.25 MB ( 92%) committed 
      Class space:        1.00 GB reserved,       1.38 MB ( <1%) committed 
             Both:        1.01 GB reserved,      10.62 MB (  1%) committed 

Chunk freelists:
   Non-Class:  10.38 KB
       Class:  3.12 KB
        Both:  13.50 KB

CodeHeap 'non-profiled nmethods': size=120036Kb used=353Kb max_used=353Kb free=119682Kb
 bounds [0x00007f6e4863f000, 0x00007f6e488af000, 0x00007f6e4fb78000]
CodeHeap 'profiled nmethods': size=120032Kb used=2457Kb max_used=2457Kb free=117574Kb
 bounds [0x00007f6e41107000, 0x00007f6e41377000, 0x00007f6e4863f000]
CodeHeap 'non-nmethods': size=5692Kb used=1252Kb max_used=1263Kb free=4439Kb
 bounds [0x00007f6e40b78000, 0x00007f6e40de8000, 0x00007f6e41107000]
 total_blobs=2018 nmethods=1227 adapters=562
 compilation: enabled
              stopped_count=0, restarted_count=0
 full_count=0

Compilation events (10 events):
Event: 14.730 Thread 0x00007f6e58066000 1226       3       sun.awt.dnd.SunDragSourceContextPeer::checkEvent (29 bytes)
Event: 14.731 Thread 0x00007f6e58066000 nmethod 1226 0x00007f6e4136c110 code [0x00007f6e4136c2e0, 0x00007f6e4136c810]
Event: 14.731 Thread 0x00007f6e58066000 1219       3       java.awt.LightweightDispatcher::dispatchEvent (73 bytes)
Event: 14.731 Thread 0x00007f6e58066000 nmethod 1219 0x00007f6e4136c890 code [0x00007f6e4136caa0, 0x00007f6e4136d2e8]
Event: 14.731 Thread 0x00007f6e58066000 1223       1       javax.swing.JComponent::isOptimizedDrawingEnabled (2 bytes)
Event: 14.731 Thread 0x00007f6e58066000 nmethod 1223 0x00007f6e48696a90 code [0x00007f6e48696c40, 0x00007f6e48696d70]
Event: 14.731 Thread 0x00007f6e58066000 1224       1       java.util.IdentityHashMap::size (5 bytes)
Event: 14.731 Thread 0x00007f6e58066000 nmethod 1224 0x00007f6e48696e10 code [0x00007f6e48696fc0, 0x00007f6e486970f0]
Event: 14.731 Thread 0x00007f6e58066000 1227       1       sun.awt.SunHints$Value::getIndex (5 bytes)
Event: 14.731 Thread 0x00007f6e58066000 nmethod 1227 0x00007f6e48697190 code [0x00007f6e48697340, 0x00007f6e48697470]

GC Heap History (0 events):
No events

Deoptimization events (5 events):
Event: 0.131 Thread 0x00007f6e58011000 Uncommon trap: reason=unstable_if action=reinterpret pc=0x00007f6e486431e0 method=java.lang.String.hashCode()I @ 14 c2
Event: 3.989 Thread 0x00007f6e3c005800 Uncommon trap: reason=class_check action=maybe_recompile pc=0x00007f6e486576e8 method=java.lang.String.equals(Ljava/lang/Object;)Z @ 8 c2
Event: 3.989 Thread 0x00007f6e3c005800 Uncommon trap: reason=class_check action=maybe_recompile pc=0x00007f6e486576e8 method=java.lang.String.equals(Ljava/lang/Object;)Z @ 8 c2
Event: 4.135 Thread 0x00007f6e3c005800 Uncommon trap: reason=class_check action=maybe_recompile pc=0x00007f6e486576e8 method=java.lang.String.equals(Ljava/lang/Object;)Z @ 8 c2
Event: 4.135 Thread 0x00007f6e3c005800 Uncommon trap: reason=class_check action=maybe_recompile pc=0x00007f6e486576e8 method=java.lang.String.equals(Ljava/lang/Object;)Z @ 8 c2

Classes redefined (0 events):
No events

Internal exceptions (10 events):
Event: 1.344 Thread 0x00007f6e58011000 Exception <a 'java/lang/NoSuchMethodError'{0x00000000c29e7ac0}: java.lang.invoke.DirectMethodHandle$Holder.invokeStatic(Ljava/lang/Object;Ljava/lang/Object;Ljava/lang/Object;Ljava/lang/Object;Ljava/lang/Object;Ljava/lang/Object;Ljava/lang/Object;Ljava/lan
Event: 1.351 Thread 0x00007f6e58011000 Exception <a 'java/lang/NoSuchMethodError'{0x00000000c29f4388}: java.lang.invoke.DirectMethodHandle$Holder.invokeSpecial(Ljava/lang/Object;Ljava/lang/Object;JLjava/lang/Object;Ljava/lang/Object;Ljava/lang/Object;Ljava/lang/Object;Ljava/lang/Object;)Ljava/
Event: 1.352 Thread 0x00007f6e58011000 Exception <a 'java/lang/NoSuchMethodError'{0x00000000c29f7a08}: java.lang.invoke.DelegatingMethodHandle$Holder.reinvoke_L(Ljava/lang/Object;JLjava/lang/Object;Ljava/lang/Object;Ljava/lang/Object;Ljava/lang/Object;Ljava/lang/Object;)Ljava/lang/Object;> (0x
Event: 1.359 Thread 0x00007f6e58011000 Exception <a 'java/lang/NoSuchMethodError'{0x00000000c2a0be80}: java.lang.invoke.DirectMethodHandle$Holder.invokeStatic(Ljava/lang/Object;Ljava/lang/Object;Ljava/lang/Object;Ljava/lang/Object;Ljava/lang/Object;J)Ljava/lang/Object;> (0x00000000c2a0be80) th
Event: 1.368 Thread 0x00007f6e58011000 Exception <a 'java/lang/NoSuchMethodError'{0x00000000c2a29248}: java.lang.invoke.Invokers$Holder.linkToTargetMethod(Ljava/lang/Object;Ljava/lang/Object;Ljava/lang/Object;Ljava/lang/Object;Ljava/lang/Object;Ljava/lang/Object;)Ljava/lang/Object;> (0x0000000
Event: 1.385 Thread 0x00007f6e58011000 Exception <a 'java/lang/NoSuchMethodError'{0x00000000c2a61438}: java.lang.invoke.DirectMethodHandle$Holder.invokeSpecial(Ljava/lang/Object;Ljava/lang/Object;JLjava/lang/Object;Ljava/lang/Object;Ljava/lang/Object;Ljava/lang/Object;)Ljava/lang/Object;> (0x0
Event: 1.386 Thread 0x00007f6e58011000 Exception <a 'java/lang/NoSuchMethodError'{0x00000000c2a64870}: java.lang.invoke.DelegatingMethodHandle$Holder.reinvoke_L(Ljava/lang/Object;JLjava/lang/Object;Ljava/lang/Object;Ljava/lang/Object;Ljava/lang/Object;)Ljava/lang/Object;> (0x00000000c2a64870) 
Event: 1.395 Thread 0x00007f6e58011000 Exception <a 'java/lang/NoSuchMethodError'{0x00000000c2a7c018}: java.lang.invoke.DirectMethodHandle$Holder.invokeStatic(Ljava/lang/Object;Ljava/lang/Object;Ljava/lang/Object;Ljava/lang/Object;Ljava/lang/Object;Ljava/lang/Object;J)Ljava/lang/Object;> (0x00
Event: 1.407 Thread 0x00007f6e58011000 Exception <a 'java/lang/NoSuchMethodError'{0x00000000c2a929a8}: java.lang.invoke.DirectMethodHandle$Holder.invokeStatic(Ljava/lang/Object;Ljava/lang/Object;Ljava/lang/Object;Ljava/lang/Object;Ljava/lang/Object;Ljava/lang/Object;JLjava/lang/Object;)Ljava/l
Event: 1.938 Thread 0x00007f6e3c005800 Exception <a 'java/lang/UnsupportedOperationException'{0x00000000c2bc18c8}: > (0x00000000c2bc18c8) thrown at [/scratch/opt/mach5/mesos/work_dir/slaves/2dd962d0-8988-479b-a804-57ab764ada59-S77524/frameworks/1735e8a2-a1db-478c-8104-60c8b0af87dd-0196/executo

Events (10 events):
Event: 9.231 loading class sun/font/FontSubstitution
Event: 9.231 loading class sun/font/FontSubstitution done
Event: 9.231 loading class sun/font/StandardGlyphVector$GlyphStrike
Event: 9.231 loading class sun/font/StandardGlyphVector$GlyphStrike done
Event: 9.263 Executing VM operation: RevokeBias
Event: 9.263 Executing VM operation: RevokeBias done
Event: 9.459 loading class java/awt/LightweightDispatcher$2
Event: 9.459 loading class java/awt/LightweightDispatcher$2 done
Event: 14.728 loading class sun/awt/im/CompositionArea
Event: 14.728 loading class sun/awt/im/CompositionArea done


Dynamic libraries:
00400000-00401000 r-xp 00000000 08:01 937687                             /usr/lib/jvm/jdk-12.0.1/bin/java
00600000-00601000 r--p 00000000 08:01 937687                             /usr/lib/jvm/jdk-12.0.1/bin/java
00601000-00602000 rw-p 00001000 08:01 937687                             /usr/lib/jvm/jdk-12.0.1/bin/java
0219f000-02203000 rw-p 00000000 00:00 0                                  [heap]
c2400000-c38a0000 rw-p 00000000 00:00 0 
c38a0000-d6d50000 ---p 00000000 00:00 0 
d6d50000-d96b0000 rw-p 00000000 00:00 0 
d96b0000-100000000 ---p 00000000 00:00 0 
800000000-800003000 rwxp 00001000 08:01 937604                           /usr/lib/jvm/jdk-12.0.1/lib/server/classes.jsa
800003000-8003d9000 rw-p 00004000 08:01 937604                           /usr/lib/jvm/jdk-12.0.1/lib/server/classes.jsa
8003d9000-800ae3000 r--p 003da000 08:01 937604                           /usr/lib/jvm/jdk-12.0.1/lib/server/classes.jsa
800ae3000-800ae4000 rw-p 00ae4000 08:01 937604                           /usr/lib/jvm/jdk-12.0.1/lib/server/classes.jsa
800ae4000-801129000 r--p 00ae5000 08:01 937604                           /usr/lib/jvm/jdk-12.0.1/lib/server/classes.jsa
801129000-801289000 rw-p 00000000 00:00 0 
801289000-841129000 ---p 00000000 00:00 0 
7f6e1d050000-7f6e1d054000 ---p 00000000 00:00 0 
7f6e1d054000-7f6e1d291000 rw-p 00000000 00:00 0 
7f6e1d291000-7f6e1d351000 ---p 00000000 00:00 0 
7f6e1d351000-7f6e1d355000 ---p 00000000 00:00 0 
7f6e1d355000-7f6e1d452000 rw-p 00000000 00:00 0 
7f6e1d452000-7f6e1d456000 ---p 00000000 00:00 0 
7f6e1d456000-7f6e1d553000 rw-p 00000000 00:00 0 
7f6e1d553000-7f6e1d558000 r-xp 00000000 08:01 1845464                    /usr/lib/x86_64-linux-gnu/libXfixes.so.3.1.0
7f6e1d558000-7f6e1d757000 ---p 00005000 08:01 1845464                    /usr/lib/x86_64-linux-gnu/libXfixes.so.3.1.0
7f6e1d757000-7f6e1d758000 r--p 00004000 08:01 1845464                    /usr/lib/x86_64-linux-gnu/libXfixes.so.3.1.0
7f6e1d758000-7f6e1d759000 rw-p 00005000 08:01 1845464                    /usr/lib/x86_64-linux-gnu/libXfixes.so.3.1.0
7f6e1d759000-7f6e1d762000 r-xp 00000000 08:01 1845456                    /usr/lib/x86_64-linux-gnu/libXcursor.so.1.0.2
7f6e1d762000-7f6e1d961000 ---p 00009000 08:01 1845456                    /usr/lib/x86_64-linux-gnu/libXcursor.so.1.0.2
7f6e1d961000-7f6e1d962000 r--p 00008000 08:01 1845456                    /usr/lib/x86_64-linux-gnu/libXcursor.so.1.0.2
7f6e1d962000-7f6e1d963000 rw-p 00009000 08:01 1845456                    /usr/lib/x86_64-linux-gnu/libXcursor.so.1.0.2
7f6e1d963000-7f6e1d964000 ---p 00000000 00:00 0 
7f6e1d964000-7f6e1e164000 rw-p 00000000 00:00 0 
7f6e1e164000-7f6e1e195000 r-xp 00000000 08:01 397877                     /usr/lib/x86_64-linux-gnu/gio/modules/libgvfsdbus.so
7f6e1e195000-7f6e1e395000 ---p 00031000 08:01 397877                     /usr/lib/x86_64-linux-gnu/gio/modules/libgvfsdbus.so
7f6e1e395000-7f6e1e397000 r--p 00031000 08:01 397877                     /usr/lib/x86_64-linux-gnu/gio/modules/libgvfsdbus.so
7f6e1e397000-7f6e1e398000 rw-p 00033000 08:01 397877                     /usr/lib/x86_64-linux-gnu/gio/modules/libgvfsdbus.so
7f6e1e398000-7f6e1e3a4000 r-xp 00000000 08:01 397872                     /usr/lib/x86_64-linux-gnu/gio/modules/libdconfsettings.so
7f6e1e3a4000-7f6e1e5a3000 ---p 0000c000 08:01 397872                     /usr/lib/x86_64-linux-gnu/gio/modules/libdconfsettings.so
7f6e1e5a3000-7f6e1e5a4000 r--p 0000b000 08:01 397872                     /usr/lib/x86_64-linux-gnu/gio/modules/libdconfsettings.so
7f6e1e5a4000-7f6e1e5a5000 rw-p 0000c000 08:01 397872                     /usr/lib/x86_64-linux-gnu/gio/modules/libdconfsettings.so
7f6e1e5a5000-7f6e1e5a6000 ---p 00000000 00:00 0 
7f6e1e5a6000-7f6e1eda6000 rw-p 00000000 00:00 0 
7f6e1eda6000-7f6e1eda7000 ---p 00000000 00:00 0 
7f6e1eda7000-7f6e1f5a7000 rw-p 00000000 00:00 0 
7f6e1f5a7000-7f6e1f5dd000 r-xp 00000000 08:01 398181                     /usr/lib/x86_64-linux-gnu/gvfs/libgvfscommon.so
7f6e1f5dd000-7f6e1f7dd000 ---p 00036000 08:01 398181                     /usr/lib/x86_64-linux-gnu/gvfs/libgvfscommon.so
7f6e1f7dd000-7f6e1f7e3000 r--p 00036000 08:01 398181                     /usr/lib/x86_64-linux-gnu/gvfs/libgvfscommon.so
7f6e1f7e3000-7f6e1f7e4000 rw-p 0003c000 08:01 398181                     /usr/lib/x86_64-linux-gnu/gvfs/libgvfscommon.so
7f6e1f7e4000-7f6e1f7fe000 r-xp 00000000 08:01 397876                     /usr/lib/x86_64-linux-gnu/gio/modules/libgioremote-volume-monitor.so
7f6e1f7fe000-7f6e1f9fd000 ---p 0001a000 08:01 397876                     /usr/lib/x86_64-linux-gnu/gio/modules/libgioremote-volume-monitor.so
7f6e1f9fd000-7f6e1fa00000 r--p 00019000 08:01 397876                     /usr/lib/x86_64-linux-gnu/gio/modules/libgioremote-volume-monitor.so
7f6e1fa00000-7f6e1fa01000 rw-p 0001c000 08:01 397876                     /usr/lib/x86_64-linux-gnu/gio/modules/libgioremote-volume-monitor.so
7f6e1fa01000-7f6e1fa18000 r-xp 00000000 08:01 136771                     /lib/x86_64-linux-gnu/libgcc_s.so.1
7f6e1fa18000-7f6e1fc17000 ---p 00017000 08:01 136771                     /lib/x86_64-linux-gnu/libgcc_s.so.1
7f6e1fc17000-7f6e1fc18000 r--p 00016000 08:01 136771                     /lib/x86_64-linux-gnu/libgcc_s.so.1
7f6e1fc18000-7f6e1fc19000 rw-p 00017000 08:01 136771                     /lib/x86_64-linux-gnu/libgcc_s.so.1
7f6e1fc19000-7f6e1fd92000 r-xp 00000000 08:01 1845922                    /usr/lib/x86_64-linux-gnu/libstdc++.so.6.0.25
7f6e1fd92000-7f6e1ff92000 ---p 00179000 08:01 1845922                    /usr/lib/x86_64-linux-gnu/libstdc++.so.6.0.25
7f6e1ff92000-7f6e1ff9c000 r--p 00179000 08:01 1845922                    /usr/lib/x86_64-linux-gnu/libstdc++.so.6.0.25
7f6e1ff9c000-7f6e1ff9e000 rw-p 00183000 08:01 1845922                    /usr/lib/x86_64-linux-gnu/libstdc++.so.6.0.25
7f6e1ff9e000-7f6e1ffa2000 rw-p 00000000 00:00 0 
7f6e1ffa2000-7f6e1ffc0000 r-xp 00000000 08:01 1846335                    /usr/lib/x86_64-linux-gnu/libproxy.so.1.0.0
7f6e1ffc0000-7f6e201c0000 ---p 0001e000 08:01 1846335                    /usr/lib/x86_64-linux-gnu/libproxy.so.1.0.0
7f6e201c0000-7f6e201c1000 r--p 0001e000 08:01 1846335                    /usr/lib/x86_64-linux-gnu/libproxy.so.1.0.0
7f6e201c1000-7f6e201c2000 rw-p 0001f000 08:01 1846335                    /usr/lib/x86_64-linux-gnu/libproxy.so.1.0.0
7f6e201c4000-7f6e201c8000 ---p 00000000 00:00 0 
7f6e201c8000-7f6e202c5000 rw-p 00000000 00:00 0 
7f6e202c5000-7f6e202c9000 ---p 00000000 00:00 0 
7f6e202c9000-7f6e203c6000 rw-p 00000000 00:00 0 
7f6e203c6000-7f6e203cc000 r-xp 00000000 08:01 137130                     /lib/x86_64-linux-gnu/libuuid.so.1.3.0
7f6e203cc000-7f6e205cb000 ---p 00006000 08:01 137130                     /lib/x86_64-linux-gnu/libuuid.so.1.3.0
7f6e205cb000-7f6e205cc000 r--p 00005000 08:01 137130                     /lib/x86_64-linux-gnu/libuuid.so.1.3.0
7f6e205cc000-7f6e205cd000 rw-p 00006000 08:01 137130                     /lib/x86_64-linux-gnu/libuuid.so.1.3.0
7f6e205cd000-7f6e20614000 r-xp 00000000 08:01 136954                     /lib/x86_64-linux-gnu/libblkid.so.1.1.0
7f6e20614000-7f6e20814000 ---p 00047000 08:01 136954                     /lib/x86_64-linux-gnu/libblkid.so.1.1.0
7f6e20814000-7f6e20818000 r--p 00047000 08:01 136954                     /lib/x86_64-linux-gnu/libblkid.so.1.1.0
7f6e20818000-7f6e20819000 rw-p 0004b000 08:01 136954                     /lib/x86_64-linux-gnu/libblkid.so.1.1.0
7f6e20819000-7f6e2081a000 rw-p 00000000 00:00 0 
7f6e2081a000-7f6e2088a000 r-xp 00000000 08:01 137084                     /lib/x86_64-linux-gnu/libpcre.so.3.13.3
7f6e2088a000-7f6e20a8a000 ---p 00070000 08:01 137084                     /lib/x86_64-linux-gnu/libpcre.so.3.13.3
7f6e20a8a000-7f6e20a8b000 r--p 00070000 08:01 137084                     /lib/x86_64-linux-gnu/libpcre.so.3.13.3
7f6e20a8b000-7f6e20a8c000 rw-p 00071000 08:01 137084                     /lib/x86_64-linux-gnu/libpcre.so.3.13.3
7f6e20a8c000-7f6e20a93000 r-xp 00000000 08:01 1845797                    /usr/lib/x86_64-linux-gnu/libffi.so.6.0.4
7f6e20a93000-7f6e20c92000 ---p 00007000 08:01 1845797                    /usr/lib/x86_64-linux-gnu/libffi.so.6.0.4
7f6e20c92000-7f6e20c93000 r--p 00006000 08:01 1845797                    /usr/lib/x86_64-linux-gnu/libffi.so.6.0.4
7f6e20c93000-7f6e20c94000 rw-p 00007000 08:01 1845797                    /usr/lib/x86_64-linux-gnu/libffi.so.6.0.4
7f6e20c94000-7f6e20ce5000 r-xp 00000000 08:01 137031                     /lib/x86_64-linux-gnu/libmount.so.1.1.0
7f6e20ce5000-7f6e20ee4000 ---p 00051000 08:01 137031                     /lib/x86_64-linux-gnu/libmount.so.1.1.0
7f6e20ee4000-7f6e20ee6000 r--p 00050000 08:01 137031                     /lib/x86_64-linux-gnu/libmount.so.1.1.0
7f6e20ee6000-7f6e20ee7000 rw-p 00052000 08:01 137031                     /lib/x86_64-linux-gnu/libmount.so.1.1.0
7f6e20ee7000-7f6e20ee8000 rw-p 00000000 00:00 0 
7f6e20ee8000-7f6e20eff000 r-xp 00000000 08:01 137101                     /lib/x86_64-linux-gnu/libresolv-2.27.so
7f6e20eff000-7f6e210ff000 ---p 00017000 08:01 137101                     /lib/x86_64-linux-gnu/libresolv-2.27.so
7f6e210ff000-7f6e21100000 r--p 00017000 08:01 137101                     /lib/x86_64-linux-gnu/libresolv-2.27.so
7f6e21100000-7f6e21101000 rw-p 00018000 08:01 137101                     /lib/x86_64-linux-gnu/libresolv-2.27.so
7f6e21101000-7f6e21103000 rw-p 00000000 00:00 0 
7f6e21103000-7f6e21128000 r-xp 00000000 08:01 137107                     /lib/x86_64-linux-gnu/libselinux.so.1
7f6e21128000-7f6e21327000 ---p 00025000 08:01 137107                     /lib/x86_64-linux-gnu/libselinux.so.1
7f6e21327000-7f6e21328000 r--p 00024000 08:01 137107                     /lib/x86_64-linux-gnu/libselinux.so.1
7f6e21328000-7f6e21329000 rw-p 00025000 08:01 137107                     /lib/x86_64-linux-gnu/libselinux.so.1
7f6e21329000-7f6e2132b000 rw-p 00000000 00:00 0 
7f6e2132b000-7f6e2143e000 r-xp 00000000 08:01 1845891                    /usr/lib/x86_64-linux-gnu/libglib-2.0.so.0.5600.3
7f6e2143e000-7f6e2163e000 ---p 00113000 08:01 1845891                    /usr/lib/x86_64-linux-gnu/libglib-2.0.so.0.5600.3
7f6e2163e000-7f6e2163f000 r--p 00113000 08:01 1845891                    /usr/lib/x86_64-linux-gnu/libglib-2.0.so.0.5600.3
7f6e2163f000-7f6e21640000 rw-p 00114000 08:01 1845891                    /usr/lib/x86_64-linux-gnu/libglib-2.0.so.0.5600.3
7f6e21640000-7f6e21641000 rw-p 00000000 00:00 0 
7f6e21641000-7f6e21644000 r-xp 00000000 08:01 1845895                    /usr/lib/x86_64-linux-gnu/libgmodule-2.0.so.0.5600.3
7f6e21644000-7f6e21843000 ---p 00003000 08:01 1845895                    /usr/lib/x86_64-linux-gnu/libgmodule-2.0.so.0.5600.3
7f6e21843000-7f6e21844000 r--p 00002000 08:01 1845895                    /usr/lib/x86_64-linux-gnu/libgmodule-2.0.so.0.5600.3
7f6e21844000-7f6e21845000 rw-p 00003000 08:01 1845895                    /usr/lib/x86_64-linux-gnu/libgmodule-2.0.so.0.5600.3
7f6e21845000-7f6e21897000 r-xp 00000000 08:01 1845919                    /usr/lib/x86_64-linux-gnu/libgobject-2.0.so.0.5600.3
7f6e21897000-7f6e21a97000 ---p 00052000 08:01 1845919                    /usr/lib/x86_64-linux-gnu/libgobject-2.0.so.0.5600.3
7f6e21a97000-7f6e21a98000 r--p 00052000 08:01 1845919                    /usr/lib/x86_64-linux-gnu/libgobject-2.0.so.0.5600.3
7f6e21a98000-7f6e21a99000 rw-p 00053000 08:01 1845919                    /usr/lib/x86_64-linux-gnu/libgobject-2.0.so.0.5600.3
7f6e21a99000-7f6e21c2e000 r-xp 00000000 08:01 1845885                    /usr/lib/x86_64-linux-gnu/libgio-2.0.so.0.5600.3
7f6e21c2e000-7f6e21e2e000 ---p 00195000 08:01 1845885                    /usr/lib/x86_64-linux-gnu/libgio-2.0.so.0.5600.3
7f6e21e2e000-7f6e21e35000 r--p 00195000 08:01 1845885                    /usr/lib/x86_64-linux-gnu/libgio-2.0.so.0.5600.3
7f6e21e35000-7f6e21e36000 rw-p 0019c000 08:01 1845885                    /usr/lib/x86_64-linux-gnu/libgio-2.0.so.0.5600.3
7f6e21e36000-7f6e21e38000 rw-p 00000000 00:00 0 
7f6e21e38000-7f6e21e42000 r-xp 00000000 08:01 1845480                    /usr/lib/x86_64-linux-gnu/libXrandr.so.2.2.0
7f6e21e42000-7f6e22041000 ---p 0000a000 08:01 1845480                    /usr/lib/x86_64-linux-gnu/libXrandr.so.2.2.0
7f6e22041000-7f6e22042000 r--p 00009000 08:01 1845480                    /usr/lib/x86_64-linux-gnu/libXrandr.so.2.2.0
7f6e22042000-7f6e22043000 rw-p 0000a000 08:01 1845480                    /usr/lib/x86_64-linux-gnu/libXrandr.so.2.2.0
7f6e22043000-7f6e22074000 r-xp 00000000 08:01 1846319                    /usr/lib/x86_64-linux-gnu/libpng16.so.16.34.0
7f6e22074000-7f6e22273000 ---p 00031000 08:01 1846319                    /usr/lib/x86_64-linux-gnu/libpng16.so.16.34.0
7f6e22273000-7f6e22274000 r--p 00030000 08:01 1846319                    /usr/lib/x86_64-linux-gnu/libpng16.so.16.34.0
7f6e22274000-7f6e22275000 rw-p 00031000 08:01 1846319                    /usr/lib/x86_64-linux-gnu/libpng16.so.16.34.0
7f6e22275000-7f6e22322000 r-xp 00000000 08:01 1845829                    /usr/lib/x86_64-linux-gnu/libfreetype.so.6.15.0
7f6e22322000-7f6e22521000 ---p 000ad000 08:01 1845829                    /usr/lib/x86_64-linux-gnu/libfreetype.so.6.15.0
7f6e22521000-7f6e22528000 r--p 000ac000 08:01 1845829                    /usr/lib/x86_64-linux-gnu/libfreetype.so.6.15.0
7f6e22528000-7f6e22529000 rw-p 000b3000 08:01 1845829                    /usr/lib/x86_64-linux-gnu/libfreetype.so.6.15.0
7f6e22529000-7f6e225e6000 r-xp 00000000 08:01 790477                     /usr/lib/jvm/jdk-12.0.1/lib/libfontmanager.so
7f6e225e6000-7f6e227e5000 ---p 000bd000 08:01 790477                     /usr/lib/jvm/jdk-12.0.1/lib/libfontmanager.so
7f6e227e5000-7f6e227e7000 r--p 000bc000 08:01 790477                     /usr/lib/jvm/jdk-12.0.1/lib/libfontmanager.so
7f6e227e7000-7f6e227e8000 rw-p 000be000 08:01 790477                     /usr/lib/jvm/jdk-12.0.1/lib/libfontmanager.so
7f6e227e8000-7f6e227e9000 rw-p 00000000 00:00 0 
7f6e227e9000-7f6e227eb000 r-xp 00000000 08:01 1708956                    /home/kiit/1905243/cnProject/CN-p2p-file-sharing/libnative.so
7f6e227eb000-7f6e229ea000 ---p 00002000 08:01 1708956                    /home/kiit/1905243/cnProject/CN-p2p-file-sharing/libnative.so
7f6e229ea000-7f6e229eb000 r--p 00001000 08:01 1708956                    /home/kiit/1905243/cnProject/CN-p2p-file-sharing/libnative.so
7f6e229eb000-7f6e229ec000 rw-p 00002000 08:01 1708956                    /home/kiit/1905243/cnProject/CN-p2p-file-sharing/libnative.so
7f6e229ec000-7f6e229ff000 r-xp 00000000 08:01 136819                     /lib/x86_64-linux-gnu/libbsd.so.0.8.7
7f6e229ff000-7f6e22bfe000 ---p 00013000 08:01 136819                     /lib/x86_64-linux-gnu/libbsd.so.0.8.7
7f6e22bfe000-7f6e22bff000 r--p 00012000 08:01 136819                     /lib/x86_64-linux-gnu/libbsd.so.0.8.7
7f6e22bff000-7f6e22c00000 rw-p 00013000 08:01 136819                     /lib/x86_64-linux-gnu/libbsd.so.0.8.7
7f6e22c00000-7f6e22c01000 rw-p 00000000 00:00 0 
7f6e22c01000-7f6e22c06000 r-xp 00000000 08:01 1845460                    /usr/lib/x86_64-linux-gnu/libXdmcp.so.6.0.0
7f6e22c06000-7f6e22e05000 ---p 00005000 08:01 1845460                    /usr/lib/x86_64-linux-gnu/libXdmcp.so.6.0.0
7f6e22e05000-7f6e22e06000 r--p 00004000 08:01 1845460                    /usr/lib/x86_64-linux-gnu/libXdmcp.so.6.0.0
7f6e22e06000-7f6e22e07000 rw-p 00005000 08:01 1845460                    /usr/lib/x86_64-linux-gnu/libXdmcp.so.6.0.0
7f6e22e07000-7f6e22e09000 r-xp 00000000 08:01 1855880                    /usr/lib/x86_64-linux-gnu/libXau.so.6.0.0
7f6e22e09000-7f6e23009000 ---p 00002000 08:01 1855880                    /usr/lib/x86_64-linux-gnu/libXau.so.6.0.0
7f6e23009000-7f6e2300a000 r--p 00002000 08:01 1855880                    /usr/lib/x86_64-linux-gnu/libXau.so.6.0.0
7f6e2300a000-7f6e2300b000 rw-p 00003000 08:01 1855880                    /usr/lib/x86_64-linux-gnu/libXau.so.6.0.0
7f6e2300b000-7f6e23031000 r-xp 00000000 08:01 1845448                    /usr/lib/x86_64-linux-gnu/libxcb.so.1.1.0
7f6e23031000-7f6e23231000 ---p 00026000 08:01 1845448                    /usr/lib/x86_64-linux-gnu/libxcb.so.1.1.0
7f6e23231000-7f6e23232000 r--p 00026000 08:01 1845448                    /usr/lib/x86_64-linux-gnu/libxcb.so.1.1.0
7f6e23232000-7f6e23233000 rw-p 00027000 08:01 1845448                    /usr/lib/x86_64-linux-gnu/libxcb.so.1.1.0
7f6e23233000-7f6e23242000 r-xp 00000000 08:01 1845470                    /usr/lib/x86_64-linux-gnu/libXi.so.6.1.0
7f6e23242000-7f6e23441000 ---p 0000f000 08:01 1845470                    /usr/lib/x86_64-linux-gnu/libXi.so.6.1.0
7f6e23441000-7f6e23442000 r--p 0000e000 08:01 1845470                    /usr/lib/x86_64-linux-gnu/libXi.so.6.1.0
7f6e23442000-7f6e23443000 rw-p 0000f000 08:01 1845470                    /usr/lib/x86_64-linux-gnu/libXi.so.6.1.0
7f6e23443000-7f6e23448000 r-xp 00000000 08:01 1845488                    /usr/lib/x86_64-linux-gnu/libXtst.so.6.1.0
7f6e23448000-7f6e23647000 ---p 00005000 08:01 1845488                    /usr/lib/x86_64-linux-gnu/libXtst.so.6.1.0
7f6e23647000-7f6e23648000 r--p 00004000 08:01 1845488                    /usr/lib/x86_64-linux-gnu/libXtst.so.6.1.0
7f6e23648000-7f6e23649000 rw-p 00005000 08:01 1845488                    /usr/lib/x86_64-linux-gnu/libXtst.so.6.1.0
7f6e23649000-7f6e23652000 r-xp 00000000 08:01 1845482                    /usr/lib/x86_64-linux-gnu/libXrender.so.1.3.0
7f6e23652000-7f6e23851000 ---p 00009000 08:01 1845482                    /usr/lib/x86_64-linux-gnu/libXrender.so.1.3.0
7f6e23851000-7f6e23852000 r--p 00008000 08:01 1845482                    /usr/lib/x86_64-linux-gnu/libXrender.so.1.3.0
7f6e23852000-7f6e23853000 rw-p 00009000 08:01 1845482                    /usr/lib/x86_64-linux-gnu/libXrender.so.1.3.0
7f6e23853000-7f6e23986000 r-xp 00000000 08:01 1846661                    /usr/lib/x86_64-linux-gnu/libX11.so.6.3.0
7f6e23986000-7f6e23b86000 ---p 00133000 08:01 1846661                    /usr/lib/x86_64-linux-gnu/libX11.so.6.3.0
7f6e23b86000-7f6e23b87000 r--p 00133000 08:01 1846661                    /usr/lib/x86_64-linux-gnu/libX11.so.6.3.0
7f6e23b87000-7f6e23b8b000 rw-p 00134000 08:01 1846661                    /usr/lib/x86_64-linux-gnu/libX11.so.6.3.0
7f6e23b8b000-7f6e23b9c000 r-xp 00000000 08:01 1845462                    /usr/lib/x86_64-linux-gnu/libXext.so.6.4.0
7f6e23b9c000-7f6e23d9b000 ---p 00011000 08:01 1845462                    /usr/lib/x86_64-linux-gnu/libXext.so.6.4.0
7f6e23d9b000-7f6e23d9c000 r--p 00010000 08:01 1845462                    /usr/lib/x86_64-linux-gnu/libXext.so.6.4.0
7f6e23d9c000-7f6e23d9d000 rw-p 00011000 08:01 1845462                    /usr/lib/x86_64-linux-gnu/libXext.so.6.4.0
7f6e23d9d000-7f6e23dfb000 r-xp 00000000 08:01 790494                     /usr/lib/jvm/jdk-12.0.1/lib/libawt_xawt.so
7f6e23dfb000-7f6e23ffa000 ---p 0005e000 08:01 790494                     /usr/lib/jvm/jdk-12.0.1/lib/libawt_xawt.so
7f6e23ffa000-7f6e23ffb000 r--p 0005d000 08:01 790494                     /usr/lib/jvm/jdk-12.0.1/lib/libawt_xawt.so
7f6e23ffb000-7f6e23ffe000 rw-p 0005e000 08:01 790494                     /usr/lib/jvm/jdk-12.0.1/lib/libawt_xawt.so
7f6e23ffe000-7f6e24000000 rw-p 00000000 00:00 0 
7f6e24000000-7f6e24735000 rw-p 00000000 00:00 0 
7f6e24735000-7f6e28000000 ---p 00000000 00:00 0 
7f6e28000000-7f6e28021000 rw-p 00000000 00:00 0 
7f6e28021000-7f6e2c000000 ---p 00000000 00:00 0 
7f6e2c000000-7f6e2c021000 rw-p 00000000 00:00 0 
7f6e2c021000-7f6e30000000 ---p 00000000 00:00 0 
7f6e30000000-7f6e3059d000 rw-p 00000000 00:00 0 
7f6e3059d000-7f6e34000000 ---p 00000000 00:00 0 
7f6e34000000-7f6e34021000 rw-p 00000000 00:00 0 
7f6e34021000-7f6e38000000 ---p 00000000 00:00 0 
7f6e38000000-7f6e38021000 rw-p 00000000 00:00 0 
7f6e38021000-7f6e3c000000 ---p 00000000 00:00 0 
7f6e3c000000-7f6e3c021000 rw-p 00000000 00:00 0 
7f6e3c021000-7f6e40000000 ---p 00000000 00:00 0 
7f6e40078000-7f6e40118000 r-xp 00000000 08:01 790495                     /usr/lib/jvm/jdk-12.0.1/lib/libawt.so
7f6e40118000-7f6e40318000 ---p 000a0000 08:01 790495                     /usr/lib/jvm/jdk-12.0.1/lib/libawt.so
7f6e40318000-7f6e40319000 r--p 000a0000 08:01 790495                     /usr/lib/jvm/jdk-12.0.1/lib/libawt.so
7f6e40319000-7f6e40324000 rw-p 000a1000 08:01 790495                     /usr/lib/jvm/jdk-12.0.1/lib/libawt.so
7f6e40324000-7f6e40349000 rw-p 00000000 00:00 0 
7f6e40349000-7f6e4035f000 r-xp 00000000 08:01 796432                     /usr/lib/jvm/jdk-12.0.1/lib/libnet.so
7f6e4035f000-7f6e4055f000 ---p 00016000 08:01 796432                     /usr/lib/jvm/jdk-12.0.1/lib/libnet.so
7f6e4055f000-7f6e40560000 r--p 00016000 08:01 796432                     /usr/lib/jvm/jdk-12.0.1/lib/libnet.so
7f6e40560000-7f6e40561000 rw-p 00017000 08:01 796432                     /usr/lib/jvm/jdk-12.0.1/lib/libnet.so
7f6e40561000-7f6e40572000 r-xp 00000000 08:01 796429                     /usr/lib/jvm/jdk-12.0.1/lib/libnio.so
7f6e40572000-7f6e40771000 ---p 00011000 08:01 796429                     /usr/lib/jvm/jdk-12.0.1/lib/libnio.so
7f6e40771000-7f6e40772000 r--p 00010000 08:01 796429                     /usr/lib/jvm/jdk-12.0.1/lib/libnio.so
7f6e40772000-7f6e40773000 rw-p 00011000 08:01 796429                     /usr/lib/jvm/jdk-12.0.1/lib/libnio.so
7f6e40773000-7f6e40777000 ---p 00000000 00:00 0 
7f6e40777000-7f6e40874000 rw-p 00000000 00:00 0 
7f6e40874000-7f6e40875000 ---p 00000000 00:00 0 
7f6e40875000-7f6e40976000 rw-p 00000000 00:00 0 
7f6e40976000-7f6e4097a000 ---p 00000000 00:00 0 
7f6e4097a000-7f6e40a77000 rw-p 00000000 00:00 0 
7f6e40a77000-7f6e40a7b000 ---p 00000000 00:00 0 
7f6e40a7b000-7f6e40b78000 rw-p 00000000 00:00 0 
7f6e40b78000-7f6e40de8000 rwxp 00000000 00:00 0 
7f6e40de8000-7f6e41107000 ---p 00000000 00:00 0 
7f6e41107000-7f6e41377000 rwxp 00000000 00:00 0 
7f6e41377000-7f6e4863f000 ---p 00000000 00:00 0 
7f6e4863f000-7f6e488af000 rwxp 00000000 00:00 0 
7f6e488af000-7f6e4fb78000 ---p 00000000 00:00 0 
7f6e4fb78000-7f6e58000000 r--s 00000000 08:01 790479                     /usr/lib/jvm/jdk-12.0.1/lib/modules
7f6e58000000-7f6e58387000 rw-p 00000000 00:00 0 
7f6e58387000-7f6e5c000000 ---p 00000000 00:00 0 
7f6e5c004000-7f6e5c031000 r--p 00000000 08:01 264999                     /usr/share/glib-2.0/schemas/gschemas.compiled
7f6e5c031000-7f6e5c035000 ---p 00000000 00:00 0 
7f6e5c035000-7f6e5c132000 rw-p 00000000 00:00 0 
7f6e5c132000-7f6e5c136000 ---p 00000000 00:00 0 
7f6e5c136000-7f6e5c233000 rw-p 00000000 00:00 0 
7f6e5c233000-7f6e5c237000 ---p 00000000 00:00 0 
7f6e5c237000-7f6e5c334000 rw-p 00000000 00:00 0 
7f6e5c334000-7f6e5cd03000 r--p 00000000 08:01 1841870                    /usr/lib/locale/locale-archive
7f6e5cd03000-7f6e5cd07000 ---p 00000000 00:00 0 
7f6e5cd07000-7f6e5ce04000 rw-p 00000000 00:00 0 
7f6e5ce04000-7f6e5ce08000 ---p 00000000 00:00 0 
7f6e5ce08000-7f6e5cf05000 rw-p 00000000 00:00 0 
7f6e5cf05000-7f6e5cf06000 ---p 00000000 00:00 0 
7f6e5cf06000-7f6e5d8f8000 rw-p 00000000 00:00 0 
7f6e5d8f8000-7f6e5da2d000 ---p 00000000 00:00 0 
7f6e5da2d000-7f6e5da38000 rw-p 00000000 00:00 0 
7f6e5da38000-7f6e5dad1000 ---p 00000000 00:00 0 
7f6e5dad1000-7f6e5dae7000 rw-p 00000000 00:00 0 
7f6e5dae7000-7f6e5dc1b000 ---p 00000000 00:00 0 
7f6e5dc1b000-7f6e5dc21000 rw-p 00000000 00:00 0 
7f6e5dc21000-7f6e5dd07000 ---p 00000000 00:00 0 
7f6e5dd07000-7f6e5dd0c000 rw-p 00000000 00:00 0 
7f6e5dd0c000-7f6e5ddf2000 ---p 00000000 00:00 0 
7f6e5ddf2000-7f6e5de0d000 r-xp 00000000 08:01 790509                     /usr/lib/jvm/jdk-12.0.1/lib/libjimage.so
7f6e5de0d000-7f6e5e00c000 ---p 0001b000 08:01 790509                     /usr/lib/jvm/jdk-12.0.1/lib/libjimage.so
7f6e5e00c000-7f6e5e00e000 r--p 0001a000 08:01 790509                     /usr/lib/jvm/jdk-12.0.1/lib/libjimage.so
7f6e5e00e000-7f6e5e00f000 rw-p 0001c000 08:01 790509                     /usr/lib/jvm/jdk-12.0.1/lib/libjimage.so
7f6e5e00f000-7f6e5e016000 r-xp 00000000 08:01 790511                     /usr/lib/jvm/jdk-12.0.1/lib/libzip.so
7f6e5e016000-7f6e5e215000 ---p 00007000 08:01 790511                     /usr/lib/jvm/jdk-12.0.1/lib/libzip.so
7f6e5e215000-7f6e5e216000 r--p 00006000 08:01 790511                     /usr/lib/jvm/jdk-12.0.1/lib/libzip.so
7f6e5e216000-7f6e5e217000 rw-p 00007000 08:01 790511                     /usr/lib/jvm/jdk-12.0.1/lib/libzip.so
7f6e5e217000-7f6e5e222000 r-xp 00000000 08:01 137052                     /lib/x86_64-linux-gnu/libnss_files-2.27.so
7f6e5e222000-7f6e5e421000 ---p 0000b000 08:01 137052                     /lib/x86_64-linux-gnu/libnss_files-2.27.so
7f6e5e421000-7f6e5e422000 r--p 0000a000 08:01 137052                     /lib/x86_64-linux-gnu/libnss_files-2.27.so
7f6e5e422000-7f6e5e423000 rw-p 0000b000 08:01 137052                     /lib/x86_64-linux-gnu/libnss_files-2.27.so
7f6e5e423000-7f6e5e429000 rw-p 00000000 00:00 0 
7f6e5e429000-7f6e5e440000 r-xp 00000000 08:01 137046                     /lib/x86_64-linux-gnu/libnsl-2.27.so
7f6e5e440000-7f6e5e63f000 ---p 00017000 08:01 137046                     /lib/x86_64-linux-gnu/libnsl-2.27.so
7f6e5e63f000-7f6e5e640000 r--p 00016000 08:01 137046                     /lib/x86_64-linux-gnu/libnsl-2.27.so
7f6e5e640000-7f6e5e641000 rw-p 00017000 08:01 137046                     /lib/x86_64-linux-gnu/libnsl-2.27.so
7f6e5e641000-7f6e5e643000 rw-p 00000000 00:00 0 
7f6e5e643000-7f6e5e64e000 r-xp 00000000 08:01 137063                     /lib/x86_64-linux-gnu/libnss_nis-2.27.so
7f6e5e64e000-7f6e5e84d000 ---p 0000b000 08:01 137063                     /lib/x86_64-linux-gnu/libnss_nis-2.27.so
7f6e5e84d000-7f6e5e84e000 r--p 0000a000 08:01 137063                     /lib/x86_64-linux-gnu/libnss_nis-2.27.so
7f6e5e84e000-7f6e5e84f000 rw-p 0000b000 08:01 137063                     /lib/x86_64-linux-gnu/libnss_nis-2.27.so
7f6e5e84f000-7f6e5e857000 r-xp 00000000 08:01 137048                     /lib/x86_64-linux-gnu/libnss_compat-2.27.so
7f6e5e857000-7f6e5ea57000 ---p 00008000 08:01 137048                     /lib/x86_64-linux-gnu/libnss_compat-2.27.so
7f6e5ea57000-7f6e5ea58000 r--p 00008000 08:01 137048                     /lib/x86_64-linux-gnu/libnss_compat-2.27.so
7f6e5ea58000-7f6e5ea59000 rw-p 00009000 08:01 137048                     /lib/x86_64-linux-gnu/libnss_compat-2.27.so
7f6e5ea59000-7f6e5ea81000 r-xp 00000000 08:01 790481                     /usr/lib/jvm/jdk-12.0.1/lib/libjava.so
7f6e5ea81000-7f6e5ec80000 ---p 00028000 08:01 790481                     /usr/lib/jvm/jdk-12.0.1/lib/libjava.so
7f6e5ec80000-7f6e5ec81000 r--p 00027000 08:01 790481                     /usr/lib/jvm/jdk-12.0.1/lib/libjava.so
7f6e5ec81000-7f6e5ec83000 rw-p 00028000 08:01 790481                     /usr/lib/jvm/jdk-12.0.1/lib/libjava.so
7f6e5ec83000-7f6e5ec90000 r-xp 00000000 08:01 796437                     /usr/lib/jvm/jdk-12.0.1/lib/libverify.so
7f6e5ec90000-7f6e5ee8f000 ---p 0000d000 08:01 796437                     /usr/lib/jvm/jdk-12.0.1/lib/libverify.so
7f6e5ee8f000-7f6e5ee91000 r--p 0000c000 08:01 796437                     /usr/lib/jvm/jdk-12.0.1/lib/libverify.so
7f6e5ee91000-7f6e5ee92000 rw-p 0000e000 08:01 796437                     /usr/lib/jvm/jdk-12.0.1/lib/libverify.so
7f6e5ee92000-7f6e5ee99000 r-xp 00000000 08:01 137103                     /lib/x86_64-linux-gnu/librt-2.27.so
7f6e5ee99000-7f6e5f098000 ---p 00007000 08:01 137103                     /lib/x86_64-linux-gnu/librt-2.27.so
7f6e5f098000-7f6e5f099000 r--p 00006000 08:01 137103                     /lib/x86_64-linux-gnu/librt-2.27.so
7f6e5f099000-7f6e5f09a000 rw-p 00007000 08:01 137103                     /lib/x86_64-linux-gnu/librt-2.27.so
7f6e5f09a000-7f6e5f237000 r-xp 00000000 08:01 137025                     /lib/x86_64-linux-gnu/libm-2.27.so
7f6e5f237000-7f6e5f436000 ---p 0019d000 08:01 137025                     /lib/x86_64-linux-gnu/libm-2.27.so
7f6e5f436000-7f6e5f437000 r--p 0019c000 08:01 137025                     /lib/x86_64-linux-gnu/libm-2.27.so
7f6e5f437000-7f6e5f438000 rw-p 0019d000 08:01 137025                     /lib/x86_64-linux-gnu/libm-2.27.so
7f6e5f438000-7f6e6059c000 r-xp 00000000 08:01 937605                     /usr/lib/jvm/jdk-12.0.1/lib/server/libjvm.so
7f6e6059c000-7f6e6079c000 ---p 01164000 08:01 937605                     /usr/lib/jvm/jdk-12.0.1/lib/server/libjvm.so
7f6e6079c000-7f6e6085d000 r--p 01164000 08:01 937605                     /usr/lib/jvm/jdk-12.0.1/lib/server/libjvm.so
7f6e6085d000-7f6e60896000 rw-p 01225000 08:01 937605                     /usr/lib/jvm/jdk-12.0.1/lib/server/libjvm.so
7f6e60896000-7f6e60919000 rw-p 00000000 00:00 0 
7f6e60919000-7f6e60b00000 r-xp 00000000 08:01 136962                     /lib/x86_64-linux-gnu/libc-2.27.so
7f6e60b00000-7f6e60d00000 ---p 001e7000 08:01 136962                     /lib/x86_64-linux-gnu/libc-2.27.so
7f6e60d00000-7f6e60d04000 r--p 001e7000 08:01 136962                     /lib/x86_64-linux-gnu/libc-2.27.so
7f6e60d04000-7f6e60d06000 rw-p 001eb000 08:01 136962                     /lib/x86_64-linux-gnu/libc-2.27.so
7f6e60d06000-7f6e60d0a000 rw-p 00000000 00:00 0 
7f6e60d0a000-7f6e60d0d000 r-xp 00000000 08:01 136985                     /lib/x86_64-linux-gnu/libdl-2.27.so
7f6e60d0d000-7f6e60f0c000 ---p 00003000 08:01 136985                     /lib/x86_64-linux-gnu/libdl-2.27.so
7f6e60f0c000-7f6e60f0d000 r--p 00002000 08:01 136985                     /lib/x86_64-linux-gnu/libdl-2.27.so
7f6e60f0d000-7f6e60f0e000 rw-p 00003000 08:01 136985                     /lib/x86_64-linux-gnu/libdl-2.27.so
7f6e60f0e000-7f6e60f28000 r-xp 00000000 08:01 137095                     /lib/x86_64-linux-gnu/libpthread-2.27.so
7f6e60f28000-7f6e61127000 ---p 0001a000 08:01 137095                     /lib/x86_64-linux-gnu/libpthread-2.27.so
7f6e61127000-7f6e61128000 r--p 00019000 08:01 137095                     /lib/x86_64-linux-gnu/libpthread-2.27.so
7f6e61128000-7f6e61129000 rw-p 0001a000 08:01 137095                     /lib/x86_64-linux-gnu/libpthread-2.27.so
7f6e61129000-7f6e6112d000 rw-p 00000000 00:00 0 
7f6e6112d000-7f6e6113d000 r-xp 00000000 08:01 790513                     /usr/lib/jvm/jdk-12.0.1/lib/libjli.so
7f6e6113d000-7f6e6133c000 ---p 00010000 08:01 790513                     /usr/lib/jvm/jdk-12.0.1/lib/libjli.so
7f6e6133c000-7f6e6133d000 r--p 0000f000 08:01 790513                     /usr/lib/jvm/jdk-12.0.1/lib/libjli.so
7f6e6133d000-7f6e6133e000 rw-p 00010000 08:01 790513                     /usr/lib/jvm/jdk-12.0.1/lib/libjli.so
7f6e6133e000-7f6e6135a000 r-xp 00000000 08:01 137134                     /lib/x86_64-linux-gnu/libz.so.1.2.11
7f6e6135a000-7f6e61559000 ---p 0001c000 08:01 137134                     /lib/x86_64-linux-gnu/libz.so.1.2.11
7f6e61559000-7f6e6155a000 r--p 0001b000 08:01 137134                     /lib/x86_64-linux-gnu/libz.so.1.2.11
7f6e6155a000-7f6e6155b000 rw-p 0001c000 08:01 137134                     /lib/x86_64-linux-gnu/libz.so.1.2.11
7f6e6155b000-7f6e61582000 r-xp 00000000 08:01 136934                     /lib/x86_64-linux-gnu/ld-2.27.so
7f6e615a7000-7f6e61660000 rw-p 00000000 00:00 0 
7f6e61660000-7f6e61667000 ---p 00000000 00:00 0 
7f6e61667000-7f6e6166b000 ---p 00000000 00:00 0 
7f6e6166b000-7f6e6176c000 rw-p 00000000 00:00 0 
7f6e61772000-7f6e61776000 r--p 00000000 08:01 1584621                    /home/kiit/.config/dconf/user
7f6e61776000-7f6e61777000 r--s 00000000 00:2e 36                         /run/user/1000/dconf/user
7f6e61777000-7f6e6177f000 rw-s 00000000 08:01 790429                     /tmp/hsperfdata_kiit/3900
7f6e6177f000-7f6e61780000 ---p 00000000 00:00 0 
7f6e61780000-7f6e61781000 r--p 00000000 00:00 0 
7f6e61781000-7f6e61782000 ---p 00000000 00:00 0 
7f6e61782000-7f6e61783000 r--p 00027000 08:01 136934                     /lib/x86_64-linux-gnu/ld-2.27.so
7f6e61783000-7f6e61784000 rw-p 00028000 08:01 136934                     /lib/x86_64-linux-gnu/ld-2.27.so
7f6e61784000-7f6e61785000 rw-p 00000000 00:00 0 
7ffdb8f75000-7ffdb8f96000 rw-p 00000000 00:00 0                          [stack]
7ffdb8fc9000-7ffdb8fcc000 r--p 00000000 00:00 0                          [vvar]
7ffdb8fcc000-7ffdb8fce000 r-xp 00000000 00:00 0                          [vdso]
ffffffffff600000-ffffffffff601000 r-xp 00000000 00:00 0                  [vsyscall]


VM Arguments:
jvm_args: -Djava.library.path=. 
java_command: Gui
java_class_path (initial): .
Launcher Type: SUN_STANDARD

[Global flags]
     intx CICompilerCount                          = 2                                         {product} {ergonomic}
   size_t InitialHeapSize                          = 65011712                                  {product} {ergonomic}
   size_t MaxHeapSize                              = 1035993088                                {product} {ergonomic}
   size_t MaxNewSize                               = 345309184                                 {product} {ergonomic}
   size_t MinHeapDeltaBytes                        = 196608                                    {product} {ergonomic}
   size_t NewSize                                  = 21626880                                  {product} {ergonomic}
    uintx NonNMethodCodeHeapSize                   = 5825164                                {pd product} {ergonomic}
    uintx NonProfiledCodeHeapSize                  = 122916538                              {pd product} {ergonomic}
   size_t OldSize                                  = 43384832                                  {product} {ergonomic}
    uintx ProfiledCodeHeapSize                     = 122916538                              {pd product} {ergonomic}
    uintx ReservedCodeCacheSize                    = 251658240                              {pd product} {ergonomic}
     bool SegmentedCodeCache                       = true                                      {product} {ergonomic}
     bool UseCompressedClassPointers               = true                                 {lp64_product} {ergonomic}
     bool UseCompressedOops                        = true                                 {lp64_product} {ergonomic}
     bool UseSerialGC                              = true                                      {product} {ergonomic}

Logging:
Log output configuration:
 #0: stdout all=warning uptime,level,tags
 #1: stderr all=off uptime,level,tags

Environment Variables:
JAVA_HOME=/usr/lib/jvm/jdk-12.0.1
PATH=/usr/local/sbin:/usr/local/bin:/usr/sbin:/usr/bin:/sbin:/bin:/usr/games:/usr/local/games:/snap/bin:/usr/lib/jvm/jdk-12.0.1/bin
USERNAME=kiit
SHELL=/bin/bash
DISPLAY=:0

Signal Handlers:
SIGSEGV: [libjvm.so+0xe45640], sa_mask[0]=11111111011111111101111111111110, sa_flags=SA_RESTART|SA_SIGINFO
SIGBUS: [libjvm.so+0xe45640], sa_mask[0]=11111111011111111101111111111110, sa_flags=SA_RESTART|SA_SIGINFO
SIGFPE: [libjvm.so+0xe45640], sa_mask[0]=11111111011111111101111111111110, sa_flags=SA_RESTART|SA_SIGINFO
SIGPIPE: SIG_IGN, sa_mask[0]=00000000000010000000000000000000, sa_flags=SA_RESTART
SIGXFSZ: [libjvm.so+0xbf4b50], sa_mask[0]=11111111011111111101111111111110, sa_flags=SA_RESTART|SA_SIGINFO
SIGILL: [libjvm.so+0xe45640], sa_mask[0]=11111111011111111101111111111110, sa_flags=SA_RESTART|SA_SIGINFO
SIGUSR2: [libjvm.so+0xbf49f0], sa_mask[0]=00000000000000000000000000000000, sa_flags=SA_RESTART|SA_SIGINFO
SIGHUP: [libjvm.so+0xbf4d50], sa_mask[0]=11111111011111111101111111111110, sa_flags=SA_RESTART|SA_SIGINFO
SIGINT: [libjvm.so+0xbf4d50], sa_mask[0]=11111111011111111101111111111110, sa_flags=SA_RESTART|SA_SIGINFO
SIGTERM: [libjvm.so+0xbf4d50], sa_mask[0]=11111111011111111101111111111110, sa_flags=SA_RESTART|SA_SIGINFO
SIGQUIT: [libjvm.so+0xbf4d50], sa_mask[0]=11111111011111111101111111111110, sa_flags=SA_RESTART|SA_SIGINFO


---------------  S Y S T E M  ---------------

OS:DISTRIB_ID=Ubuntu
DISTRIB_RELEASE=18.04
DISTRIB_CODENAME=bionic
DISTRIB_DESCRIPTION="Ubuntu 18.04.2 LTS"
uname:Linux 4.18.0-25-generic #26~18.04.1-Ubuntu SMP Thu Jun 27 07:28:31 UTC 2019 x86_64
libc:glibc 2.27 NPTL 2.27 
rlimit: STACK 8192k, CORE 0k, NPROC 15535, NOFILE 4096, AS infinity, DATA infinity, FSIZE infinity
load average:0.36 0.29 0.44

/proc/meminfo:
MemTotal:        4039508 kB
MemFree:         1493344 kB
MemAvailable:    2549864 kB
Buffers:           76312 kB
Cached:          1356472 kB
SwapCached:            0 kB
Active:          1341440 kB
Inactive:        1011040 kB
Active(anon):     920652 kB
Inactive(anon):   200996 kB
Active(file):     420788 kB
Inactive(file):   810044 kB
Unevictable:          32 kB
Mlocked:              32 kB
SwapTotal:       1471128 kB
SwapFree:        1471128 kB
Dirty:               304 kB
Writeback:             0 kB
AnonPages:        919752 kB
Mapped:           432068 kB
Shmem:            201932 kB
Slab:              90680 kB
SReclaimable:      57040 kB
SUnreclaim:        33640 kB
KernelStack:        7168 kB
PageTables:        32880 kB
NFS_Unstable:          0 kB
Bounce:                0 kB
WritebackTmp:          0 kB
CommitLimit:     3490880 kB
Committed_AS:    3999420 kB
VmallocTotal:   34359738367 kB
VmallocUsed:           0 kB
VmallocChunk:          0 kB
HardwareCorrupted:     0 kB
AnonHugePages:         0 kB
ShmemHugePages:        0 kB
ShmemPmdMapped:        0 kB
CmaTotal:              0 kB
CmaFree:               0 kB
HugePages_Total:       0
HugePages_Free:        0
HugePages_Rsvd:        0
HugePages_Surp:        0
Hugepagesize:       2048 kB
Hugetlb:               0 kB
DirectMap4k:      118720 kB
DirectMap2M:     4075520 kB


/proc/sys/kernel/threads-max (system-wide limit on the number of threads):
31070


/proc/sys/vm/max_map_count (maximum number of memory map areas a process may have):
65530


/proc/sys/kernel/pid_max (system-wide limit on number of process identifiers):
32768



container (cgroup) information:
container_type: cgroupv1
cpu_cpuset_cpus: 0
cpu_memory_nodes: 0
active_processor_count: 1
cpu_quota: -1
cpu_period: 100000
cpu_shares: -1
memory_limit_in_bytes: -1
memory_and_swap_limit_in_bytes: -2
memory_soft_limit_in_bytes: -1
memory_usage_in_bytes: 2408964096
memory_max_usage_in_bytes: 0


CPU:total 1 (initial active 1) (1 cores per cpu, 1 threads per core) family 6 model 142 stepping 10, cmov, cx8, fxsr, mmx, sse, sse2, sse3, ssse3, sse4.1, sse4.2, popcnt, avx, avx2, aes, clmul, 3dnowpref, lzcnt, tsc, tscinvbit
CPU Model and flags from /proc/cpuinfo:
model name	: Intel(R) Core(TM) i5-8250U CPU @ 1.60GHz
flags		: fpu vme de pse tsc msr pae mce cx8 apic sep mtrr pge mca cmov pat pse36 clflush mmx fxsr sse sse2 ht syscall nx rdtscp lm constant_tsc rep_good nopl xtopology nonstop_tsc cpuid tsc_known_freq pni pclmulqdq monitor ssse3 cx16 pcid sse4_1 sse4_2 x2apic movbe popcnt aes xsave avx rdrand hypervisor lahf_lm abm 3dnowprefetch invpcid_single pti fsgsbase avx2 invpcid rdseed clflushopt md_clear flush_l1d

Memory: 4k page, physical 4039508k(1493344k free), swap 1471128k(1471128k free)

vm_info: Java HotSpot(TM) 64-Bit Server VM (12.0.1+12) for linux-amd64 JRE (12.0.1+12), built on Apr  1 2019 23:46:14 by "mach5one" with gcc 7.3.0

END.
