#
# A fatal error has been detected by the Java Runtime Environment:
#
#  SIGSEGV (0xb) at pc=0x00007f0f5cb956e2, pid=3471, tid=3489
#
# JRE version: Java(TM) SE Runtime Environment (12.0.1+12) (build 12.0.1+12)
# Java VM: Java HotSpot(TM) 64-Bit Server VM (12.0.1+12, mixed mode, sharing, tiered, compressed oops, serial gc, linux-amd64)
# Problematic frame:
# j  java.lang.String.valueOf(Ljava/lang/Object;)Ljava/lang/String;+10 java.base@12.0.1
#
# Core dump will be written. Default location: Core dumps may be processed with "/usr/share/apport/apport %p %s %c %d %P" (or dumping to /home/kiit/1905243/cnProject/CN-p2p-file-sharing/core.3471)
#
# If you would like to submit a bug report, please visit:
#   http://bugreport.java.com/bugreport/crash.jsp
#

---------------  S U M M A R Y ------------

Command Line: -Djava.library.path=. Gui

Host: Intel(R) Core(TM) i5-8250U CPU @ 1.60GHz, 1 cores, 3G, Ubuntu 18.04.2 LTS
Time: Sat Jan  1 22:00:56 2022 IST elapsed time: 84 seconds (0d 0h 1m 24s)

---------------  T H R E A D  ---------------

Current thread (0x00007f0f58005800):  JavaThread "AWT-EventQueue-0" [_thread_in_Java, id=3489, stack(0x00007f0f37cf9000,0x00007f0f37dfa000)]

Stack: [0x00007f0f37cf9000,0x00007f0f37dfa000],  sp=0x00007f0f37df7860,  free space=1018k
Native frames: (J=compiled Java code, A=aot compiled Java code, j=interpreted, Vv=VM code, C=native code)
j  java.lang.String.valueOf(Ljava/lang/Object;)Ljava/lang/String;+10 java.base@12.0.1
j  java.io.PrintStream.print(Ljava/lang/String;)V+2 java.base@12.0.1
j  java.io.PrintStream.println(Ljava/lang/String;)V+6 java.base@12.0.1
j  Login.actionPerformed(Ljava/awt/event/ActionEvent;)V+48
j  javax.swing.AbstractButton.fireActionPerformed(Ljava/awt/event/ActionEvent;)V+83 java.desktop@12.0.1
j  javax.swing.AbstractButton$Handler.actionPerformed(Ljava/awt/event/ActionEvent;)V+5 java.desktop@12.0.1
j  javax.swing.DefaultButtonModel.fireActionPerformed(Ljava/awt/event/ActionEvent;)V+34 java.desktop@12.0.1
j  javax.swing.DefaultButtonModel.setPressed(Z)V+117 java.desktop@12.0.1
j  javax.swing.plaf.basic.BasicButtonListener.mouseReleased(Ljava/awt/event/MouseEvent;)V+35 java.desktop@12.0.1
j  java.awt.Component.processMouseEvent(Ljava/awt/event/MouseEvent;)V+64 java.desktop@12.0.1
j  javax.swing.JComponent.processMouseEvent(Ljava/awt/event/MouseEvent;)V+23 java.desktop@12.0.1
j  java.awt.Component.processEvent(Ljava/awt/AWTEvent;)V+81 java.desktop@12.0.1
j  java.awt.Container.processEvent(Ljava/awt/AWTEvent;)V+18 java.desktop@12.0.1
j  java.awt.Component.dispatchEventImpl(Ljava/awt/AWTEvent;)V+496 java.desktop@12.0.1
j  java.awt.Container.dispatchEventImpl(Ljava/awt/AWTEvent;)V+42 java.desktop@12.0.1
j  java.awt.Component.dispatchEvent(Ljava/awt/AWTEvent;)V+2 java.desktop@12.0.1
j  java.awt.LightweightDispatcher.retargetMouseEvent(Ljava/awt/Component;ILjava/awt/event/MouseEvent;)V+349 java.desktop@12.0.1
j  java.awt.LightweightDispatcher.processMouseEvent(Ljava/awt/event/MouseEvent;)Z+155 java.desktop@12.0.1
j  java.awt.LightweightDispatcher.dispatchEvent(Ljava/awt/AWTEvent;)Z+50 java.desktop@12.0.1
j  java.awt.Container.dispatchEventImpl(Ljava/awt/AWTEvent;)V+12 java.desktop@12.0.1
j  java.awt.Window.dispatchEventImpl(Ljava/awt/AWTEvent;)V+19 java.desktop@12.0.1
j  java.awt.Component.dispatchEvent(Ljava/awt/AWTEvent;)V+2 java.desktop@12.0.1
j  java.awt.EventQueue.dispatchEventImpl(Ljava/awt/AWTEvent;Ljava/lang/Object;)V+41 java.desktop@12.0.1
j  java.awt.EventQueue$4.run()Ljava/lang/Void;+32 java.desktop@12.0.1
j  java.awt.EventQueue$4.run()Ljava/lang/Object;+1 java.desktop@12.0.1
J 979 c1 java.security.ProtectionDomain$JavaSecurityAccessImpl.doIntersectionPrivilege(Ljava/security/PrivilegedAction;Ljava/security/AccessControlContext;Ljava/security/AccessControlContext;)Ljava/lang/Object; java.base@12.0.1 (22 bytes) @ 0x00007f0f5d28736c [0x00007f0f5d286e80+0x00000000000004ec]
j  java.security.ProtectionDomain$JavaSecurityAccessImpl.doIntersectionPrivilege(Ljava/security/PrivilegedAction;Ljava/security/AccessControlContext;)Ljava/lang/Object;+6 java.base@12.0.1
j  java.awt.EventQueue$5.run()Ljava/lang/Void;+11 java.desktop@12.0.1
j  java.awt.EventQueue$5.run()Ljava/lang/Object;+1 java.desktop@12.0.1
J 979 c1 java.security.ProtectionDomain$JavaSecurityAccessImpl.doIntersectionPrivilege(Ljava/security/PrivilegedAction;Ljava/security/AccessControlContext;Ljava/security/AccessControlContext;)Ljava/lang/Object; java.base@12.0.1 (22 bytes) @ 0x00007f0f5d28736c [0x00007f0f5d286e80+0x00000000000004ec]
j  java.awt.EventQueue.dispatchEvent(Ljava/awt/AWTEvent;)V+73 java.desktop@12.0.1
j  java.awt.EventDispatchThread.pumpOneEventForFilters(I)V+78 java.desktop@12.0.1
j  java.awt.EventDispatchThread.pumpEventsForFilter(ILjava/awt/Conditional;Ljava/awt/EventFilter;)V+35 java.desktop@12.0.1
j  java.awt.EventDispatchThread.pumpEventsForHierarchy(ILjava/awt/Conditional;Ljava/awt/Component;)V+11 java.desktop@12.0.1
j  java.awt.EventDispatchThread.pumpEvents(ILjava/awt/Conditional;)V+4 java.desktop@12.0.1
j  java.awt.EventDispatchThread.pumpEvents(Ljava/awt/Conditional;)V+3 java.desktop@12.0.1
j  java.awt.EventDispatchThread.run()V+9 java.desktop@12.0.1
v  ~StubRoutines::call_stub
V  [libjvm.so+0x86fc39]  JavaCalls::call_helper(JavaValue*, methodHandle const&, JavaCallArguments*, Thread*)+0x3c9
V  [libjvm.so+0x86dbcd]  JavaCalls::call_virtual(JavaValue*, Handle, Klass*, Symbol*, Symbol*, Thread*)+0x1ed
V  [libjvm.so+0x91ae9c]  thread_entry(JavaThread*, Thread*)+0x6c
V  [libjvm.so+0xdd533f]  JavaThread::thread_main_inner()+0x22f
V  [libjvm.so+0xdd21bf]  Thread::call_run()+0x16f
V  [libjvm.so+0xbfe94e]  thread_native_entry(Thread*)+0xee


siginfo: si_signo: 11 (SIGSEGV), si_code: 1 (SEGV_MAPERR), si_addr: 0x00000000676f4c08

Register to memory mapping:

RAX=0x0 is NULL
RBX=0x0000000000000002 is an unknown value
RCX=0x00000000676f4c00 is an unknown value
RDX=0x0000000080000001 is an unknown value
RSP=0x00007f0f37df7860 is pointing into the stack for thread: 0x00007f0f58005800
RBP=0x00007f0f37df78b8 is pointing into the stack for thread: 0x00007f0f58005800
RSI=0x00007f0f37df7940 is pointing into the stack for thread: 0x00007f0f58005800
RDI=0x00007f0f580061b0 points into unknown readable memory: 03 00 00 00 1e 00 00 00
R8 ={method} {0x0000000800339428} 'println' '(Ljava/lang/String;)V' in 'java/io/PrintStream'
R9 =0x0000000000000004 is an unknown value
R10=0x00007f0f7b3d7d80: <offset 0x00000000014ced80> in /usr/lib/jvm/jdk-12.0.1/lib/server/libjvm.so at 0x00007f0f79f09000
R11=0x00007f0f7400c9e0 points into unknown readable memory: 00 00 00 00 00 00 00 00
R12=0x0 is NULL
R13=0x00000008009cd0ba is pointing into metadata
R14=0x00007f0f37df78c8 is pointing into the stack for thread: 0x00007f0f58005800
R15=0x00007f0f58005800 is a thread


Registers:
RAX=0x0000000000000000, RBX=0x0000000000000002, RCX=0x00000000676f4c00, RDX=0x0000000080000001
RSP=0x00007f0f37df7860, RBP=0x00007f0f37df78b8, RSI=0x00007f0f37df7940, RDI=0x00007f0f580061b0
R8 =0x0000000800339428, R9 =0x0000000000000004, R10=0x00007f0f7b3d7d80, R11=0x00007f0f7400c9e0
R12=0x0000000000000000, R13=0x00000008009cd0ba, R14=0x00007f0f37df78c8, R15=0x00007f0f58005800
RIP=0x00007f0f5cb956e2, EFLAGS=0x0000000000010246, CSGSFS=0x002b000000000033, ERR=0x0000000000000004
  TRAPNO=0x000000000000000e

Top of Stack: (sp=0x00007f0f37df7860)
0x00007f0f37df7860:   00007f0f5cb81a00 00000000676f4c00
0x00007f0f37df7870:   00007f0f37df7870 00000008009cd0ba
0x00007f0f37df7880:   00007f0f37df78c8 0000000800359a88
0x00007f0f37df7890:   00007f0f5c46fc20 00000000c2400b30 

Instructions: (pc=0x00007f0f5cb956e2)
0x00007f0f5cb956c2:   10 4c 8b 68 d8 41 83 ed 04 41 c1 e5 03 49 03 c5
0x00007f0f5cb956d2:   48 89 45 d8 4c 8d 6c 24 08 4c 89 6d f0 ff 63 48
0x00007f0f5cb956e2:   8b 41 08 48 c1 e0 03 49 bc 00 00 00 00 08 00 00
0x00007f0f5cb956f2:   00 49 03 c4 4d 33 e4 4c 8b 75 d8 4d 85 f6 0f 84 

Stack slot to memory mapping:
stack at sp + 0 slots: 0x00007f0f5cb81a00 is at code_begin+1664 in an Interpreter codelet
invoke return entry points  [0x00007f0f5cb81380, 0x00007f0f5cb81da0]  2592 bytes
stack at sp + 1 slots: 0x00000000676f4c00 is an unknown value
stack at sp + 2 slots: 0x00007f0f37df7870 is pointing into the stack for thread: 0x00007f0f58005800
stack at sp + 3 slots: 0x00000008009cd0ba is pointing into metadata
stack at sp + 4 slots: 0x00007f0f37df78c8 is pointing into the stack for thread: 0x00007f0f58005800
stack at sp + 5 slots: 0x0000000800359a88 is pointing into metadata
stack at sp + 6 slots: 0x00007f0f5c46fc20 is pointing into metadata
stack at sp + 7 slots: 0x00000000c2400b30 points into unknown readable memory: 01 41 3a 2b 45 00 00 00

invokevirtual  182 invokevirtual  [0x00007f0f5cb95400, 0x00007f0f5cb95920]  1312 bytes

---------------  P R O C E S S  ---------------

Threads class SMR info:
_java_thread_list=0x00000000019866d0, length=14, elements={
0x00007f0f74059800, 0x00007f0f7405b800, 0x00007f0f74062000, 0x00007f0f74064000,
0x00007f0f74066000, 0x00007f0f74068000, 0x00007f0f740aa800, 0x00007f0f740b4000,
0x00007f0f741ed800, 0x00007f0f74214800, 0x00007f0f742b6000, 0x00007f0f58005800,
0x00007f0f74011000, 0x0000000001985000
}

Java Threads: ( => current thread )
  0x00007f0f74059800 JavaThread "Reference Handler" daemon [_thread_blocked, id=3474, stack(0x00007f0f780d5000,0x00007f0f781d6000)]
  0x00007f0f7405b800 JavaThread "Finalizer" daemon [_thread_blocked, id=3475, stack(0x00007f0f5c277000,0x00007f0f5c378000)]
  0x00007f0f74062000 JavaThread "Signal Dispatcher" daemon [_thread_blocked, id=3476, stack(0x00007f0f5c176000,0x00007f0f5c277000)]
  0x00007f0f74064000 JavaThread "C2 CompilerThread0" daemon [_thread_blocked, id=3477, stack(0x00007f0f5c075000,0x00007f0f5c176000)]
  0x00007f0f74066000 JavaThread "C1 CompilerThread0" daemon [_thread_blocked, id=3478, stack(0x00007f0f4f530000,0x00007f0f4f631000)]
  0x00007f0f74068000 JavaThread "Sweeper thread" daemon [_thread_blocked, id=3479, stack(0x00007f0f4f42f000,0x00007f0f4f530000)]
  0x00007f0f740aa800 JavaThread "Service Thread" daemon [_thread_blocked, id=3480, stack(0x00007f0f4f32e000,0x00007f0f4f42f000)]
  0x00007f0f740b4000 JavaThread "Common-Cleaner" daemon [_thread_blocked, id=3482, stack(0x00007f0f4f12b000,0x00007f0f4f22c000)]
  0x00007f0f741ed800 JavaThread "Java2D Disposer" daemon [_thread_blocked, id=3486, stack(0x00007f0f3ec84000,0x00007f0f3ed85000)]
  0x00007f0f74214800 JavaThread "AWT-XAWT" daemon [_thread_in_native, id=3487, stack(0x00007f0f3eb83000,0x00007f0f3ec84000)]
  0x00007f0f742b6000 JavaThread "AWT-Shutdown" [_thread_blocked, id=3488, stack(0x00007f0f3c017000,0x00007f0f3c118000)]
=>0x00007f0f58005800 JavaThread "AWT-EventQueue-0" [_thread_in_Java, id=3489, stack(0x00007f0f37cf9000,0x00007f0f37dfa000)]
  0x00007f0f74011000 JavaThread "DestroyJavaVM" [_thread_blocked, id=3472, stack(0x00007f0f7c138000,0x00007f0f7c239000)]
  0x0000000001985000 JavaThread "TimerQueue" daemon [_thread_blocked, id=3490, stack(0x00007f0f379f8000,0x00007f0f37af9000)]

Other Threads:
  0x00007f0f74056800 VMThread "VM Thread" [stack: 0x00007f0f781d8000,0x00007f0f782d8000] [id=3473]
  0x00007f0f740b1000 WatcherThread [stack: 0x00007f0f4f22e000,0x00007f0f4f32e000] [id=3481]

Threads with active compile tasks:

VM state:not at safepoint (normal execution)

VM Mutex/Monitor currently owned by a thread: None

Heap address: 0x00000000c2400000, size: 988 MB, Compressed Oops mode: 32-bit
Narrow klass base: 0x0000000800000000, Narrow klass shift: 3
Compressed class space size: 1073741824 Address: 0x0000000801129000

Heap:
 def new generation   total 19008K, used 9131K [0x00000000c2400000, 0x00000000c38a0000, 0x00000000d6d50000)
  eden space 16896K,  54% used [0x00000000c2400000, 0x00000000c2ceacb8, 0x00000000c3480000)
  from space 2112K,   0% used [0x00000000c3480000, 0x00000000c3480000, 0x00000000c3690000)
  to   space 2112K,   0% used [0x00000000c3690000, 0x00000000c3690000, 0x00000000c38a0000)
 tenured generation   total 42368K, used 0K [0x00000000d6d50000, 0x00000000d96b0000, 0x0000000100000000)
   the space 42368K,   0% used [0x00000000d6d50000, 0x00000000d6d50000, 0x00000000d6d50200, 0x00000000d96b0000)
 Metaspace       used 9937K, capacity 10342K, committed 10624K, reserved 1058816K
  class space    used 1100K, capacity 1289K, committed 1408K, reserved 1048576K

Card table byte_map: [0x00007f0f784fe000,0x00007f0f786ed000] _byte_map_base: 0x00007f0f77eec000

Polling page: 0x00007f0f7c250000

Metaspace:

Usage:
  Non-class:      8.84 MB capacity,     8.63 MB ( 98%) used,   182.61 KB (  2%) free+waste,    33.31 KB ( <1%) overhead. 
      Class:      1.26 MB capacity,     1.08 MB ( 85%) used,   168.68 KB ( 13%) free+waste,    19.50 KB (  2%) overhead. 
       Both:     10.10 MB capacity,     9.70 MB ( 96%) used,   351.29 KB (  3%) free+waste,    52.81 KB ( <1%) overhead. 

Virtual space:
  Non-class space:       10.00 MB reserved,       9.00 MB ( 90%) committed 
      Class space:        1.00 GB reserved,       1.38 MB ( <1%) committed 
             Both:        1.01 GB reserved,      10.38 MB (  1%) committed 

Chunk freelists:
   Non-Class:  7.88 KB
       Class:  2.38 KB
        Both:  10.25 KB

CodeHeap 'non-profiled nmethods': size=120036Kb used=327Kb max_used=327Kb free=119708Kb
 bounds [0x00007f0f6463f000, 0x00007f0f648af000, 0x00007f0f6bb78000]
CodeHeap 'profiled nmethods': size=120032Kb used=1962Kb max_used=1962Kb free=118069Kb
 bounds [0x00007f0f5d107000, 0x00007f0f5d377000, 0x00007f0f6463f000]
CodeHeap 'non-nmethods': size=5692Kb used=1250Kb max_used=1279Kb free=4441Kb
 bounds [0x00007f0f5cb78000, 0x00007f0f5cde8000, 0x00007f0f5d107000]
 total_blobs=1844 nmethods=1068 adapters=560
 compilation: enabled
              stopped_count=0, restarted_count=0
 full_count=0

Compilation events (10 events):
Event: 71.591 Thread 0x00007f0f74066000 1065       3       sun.awt.X11.XToolkit::nowMillisUTC_offset (88 bytes)
Event: 71.593 Thread 0x00007f0f74066000 nmethod 1065 0x00007f0f5d2ed690 code [0x00007f0f5d2ed920, 0x00007f0f5d2ee248]
Event: 74.656 Thread 0x00007f0f74066000 1066   !   3       sun.awt.PostEventQueue::postEvent (81 bytes)
Event: 74.658 Thread 0x00007f0f74066000 nmethod 1066 0x00007f0f5d2ee510 code [0x00007f0f5d2ee740, 0x00007f0f5d2ef0f8]
Event: 74.773 Thread 0x00007f0f74064000 1067       4       sun.awt.X11.XEvent::get_type (18 bytes)
Event: 74.777 Thread 0x00007f0f74064000 nmethod 1067 0x00007f0f64690490 code [0x00007f0f64690640, 0x00007f0f64690768]
Event: 75.051 Thread 0x00007f0f74066000 1068       3       sun.awt.X11.XComponentPeer::isEventDisabled (168 bytes)
Event: 75.056 Thread 0x00007f0f74066000 nmethod 1068 0x00007f0f5d2ef410 code [0x00007f0f5d2ef740, 0x00007f0f5d2f11f8]
Event: 75.098 Thread 0x00007f0f74064000 1069       4       java.util.HashMap::getNode (148 bytes)
Event: 75.106 Thread 0x00007f0f74064000 nmethod 1069 0x00007f0f64690910 code [0x00007f0f64690ac0, 0x00007f0f64690cb8]

GC Heap History (0 events):
No events

Deoptimization events (5 events):
Event: 0.320 Thread 0x00007f0f74011000 Uncommon trap: reason=unstable_if action=reinterpret pc=0x00007f0f646438e0 method=java.lang.String.hashCode()I @ 14 c2
Event: 5.378 Thread 0x00007f0f58005800 Uncommon trap: reason=class_check action=maybe_recompile pc=0x00007f0f64657468 method=java.lang.String.equals(Ljava/lang/Object;)Z @ 8 c2
Event: 5.378 Thread 0x00007f0f58005800 Uncommon trap: reason=class_check action=maybe_recompile pc=0x00007f0f64657468 method=java.lang.String.equals(Ljava/lang/Object;)Z @ 8 c2
Event: 8.595 Thread 0x00007f0f58005800 Uncommon trap: reason=class_check action=maybe_recompile pc=0x00007f0f64657468 method=java.lang.String.equals(Ljava/lang/Object;)Z @ 8 c2
Event: 8.595 Thread 0x00007f0f58005800 Uncommon trap: reason=class_check action=maybe_recompile pc=0x00007f0f64657468 method=java.lang.String.equals(Ljava/lang/Object;)Z @ 8 c2

Classes redefined (0 events):
No events

Internal exceptions (10 events):
Event: 2.013 Thread 0x00007f0f74011000 Exception <a 'java/lang/NoSuchMethodError'{0x00000000c29de3a8}: java.lang.invoke.DirectMethodHandle$Holder.invokeStatic(Ljava/lang/Object;Ljava/lang/Object;Ljava/lang/Object;Ljava/lang/Object;Ljava/lang/Object;Ljava/lang/Object;Ljava/lang/Object;Ljava/lan
Event: 2.022 Thread 0x00007f0f74011000 Exception <a 'java/lang/NoSuchMethodError'{0x00000000c29ea938}: java.lang.invoke.DirectMethodHandle$Holder.invokeSpecial(Ljava/lang/Object;Ljava/lang/Object;JLjava/lang/Object;Ljava/lang/Object;Ljava/lang/Object;Ljava/lang/Object;Ljava/lang/Object;)Ljava/
Event: 2.027 Thread 0x00007f0f74011000 Exception <a 'java/lang/NoSuchMethodError'{0x00000000c29edfb8}: java.lang.invoke.DelegatingMethodHandle$Holder.reinvoke_L(Ljava/lang/Object;JLjava/lang/Object;Ljava/lang/Object;Ljava/lang/Object;Ljava/lang/Object;Ljava/lang/Object;)Ljava/lang/Object;> (0x
Event: 2.031 Thread 0x00007f0f74011000 Exception <a 'java/lang/NoSuchMethodError'{0x00000000c2a026f0}: java.lang.invoke.DirectMethodHandle$Holder.invokeStatic(Ljava/lang/Object;Ljava/lang/Object;Ljava/lang/Object;Ljava/lang/Object;Ljava/lang/Object;J)Ljava/lang/Object;> (0x00000000c2a026f0) th
Event: 2.053 Thread 0x00007f0f74011000 Exception <a 'java/lang/NoSuchMethodError'{0x00000000c2a1fab8}: java.lang.invoke.Invokers$Holder.linkToTargetMethod(Ljava/lang/Object;Ljava/lang/Object;Ljava/lang/Object;Ljava/lang/Object;Ljava/lang/Object;Ljava/lang/Object;)Ljava/lang/Object;> (0x0000000
Event: 2.088 Thread 0x00007f0f74011000 Exception <a 'java/lang/NoSuchMethodError'{0x00000000c2a57ca8}: java.lang.invoke.DirectMethodHandle$Holder.invokeSpecial(Ljava/lang/Object;Ljava/lang/Object;JLjava/lang/Object;Ljava/lang/Object;Ljava/lang/Object;Ljava/lang/Object;)Ljava/lang/Object;> (0x0
Event: 2.088 Thread 0x00007f0f74011000 Exception <a 'java/lang/NoSuchMethodError'{0x00000000c2a5b0e0}: java.lang.invoke.DelegatingMethodHandle$Holder.reinvoke_L(Ljava/lang/Object;JLjava/lang/Object;Ljava/lang/Object;Ljava/lang/Object;Ljava/lang/Object;)Ljava/lang/Object;> (0x00000000c2a5b0e0) 
Event: 2.095 Thread 0x00007f0f74011000 Exception <a 'java/lang/NoSuchMethodError'{0x00000000c2a72888}: java.lang.invoke.DirectMethodHandle$Holder.invokeStatic(Ljava/lang/Object;Ljava/lang/Object;Ljava/lang/Object;Ljava/lang/Object;Ljava/lang/Object;Ljava/lang/Object;J)Ljava/lang/Object;> (0x00
Event: 2.107 Thread 0x00007f0f74011000 Exception <a 'java/lang/NoSuchMethodError'{0x00000000c2a89218}: java.lang.invoke.DirectMethodHandle$Holder.invokeStatic(Ljava/lang/Object;Ljava/lang/Object;Ljava/lang/Object;Ljava/lang/Object;Ljava/lang/Object;Ljava/lang/Object;JLjava/lang/Object;)Ljava/l
Event: 3.227 Thread 0x00007f0f58005800 Exception <a 'java/lang/UnsupportedOperationException'{0x00000000c2bbfac0}: > (0x00000000c2bbfac0) thrown at [/scratch/opt/mach5/mesos/work_dir/slaves/2dd962d0-8988-479b-a804-57ab764ada59-S77524/frameworks/1735e8a2-a1db-478c-8104-60c8b0af87dd-0196/executo

Events (10 events):
Event: 7.041 loading class javax/swing/Autoscroller
Event: 7.041 loading class javax/swing/Autoscroller done
Event: 8.595 Thread 0x00007f0f58005800 Uncommon trap: trap_request=0xffffffde fr.pc=0x00007f0f64657468 relative=0x00000000000001c8
Event: 8.595 Thread 0x00007f0f58005800 DEOPT PACKING pc=0x00007f0f64657468 sp=0x00007f0f37df7660
Event: 8.595 Thread 0x00007f0f58005800 DEOPT UNPACKING pc=0x00007f0f5cba0825 sp=0x00007f0f37df7628 mode 2
Event: 8.595 Thread 0x00007f0f58005800 Uncommon trap: trap_request=0xffffffde fr.pc=0x00007f0f64657468 relative=0x00000000000001c8
Event: 8.595 Thread 0x00007f0f58005800 DEOPT PACKING pc=0x00007f0f64657468 sp=0x00007f0f37df7660
Event: 8.595 Thread 0x00007f0f58005800 DEOPT UNPACKING pc=0x00007f0f5cba0825 sp=0x00007f0f37df7628 mode 2
Event: 8.595 Executing VM operation: RevokeBias
Event: 8.596 Executing VM operation: RevokeBias done


Dynamic libraries:
00400000-00401000 r-xp 00000000 08:01 937687                             /usr/lib/jvm/jdk-12.0.1/bin/java
00600000-00601000 r--p 00000000 08:01 937687                             /usr/lib/jvm/jdk-12.0.1/bin/java
00601000-00602000 rw-p 00001000 08:01 937687                             /usr/lib/jvm/jdk-12.0.1/bin/java
01901000-01998000 rw-p 00000000 00:00 0                                  [heap]
c2400000-c38a0000 rw-p 00000000 00:00 0 
c38a0000-d6d50000 ---p 00000000 00:00 0 
d6d50000-d96b0000 rw-p 00000000 00:00 0 
d96b0000-100000000 ---p 00000000 00:00 0 
800000000-800003000 rwxp 00001000 08:01 937604                           /usr/lib/jvm/jdk-12.0.1/lib/server/classes.jsa
800003000-8003d9000 rw-p 00004000 08:01 937604                           /usr/lib/jvm/jdk-12.0.1/lib/server/classes.jsa
8003d9000-800ae3000 r--p 003da000 08:01 937604                           /usr/lib/jvm/jdk-12.0.1/lib/server/classes.jsa
800ae3000-800ae4000 rw-p 00ae4000 08:01 937604                           /usr/lib/jvm/jdk-12.0.1/lib/server/classes.jsa
800ae4000-801129000 r--p 00ae5000 08:01 937604                           /usr/lib/jvm/jdk-12.0.1/lib/server/classes.jsa
801129000-801289000 rw-p 00000000 00:00 0 
801289000-841129000 ---p 00000000 00:00 0 
7f0f3766c000-7f0f379f8000 rw-p 00000000 00:00 0 
7f0f379f8000-7f0f379fc000 ---p 00000000 00:00 0 
7f0f379fc000-7f0f37bf9000 rw-p 00000000 00:00 0 
7f0f37bf9000-7f0f37cf9000 ---p 00000000 00:00 0 
7f0f37cf9000-7f0f37cfd000 ---p 00000000 00:00 0 
7f0f37cfd000-7f0f37dfa000 rw-p 00000000 00:00 0 
7f0f37dfa000-7f0f37dff000 r-xp 00000000 08:01 1845464                    /usr/lib/x86_64-linux-gnu/libXfixes.so.3.1.0
7f0f37dff000-7f0f37ffe000 ---p 00005000 08:01 1845464                    /usr/lib/x86_64-linux-gnu/libXfixes.so.3.1.0
7f0f37ffe000-7f0f37fff000 r--p 00004000 08:01 1845464                    /usr/lib/x86_64-linux-gnu/libXfixes.so.3.1.0
7f0f37fff000-7f0f38000000 rw-p 00005000 08:01 1845464                    /usr/lib/x86_64-linux-gnu/libXfixes.so.3.1.0
7f0f38000000-7f0f38021000 rw-p 00000000 00:00 0 
7f0f38021000-7f0f3c000000 ---p 00000000 00:00 0 
7f0f3c017000-7f0f3c01b000 ---p 00000000 00:00 0 
7f0f3c01b000-7f0f3c118000 rw-p 00000000 00:00 0 
7f0f3c118000-7f0f3c121000 r-xp 00000000 08:01 1845456                    /usr/lib/x86_64-linux-gnu/libXcursor.so.1.0.2
7f0f3c121000-7f0f3c320000 ---p 00009000 08:01 1845456                    /usr/lib/x86_64-linux-gnu/libXcursor.so.1.0.2
7f0f3c320000-7f0f3c321000 r--p 00008000 08:01 1845456                    /usr/lib/x86_64-linux-gnu/libXcursor.so.1.0.2
7f0f3c321000-7f0f3c322000 rw-p 00009000 08:01 1845456                    /usr/lib/x86_64-linux-gnu/libXcursor.so.1.0.2
7f0f3c322000-7f0f3c323000 ---p 00000000 00:00 0 
7f0f3c323000-7f0f3cb23000 rw-p 00000000 00:00 0 
7f0f3cb23000-7f0f3cb54000 r-xp 00000000 08:01 397877                     /usr/lib/x86_64-linux-gnu/gio/modules/libgvfsdbus.so
7f0f3cb54000-7f0f3cd54000 ---p 00031000 08:01 397877                     /usr/lib/x86_64-linux-gnu/gio/modules/libgvfsdbus.so
7f0f3cd54000-7f0f3cd56000 r--p 00031000 08:01 397877                     /usr/lib/x86_64-linux-gnu/gio/modules/libgvfsdbus.so
7f0f3cd56000-7f0f3cd57000 rw-p 00033000 08:01 397877                     /usr/lib/x86_64-linux-gnu/gio/modules/libgvfsdbus.so
7f0f3cd57000-7f0f3cd63000 r-xp 00000000 08:01 397872                     /usr/lib/x86_64-linux-gnu/gio/modules/libdconfsettings.so
7f0f3cd63000-7f0f3cf62000 ---p 0000c000 08:01 397872                     /usr/lib/x86_64-linux-gnu/gio/modules/libdconfsettings.so
7f0f3cf62000-7f0f3cf63000 r--p 0000b000 08:01 397872                     /usr/lib/x86_64-linux-gnu/gio/modules/libdconfsettings.so
7f0f3cf63000-7f0f3cf64000 rw-p 0000c000 08:01 397872                     /usr/lib/x86_64-linux-gnu/gio/modules/libdconfsettings.so
7f0f3cf64000-7f0f3cf65000 ---p 00000000 00:00 0 
7f0f3cf65000-7f0f3d765000 rw-p 00000000 00:00 0 
7f0f3d765000-7f0f3d766000 ---p 00000000 00:00 0 
7f0f3d766000-7f0f3df66000 rw-p 00000000 00:00 0 
7f0f3df66000-7f0f3df9c000 r-xp 00000000 08:01 398181                     /usr/lib/x86_64-linux-gnu/gvfs/libgvfscommon.so
7f0f3df9c000-7f0f3e19c000 ---p 00036000 08:01 398181                     /usr/lib/x86_64-linux-gnu/gvfs/libgvfscommon.so
7f0f3e19c000-7f0f3e1a2000 r--p 00036000 08:01 398181                     /usr/lib/x86_64-linux-gnu/gvfs/libgvfscommon.so
7f0f3e1a2000-7f0f3e1a3000 rw-p 0003c000 08:01 398181                     /usr/lib/x86_64-linux-gnu/gvfs/libgvfscommon.so
7f0f3e1a3000-7f0f3e1bd000 r-xp 00000000 08:01 397876                     /usr/lib/x86_64-linux-gnu/gio/modules/libgioremote-volume-monitor.so
7f0f3e1bd000-7f0f3e3bc000 ---p 0001a000 08:01 397876                     /usr/lib/x86_64-linux-gnu/gio/modules/libgioremote-volume-monitor.so
7f0f3e3bc000-7f0f3e3bf000 r--p 00019000 08:01 397876                     /usr/lib/x86_64-linux-gnu/gio/modules/libgioremote-volume-monitor.so
7f0f3e3bf000-7f0f3e3c0000 rw-p 0001c000 08:01 397876                     /usr/lib/x86_64-linux-gnu/gio/modules/libgioremote-volume-monitor.so
7f0f3e3c0000-7f0f3e3d7000 r-xp 00000000 08:01 136771                     /lib/x86_64-linux-gnu/libgcc_s.so.1
7f0f3e3d7000-7f0f3e5d6000 ---p 00017000 08:01 136771                     /lib/x86_64-linux-gnu/libgcc_s.so.1
7f0f3e5d6000-7f0f3e5d7000 r--p 00016000 08:01 136771                     /lib/x86_64-linux-gnu/libgcc_s.so.1
7f0f3e5d7000-7f0f3e5d8000 rw-p 00017000 08:01 136771                     /lib/x86_64-linux-gnu/libgcc_s.so.1
7f0f3e5d8000-7f0f3e751000 r-xp 00000000 08:01 1845922                    /usr/lib/x86_64-linux-gnu/libstdc++.so.6.0.25
7f0f3e751000-7f0f3e951000 ---p 00179000 08:01 1845922                    /usr/lib/x86_64-linux-gnu/libstdc++.so.6.0.25
7f0f3e951000-7f0f3e95b000 r--p 00179000 08:01 1845922                    /usr/lib/x86_64-linux-gnu/libstdc++.so.6.0.25
7f0f3e95b000-7f0f3e95d000 rw-p 00183000 08:01 1845922                    /usr/lib/x86_64-linux-gnu/libstdc++.so.6.0.25
7f0f3e95d000-7f0f3e961000 rw-p 00000000 00:00 0 
7f0f3e961000-7f0f3e97f000 r-xp 00000000 08:01 1846335                    /usr/lib/x86_64-linux-gnu/libproxy.so.1.0.0
7f0f3e97f000-7f0f3eb7f000 ---p 0001e000 08:01 1846335                    /usr/lib/x86_64-linux-gnu/libproxy.so.1.0.0
7f0f3eb7f000-7f0f3eb80000 r--p 0001e000 08:01 1846335                    /usr/lib/x86_64-linux-gnu/libproxy.so.1.0.0
7f0f3eb80000-7f0f3eb81000 rw-p 0001f000 08:01 1846335                    /usr/lib/x86_64-linux-gnu/libproxy.so.1.0.0
7f0f3eb83000-7f0f3eb87000 ---p 00000000 00:00 0 
7f0f3eb87000-7f0f3ec84000 rw-p 00000000 00:00 0 
7f0f3ec84000-7f0f3ec88000 ---p 00000000 00:00 0 
7f0f3ec88000-7f0f3ed85000 rw-p 00000000 00:00 0 
7f0f3ed85000-7f0f3ed8b000 r-xp 00000000 08:01 137130                     /lib/x86_64-linux-gnu/libuuid.so.1.3.0
7f0f3ed8b000-7f0f3ef8a000 ---p 00006000 08:01 137130                     /lib/x86_64-linux-gnu/libuuid.so.1.3.0
7f0f3ef8a000-7f0f3ef8b000 r--p 00005000 08:01 137130                     /lib/x86_64-linux-gnu/libuuid.so.1.3.0
7f0f3ef8b000-7f0f3ef8c000 rw-p 00006000 08:01 137130                     /lib/x86_64-linux-gnu/libuuid.so.1.3.0
7f0f3ef8c000-7f0f3efd3000 r-xp 00000000 08:01 136954                     /lib/x86_64-linux-gnu/libblkid.so.1.1.0
7f0f3efd3000-7f0f3f1d3000 ---p 00047000 08:01 136954                     /lib/x86_64-linux-gnu/libblkid.so.1.1.0
7f0f3f1d3000-7f0f3f1d7000 r--p 00047000 08:01 136954                     /lib/x86_64-linux-gnu/libblkid.so.1.1.0
7f0f3f1d7000-7f0f3f1d8000 rw-p 0004b000 08:01 136954                     /lib/x86_64-linux-gnu/libblkid.so.1.1.0
7f0f3f1d8000-7f0f3f1d9000 rw-p 00000000 00:00 0 
7f0f3f1d9000-7f0f3f249000 r-xp 00000000 08:01 137084                     /lib/x86_64-linux-gnu/libpcre.so.3.13.3
7f0f3f249000-7f0f3f449000 ---p 00070000 08:01 137084                     /lib/x86_64-linux-gnu/libpcre.so.3.13.3
7f0f3f449000-7f0f3f44a000 r--p 00070000 08:01 137084                     /lib/x86_64-linux-gnu/libpcre.so.3.13.3
7f0f3f44a000-7f0f3f44b000 rw-p 00071000 08:01 137084                     /lib/x86_64-linux-gnu/libpcre.so.3.13.3
7f0f3f44b000-7f0f3f452000 r-xp 00000000 08:01 1845797                    /usr/lib/x86_64-linux-gnu/libffi.so.6.0.4
7f0f3f452000-7f0f3f651000 ---p 00007000 08:01 1845797                    /usr/lib/x86_64-linux-gnu/libffi.so.6.0.4
7f0f3f651000-7f0f3f652000 r--p 00006000 08:01 1845797                    /usr/lib/x86_64-linux-gnu/libffi.so.6.0.4
7f0f3f652000-7f0f3f653000 rw-p 00007000 08:01 1845797                    /usr/lib/x86_64-linux-gnu/libffi.so.6.0.4
7f0f3f653000-7f0f3f6a4000 r-xp 00000000 08:01 137031                     /lib/x86_64-linux-gnu/libmount.so.1.1.0
7f0f3f6a4000-7f0f3f8a3000 ---p 00051000 08:01 137031                     /lib/x86_64-linux-gnu/libmount.so.1.1.0
7f0f3f8a3000-7f0f3f8a5000 r--p 00050000 08:01 137031                     /lib/x86_64-linux-gnu/libmount.so.1.1.0
7f0f3f8a5000-7f0f3f8a6000 rw-p 00052000 08:01 137031                     /lib/x86_64-linux-gnu/libmount.so.1.1.0
7f0f3f8a6000-7f0f3f8a7000 rw-p 00000000 00:00 0 
7f0f3f8a7000-7f0f3f8be000 r-xp 00000000 08:01 137101                     /lib/x86_64-linux-gnu/libresolv-2.27.so
7f0f3f8be000-7f0f3fabe000 ---p 00017000 08:01 137101                     /lib/x86_64-linux-gnu/libresolv-2.27.so
7f0f3fabe000-7f0f3fabf000 r--p 00017000 08:01 137101                     /lib/x86_64-linux-gnu/libresolv-2.27.so
7f0f3fabf000-7f0f3fac0000 rw-p 00018000 08:01 137101                     /lib/x86_64-linux-gnu/libresolv-2.27.so
7f0f3fac0000-7f0f3fac2000 rw-p 00000000 00:00 0 
7f0f3fac2000-7f0f3fae7000 r-xp 00000000 08:01 137107                     /lib/x86_64-linux-gnu/libselinux.so.1
7f0f3fae7000-7f0f3fce6000 ---p 00025000 08:01 137107                     /lib/x86_64-linux-gnu/libselinux.so.1
7f0f3fce6000-7f0f3fce7000 r--p 00024000 08:01 137107                     /lib/x86_64-linux-gnu/libselinux.so.1
7f0f3fce7000-7f0f3fce8000 rw-p 00025000 08:01 137107                     /lib/x86_64-linux-gnu/libselinux.so.1
7f0f3fce8000-7f0f3fcea000 rw-p 00000000 00:00 0 
7f0f3fcea000-7f0f3fdfd000 r-xp 00000000 08:01 1845891                    /usr/lib/x86_64-linux-gnu/libglib-2.0.so.0.5600.3
7f0f3fdfd000-7f0f3fffd000 ---p 00113000 08:01 1845891                    /usr/lib/x86_64-linux-gnu/libglib-2.0.so.0.5600.3
7f0f3fffd000-7f0f3fffe000 r--p 00113000 08:01 1845891                    /usr/lib/x86_64-linux-gnu/libglib-2.0.so.0.5600.3
7f0f3fffe000-7f0f3ffff000 rw-p 00114000 08:01 1845891                    /usr/lib/x86_64-linux-gnu/libglib-2.0.so.0.5600.3
7f0f3ffff000-7f0f40000000 rw-p 00000000 00:00 0 
7f0f40000000-7f0f407b9000 rw-p 00000000 00:00 0 
7f0f407b9000-7f0f44000000 ---p 00000000 00:00 0 
7f0f44000000-7f0f44730000 rw-p 00000000 00:00 0 
7f0f44730000-7f0f48000000 ---p 00000000 00:00 0 
7f0f48000000-7f0f48021000 rw-p 00000000 00:00 0 
7f0f48021000-7f0f4c000000 ---p 00000000 00:00 0 
7f0f4c071000-7f0f4c074000 r-xp 00000000 08:01 1845895                    /usr/lib/x86_64-linux-gnu/libgmodule-2.0.so.0.5600.3
7f0f4c074000-7f0f4c273000 ---p 00003000 08:01 1845895                    /usr/lib/x86_64-linux-gnu/libgmodule-2.0.so.0.5600.3
7f0f4c273000-7f0f4c274000 r--p 00002000 08:01 1845895                    /usr/lib/x86_64-linux-gnu/libgmodule-2.0.so.0.5600.3
7f0f4c274000-7f0f4c275000 rw-p 00003000 08:01 1845895                    /usr/lib/x86_64-linux-gnu/libgmodule-2.0.so.0.5600.3
7f0f4c275000-7f0f4c2c7000 r-xp 00000000 08:01 1845919                    /usr/lib/x86_64-linux-gnu/libgobject-2.0.so.0.5600.3
7f0f4c2c7000-7f0f4c4c7000 ---p 00052000 08:01 1845919                    /usr/lib/x86_64-linux-gnu/libgobject-2.0.so.0.5600.3
7f0f4c4c7000-7f0f4c4c8000 r--p 00052000 08:01 1845919                    /usr/lib/x86_64-linux-gnu/libgobject-2.0.so.0.5600.3
7f0f4c4c8000-7f0f4c4c9000 rw-p 00053000 08:01 1845919                    /usr/lib/x86_64-linux-gnu/libgobject-2.0.so.0.5600.3
7f0f4c4c9000-7f0f4c65e000 r-xp 00000000 08:01 1845885                    /usr/lib/x86_64-linux-gnu/libgio-2.0.so.0.5600.3
7f0f4c65e000-7f0f4c85e000 ---p 00195000 08:01 1845885                    /usr/lib/x86_64-linux-gnu/libgio-2.0.so.0.5600.3
7f0f4c85e000-7f0f4c865000 r--p 00195000 08:01 1845885                    /usr/lib/x86_64-linux-gnu/libgio-2.0.so.0.5600.3
7f0f4c865000-7f0f4c866000 rw-p 0019c000 08:01 1845885                    /usr/lib/x86_64-linux-gnu/libgio-2.0.so.0.5600.3
7f0f4c866000-7f0f4c868000 rw-p 00000000 00:00 0 
7f0f4c868000-7f0f4c872000 r-xp 00000000 08:01 1845480                    /usr/lib/x86_64-linux-gnu/libXrandr.so.2.2.0
7f0f4c872000-7f0f4ca71000 ---p 0000a000 08:01 1845480                    /usr/lib/x86_64-linux-gnu/libXrandr.so.2.2.0
7f0f4ca71000-7f0f4ca72000 r--p 00009000 08:01 1845480                    /usr/lib/x86_64-linux-gnu/libXrandr.so.2.2.0
7f0f4ca72000-7f0f4ca73000 rw-p 0000a000 08:01 1845480                    /usr/lib/x86_64-linux-gnu/libXrandr.so.2.2.0
7f0f4ca73000-7f0f4caa4000 r-xp 00000000 08:01 1846319                    /usr/lib/x86_64-linux-gnu/libpng16.so.16.34.0
7f0f4caa4000-7f0f4cca3000 ---p 00031000 08:01 1846319                    /usr/lib/x86_64-linux-gnu/libpng16.so.16.34.0
7f0f4cca3000-7f0f4cca4000 r--p 00030000 08:01 1846319                    /usr/lib/x86_64-linux-gnu/libpng16.so.16.34.0
7f0f4cca4000-7f0f4cca5000 rw-p 00031000 08:01 1846319                    /usr/lib/x86_64-linux-gnu/libpng16.so.16.34.0
7f0f4cca5000-7f0f4cd52000 r-xp 00000000 08:01 1845829                    /usr/lib/x86_64-linux-gnu/libfreetype.so.6.15.0
7f0f4cd52000-7f0f4cf51000 ---p 000ad000 08:01 1845829                    /usr/lib/x86_64-linux-gnu/libfreetype.so.6.15.0
7f0f4cf51000-7f0f4cf58000 r--p 000ac000 08:01 1845829                    /usr/lib/x86_64-linux-gnu/libfreetype.so.6.15.0
7f0f4cf58000-7f0f4cf59000 rw-p 000b3000 08:01 1845829                    /usr/lib/x86_64-linux-gnu/libfreetype.so.6.15.0
7f0f4cf59000-7f0f4d016000 r-xp 00000000 08:01 790477                     /usr/lib/jvm/jdk-12.0.1/lib/libfontmanager.so
7f0f4d016000-7f0f4d215000 ---p 000bd000 08:01 790477                     /usr/lib/jvm/jdk-12.0.1/lib/libfontmanager.so
7f0f4d215000-7f0f4d217000 r--p 000bc000 08:01 790477                     /usr/lib/jvm/jdk-12.0.1/lib/libfontmanager.so
7f0f4d217000-7f0f4d218000 rw-p 000be000 08:01 790477                     /usr/lib/jvm/jdk-12.0.1/lib/libfontmanager.so
7f0f4d218000-7f0f4d219000 rw-p 00000000 00:00 0 
7f0f4d219000-7f0f4d21b000 r-xp 00000000 08:01 1709076                    /home/kiit/1905243/cnProject/CN-p2p-file-sharing/libnative.so
7f0f4d21b000-7f0f4d41a000 ---p 00002000 08:01 1709076                    /home/kiit/1905243/cnProject/CN-p2p-file-sharing/libnative.so
7f0f4d41a000-7f0f4d41b000 r--p 00001000 08:01 1709076                    /home/kiit/1905243/cnProject/CN-p2p-file-sharing/libnative.so
7f0f4d41b000-7f0f4d41c000 rw-p 00002000 08:01 1709076                    /home/kiit/1905243/cnProject/CN-p2p-file-sharing/libnative.so
7f0f4d41c000-7f0f4d42f000 r-xp 00000000 08:01 136819                     /lib/x86_64-linux-gnu/libbsd.so.0.8.7
7f0f4d42f000-7f0f4d62e000 ---p 00013000 08:01 136819                     /lib/x86_64-linux-gnu/libbsd.so.0.8.7
7f0f4d62e000-7f0f4d62f000 r--p 00012000 08:01 136819                     /lib/x86_64-linux-gnu/libbsd.so.0.8.7
7f0f4d62f000-7f0f4d630000 rw-p 00013000 08:01 136819                     /lib/x86_64-linux-gnu/libbsd.so.0.8.7
7f0f4d630000-7f0f4d631000 rw-p 00000000 00:00 0 
7f0f4d631000-7f0f4d636000 r-xp 00000000 08:01 1845460                    /usr/lib/x86_64-linux-gnu/libXdmcp.so.6.0.0
7f0f4d636000-7f0f4d835000 ---p 00005000 08:01 1845460                    /usr/lib/x86_64-linux-gnu/libXdmcp.so.6.0.0
7f0f4d835000-7f0f4d836000 r--p 00004000 08:01 1845460                    /usr/lib/x86_64-linux-gnu/libXdmcp.so.6.0.0
7f0f4d836000-7f0f4d837000 rw-p 00005000 08:01 1845460                    /usr/lib/x86_64-linux-gnu/libXdmcp.so.6.0.0
7f0f4d837000-7f0f4d839000 r-xp 00000000 08:01 1855880                    /usr/lib/x86_64-linux-gnu/libXau.so.6.0.0
7f0f4d839000-7f0f4da39000 ---p 00002000 08:01 1855880                    /usr/lib/x86_64-linux-gnu/libXau.so.6.0.0
7f0f4da39000-7f0f4da3a000 r--p 00002000 08:01 1855880                    /usr/lib/x86_64-linux-gnu/libXau.so.6.0.0
7f0f4da3a000-7f0f4da3b000 rw-p 00003000 08:01 1855880                    /usr/lib/x86_64-linux-gnu/libXau.so.6.0.0
7f0f4da3b000-7f0f4da61000 r-xp 00000000 08:01 1845448                    /usr/lib/x86_64-linux-gnu/libxcb.so.1.1.0
7f0f4da61000-7f0f4dc61000 ---p 00026000 08:01 1845448                    /usr/lib/x86_64-linux-gnu/libxcb.so.1.1.0
7f0f4dc61000-7f0f4dc62000 r--p 00026000 08:01 1845448                    /usr/lib/x86_64-linux-gnu/libxcb.so.1.1.0
7f0f4dc62000-7f0f4dc63000 rw-p 00027000 08:01 1845448                    /usr/lib/x86_64-linux-gnu/libxcb.so.1.1.0
7f0f4dc63000-7f0f4dc72000 r-xp 00000000 08:01 1845470                    /usr/lib/x86_64-linux-gnu/libXi.so.6.1.0
7f0f4dc72000-7f0f4de71000 ---p 0000f000 08:01 1845470                    /usr/lib/x86_64-linux-gnu/libXi.so.6.1.0
7f0f4de71000-7f0f4de72000 r--p 0000e000 08:01 1845470                    /usr/lib/x86_64-linux-gnu/libXi.so.6.1.0
7f0f4de72000-7f0f4de73000 rw-p 0000f000 08:01 1845470                    /usr/lib/x86_64-linux-gnu/libXi.so.6.1.0
7f0f4de73000-7f0f4de78000 r-xp 00000000 08:01 1845488                    /usr/lib/x86_64-linux-gnu/libXtst.so.6.1.0
7f0f4de78000-7f0f4e077000 ---p 00005000 08:01 1845488                    /usr/lib/x86_64-linux-gnu/libXtst.so.6.1.0
7f0f4e077000-7f0f4e078000 r--p 00004000 08:01 1845488                    /usr/lib/x86_64-linux-gnu/libXtst.so.6.1.0
7f0f4e078000-7f0f4e079000 rw-p 00005000 08:01 1845488                    /usr/lib/x86_64-linux-gnu/libXtst.so.6.1.0
7f0f4e079000-7f0f4e082000 r-xp 00000000 08:01 1845482                    /usr/lib/x86_64-linux-gnu/libXrender.so.1.3.0
7f0f4e082000-7f0f4e281000 ---p 00009000 08:01 1845482                    /usr/lib/x86_64-linux-gnu/libXrender.so.1.3.0
7f0f4e281000-7f0f4e282000 r--p 00008000 08:01 1845482                    /usr/lib/x86_64-linux-gnu/libXrender.so.1.3.0
7f0f4e282000-7f0f4e283000 rw-p 00009000 08:01 1845482                    /usr/lib/x86_64-linux-gnu/libXrender.so.1.3.0
7f0f4e283000-7f0f4e3b6000 r-xp 00000000 08:01 1846661                    /usr/lib/x86_64-linux-gnu/libX11.so.6.3.0
7f0f4e3b6000-7f0f4e5b6000 ---p 00133000 08:01 1846661                    /usr/lib/x86_64-linux-gnu/libX11.so.6.3.0
7f0f4e5b6000-7f0f4e5b7000 r--p 00133000 08:01 1846661                    /usr/lib/x86_64-linux-gnu/libX11.so.6.3.0
7f0f4e5b7000-7f0f4e5bb000 rw-p 00134000 08:01 1846661                    /usr/lib/x86_64-linux-gnu/libX11.so.6.3.0
7f0f4e5bb000-7f0f4e5cc000 r-xp 00000000 08:01 1845462                    /usr/lib/x86_64-linux-gnu/libXext.so.6.4.0
7f0f4e5cc000-7f0f4e7cb000 ---p 00011000 08:01 1845462                    /usr/lib/x86_64-linux-gnu/libXext.so.6.4.0
7f0f4e7cb000-7f0f4e7cc000 r--p 00010000 08:01 1845462                    /usr/lib/x86_64-linux-gnu/libXext.so.6.4.0
7f0f4e7cc000-7f0f4e7cd000 rw-p 00011000 08:01 1845462                    /usr/lib/x86_64-linux-gnu/libXext.so.6.4.0
7f0f4e7cd000-7f0f4e82b000 r-xp 00000000 08:01 790494                     /usr/lib/jvm/jdk-12.0.1/lib/libawt_xawt.so
7f0f4e82b000-7f0f4ea2a000 ---p 0005e000 08:01 790494                     /usr/lib/jvm/jdk-12.0.1/lib/libawt_xawt.so
7f0f4ea2a000-7f0f4ea2b000 r--p 0005d000 08:01 790494                     /usr/lib/jvm/jdk-12.0.1/lib/libawt_xawt.so
7f0f4ea2b000-7f0f4ea2e000 rw-p 0005e000 08:01 790494                     /usr/lib/jvm/jdk-12.0.1/lib/libawt_xawt.so
7f0f4ea2e000-7f0f4ea30000 rw-p 00000000 00:00 0 
7f0f4ea30000-7f0f4ead0000 r-xp 00000000 08:01 790495                     /usr/lib/jvm/jdk-12.0.1/lib/libawt.so
7f0f4ead0000-7f0f4ecd0000 ---p 000a0000 08:01 790495                     /usr/lib/jvm/jdk-12.0.1/lib/libawt.so
7f0f4ecd0000-7f0f4ecd1000 r--p 000a0000 08:01 790495                     /usr/lib/jvm/jdk-12.0.1/lib/libawt.so
7f0f4ecd1000-7f0f4ecdc000 rw-p 000a1000 08:01 790495                     /usr/lib/jvm/jdk-12.0.1/lib/libawt.so
7f0f4ecdc000-7f0f4ed01000 rw-p 00000000 00:00 0 
7f0f4ed01000-7f0f4ed17000 r-xp 00000000 08:01 796432                     /usr/lib/jvm/jdk-12.0.1/lib/libnet.so
7f0f4ed17000-7f0f4ef17000 ---p 00016000 08:01 796432                     /usr/lib/jvm/jdk-12.0.1/lib/libnet.so
7f0f4ef17000-7f0f4ef18000 r--p 00016000 08:01 796432                     /usr/lib/jvm/jdk-12.0.1/lib/libnet.so
7f0f4ef18000-7f0f4ef19000 rw-p 00017000 08:01 796432                     /usr/lib/jvm/jdk-12.0.1/lib/libnet.so
7f0f4ef19000-7f0f4ef2a000 r-xp 00000000 08:01 796429                     /usr/lib/jvm/jdk-12.0.1/lib/libnio.so
7f0f4ef2a000-7f0f4f129000 ---p 00011000 08:01 796429                     /usr/lib/jvm/jdk-12.0.1/lib/libnio.so
7f0f4f129000-7f0f4f12a000 r--p 00010000 08:01 796429                     /usr/lib/jvm/jdk-12.0.1/lib/libnio.so
7f0f4f12a000-7f0f4f12b000 rw-p 00011000 08:01 796429                     /usr/lib/jvm/jdk-12.0.1/lib/libnio.so
7f0f4f12b000-7f0f4f12f000 ---p 00000000 00:00 0 
7f0f4f12f000-7f0f4f22c000 rw-p 00000000 00:00 0 
7f0f4f22c000-7f0f4f22d000 ---p 00000000 00:00 0 
7f0f4f22d000-7f0f4f32e000 rw-p 00000000 00:00 0 
7f0f4f32e000-7f0f4f332000 ---p 00000000 00:00 0 
7f0f4f332000-7f0f4f42f000 rw-p 00000000 00:00 0 
7f0f4f42f000-7f0f4f433000 ---p 00000000 00:00 0 
7f0f4f433000-7f0f4f530000 rw-p 00000000 00:00 0 
7f0f4f530000-7f0f4f534000 ---p 00000000 00:00 0 
7f0f4f534000-7f0f4f631000 rw-p 00000000 00:00 0 
7f0f4f631000-7f0f50000000 r--p 00000000 08:01 1841870                    /usr/lib/locale/locale-archive
7f0f50000000-7f0f50021000 rw-p 00000000 00:00 0 
7f0f50021000-7f0f54000000 ---p 00000000 00:00 0 
7f0f54000000-7f0f54021000 rw-p 00000000 00:00 0 
7f0f54021000-7f0f58000000 ---p 00000000 00:00 0 
7f0f58000000-7f0f58040000 rw-p 00000000 00:00 0 
7f0f58040000-7f0f5c000000 ---p 00000000 00:00 0 
7f0f5c075000-7f0f5c079000 ---p 00000000 00:00 0 
7f0f5c079000-7f0f5c176000 rw-p 00000000 00:00 0 
7f0f5c176000-7f0f5c17a000 ---p 00000000 00:00 0 
7f0f5c17a000-7f0f5c277000 rw-p 00000000 00:00 0 
7f0f5c277000-7f0f5c27b000 ---p 00000000 00:00 0 
7f0f5c27b000-7f0f5cb78000 rw-p 00000000 00:00 0 
7f0f5cb78000-7f0f5cde8000 rwxp 00000000 00:00 0 
7f0f5cde8000-7f0f5d107000 ---p 00000000 00:00 0 
7f0f5d107000-7f0f5d377000 rwxp 00000000 00:00 0 
7f0f5d377000-7f0f6463f000 ---p 00000000 00:00 0 
7f0f6463f000-7f0f648af000 rwxp 00000000 00:00 0 
7f0f648af000-7f0f6bb78000 ---p 00000000 00:00 0 
7f0f6bb78000-7f0f74000000 r--s 00000000 08:01 790479                     /usr/lib/jvm/jdk-12.0.1/lib/modules
7f0f74000000-7f0f74326000 rw-p 00000000 00:00 0 
7f0f74326000-7f0f78000000 ---p 00000000 00:00 0 
7f0f780a8000-7f0f780d5000 r--p 00000000 08:01 264999                     /usr/share/glib-2.0/schemas/gschemas.compiled
7f0f780d5000-7f0f780d9000 ---p 00000000 00:00 0 
7f0f780d9000-7f0f781d6000 rw-p 00000000 00:00 0 
7f0f781d6000-7f0f781d7000 ---p 00000000 00:00 0 
7f0f781d7000-7f0f783c9000 rw-p 00000000 00:00 0 
7f0f783c9000-7f0f784fe000 ---p 00000000 00:00 0 
7f0f784fe000-7f0f78509000 rw-p 00000000 00:00 0 
7f0f78509000-7f0f785a2000 ---p 00000000 00:00 0 
7f0f785a2000-7f0f785b8000 rw-p 00000000 00:00 0 
7f0f785b8000-7f0f786ec000 ---p 00000000 00:00 0 
7f0f786ec000-7f0f786f2000 rw-p 00000000 00:00 0 
7f0f786f2000-7f0f787d8000 ---p 00000000 00:00 0 
7f0f787d8000-7f0f787dd000 rw-p 00000000 00:00 0 
7f0f787dd000-7f0f788c3000 ---p 00000000 00:00 0 
7f0f788c3000-7f0f788de000 r-xp 00000000 08:01 790509                     /usr/lib/jvm/jdk-12.0.1/lib/libjimage.so
7f0f788de000-7f0f78add000 ---p 0001b000 08:01 790509                     /usr/lib/jvm/jdk-12.0.1/lib/libjimage.so
7f0f78add000-7f0f78adf000 r--p 0001a000 08:01 790509                     /usr/lib/jvm/jdk-12.0.1/lib/libjimage.so
7f0f78adf000-7f0f78ae0000 rw-p 0001c000 08:01 790509                     /usr/lib/jvm/jdk-12.0.1/lib/libjimage.so
7f0f78ae0000-7f0f78ae7000 r-xp 00000000 08:01 790511                     /usr/lib/jvm/jdk-12.0.1/lib/libzip.so
7f0f78ae7000-7f0f78ce6000 ---p 00007000 08:01 790511                     /usr/lib/jvm/jdk-12.0.1/lib/libzip.so
7f0f78ce6000-7f0f78ce7000 r--p 00006000 08:01 790511                     /usr/lib/jvm/jdk-12.0.1/lib/libzip.so
7f0f78ce7000-7f0f78ce8000 rw-p 00007000 08:01 790511                     /usr/lib/jvm/jdk-12.0.1/lib/libzip.so
7f0f78ce8000-7f0f78cf3000 r-xp 00000000 08:01 137052                     /lib/x86_64-linux-gnu/libnss_files-2.27.so
7f0f78cf3000-7f0f78ef2000 ---p 0000b000 08:01 137052                     /lib/x86_64-linux-gnu/libnss_files-2.27.so
7f0f78ef2000-7f0f78ef3000 r--p 0000a000 08:01 137052                     /lib/x86_64-linux-gnu/libnss_files-2.27.so
7f0f78ef3000-7f0f78ef4000 rw-p 0000b000 08:01 137052                     /lib/x86_64-linux-gnu/libnss_files-2.27.so
7f0f78ef4000-7f0f78efa000 rw-p 00000000 00:00 0 
7f0f78efa000-7f0f78f11000 r-xp 00000000 08:01 137046                     /lib/x86_64-linux-gnu/libnsl-2.27.so
7f0f78f11000-7f0f79110000 ---p 00017000 08:01 137046                     /lib/x86_64-linux-gnu/libnsl-2.27.so
7f0f79110000-7f0f79111000 r--p 00016000 08:01 137046                     /lib/x86_64-linux-gnu/libnsl-2.27.so
7f0f79111000-7f0f79112000 rw-p 00017000 08:01 137046                     /lib/x86_64-linux-gnu/libnsl-2.27.so
7f0f79112000-7f0f79114000 rw-p 00000000 00:00 0 
7f0f79114000-7f0f7911f000 r-xp 00000000 08:01 137063                     /lib/x86_64-linux-gnu/libnss_nis-2.27.so
7f0f7911f000-7f0f7931e000 ---p 0000b000 08:01 137063                     /lib/x86_64-linux-gnu/libnss_nis-2.27.so
7f0f7931e000-7f0f7931f000 r--p 0000a000 08:01 137063                     /lib/x86_64-linux-gnu/libnss_nis-2.27.so
7f0f7931f000-7f0f79320000 rw-p 0000b000 08:01 137063                     /lib/x86_64-linux-gnu/libnss_nis-2.27.so
7f0f79320000-7f0f79328000 r-xp 00000000 08:01 137048                     /lib/x86_64-linux-gnu/libnss_compat-2.27.so
7f0f79328000-7f0f79528000 ---p 00008000 08:01 137048                     /lib/x86_64-linux-gnu/libnss_compat-2.27.so
7f0f79528000-7f0f79529000 r--p 00008000 08:01 137048                     /lib/x86_64-linux-gnu/libnss_compat-2.27.so
7f0f79529000-7f0f7952a000 rw-p 00009000 08:01 137048                     /lib/x86_64-linux-gnu/libnss_compat-2.27.so
7f0f7952a000-7f0f79552000 r-xp 00000000 08:01 790481                     /usr/lib/jvm/jdk-12.0.1/lib/libjava.so
7f0f79552000-7f0f79751000 ---p 00028000 08:01 790481                     /usr/lib/jvm/jdk-12.0.1/lib/libjava.so
7f0f79751000-7f0f79752000 r--p 00027000 08:01 790481                     /usr/lib/jvm/jdk-12.0.1/lib/libjava.so
7f0f79752000-7f0f79754000 rw-p 00028000 08:01 790481                     /usr/lib/jvm/jdk-12.0.1/lib/libjava.so
7f0f79754000-7f0f79761000 r-xp 00000000 08:01 796437                     /usr/lib/jvm/jdk-12.0.1/lib/libverify.so
7f0f79761000-7f0f79960000 ---p 0000d000 08:01 796437                     /usr/lib/jvm/jdk-12.0.1/lib/libverify.so
7f0f79960000-7f0f79962000 r--p 0000c000 08:01 796437                     /usr/lib/jvm/jdk-12.0.1/lib/libverify.so
7f0f79962000-7f0f79963000 rw-p 0000e000 08:01 796437                     /usr/lib/jvm/jdk-12.0.1/lib/libverify.so
7f0f79963000-7f0f7996a000 r-xp 00000000 08:01 137103                     /lib/x86_64-linux-gnu/librt-2.27.so
7f0f7996a000-7f0f79b69000 ---p 00007000 08:01 137103                     /lib/x86_64-linux-gnu/librt-2.27.so
7f0f79b69000-7f0f79b6a000 r--p 00006000 08:01 137103                     /lib/x86_64-linux-gnu/librt-2.27.so
7f0f79b6a000-7f0f79b6b000 rw-p 00007000 08:01 137103                     /lib/x86_64-linux-gnu/librt-2.27.so
7f0f79b6b000-7f0f79d08000 r-xp 00000000 08:01 137025                     /lib/x86_64-linux-gnu/libm-2.27.so
7f0f79d08000-7f0f79f07000 ---p 0019d000 08:01 137025                     /lib/x86_64-linux-gnu/libm-2.27.so
7f0f79f07000-7f0f79f08000 r--p 0019c000 08:01 137025                     /lib/x86_64-linux-gnu/libm-2.27.so
7f0f79f08000-7f0f79f09000 rw-p 0019d000 08:01 137025                     /lib/x86_64-linux-gnu/libm-2.27.so
7f0f79f09000-7f0f7b06d000 r-xp 00000000 08:01 937605                     /usr/lib/jvm/jdk-12.0.1/lib/server/libjvm.so
7f0f7b06d000-7f0f7b26d000 ---p 01164000 08:01 937605                     /usr/lib/jvm/jdk-12.0.1/lib/server/libjvm.so
7f0f7b26d000-7f0f7b32e000 r--p 01164000 08:01 937605                     /usr/lib/jvm/jdk-12.0.1/lib/server/libjvm.so
7f0f7b32e000-7f0f7b367000 rw-p 01225000 08:01 937605                     /usr/lib/jvm/jdk-12.0.1/lib/server/libjvm.so
7f0f7b367000-7f0f7b3ea000 rw-p 00000000 00:00 0 
7f0f7b3ea000-7f0f7b5d1000 r-xp 00000000 08:01 136962                     /lib/x86_64-linux-gnu/libc-2.27.so
7f0f7b5d1000-7f0f7b7d1000 ---p 001e7000 08:01 136962                     /lib/x86_64-linux-gnu/libc-2.27.so
7f0f7b7d1000-7f0f7b7d5000 r--p 001e7000 08:01 136962                     /lib/x86_64-linux-gnu/libc-2.27.so
7f0f7b7d5000-7f0f7b7d7000 rw-p 001eb000 08:01 136962                     /lib/x86_64-linux-gnu/libc-2.27.so
7f0f7b7d7000-7f0f7b7db000 rw-p 00000000 00:00 0 
7f0f7b7db000-7f0f7b7de000 r-xp 00000000 08:01 136985                     /lib/x86_64-linux-gnu/libdl-2.27.so
7f0f7b7de000-7f0f7b9dd000 ---p 00003000 08:01 136985                     /lib/x86_64-linux-gnu/libdl-2.27.so
7f0f7b9dd000-7f0f7b9de000 r--p 00002000 08:01 136985                     /lib/x86_64-linux-gnu/libdl-2.27.so
7f0f7b9de000-7f0f7b9df000 rw-p 00003000 08:01 136985                     /lib/x86_64-linux-gnu/libdl-2.27.so
7f0f7b9df000-7f0f7b9f9000 r-xp 00000000 08:01 137095                     /lib/x86_64-linux-gnu/libpthread-2.27.so
7f0f7b9f9000-7f0f7bbf8000 ---p 0001a000 08:01 137095                     /lib/x86_64-linux-gnu/libpthread-2.27.so
7f0f7bbf8000-7f0f7bbf9000 r--p 00019000 08:01 137095                     /lib/x86_64-linux-gnu/libpthread-2.27.so
7f0f7bbf9000-7f0f7bbfa000 rw-p 0001a000 08:01 137095                     /lib/x86_64-linux-gnu/libpthread-2.27.so
7f0f7bbfa000-7f0f7bbfe000 rw-p 00000000 00:00 0 
7f0f7bbfe000-7f0f7bc0e000 r-xp 00000000 08:01 790513                     /usr/lib/jvm/jdk-12.0.1/lib/libjli.so
7f0f7bc0e000-7f0f7be0d000 ---p 00010000 08:01 790513                     /usr/lib/jvm/jdk-12.0.1/lib/libjli.so
7f0f7be0d000-7f0f7be0e000 r--p 0000f000 08:01 790513                     /usr/lib/jvm/jdk-12.0.1/lib/libjli.so
7f0f7be0e000-7f0f7be0f000 rw-p 00010000 08:01 790513                     /usr/lib/jvm/jdk-12.0.1/lib/libjli.so
7f0f7be0f000-7f0f7be2b000 r-xp 00000000 08:01 137134                     /lib/x86_64-linux-gnu/libz.so.1.2.11
7f0f7be2b000-7f0f7c02a000 ---p 0001c000 08:01 137134                     /lib/x86_64-linux-gnu/libz.so.1.2.11
7f0f7c02a000-7f0f7c02b000 r--p 0001b000 08:01 137134                     /lib/x86_64-linux-gnu/libz.so.1.2.11
7f0f7c02b000-7f0f7c02c000 rw-p 0001c000 08:01 137134                     /lib/x86_64-linux-gnu/libz.so.1.2.11
7f0f7c02c000-7f0f7c053000 r-xp 00000000 08:01 136934                     /lib/x86_64-linux-gnu/ld-2.27.so
7f0f7c078000-7f0f7c131000 rw-p 00000000 00:00 0 
7f0f7c131000-7f0f7c138000 ---p 00000000 00:00 0 
7f0f7c138000-7f0f7c13c000 ---p 00000000 00:00 0 
7f0f7c13c000-7f0f7c23d000 rw-p 00000000 00:00 0 
7f0f7c243000-7f0f7c247000 r--p 00000000 08:01 1574428                    /home/kiit/.config/dconf/user
7f0f7c247000-7f0f7c248000 r--s 00000000 00:2e 35                         /run/user/1000/dconf/user
7f0f7c248000-7f0f7c250000 rw-s 00000000 08:01 790427                     /tmp/hsperfdata_kiit/3471
7f0f7c250000-7f0f7c251000 ---p 00000000 00:00 0 
7f0f7c251000-7f0f7c252000 r--p 00000000 00:00 0 
7f0f7c252000-7f0f7c253000 ---p 00000000 00:00 0 
7f0f7c253000-7f0f7c254000 r--p 00027000 08:01 136934                     /lib/x86_64-linux-gnu/ld-2.27.so
7f0f7c254000-7f0f7c255000 rw-p 00028000 08:01 136934                     /lib/x86_64-linux-gnu/ld-2.27.so
7f0f7c255000-7f0f7c256000 rw-p 00000000 00:00 0 
7ffc6ee81000-7ffc6eea2000 rw-p 00000000 00:00 0                          [stack]
7ffc6efb5000-7ffc6efb8000 r--p 00000000 00:00 0                          [vvar]
7ffc6efb8000-7ffc6efba000 r-xp 00000000 00:00 0                          [vdso]
ffffffffff600000-ffffffffff601000 r-xp 00000000 00:00 0                  [vsyscall]


VM Arguments:
jvm_args: -Djava.library.path=. 
java_command: Gui
java_class_path (initial): .
Launcher Type: SUN_STANDARD

[Global flags]
     intx CICompilerCount                          = 2                                         {product} {ergonomic}
   size_t InitialHeapSize                          = 65011712                                  {product} {ergonomic}
   size_t MaxHeapSize                              = 1035993088                                {product} {ergonomic}
   size_t MaxNewSize                               = 345309184                                 {product} {ergonomic}
   size_t MinHeapDeltaBytes                        = 196608                                    {product} {ergonomic}
   size_t NewSize                                  = 21626880                                  {product} {ergonomic}
    uintx NonNMethodCodeHeapSize                   = 5825164                                {pd product} {ergonomic}
    uintx NonProfiledCodeHeapSize                  = 122916538                              {pd product} {ergonomic}
   size_t OldSize                                  = 43384832                                  {product} {ergonomic}
    uintx ProfiledCodeHeapSize                     = 122916538                              {pd product} {ergonomic}
    uintx ReservedCodeCacheSize                    = 251658240                              {pd product} {ergonomic}
     bool SegmentedCodeCache                       = true                                      {product} {ergonomic}
     bool UseCompressedClassPointers               = true                                 {lp64_product} {ergonomic}
     bool UseCompressedOops                        = true                                 {lp64_product} {ergonomic}
     bool UseSerialGC                              = true                                      {product} {ergonomic}

Logging:
Log output configuration:
 #0: stdout all=warning uptime,level,tags
 #1: stderr all=off uptime,level,tags

Environment Variables:
JAVA_HOME=/usr/lib/jvm/jdk-12.0.1
PATH=/usr/local/sbin:/usr/local/bin:/usr/sbin:/usr/bin:/sbin:/bin:/usr/games:/usr/local/games:/snap/bin:/usr/lib/jvm/jdk-12.0.1/bin
USERNAME=kiit
SHELL=/bin/bash
DISPLAY=:0

Signal Handlers:
SIGSEGV: [libjvm.so+0xe45640], sa_mask[0]=11111111011111111101111111111110, sa_flags=SA_RESTART|SA_SIGINFO
SIGBUS: [libjvm.so+0xe45640], sa_mask[0]=11111111011111111101111111111110, sa_flags=SA_RESTART|SA_SIGINFO
SIGFPE: [libjvm.so+0xe45640], sa_mask[0]=11111111011111111101111111111110, sa_flags=SA_RESTART|SA_SIGINFO
SIGPIPE: SIG_IGN, sa_mask[0]=00000000000010000000000000000000, sa_flags=SA_RESTART
SIGXFSZ: [libjvm.so+0xbf4b50], sa_mask[0]=11111111011111111101111111111110, sa_flags=SA_RESTART|SA_SIGINFO
SIGILL: [libjvm.so+0xe45640], sa_mask[0]=11111111011111111101111111111110, sa_flags=SA_RESTART|SA_SIGINFO
SIGUSR2: [libjvm.so+0xbf49f0], sa_mask[0]=00000000000000000000000000000000, sa_flags=SA_RESTART|SA_SIGINFO
SIGHUP: [libjvm.so+0xbf4d50], sa_mask[0]=11111111011111111101111111111110, sa_flags=SA_RESTART|SA_SIGINFO
SIGINT: [libjvm.so+0xbf4d50], sa_mask[0]=11111111011111111101111111111110, sa_flags=SA_RESTART|SA_SIGINFO
SIGTERM: [libjvm.so+0xbf4d50], sa_mask[0]=11111111011111111101111111111110, sa_flags=SA_RESTART|SA_SIGINFO
SIGQUIT: [libjvm.so+0xbf4d50], sa_mask[0]=11111111011111111101111111111110, sa_flags=SA_RESTART|SA_SIGINFO


---------------  S Y S T E M  ---------------

OS:DISTRIB_ID=Ubuntu
DISTRIB_RELEASE=18.04
DISTRIB_CODENAME=bionic
DISTRIB_DESCRIPTION="Ubuntu 18.04.2 LTS"
uname:Linux 4.18.0-25-generic #26~18.04.1-Ubuntu SMP Thu Jun 27 07:28:31 UTC 2019 x86_64
libc:glibc 2.27 NPTL 2.27 
rlimit: STACK 8192k, CORE 0k, NPROC 15535, NOFILE 4096, AS infinity, DATA infinity, FSIZE infinity
load average:0.26 0.52 0.57

/proc/meminfo:
MemTotal:        4039524 kB
MemFree:         1078428 kB
MemAvailable:    2611296 kB
Buffers:          123816 kB
Cached:          1655928 kB
SwapCached:            0 kB
Active:          1461064 kB
Inactive:        1243520 kB
Active(anon):     925848 kB
Inactive(anon):   106896 kB
Active(file):     535216 kB
Inactive(file):  1136624 kB
Unevictable:          32 kB
Mlocked:              32 kB
SwapTotal:       1471128 kB
SwapFree:        1471128 kB
Dirty:                68 kB
Writeback:             0 kB
AnonPages:        924924 kB
Mapped:           346444 kB
Shmem:            107832 kB
Slab:             160892 kB
SReclaimable:     127392 kB
SUnreclaim:        33500 kB
KernelStack:        7104 kB
PageTables:        32904 kB
NFS_Unstable:          0 kB
Bounce:                0 kB
WritebackTmp:          0 kB
CommitLimit:     3490888 kB
Committed_AS:    3992668 kB
VmallocTotal:   34359738367 kB
VmallocUsed:           0 kB
VmallocChunk:          0 kB
HardwareCorrupted:     0 kB
AnonHugePages:         0 kB
ShmemHugePages:        0 kB
ShmemPmdMapped:        0 kB
CmaTotal:              0 kB
CmaFree:               0 kB
HugePages_Total:       0
HugePages_Free:        0
HugePages_Rsvd:        0
HugePages_Surp:        0
Hugepagesize:       2048 kB
Hugetlb:               0 kB
DirectMap4k:      122816 kB
DirectMap2M:     4071424 kB


/proc/sys/kernel/threads-max (system-wide limit on the number of threads):
31070


/proc/sys/vm/max_map_count (maximum number of memory map areas a process may have):
65530


/proc/sys/kernel/pid_max (system-wide limit on number of process identifiers):
32768



container (cgroup) information:
container_type: cgroupv1
cpu_cpuset_cpus: 0
cpu_memory_nodes: 0
active_processor_count: 1
cpu_quota: -1
cpu_period: 100000
cpu_shares: -1
memory_limit_in_bytes: -1
memory_and_swap_limit_in_bytes: -2
memory_soft_limit_in_bytes: -1
memory_usage_in_bytes: 2769481728
memory_max_usage_in_bytes: 0


CPU:total 1 (initial active 1) (1 cores per cpu, 1 threads per core) family 6 model 142 stepping 10, cmov, cx8, fxsr, mmx, sse, sse2, sse3, ssse3, sse4.1, sse4.2, popcnt, avx, avx2, aes, clmul, 3dnowpref, lzcnt, tsc, tscinvbit
CPU Model and flags from /proc/cpuinfo:
model name	: Intel(R) Core(TM) i5-8250U CPU @ 1.60GHz
flags		: fpu vme de pse tsc msr pae mce cx8 apic sep mtrr pge mca cmov pat pse36 clflush mmx fxsr sse sse2 ht syscall nx rdtscp lm constant_tsc rep_good nopl xtopology nonstop_tsc cpuid tsc_known_freq pni pclmulqdq monitor ssse3 cx16 pcid sse4_1 sse4_2 x2apic movbe popcnt aes xsave avx rdrand hypervisor lahf_lm abm 3dnowprefetch invpcid_single pti fsgsbase avx2 invpcid rdseed clflushopt md_clear flush_l1d

Memory: 4k page, physical 4039524k(1078428k free), swap 1471128k(1471128k free)

vm_info: Java HotSpot(TM) 64-Bit Server VM (12.0.1+12) for linux-amd64 JRE (12.0.1+12), built on Apr  1 2019 23:46:14 by "mach5one" with gcc 7.3.0

END.
