#
# A fatal error has been detected by the Java Runtime Environment:
#
#  SIGSEGV (0xb) at pc=0x00007f639cb956e2, pid=3013, tid=3031
#
# JRE version: Java(TM) SE Runtime Environment (12.0.1+12) (build 12.0.1+12)
# Java VM: Java HotSpot(TM) 64-Bit Server VM (12.0.1+12, mixed mode, sharing, tiered, compressed oops, serial gc, linux-amd64)
# Problematic frame:
# j  java.lang.String.valueOf(Ljava/lang/Object;)Ljava/lang/String;+10 java.base@12.0.1
#
# Core dump will be written. Default location: Core dumps may be processed with "/usr/share/apport/apport %p %s %c %d %P" (or dumping to /home/kiit/1905243/cnProject/CN-p2p-file-sharing/core.3013)
#
# If you would like to submit a bug report, please visit:
#   http://bugreport.java.com/bugreport/crash.jsp
#

---------------  S U M M A R Y ------------

Command Line: -Djava.library.path=. Gui

Host: Intel(R) Core(TM) i5-8250U CPU @ 1.60GHz, 1 cores, 3G, Ubuntu 18.04.2 LTS
Time: Sat Jan  1 21:28:04 2022 IST elapsed time: 10 seconds (0d 0h 0m 10s)

---------------  T H R E A D  ---------------

Current thread (0x00007f639800d800):  JavaThread "AWT-EventQueue-0" [_thread_in_Java, id=3031, stack(0x00007f63797c6000,0x00007f63798c7000)]

Stack: [0x00007f63797c6000,0x00007f63798c7000],  sp=0x00007f63798c4860,  free space=1018k
Native frames: (J=compiled Java code, A=aot compiled Java code, j=interpreted, Vv=VM code, C=native code)
j  java.lang.String.valueOf(Ljava/lang/Object;)Ljava/lang/String;+10 java.base@12.0.1
j  java.io.PrintStream.print(Ljava/lang/String;)V+2 java.base@12.0.1
j  java.io.PrintStream.println(Ljava/lang/String;)V+6 java.base@12.0.1
j  Login.actionPerformed(Ljava/awt/event/ActionEvent;)V+48
j  javax.swing.AbstractButton.fireActionPerformed(Ljava/awt/event/ActionEvent;)V+83 java.desktop@12.0.1
j  javax.swing.AbstractButton$Handler.actionPerformed(Ljava/awt/event/ActionEvent;)V+5 java.desktop@12.0.1
j  javax.swing.DefaultButtonModel.fireActionPerformed(Ljava/awt/event/ActionEvent;)V+34 java.desktop@12.0.1
j  javax.swing.DefaultButtonModel.setPressed(Z)V+117 java.desktop@12.0.1
j  javax.swing.plaf.basic.BasicButtonListener.mouseReleased(Ljava/awt/event/MouseEvent;)V+35 java.desktop@12.0.1
j  java.awt.Component.processMouseEvent(Ljava/awt/event/MouseEvent;)V+64 java.desktop@12.0.1
j  javax.swing.JComponent.processMouseEvent(Ljava/awt/event/MouseEvent;)V+23 java.desktop@12.0.1
j  java.awt.Component.processEvent(Ljava/awt/AWTEvent;)V+81 java.desktop@12.0.1
j  java.awt.Container.processEvent(Ljava/awt/AWTEvent;)V+18 java.desktop@12.0.1
j  java.awt.Component.dispatchEventImpl(Ljava/awt/AWTEvent;)V+496 java.desktop@12.0.1
j  java.awt.Container.dispatchEventImpl(Ljava/awt/AWTEvent;)V+42 java.desktop@12.0.1
j  java.awt.Component.dispatchEvent(Ljava/awt/AWTEvent;)V+2 java.desktop@12.0.1
j  java.awt.LightweightDispatcher.retargetMouseEvent(Ljava/awt/Component;ILjava/awt/event/MouseEvent;)V+349 java.desktop@12.0.1
j  java.awt.LightweightDispatcher.processMouseEvent(Ljava/awt/event/MouseEvent;)Z+155 java.desktop@12.0.1
j  java.awt.LightweightDispatcher.dispatchEvent(Ljava/awt/AWTEvent;)Z+50 java.desktop@12.0.1
j  java.awt.Container.dispatchEventImpl(Ljava/awt/AWTEvent;)V+12 java.desktop@12.0.1
j  java.awt.Window.dispatchEventImpl(Ljava/awt/AWTEvent;)V+19 java.desktop@12.0.1
j  java.awt.Component.dispatchEvent(Ljava/awt/AWTEvent;)V+2 java.desktop@12.0.1
j  java.awt.EventQueue.dispatchEventImpl(Ljava/awt/AWTEvent;Ljava/lang/Object;)V+41 java.desktop@12.0.1
j  java.awt.EventQueue$4.run()Ljava/lang/Void;+32 java.desktop@12.0.1
j  java.awt.EventQueue$4.run()Ljava/lang/Object;+1 java.desktop@12.0.1
J 931 c1 java.security.ProtectionDomain$JavaSecurityAccessImpl.doIntersectionPrivilege(Ljava/security/PrivilegedAction;Ljava/security/AccessControlContext;Ljava/security/AccessControlContext;)Ljava/lang/Object; java.base@12.0.1 (22 bytes) @ 0x00007f639d281b6c [0x00007f639d281680+0x00000000000004ec]
j  java.security.ProtectionDomain$JavaSecurityAccessImpl.doIntersectionPrivilege(Ljava/security/PrivilegedAction;Ljava/security/AccessControlContext;)Ljava/lang/Object;+6 java.base@12.0.1
j  java.awt.EventQueue$5.run()Ljava/lang/Void;+11 java.desktop@12.0.1
j  java.awt.EventQueue$5.run()Ljava/lang/Object;+1 java.desktop@12.0.1
J 931 c1 java.security.ProtectionDomain$JavaSecurityAccessImpl.doIntersectionPrivilege(Ljava/security/PrivilegedAction;Ljava/security/AccessControlContext;Ljava/security/AccessControlContext;)Ljava/lang/Object; java.base@12.0.1 (22 bytes) @ 0x00007f639d281b6c [0x00007f639d281680+0x00000000000004ec]
j  java.awt.EventQueue.dispatchEvent(Ljava/awt/AWTEvent;)V+73 java.desktop@12.0.1
j  java.awt.EventDispatchThread.pumpOneEventForFilters(I)V+78 java.desktop@12.0.1
j  java.awt.EventDispatchThread.pumpEventsForFilter(ILjava/awt/Conditional;Ljava/awt/EventFilter;)V+35 java.desktop@12.0.1
j  java.awt.EventDispatchThread.pumpEventsForHierarchy(ILjava/awt/Conditional;Ljava/awt/Component;)V+11 java.desktop@12.0.1
j  java.awt.EventDispatchThread.pumpEvents(ILjava/awt/Conditional;)V+4 java.desktop@12.0.1
j  java.awt.EventDispatchThread.pumpEvents(Ljava/awt/Conditional;)V+3 java.desktop@12.0.1
j  java.awt.EventDispatchThread.run()V+9 java.desktop@12.0.1
v  ~StubRoutines::call_stub
V  [libjvm.so+0x86fc39]  JavaCalls::call_helper(JavaValue*, methodHandle const&, JavaCallArguments*, Thread*)+0x3c9
V  [libjvm.so+0x86dbcd]  JavaCalls::call_virtual(JavaValue*, Handle, Klass*, Symbol*, Symbol*, Thread*)+0x1ed
V  [libjvm.so+0x91ae9c]  thread_entry(JavaThread*, Thread*)+0x6c
V  [libjvm.so+0xdd533f]  JavaThread::thread_main_inner()+0x22f
V  [libjvm.so+0xdd21bf]  Thread::call_run()+0x16f
V  [libjvm.so+0xbfe94e]  thread_native_entry(Thread*)+0xee


siginfo: si_signo: 11 (SIGSEGV), si_code: 1 (SEGV_MAPERR), si_addr: 0x00000000676f4c08

Register to memory mapping:

RAX=0x0 is NULL
RBX=0x0000000000000002 is an unknown value
RCX=0x00000000676f4c00 is an unknown value
RDX=0x0000000080000001 is an unknown value
RSP=0x00007f63798c4860 is pointing into the stack for thread: 0x00007f639800d800
RBP=0x00007f63798c48b8 is pointing into the stack for thread: 0x00007f639800d800
RSI=0x00007f63798c4940 is pointing into the stack for thread: 0x00007f639800d800
RDI=0x00007f639800e1a0 points into unknown readable memory: 03 00 00 00 1e 00 00 00
R8 ={method} {0x0000000800339428} 'println' '(Ljava/lang/String;)V' in 'java/io/PrintStream'
R9 =0x0000000000000004 is an unknown value
R10=0x00007f63bce02d80: <offset 0x00000000014ced80> in /usr/lib/jvm/jdk-12.0.1/lib/server/libjvm.so at 0x00007f63bb934000
R11=0x00007f63b400c9e0 points into unknown readable memory: 00 00 00 00 00 00 00 00
R12=0x0 is NULL
R13=0x00000008009cd0ba is pointing into metadata
R14=0x00007f63798c48c8 is pointing into the stack for thread: 0x00007f639800d800
R15=0x00007f639800d800 is a thread


Registers:
RAX=0x0000000000000000, RBX=0x0000000000000002, RCX=0x00000000676f4c00, RDX=0x0000000080000001
RSP=0x00007f63798c4860, RBP=0x00007f63798c48b8, RSI=0x00007f63798c4940, RDI=0x00007f639800e1a0
R8 =0x0000000800339428, R9 =0x0000000000000004, R10=0x00007f63bce02d80, R11=0x00007f63b400c9e0
R12=0x0000000000000000, R13=0x00000008009cd0ba, R14=0x00007f63798c48c8, R15=0x00007f639800d800
RIP=0x00007f639cb956e2, EFLAGS=0x0000000000010246, CSGSFS=0x002b000000000033, ERR=0x0000000000000004
  TRAPNO=0x000000000000000e

Top of Stack: (sp=0x00007f63798c4860)
0x00007f63798c4860:   00007f639cb81a00 00000000676f4c00
0x00007f63798c4870:   00007f63798c4870 00000008009cd0ba
0x00007f63798c4880:   00007f63798c48c8 0000000800359a88
0x00007f63798c4890:   00007f63b96dd480 00000000c2400b30 

Instructions: (pc=0x00007f639cb956e2)
0x00007f639cb956c2:   10 4c 8b 68 d8 41 83 ed 04 41 c1 e5 03 49 03 c5
0x00007f639cb956d2:   48 89 45 d8 4c 8d 6c 24 08 4c 89 6d f0 ff 63 48
0x00007f639cb956e2:   8b 41 08 48 c1 e0 03 49 bc 00 00 00 00 08 00 00
0x00007f639cb956f2:   00 49 03 c4 4d 33 e4 4c 8b 75 d8 4d 85 f6 0f 84 

Stack slot to memory mapping:
stack at sp + 0 slots: 0x00007f639cb81a00 is at code_begin+1664 in an Interpreter codelet
invoke return entry points  [0x00007f639cb81380, 0x00007f639cb81da0]  2592 bytes
stack at sp + 1 slots: 0x00000000676f4c00 is an unknown value
stack at sp + 2 slots: 0x00007f63798c4870 is pointing into the stack for thread: 0x00007f639800d800
stack at sp + 3 slots: 0x00000008009cd0ba is pointing into metadata
stack at sp + 4 slots: 0x00007f63798c48c8 is pointing into the stack for thread: 0x00007f639800d800
stack at sp + 5 slots: 0x0000000800359a88 is pointing into metadata
stack at sp + 6 slots: 0x00007f63b96dd480 is pointing into metadata
stack at sp + 7 slots: 0x00000000c2400b30 points into unknown readable memory: 01 41 3a 2b 45 00 00 00

invokevirtual  182 invokevirtual  [0x00007f639cb95400, 0x00007f639cb95920]  1312 bytes

---------------  P R O C E S S  ---------------

Threads class SMR info:
_java_thread_list=0x00000000007f57a0, length=14, elements={
0x00007f63b4059800, 0x00007f63b405b800, 0x00007f63b4062000, 0x00007f63b4064000,
0x00007f63b4066000, 0x00007f63b4068000, 0x00007f63b40a2800, 0x00007f63b40ab800,
0x00007f63b41e4800, 0x00007f63b420b000, 0x00007f63b42b5000, 0x00007f639800d800,
0x00007f63b4011000, 0x00000000007f4000
}

Java Threads: ( => current thread )
  0x00007f63b4059800 JavaThread "Reference Handler" daemon [_thread_blocked, id=3016, stack(0x00007f63b9300000,0x00007f63b9401000)]
  0x00007f63b405b800 JavaThread "Finalizer" daemon [_thread_blocked, id=3017, stack(0x00007f63b91ff000,0x00007f63b9300000)]
  0x00007f63b4062000 JavaThread "Signal Dispatcher" daemon [_thread_blocked, id=3018, stack(0x00007f63b872f000,0x00007f63b8830000)]
  0x00007f63b4064000 JavaThread "C2 CompilerThread0" daemon [_thread_blocked, id=3019, stack(0x00007f63b862e000,0x00007f63b872f000)]
  0x00007f63b4066000 JavaThread "C1 CompilerThread0" daemon [_thread_blocked, id=3020, stack(0x00007f63b852d000,0x00007f63b862e000)]
  0x00007f63b4068000 JavaThread "Sweeper thread" daemon [_thread_blocked, id=3021, stack(0x00007f63b842c000,0x00007f63b852d000)]
  0x00007f63b40a2800 JavaThread "Service Thread" daemon [_thread_blocked, id=3022, stack(0x00007f63b832b000,0x00007f63b842c000)]
  0x00007f63b40ab800 JavaThread "Common-Cleaner" daemon [_thread_blocked, id=3024, stack(0x00007f63b8128000,0x00007f63b8229000)]
  0x00007f63b41e4800 JavaThread "Java2D Disposer" daemon [_thread_blocked, id=3028, stack(0x00007f637c73a000,0x00007f637c83b000)]
  0x00007f63b420b000 JavaThread "AWT-XAWT" daemon [_thread_in_native, id=3029, stack(0x00007f637c639000,0x00007f637c73a000)]
  0x00007f63b42b5000 JavaThread "AWT-Shutdown" [_thread_blocked, id=3030, stack(0x00007f63798c7000,0x00007f63799c8000)]
=>0x00007f639800d800 JavaThread "AWT-EventQueue-0" [_thread_in_Java, id=3031, stack(0x00007f63797c6000,0x00007f63798c7000)]
  0x00007f63b4011000 JavaThread "DestroyJavaVM" [_thread_blocked, id=3014, stack(0x00007f63bdb63000,0x00007f63bdc64000)]
  0x00000000007f4000 JavaThread "TimerQueue" daemon [_thread_blocked, id=3032, stack(0x00007f63794c5000,0x00007f63795c6000)]

Other Threads:
  0x00007f63b4056800 VMThread "VM Thread" [stack: 0x00007f63b9403000,0x00007f63b9503000] [id=3015]
  0x00007f63b40a9000 WatcherThread [stack: 0x00007f63b822b000,0x00007f63b832b000] [id=3023]

Threads with active compile tasks:

VM state:not at safepoint (normal execution)

VM Mutex/Monitor currently owned by a thread: None

Heap address: 0x00000000c2400000, size: 988 MB, Compressed Oops mode: 32-bit
Narrow klass base: 0x0000000800000000, Narrow klass shift: 3
Compressed class space size: 1073741824 Address: 0x0000000801129000

Heap:
 def new generation   total 19008K, used 8793K [0x00000000c2400000, 0x00000000c38a0000, 0x00000000d6d50000)
  eden space 16896K,  52% used [0x00000000c2400000, 0x00000000c2c96780, 0x00000000c3480000)
  from space 2112K,   0% used [0x00000000c3480000, 0x00000000c3480000, 0x00000000c3690000)
  to   space 2112K,   0% used [0x00000000c3690000, 0x00000000c3690000, 0x00000000c38a0000)
 tenured generation   total 42368K, used 0K [0x00000000d6d50000, 0x00000000d96b0000, 0x0000000100000000)
   the space 42368K,   0% used [0x00000000d6d50000, 0x00000000d6d50000, 0x00000000d6d50200, 0x00000000d96b0000)
 Metaspace       used 9809K, capacity 10214K, committed 10624K, reserved 1058816K
  class space    used 1099K, capacity 1289K, committed 1408K, reserved 1048576K

Card table byte_map: [0x00007f63b9f29000,0x00007f63ba118000] _byte_map_base: 0x00007f63b9917000

Polling page: 0x00007f63bdc7b000

Metaspace:

Usage:
  Non-class:      8.72 MB capacity,     8.51 MB ( 98%) used,   181.77 KB (  2%) free+waste,    33.19 KB ( <1%) overhead. 
      Class:      1.26 MB capacity,     1.07 MB ( 85%) used,   169.96 KB ( 13%) free+waste,    19.50 KB (  2%) overhead. 
       Both:      9.97 MB capacity,     9.58 MB ( 96%) used,   351.73 KB (  3%) free+waste,    52.69 KB ( <1%) overhead. 

Virtual space:
  Non-class space:       10.00 MB reserved,       9.00 MB ( 90%) committed 
      Class space:        1.00 GB reserved,       1.38 MB ( <1%) committed 
             Both:        1.01 GB reserved,      10.38 MB (  1%) committed 

Chunk freelists:
   Non-Class:  17.38 KB
       Class:  2.38 KB
        Both:  19.75 KB

CodeHeap 'non-profiled nmethods': size=120036Kb used=292Kb max_used=292Kb free=119743Kb
 bounds [0x00007f63a463f000, 0x00007f63a48af000, 0x00007f63abb78000]
CodeHeap 'profiled nmethods': size=120032Kb used=1584Kb max_used=1584Kb free=118447Kb
 bounds [0x00007f639d107000, 0x00007f639d377000, 0x00007f63a463f000]
CodeHeap 'non-nmethods': size=5692Kb used=1248Kb max_used=1262Kb free=4443Kb
 bounds [0x00007f639cb78000, 0x00007f639cde8000, 0x00007f639d107000]
 total_blobs=1727 nmethods=973 adapters=560
 compilation: enabled
              stopped_count=0, restarted_count=0
 full_count=0

Compilation events (10 events):
Event: 9.849 Thread 0x00007f63b4066000  969       3       sun.java2d.xr.XRSurfaceData::validateAsDestination (163 bytes)
Event: 9.851 Thread 0x00007f63b4066000 nmethod 969 0x00007f639d28d990 code [0x00007f639d28dc00, 0x00007f639d28e688]
Event: 9.852 Thread 0x00007f63b4066000  970   !   3       sun.java2d.xr.XRCompositeManager::validateCompositeState (187 bytes)
Event: 9.857 Thread 0x00007f63b4066000 nmethod 970 0x00007f639d28ea10 code [0x00007f639d28ece0, 0x00007f639d28fa28]
Event: 9.864 Thread 0x00007f63b4066000  971       3       java.lang.invoke.MethodHandles::argumentsWithCombinerChecks (189 bytes)
Event: 9.873 Thread 0x00007f63b4066000 nmethod 971 0x00007f639d28ff90 code [0x00007f639d290420, 0x00007f639d292258]
Event: 9.873 Thread 0x00007f63b4066000  973       1       sun.java2d.xr.MutableInteger::getValue (5 bytes)
Event: 9.873 Thread 0x00007f63b4066000 nmethod 973 0x00007f63a4687f90 code [0x00007f63a4688140, 0x00007f63a4688270]
Event: 9.873 Thread 0x00007f63b4066000  972       3       sun.java2d.pipe.Region::<init> (26 bytes)
Event: 9.874 Thread 0x00007f63b4066000 nmethod 972 0x00007f639d292e90 code [0x00007f639d293040, 0x00007f639d293210]

GC Heap History (0 events):
No events

Deoptimization events (5 events):
Event: 0.253 Thread 0x00007f63b4011000 Uncommon trap: reason=unstable_if action=reinterpret pc=0x00007f63a46438d4 method=java.lang.String.hashCode()I @ 14 c2
Event: 4.973 Thread 0x00007f639800d800 Uncommon trap: reason=class_check action=maybe_recompile pc=0x00007f63a4657068 method=java.lang.String.equals(Ljava/lang/Object;)Z @ 8 c2
Event: 4.973 Thread 0x00007f639800d800 Uncommon trap: reason=class_check action=maybe_recompile pc=0x00007f63a4657068 method=java.lang.String.equals(Ljava/lang/Object;)Z @ 8 c2
Event: 8.265 Thread 0x00007f639800d800 Uncommon trap: reason=class_check action=maybe_recompile pc=0x00007f63a4657068 method=java.lang.String.equals(Ljava/lang/Object;)Z @ 8 c2
Event: 8.265 Thread 0x00007f639800d800 Uncommon trap: reason=class_check action=maybe_recompile pc=0x00007f63a4657068 method=java.lang.String.equals(Ljava/lang/Object;)Z @ 8 c2

Classes redefined (0 events):
No events

Internal exceptions (10 events):
Event: 1.732 Thread 0x00007f63b4011000 Exception <a 'java/lang/NoSuchMethodError'{0x00000000c29de7b0}: java.lang.invoke.DirectMethodHandle$Holder.invokeStatic(Ljava/lang/Object;Ljava/lang/Object;Ljava/lang/Object;Ljava/lang/Object;Ljava/lang/Object;Ljava/lang/Object;Ljava/lang/Object;Ljava/lan
Event: 1.744 Thread 0x00007f63b4011000 Exception <a 'java/lang/NoSuchMethodError'{0x00000000c29ead40}: java.lang.invoke.DirectMethodHandle$Holder.invokeSpecial(Ljava/lang/Object;Ljava/lang/Object;JLjava/lang/Object;Ljava/lang/Object;Ljava/lang/Object;Ljava/lang/Object;Ljava/lang/Object;)Ljava/
Event: 1.744 Thread 0x00007f63b4011000 Exception <a 'java/lang/NoSuchMethodError'{0x00000000c29ee3c0}: java.lang.invoke.DelegatingMethodHandle$Holder.reinvoke_L(Ljava/lang/Object;JLjava/lang/Object;Ljava/lang/Object;Ljava/lang/Object;Ljava/lang/Object;Ljava/lang/Object;)Ljava/lang/Object;> (0x
Event: 1.749 Thread 0x00007f63b4011000 Exception <a 'java/lang/NoSuchMethodError'{0x00000000c2a02a80}: java.lang.invoke.DirectMethodHandle$Holder.invokeStatic(Ljava/lang/Object;Ljava/lang/Object;Ljava/lang/Object;Ljava/lang/Object;Ljava/lang/Object;J)Ljava/lang/Object;> (0x00000000c2a02a80) th
Event: 1.763 Thread 0x00007f63b4011000 Exception <a 'java/lang/NoSuchMethodError'{0x00000000c2a1fe48}: java.lang.invoke.Invokers$Holder.linkToTargetMethod(Ljava/lang/Object;Ljava/lang/Object;Ljava/lang/Object;Ljava/lang/Object;Ljava/lang/Object;Ljava/lang/Object;)Ljava/lang/Object;> (0x0000000
Event: 1.783 Thread 0x00007f63b4011000 Exception <a 'java/lang/NoSuchMethodError'{0x00000000c2a58028}: java.lang.invoke.DirectMethodHandle$Holder.invokeSpecial(Ljava/lang/Object;Ljava/lang/Object;JLjava/lang/Object;Ljava/lang/Object;Ljava/lang/Object;Ljava/lang/Object;)Ljava/lang/Object;> (0x0
Event: 1.783 Thread 0x00007f63b4011000 Exception <a 'java/lang/NoSuchMethodError'{0x00000000c2a5b460}: java.lang.invoke.DelegatingMethodHandle$Holder.reinvoke_L(Ljava/lang/Object;JLjava/lang/Object;Ljava/lang/Object;Ljava/lang/Object;Ljava/lang/Object;)Ljava/lang/Object;> (0x00000000c2a5b460) 
Event: 1.797 Thread 0x00007f63b4011000 Exception <a 'java/lang/NoSuchMethodError'{0x00000000c2a72c08}: java.lang.invoke.DirectMethodHandle$Holder.invokeStatic(Ljava/lang/Object;Ljava/lang/Object;Ljava/lang/Object;Ljava/lang/Object;Ljava/lang/Object;Ljava/lang/Object;J)Ljava/lang/Object;> (0x00
Event: 1.808 Thread 0x00007f63b4011000 Exception <a 'java/lang/NoSuchMethodError'{0x00000000c2a89598}: java.lang.invoke.DirectMethodHandle$Holder.invokeStatic(Ljava/lang/Object;Ljava/lang/Object;Ljava/lang/Object;Ljava/lang/Object;Ljava/lang/Object;Ljava/lang/Object;JLjava/lang/Object;)Ljava/l
Event: 2.363 Thread 0x00007f639800d800 Exception <a 'java/lang/UnsupportedOperationException'{0x00000000c2bbced8}: > (0x00000000c2bbced8) thrown at [/scratch/opt/mach5/mesos/work_dir/slaves/2dd962d0-8988-479b-a804-57ab764ada59-S77524/frameworks/1735e8a2-a1db-478c-8104-60c8b0af87dd-0196/executo

Events (10 events):
Event: 7.670 loading class javax/swing/Autoscroller
Event: 7.670 loading class javax/swing/Autoscroller done
Event: 8.265 Thread 0x00007f639800d800 Uncommon trap: trap_request=0xffffffde fr.pc=0x00007f63a4657068 relative=0x00000000000001c8
Event: 8.265 Thread 0x00007f639800d800 DEOPT PACKING pc=0x00007f63a4657068 sp=0x00007f63798c4700
Event: 8.265 Thread 0x00007f639800d800 DEOPT UNPACKING pc=0x00007f639cba0825 sp=0x00007f63798c46c8 mode 2
Event: 8.265 Thread 0x00007f639800d800 Uncommon trap: trap_request=0xffffffde fr.pc=0x00007f63a4657068 relative=0x00000000000001c8
Event: 8.265 Thread 0x00007f639800d800 DEOPT PACKING pc=0x00007f63a4657068 sp=0x00007f63798c4700
Event: 8.265 Thread 0x00007f639800d800 DEOPT UNPACKING pc=0x00007f639cba0825 sp=0x00007f63798c46c8 mode 2
Event: 8.265 Executing VM operation: RevokeBias
Event: 8.265 Executing VM operation: RevokeBias done


Dynamic libraries:
00400000-00401000 r-xp 00000000 08:01 937687                             /usr/lib/jvm/jdk-12.0.1/bin/java
00600000-00601000 r--p 00000000 08:01 937687                             /usr/lib/jvm/jdk-12.0.1/bin/java
00601000-00602000 rw-p 00001000 08:01 937687                             /usr/lib/jvm/jdk-12.0.1/bin/java
007c8000-0080a000 rw-p 00000000 00:00 0                                  [heap]
c2400000-c38a0000 rw-p 00000000 00:00 0 
c38a0000-d6d50000 ---p 00000000 00:00 0 
d6d50000-d96b0000 rw-p 00000000 00:00 0 
d96b0000-100000000 ---p 00000000 00:00 0 
800000000-800003000 rwxp 00001000 08:01 937604                           /usr/lib/jvm/jdk-12.0.1/lib/server/classes.jsa
800003000-8003d9000 rw-p 00004000 08:01 937604                           /usr/lib/jvm/jdk-12.0.1/lib/server/classes.jsa
8003d9000-800ae3000 r--p 003da000 08:01 937604                           /usr/lib/jvm/jdk-12.0.1/lib/server/classes.jsa
800ae3000-800ae4000 rw-p 00ae4000 08:01 937604                           /usr/lib/jvm/jdk-12.0.1/lib/server/classes.jsa
800ae4000-801129000 r--p 00ae5000 08:01 937604                           /usr/lib/jvm/jdk-12.0.1/lib/server/classes.jsa
801129000-801289000 rw-p 00000000 00:00 0 
801289000-841129000 ---p 00000000 00:00 0 
7f6379139000-7f63794c5000 rw-p 00000000 00:00 0 
7f63794c5000-7f63794c9000 ---p 00000000 00:00 0 
7f63794c9000-7f63796c6000 rw-p 00000000 00:00 0 
7f63796c6000-7f63797c6000 ---p 00000000 00:00 0 
7f63797c6000-7f63797ca000 ---p 00000000 00:00 0 
7f63797ca000-7f63798c7000 rw-p 00000000 00:00 0 
7f63798c7000-7f63798cb000 ---p 00000000 00:00 0 
7f63798cb000-7f63799c8000 rw-p 00000000 00:00 0 
7f63799c8000-7f63799cd000 r-xp 00000000 08:01 1845464                    /usr/lib/x86_64-linux-gnu/libXfixes.so.3.1.0
7f63799cd000-7f6379bcc000 ---p 00005000 08:01 1845464                    /usr/lib/x86_64-linux-gnu/libXfixes.so.3.1.0
7f6379bcc000-7f6379bcd000 r--p 00004000 08:01 1845464                    /usr/lib/x86_64-linux-gnu/libXfixes.so.3.1.0
7f6379bcd000-7f6379bce000 rw-p 00005000 08:01 1845464                    /usr/lib/x86_64-linux-gnu/libXfixes.so.3.1.0
7f6379bce000-7f6379bd7000 r-xp 00000000 08:01 1845456                    /usr/lib/x86_64-linux-gnu/libXcursor.so.1.0.2
7f6379bd7000-7f6379dd6000 ---p 00009000 08:01 1845456                    /usr/lib/x86_64-linux-gnu/libXcursor.so.1.0.2
7f6379dd6000-7f6379dd7000 r--p 00008000 08:01 1845456                    /usr/lib/x86_64-linux-gnu/libXcursor.so.1.0.2
7f6379dd7000-7f6379dd8000 rw-p 00009000 08:01 1845456                    /usr/lib/x86_64-linux-gnu/libXcursor.so.1.0.2
7f6379dd8000-7f6379dd9000 ---p 00000000 00:00 0 
7f6379dd9000-7f637a5d9000 rw-p 00000000 00:00 0 
7f637a5d9000-7f637a60a000 r-xp 00000000 08:01 397877                     /usr/lib/x86_64-linux-gnu/gio/modules/libgvfsdbus.so
7f637a60a000-7f637a80a000 ---p 00031000 08:01 397877                     /usr/lib/x86_64-linux-gnu/gio/modules/libgvfsdbus.so
7f637a80a000-7f637a80c000 r--p 00031000 08:01 397877                     /usr/lib/x86_64-linux-gnu/gio/modules/libgvfsdbus.so
7f637a80c000-7f637a80d000 rw-p 00033000 08:01 397877                     /usr/lib/x86_64-linux-gnu/gio/modules/libgvfsdbus.so
7f637a80d000-7f637a819000 r-xp 00000000 08:01 397872                     /usr/lib/x86_64-linux-gnu/gio/modules/libdconfsettings.so
7f637a819000-7f637aa18000 ---p 0000c000 08:01 397872                     /usr/lib/x86_64-linux-gnu/gio/modules/libdconfsettings.so
7f637aa18000-7f637aa19000 r--p 0000b000 08:01 397872                     /usr/lib/x86_64-linux-gnu/gio/modules/libdconfsettings.so
7f637aa19000-7f637aa1a000 rw-p 0000c000 08:01 397872                     /usr/lib/x86_64-linux-gnu/gio/modules/libdconfsettings.so
7f637aa1a000-7f637aa1b000 ---p 00000000 00:00 0 
7f637aa1b000-7f637b21b000 rw-p 00000000 00:00 0 
7f637b21b000-7f637b21c000 ---p 00000000 00:00 0 
7f637b21c000-7f637ba1c000 rw-p 00000000 00:00 0 
7f637ba1c000-7f637ba52000 r-xp 00000000 08:01 398181                     /usr/lib/x86_64-linux-gnu/gvfs/libgvfscommon.so
7f637ba52000-7f637bc52000 ---p 00036000 08:01 398181                     /usr/lib/x86_64-linux-gnu/gvfs/libgvfscommon.so
7f637bc52000-7f637bc58000 r--p 00036000 08:01 398181                     /usr/lib/x86_64-linux-gnu/gvfs/libgvfscommon.so
7f637bc58000-7f637bc59000 rw-p 0003c000 08:01 398181                     /usr/lib/x86_64-linux-gnu/gvfs/libgvfscommon.so
7f637bc59000-7f637bc73000 r-xp 00000000 08:01 397876                     /usr/lib/x86_64-linux-gnu/gio/modules/libgioremote-volume-monitor.so
7f637bc73000-7f637be72000 ---p 0001a000 08:01 397876                     /usr/lib/x86_64-linux-gnu/gio/modules/libgioremote-volume-monitor.so
7f637be72000-7f637be75000 r--p 00019000 08:01 397876                     /usr/lib/x86_64-linux-gnu/gio/modules/libgioremote-volume-monitor.so
7f637be75000-7f637be76000 rw-p 0001c000 08:01 397876                     /usr/lib/x86_64-linux-gnu/gio/modules/libgioremote-volume-monitor.so
7f637be76000-7f637be8d000 r-xp 00000000 08:01 136771                     /lib/x86_64-linux-gnu/libgcc_s.so.1
7f637be8d000-7f637c08c000 ---p 00017000 08:01 136771                     /lib/x86_64-linux-gnu/libgcc_s.so.1
7f637c08c000-7f637c08d000 r--p 00016000 08:01 136771                     /lib/x86_64-linux-gnu/libgcc_s.so.1
7f637c08d000-7f637c08e000 rw-p 00017000 08:01 136771                     /lib/x86_64-linux-gnu/libgcc_s.so.1
7f637c08e000-7f637c207000 r-xp 00000000 08:01 1845922                    /usr/lib/x86_64-linux-gnu/libstdc++.so.6.0.25
7f637c207000-7f637c407000 ---p 00179000 08:01 1845922                    /usr/lib/x86_64-linux-gnu/libstdc++.so.6.0.25
7f637c407000-7f637c411000 r--p 00179000 08:01 1845922                    /usr/lib/x86_64-linux-gnu/libstdc++.so.6.0.25
7f637c411000-7f637c413000 rw-p 00183000 08:01 1845922                    /usr/lib/x86_64-linux-gnu/libstdc++.so.6.0.25
7f637c413000-7f637c417000 rw-p 00000000 00:00 0 
7f637c417000-7f637c435000 r-xp 00000000 08:01 1846335                    /usr/lib/x86_64-linux-gnu/libproxy.so.1.0.0
7f637c435000-7f637c635000 ---p 0001e000 08:01 1846335                    /usr/lib/x86_64-linux-gnu/libproxy.so.1.0.0
7f637c635000-7f637c636000 r--p 0001e000 08:01 1846335                    /usr/lib/x86_64-linux-gnu/libproxy.so.1.0.0
7f637c636000-7f637c637000 rw-p 0001f000 08:01 1846335                    /usr/lib/x86_64-linux-gnu/libproxy.so.1.0.0
7f637c639000-7f637c63d000 ---p 00000000 00:00 0 
7f637c63d000-7f637c73a000 rw-p 00000000 00:00 0 
7f637c73a000-7f637c73e000 ---p 00000000 00:00 0 
7f637c73e000-7f637c83b000 rw-p 00000000 00:00 0 
7f637c83b000-7f637c841000 r-xp 00000000 08:01 137130                     /lib/x86_64-linux-gnu/libuuid.so.1.3.0
7f637c841000-7f637ca40000 ---p 00006000 08:01 137130                     /lib/x86_64-linux-gnu/libuuid.so.1.3.0
7f637ca40000-7f637ca41000 r--p 00005000 08:01 137130                     /lib/x86_64-linux-gnu/libuuid.so.1.3.0
7f637ca41000-7f637ca42000 rw-p 00006000 08:01 137130                     /lib/x86_64-linux-gnu/libuuid.so.1.3.0
7f637ca42000-7f637ca89000 r-xp 00000000 08:01 136954                     /lib/x86_64-linux-gnu/libblkid.so.1.1.0
7f637ca89000-7f637cc89000 ---p 00047000 08:01 136954                     /lib/x86_64-linux-gnu/libblkid.so.1.1.0
7f637cc89000-7f637cc8d000 r--p 00047000 08:01 136954                     /lib/x86_64-linux-gnu/libblkid.so.1.1.0
7f637cc8d000-7f637cc8e000 rw-p 0004b000 08:01 136954                     /lib/x86_64-linux-gnu/libblkid.so.1.1.0
7f637cc8e000-7f637cc8f000 rw-p 00000000 00:00 0 
7f637cc8f000-7f637ccff000 r-xp 00000000 08:01 137084                     /lib/x86_64-linux-gnu/libpcre.so.3.13.3
7f637ccff000-7f637ceff000 ---p 00070000 08:01 137084                     /lib/x86_64-linux-gnu/libpcre.so.3.13.3
7f637ceff000-7f637cf00000 r--p 00070000 08:01 137084                     /lib/x86_64-linux-gnu/libpcre.so.3.13.3
7f637cf00000-7f637cf01000 rw-p 00071000 08:01 137084                     /lib/x86_64-linux-gnu/libpcre.so.3.13.3
7f637cf01000-7f637cf08000 r-xp 00000000 08:01 1845797                    /usr/lib/x86_64-linux-gnu/libffi.so.6.0.4
7f637cf08000-7f637d107000 ---p 00007000 08:01 1845797                    /usr/lib/x86_64-linux-gnu/libffi.so.6.0.4
7f637d107000-7f637d108000 r--p 00006000 08:01 1845797                    /usr/lib/x86_64-linux-gnu/libffi.so.6.0.4
7f637d108000-7f637d109000 rw-p 00007000 08:01 1845797                    /usr/lib/x86_64-linux-gnu/libffi.so.6.0.4
7f637d109000-7f637d15a000 r-xp 00000000 08:01 137031                     /lib/x86_64-linux-gnu/libmount.so.1.1.0
7f637d15a000-7f637d359000 ---p 00051000 08:01 137031                     /lib/x86_64-linux-gnu/libmount.so.1.1.0
7f637d359000-7f637d35b000 r--p 00050000 08:01 137031                     /lib/x86_64-linux-gnu/libmount.so.1.1.0
7f637d35b000-7f637d35c000 rw-p 00052000 08:01 137031                     /lib/x86_64-linux-gnu/libmount.so.1.1.0
7f637d35c000-7f637d35d000 rw-p 00000000 00:00 0 
7f637d35d000-7f637d374000 r-xp 00000000 08:01 137101                     /lib/x86_64-linux-gnu/libresolv-2.27.so
7f637d374000-7f637d574000 ---p 00017000 08:01 137101                     /lib/x86_64-linux-gnu/libresolv-2.27.so
7f637d574000-7f637d575000 r--p 00017000 08:01 137101                     /lib/x86_64-linux-gnu/libresolv-2.27.so
7f637d575000-7f637d576000 rw-p 00018000 08:01 137101                     /lib/x86_64-linux-gnu/libresolv-2.27.so
7f637d576000-7f637d578000 rw-p 00000000 00:00 0 
7f637d578000-7f637d59d000 r-xp 00000000 08:01 137107                     /lib/x86_64-linux-gnu/libselinux.so.1
7f637d59d000-7f637d79c000 ---p 00025000 08:01 137107                     /lib/x86_64-linux-gnu/libselinux.so.1
7f637d79c000-7f637d79d000 r--p 00024000 08:01 137107                     /lib/x86_64-linux-gnu/libselinux.so.1
7f637d79d000-7f637d79e000 rw-p 00025000 08:01 137107                     /lib/x86_64-linux-gnu/libselinux.so.1
7f637d79e000-7f637d7a0000 rw-p 00000000 00:00 0 
7f637d7a0000-7f637d8b3000 r-xp 00000000 08:01 1845891                    /usr/lib/x86_64-linux-gnu/libglib-2.0.so.0.5600.3
7f637d8b3000-7f637dab3000 ---p 00113000 08:01 1845891                    /usr/lib/x86_64-linux-gnu/libglib-2.0.so.0.5600.3
7f637dab3000-7f637dab4000 r--p 00113000 08:01 1845891                    /usr/lib/x86_64-linux-gnu/libglib-2.0.so.0.5600.3
7f637dab4000-7f637dab5000 rw-p 00114000 08:01 1845891                    /usr/lib/x86_64-linux-gnu/libglib-2.0.so.0.5600.3
7f637dab5000-7f637dab6000 rw-p 00000000 00:00 0 
7f637dab6000-7f637dab9000 r-xp 00000000 08:01 1845895                    /usr/lib/x86_64-linux-gnu/libgmodule-2.0.so.0.5600.3
7f637dab9000-7f637dcb8000 ---p 00003000 08:01 1845895                    /usr/lib/x86_64-linux-gnu/libgmodule-2.0.so.0.5600.3
7f637dcb8000-7f637dcb9000 r--p 00002000 08:01 1845895                    /usr/lib/x86_64-linux-gnu/libgmodule-2.0.so.0.5600.3
7f637dcb9000-7f637dcba000 rw-p 00003000 08:01 1845895                    /usr/lib/x86_64-linux-gnu/libgmodule-2.0.so.0.5600.3
7f637dcba000-7f637dd0c000 r-xp 00000000 08:01 1845919                    /usr/lib/x86_64-linux-gnu/libgobject-2.0.so.0.5600.3
7f637dd0c000-7f637df0c000 ---p 00052000 08:01 1845919                    /usr/lib/x86_64-linux-gnu/libgobject-2.0.so.0.5600.3
7f637df0c000-7f637df0d000 r--p 00052000 08:01 1845919                    /usr/lib/x86_64-linux-gnu/libgobject-2.0.so.0.5600.3
7f637df0d000-7f637df0e000 rw-p 00053000 08:01 1845919                    /usr/lib/x86_64-linux-gnu/libgobject-2.0.so.0.5600.3
7f637df0e000-7f637e0a3000 r-xp 00000000 08:01 1845885                    /usr/lib/x86_64-linux-gnu/libgio-2.0.so.0.5600.3
7f637e0a3000-7f637e2a3000 ---p 00195000 08:01 1845885                    /usr/lib/x86_64-linux-gnu/libgio-2.0.so.0.5600.3
7f637e2a3000-7f637e2aa000 r--p 00195000 08:01 1845885                    /usr/lib/x86_64-linux-gnu/libgio-2.0.so.0.5600.3
7f637e2aa000-7f637e2ab000 rw-p 0019c000 08:01 1845885                    /usr/lib/x86_64-linux-gnu/libgio-2.0.so.0.5600.3
7f637e2ab000-7f637e2ad000 rw-p 00000000 00:00 0 
7f637e2ad000-7f637e2b7000 r-xp 00000000 08:01 1845480                    /usr/lib/x86_64-linux-gnu/libXrandr.so.2.2.0
7f637e2b7000-7f637e4b6000 ---p 0000a000 08:01 1845480                    /usr/lib/x86_64-linux-gnu/libXrandr.so.2.2.0
7f637e4b6000-7f637e4b7000 r--p 00009000 08:01 1845480                    /usr/lib/x86_64-linux-gnu/libXrandr.so.2.2.0
7f637e4b7000-7f637e4b8000 rw-p 0000a000 08:01 1845480                    /usr/lib/x86_64-linux-gnu/libXrandr.so.2.2.0
7f637e4b8000-7f637e4e9000 r-xp 00000000 08:01 1846319                    /usr/lib/x86_64-linux-gnu/libpng16.so.16.34.0
7f637e4e9000-7f637e6e8000 ---p 00031000 08:01 1846319                    /usr/lib/x86_64-linux-gnu/libpng16.so.16.34.0
7f637e6e8000-7f637e6e9000 r--p 00030000 08:01 1846319                    /usr/lib/x86_64-linux-gnu/libpng16.so.16.34.0
7f637e6e9000-7f637e6ea000 rw-p 00031000 08:01 1846319                    /usr/lib/x86_64-linux-gnu/libpng16.so.16.34.0
7f637e6ea000-7f637e797000 r-xp 00000000 08:01 1845829                    /usr/lib/x86_64-linux-gnu/libfreetype.so.6.15.0
7f637e797000-7f637e996000 ---p 000ad000 08:01 1845829                    /usr/lib/x86_64-linux-gnu/libfreetype.so.6.15.0
7f637e996000-7f637e99d000 r--p 000ac000 08:01 1845829                    /usr/lib/x86_64-linux-gnu/libfreetype.so.6.15.0
7f637e99d000-7f637e99e000 rw-p 000b3000 08:01 1845829                    /usr/lib/x86_64-linux-gnu/libfreetype.so.6.15.0
7f637e99e000-7f637ea5b000 r-xp 00000000 08:01 790477                     /usr/lib/jvm/jdk-12.0.1/lib/libfontmanager.so
7f637ea5b000-7f637ec5a000 ---p 000bd000 08:01 790477                     /usr/lib/jvm/jdk-12.0.1/lib/libfontmanager.so
7f637ec5a000-7f637ec5c000 r--p 000bc000 08:01 790477                     /usr/lib/jvm/jdk-12.0.1/lib/libfontmanager.so
7f637ec5c000-7f637ec5d000 rw-p 000be000 08:01 790477                     /usr/lib/jvm/jdk-12.0.1/lib/libfontmanager.so
7f637ec5d000-7f637ec5e000 rw-p 00000000 00:00 0 
7f637ec5e000-7f637ec60000 r-xp 00000000 08:01 1709073                    /home/kiit/1905243/cnProject/CN-p2p-file-sharing/libnative.so
7f637ec60000-7f637ee5f000 ---p 00002000 08:01 1709073                    /home/kiit/1905243/cnProject/CN-p2p-file-sharing/libnative.so
7f637ee5f000-7f637ee60000 r--p 00001000 08:01 1709073                    /home/kiit/1905243/cnProject/CN-p2p-file-sharing/libnative.so
7f637ee60000-7f637ee61000 rw-p 00002000 08:01 1709073                    /home/kiit/1905243/cnProject/CN-p2p-file-sharing/libnative.so
7f637ee61000-7f637ee74000 r-xp 00000000 08:01 136819                     /lib/x86_64-linux-gnu/libbsd.so.0.8.7
7f637ee74000-7f637f073000 ---p 00013000 08:01 136819                     /lib/x86_64-linux-gnu/libbsd.so.0.8.7
7f637f073000-7f637f074000 r--p 00012000 08:01 136819                     /lib/x86_64-linux-gnu/libbsd.so.0.8.7
7f637f074000-7f637f075000 rw-p 00013000 08:01 136819                     /lib/x86_64-linux-gnu/libbsd.so.0.8.7
7f637f075000-7f637f076000 rw-p 00000000 00:00 0 
7f637f076000-7f637f07b000 r-xp 00000000 08:01 1845460                    /usr/lib/x86_64-linux-gnu/libXdmcp.so.6.0.0
7f637f07b000-7f637f27a000 ---p 00005000 08:01 1845460                    /usr/lib/x86_64-linux-gnu/libXdmcp.so.6.0.0
7f637f27a000-7f637f27b000 r--p 00004000 08:01 1845460                    /usr/lib/x86_64-linux-gnu/libXdmcp.so.6.0.0
7f637f27b000-7f637f27c000 rw-p 00005000 08:01 1845460                    /usr/lib/x86_64-linux-gnu/libXdmcp.so.6.0.0
7f637f27c000-7f637f27e000 r-xp 00000000 08:01 1855880                    /usr/lib/x86_64-linux-gnu/libXau.so.6.0.0
7f637f27e000-7f637f47e000 ---p 00002000 08:01 1855880                    /usr/lib/x86_64-linux-gnu/libXau.so.6.0.0
7f637f47e000-7f637f47f000 r--p 00002000 08:01 1855880                    /usr/lib/x86_64-linux-gnu/libXau.so.6.0.0
7f637f47f000-7f637f480000 rw-p 00003000 08:01 1855880                    /usr/lib/x86_64-linux-gnu/libXau.so.6.0.0
7f637f480000-7f637f4a6000 r-xp 00000000 08:01 1845448                    /usr/lib/x86_64-linux-gnu/libxcb.so.1.1.0
7f637f4a6000-7f637f6a6000 ---p 00026000 08:01 1845448                    /usr/lib/x86_64-linux-gnu/libxcb.so.1.1.0
7f637f6a6000-7f637f6a7000 r--p 00026000 08:01 1845448                    /usr/lib/x86_64-linux-gnu/libxcb.so.1.1.0
7f637f6a7000-7f637f6a8000 rw-p 00027000 08:01 1845448                    /usr/lib/x86_64-linux-gnu/libxcb.so.1.1.0
7f637f6a8000-7f637f6b7000 r-xp 00000000 08:01 1845470                    /usr/lib/x86_64-linux-gnu/libXi.so.6.1.0
7f637f6b7000-7f637f8b6000 ---p 0000f000 08:01 1845470                    /usr/lib/x86_64-linux-gnu/libXi.so.6.1.0
7f637f8b6000-7f637f8b7000 r--p 0000e000 08:01 1845470                    /usr/lib/x86_64-linux-gnu/libXi.so.6.1.0
7f637f8b7000-7f637f8b8000 rw-p 0000f000 08:01 1845470                    /usr/lib/x86_64-linux-gnu/libXi.so.6.1.0
7f637f8b8000-7f637f8bd000 r-xp 00000000 08:01 1845488                    /usr/lib/x86_64-linux-gnu/libXtst.so.6.1.0
7f637f8bd000-7f637fabc000 ---p 00005000 08:01 1845488                    /usr/lib/x86_64-linux-gnu/libXtst.so.6.1.0
7f637fabc000-7f637fabd000 r--p 00004000 08:01 1845488                    /usr/lib/x86_64-linux-gnu/libXtst.so.6.1.0
7f637fabd000-7f637fabe000 rw-p 00005000 08:01 1845488                    /usr/lib/x86_64-linux-gnu/libXtst.so.6.1.0
7f637fabe000-7f637fac7000 r-xp 00000000 08:01 1845482                    /usr/lib/x86_64-linux-gnu/libXrender.so.1.3.0
7f637fac7000-7f637fcc6000 ---p 00009000 08:01 1845482                    /usr/lib/x86_64-linux-gnu/libXrender.so.1.3.0
7f637fcc6000-7f637fcc7000 r--p 00008000 08:01 1845482                    /usr/lib/x86_64-linux-gnu/libXrender.so.1.3.0
7f637fcc7000-7f637fcc8000 rw-p 00009000 08:01 1845482                    /usr/lib/x86_64-linux-gnu/libXrender.so.1.3.0
7f637fcc8000-7f637fdfb000 r-xp 00000000 08:01 1846661                    /usr/lib/x86_64-linux-gnu/libX11.so.6.3.0
7f637fdfb000-7f637fffb000 ---p 00133000 08:01 1846661                    /usr/lib/x86_64-linux-gnu/libX11.so.6.3.0
7f637fffb000-7f637fffc000 r--p 00133000 08:01 1846661                    /usr/lib/x86_64-linux-gnu/libX11.so.6.3.0
7f637fffc000-7f6380000000 rw-p 00134000 08:01 1846661                    /usr/lib/x86_64-linux-gnu/libX11.so.6.3.0
7f6380000000-7f63805a9000 rw-p 00000000 00:00 0 
7f63805a9000-7f6384000000 ---p 00000000 00:00 0 
7f6384000000-7f6384021000 rw-p 00000000 00:00 0 
7f6384021000-7f6388000000 ---p 00000000 00:00 0 
7f6388000000-7f6388021000 rw-p 00000000 00:00 0 
7f6388021000-7f638c000000 ---p 00000000 00:00 0 
7f638c000000-7f638c4d4000 rw-p 00000000 00:00 0 
7f638c4d4000-7f6390000000 ---p 00000000 00:00 0 
7f6390000000-7f6390021000 rw-p 00000000 00:00 0 
7f6390021000-7f6394000000 ---p 00000000 00:00 0 
7f6394000000-7f6394021000 rw-p 00000000 00:00 0 
7f6394021000-7f6398000000 ---p 00000000 00:00 0 
7f6398000000-7f6398021000 rw-p 00000000 00:00 0 
7f6398021000-7f639c000000 ---p 00000000 00:00 0 
7f639c008000-7f639c019000 r-xp 00000000 08:01 1845462                    /usr/lib/x86_64-linux-gnu/libXext.so.6.4.0
7f639c019000-7f639c218000 ---p 00011000 08:01 1845462                    /usr/lib/x86_64-linux-gnu/libXext.so.6.4.0
7f639c218000-7f639c219000 r--p 00010000 08:01 1845462                    /usr/lib/x86_64-linux-gnu/libXext.so.6.4.0
7f639c219000-7f639c21a000 rw-p 00011000 08:01 1845462                    /usr/lib/x86_64-linux-gnu/libXext.so.6.4.0
7f639c21a000-7f639c278000 r-xp 00000000 08:01 790494                     /usr/lib/jvm/jdk-12.0.1/lib/libawt_xawt.so
7f639c278000-7f639c477000 ---p 0005e000 08:01 790494                     /usr/lib/jvm/jdk-12.0.1/lib/libawt_xawt.so
7f639c477000-7f639c478000 r--p 0005d000 08:01 790494                     /usr/lib/jvm/jdk-12.0.1/lib/libawt_xawt.so
7f639c478000-7f639c47b000 rw-p 0005e000 08:01 790494                     /usr/lib/jvm/jdk-12.0.1/lib/libawt_xawt.so
7f639c47b000-7f639c47d000 rw-p 00000000 00:00 0 
7f639c47d000-7f639c51d000 r-xp 00000000 08:01 790495                     /usr/lib/jvm/jdk-12.0.1/lib/libawt.so
7f639c51d000-7f639c71d000 ---p 000a0000 08:01 790495                     /usr/lib/jvm/jdk-12.0.1/lib/libawt.so
7f639c71d000-7f639c71e000 r--p 000a0000 08:01 790495                     /usr/lib/jvm/jdk-12.0.1/lib/libawt.so
7f639c71e000-7f639c729000 rw-p 000a1000 08:01 790495                     /usr/lib/jvm/jdk-12.0.1/lib/libawt.so
7f639c729000-7f639c74e000 rw-p 00000000 00:00 0 
7f639c74e000-7f639c764000 r-xp 00000000 08:01 796432                     /usr/lib/jvm/jdk-12.0.1/lib/libnet.so
7f639c764000-7f639c964000 ---p 00016000 08:01 796432                     /usr/lib/jvm/jdk-12.0.1/lib/libnet.so
7f639c964000-7f639c965000 r--p 00016000 08:01 796432                     /usr/lib/jvm/jdk-12.0.1/lib/libnet.so
7f639c965000-7f639c966000 rw-p 00017000 08:01 796432                     /usr/lib/jvm/jdk-12.0.1/lib/libnet.so
7f639c966000-7f639c977000 r-xp 00000000 08:01 796429                     /usr/lib/jvm/jdk-12.0.1/lib/libnio.so
7f639c977000-7f639cb76000 ---p 00011000 08:01 796429                     /usr/lib/jvm/jdk-12.0.1/lib/libnio.so
7f639cb76000-7f639cb77000 r--p 00010000 08:01 796429                     /usr/lib/jvm/jdk-12.0.1/lib/libnio.so
7f639cb77000-7f639cb78000 rw-p 00011000 08:01 796429                     /usr/lib/jvm/jdk-12.0.1/lib/libnio.so
7f639cb78000-7f639cde8000 rwxp 00000000 00:00 0 
7f639cde8000-7f639d107000 ---p 00000000 00:00 0 
7f639d107000-7f639d377000 rwxp 00000000 00:00 0 
7f639d377000-7f63a463f000 ---p 00000000 00:00 0 
7f63a463f000-7f63a48af000 rwxp 00000000 00:00 0 
7f63a48af000-7f63abb78000 ---p 00000000 00:00 0 
7f63abb78000-7f63b4000000 r--s 00000000 08:01 790479                     /usr/lib/jvm/jdk-12.0.1/lib/modules
7f63b4000000-7f63b4345000 rw-p 00000000 00:00 0 
7f63b4345000-7f63b8000000 ---p 00000000 00:00 0 
7f63b80fb000-7f63b8128000 r--p 00000000 08:01 264999                     /usr/share/glib-2.0/schemas/gschemas.compiled
7f63b8128000-7f63b812c000 ---p 00000000 00:00 0 
7f63b812c000-7f63b8229000 rw-p 00000000 00:00 0 
7f63b8229000-7f63b822a000 ---p 00000000 00:00 0 
7f63b822a000-7f63b832b000 rw-p 00000000 00:00 0 
7f63b832b000-7f63b832f000 ---p 00000000 00:00 0 
7f63b832f000-7f63b842c000 rw-p 00000000 00:00 0 
7f63b842c000-7f63b8430000 ---p 00000000 00:00 0 
7f63b8430000-7f63b852d000 rw-p 00000000 00:00 0 
7f63b852d000-7f63b8531000 ---p 00000000 00:00 0 
7f63b8531000-7f63b862e000 rw-p 00000000 00:00 0 
7f63b862e000-7f63b8632000 ---p 00000000 00:00 0 
7f63b8632000-7f63b872f000 rw-p 00000000 00:00 0 
7f63b872f000-7f63b8733000 ---p 00000000 00:00 0 
7f63b8733000-7f63b8830000 rw-p 00000000 00:00 0 
7f63b8830000-7f63b91ff000 r--p 00000000 08:01 1841870                    /usr/lib/locale/locale-archive
7f63b91ff000-7f63b9203000 ---p 00000000 00:00 0 
7f63b9203000-7f63b9300000 rw-p 00000000 00:00 0 
7f63b9300000-7f63b9304000 ---p 00000000 00:00 0 
7f63b9304000-7f63b9401000 rw-p 00000000 00:00 0 
7f63b9401000-7f63b9402000 ---p 00000000 00:00 0 
7f63b9402000-7f63b9df4000 rw-p 00000000 00:00 0 
7f63b9df4000-7f63b9f29000 ---p 00000000 00:00 0 
7f63b9f29000-7f63b9f34000 rw-p 00000000 00:00 0 
7f63b9f34000-7f63b9fcd000 ---p 00000000 00:00 0 
7f63b9fcd000-7f63b9fe3000 rw-p 00000000 00:00 0 
7f63b9fe3000-7f63ba117000 ---p 00000000 00:00 0 
7f63ba117000-7f63ba11d000 rw-p 00000000 00:00 0 
7f63ba11d000-7f63ba203000 ---p 00000000 00:00 0 
7f63ba203000-7f63ba208000 rw-p 00000000 00:00 0 
7f63ba208000-7f63ba2ee000 ---p 00000000 00:00 0 
7f63ba2ee000-7f63ba309000 r-xp 00000000 08:01 790509                     /usr/lib/jvm/jdk-12.0.1/lib/libjimage.so
7f63ba309000-7f63ba508000 ---p 0001b000 08:01 790509                     /usr/lib/jvm/jdk-12.0.1/lib/libjimage.so
7f63ba508000-7f63ba50a000 r--p 0001a000 08:01 790509                     /usr/lib/jvm/jdk-12.0.1/lib/libjimage.so
7f63ba50a000-7f63ba50b000 rw-p 0001c000 08:01 790509                     /usr/lib/jvm/jdk-12.0.1/lib/libjimage.so
7f63ba50b000-7f63ba512000 r-xp 00000000 08:01 790511                     /usr/lib/jvm/jdk-12.0.1/lib/libzip.so
7f63ba512000-7f63ba711000 ---p 00007000 08:01 790511                     /usr/lib/jvm/jdk-12.0.1/lib/libzip.so
7f63ba711000-7f63ba712000 r--p 00006000 08:01 790511                     /usr/lib/jvm/jdk-12.0.1/lib/libzip.so
7f63ba712000-7f63ba713000 rw-p 00007000 08:01 790511                     /usr/lib/jvm/jdk-12.0.1/lib/libzip.so
7f63ba713000-7f63ba71e000 r-xp 00000000 08:01 137052                     /lib/x86_64-linux-gnu/libnss_files-2.27.so
7f63ba71e000-7f63ba91d000 ---p 0000b000 08:01 137052                     /lib/x86_64-linux-gnu/libnss_files-2.27.so
7f63ba91d000-7f63ba91e000 r--p 0000a000 08:01 137052                     /lib/x86_64-linux-gnu/libnss_files-2.27.so
7f63ba91e000-7f63ba91f000 rw-p 0000b000 08:01 137052                     /lib/x86_64-linux-gnu/libnss_files-2.27.so
7f63ba91f000-7f63ba925000 rw-p 00000000 00:00 0 
7f63ba925000-7f63ba93c000 r-xp 00000000 08:01 137046                     /lib/x86_64-linux-gnu/libnsl-2.27.so
7f63ba93c000-7f63bab3b000 ---p 00017000 08:01 137046                     /lib/x86_64-linux-gnu/libnsl-2.27.so
7f63bab3b000-7f63bab3c000 r--p 00016000 08:01 137046                     /lib/x86_64-linux-gnu/libnsl-2.27.so
7f63bab3c000-7f63bab3d000 rw-p 00017000 08:01 137046                     /lib/x86_64-linux-gnu/libnsl-2.27.so
7f63bab3d000-7f63bab3f000 rw-p 00000000 00:00 0 
7f63bab3f000-7f63bab4a000 r-xp 00000000 08:01 137063                     /lib/x86_64-linux-gnu/libnss_nis-2.27.so
7f63bab4a000-7f63bad49000 ---p 0000b000 08:01 137063                     /lib/x86_64-linux-gnu/libnss_nis-2.27.so
7f63bad49000-7f63bad4a000 r--p 0000a000 08:01 137063                     /lib/x86_64-linux-gnu/libnss_nis-2.27.so
7f63bad4a000-7f63bad4b000 rw-p 0000b000 08:01 137063                     /lib/x86_64-linux-gnu/libnss_nis-2.27.so
7f63bad4b000-7f63bad53000 r-xp 00000000 08:01 137048                     /lib/x86_64-linux-gnu/libnss_compat-2.27.so
7f63bad53000-7f63baf53000 ---p 00008000 08:01 137048                     /lib/x86_64-linux-gnu/libnss_compat-2.27.so
7f63baf53000-7f63baf54000 r--p 00008000 08:01 137048                     /lib/x86_64-linux-gnu/libnss_compat-2.27.so
7f63baf54000-7f63baf55000 rw-p 00009000 08:01 137048                     /lib/x86_64-linux-gnu/libnss_compat-2.27.so
7f63baf55000-7f63baf7d000 r-xp 00000000 08:01 790481                     /usr/lib/jvm/jdk-12.0.1/lib/libjava.so
7f63baf7d000-7f63bb17c000 ---p 00028000 08:01 790481                     /usr/lib/jvm/jdk-12.0.1/lib/libjava.so
7f63bb17c000-7f63bb17d000 r--p 00027000 08:01 790481                     /usr/lib/jvm/jdk-12.0.1/lib/libjava.so
7f63bb17d000-7f63bb17f000 rw-p 00028000 08:01 790481                     /usr/lib/jvm/jdk-12.0.1/lib/libjava.so
7f63bb17f000-7f63bb18c000 r-xp 00000000 08:01 796437                     /usr/lib/jvm/jdk-12.0.1/lib/libverify.so
7f63bb18c000-7f63bb38b000 ---p 0000d000 08:01 796437                     /usr/lib/jvm/jdk-12.0.1/lib/libverify.so
7f63bb38b000-7f63bb38d000 r--p 0000c000 08:01 796437                     /usr/lib/jvm/jdk-12.0.1/lib/libverify.so
7f63bb38d000-7f63bb38e000 rw-p 0000e000 08:01 796437                     /usr/lib/jvm/jdk-12.0.1/lib/libverify.so
7f63bb38e000-7f63bb395000 r-xp 00000000 08:01 137103                     /lib/x86_64-linux-gnu/librt-2.27.so
7f63bb395000-7f63bb594000 ---p 00007000 08:01 137103                     /lib/x86_64-linux-gnu/librt-2.27.so
7f63bb594000-7f63bb595000 r--p 00006000 08:01 137103                     /lib/x86_64-linux-gnu/librt-2.27.so
7f63bb595000-7f63bb596000 rw-p 00007000 08:01 137103                     /lib/x86_64-linux-gnu/librt-2.27.so
7f63bb596000-7f63bb733000 r-xp 00000000 08:01 137025                     /lib/x86_64-linux-gnu/libm-2.27.so
7f63bb733000-7f63bb932000 ---p 0019d000 08:01 137025                     /lib/x86_64-linux-gnu/libm-2.27.so
7f63bb932000-7f63bb933000 r--p 0019c000 08:01 137025                     /lib/x86_64-linux-gnu/libm-2.27.so
7f63bb933000-7f63bb934000 rw-p 0019d000 08:01 137025                     /lib/x86_64-linux-gnu/libm-2.27.so
7f63bb934000-7f63bca98000 r-xp 00000000 08:01 937605                     /usr/lib/jvm/jdk-12.0.1/lib/server/libjvm.so
7f63bca98000-7f63bcc98000 ---p 01164000 08:01 937605                     /usr/lib/jvm/jdk-12.0.1/lib/server/libjvm.so
7f63bcc98000-7f63bcd59000 r--p 01164000 08:01 937605                     /usr/lib/jvm/jdk-12.0.1/lib/server/libjvm.so
7f63bcd59000-7f63bcd92000 rw-p 01225000 08:01 937605                     /usr/lib/jvm/jdk-12.0.1/lib/server/libjvm.so
7f63bcd92000-7f63bce15000 rw-p 00000000 00:00 0 
7f63bce15000-7f63bcffc000 r-xp 00000000 08:01 136962                     /lib/x86_64-linux-gnu/libc-2.27.so
7f63bcffc000-7f63bd1fc000 ---p 001e7000 08:01 136962                     /lib/x86_64-linux-gnu/libc-2.27.so
7f63bd1fc000-7f63bd200000 r--p 001e7000 08:01 136962                     /lib/x86_64-linux-gnu/libc-2.27.so
7f63bd200000-7f63bd202000 rw-p 001eb000 08:01 136962                     /lib/x86_64-linux-gnu/libc-2.27.so
7f63bd202000-7f63bd206000 rw-p 00000000 00:00 0 
7f63bd206000-7f63bd209000 r-xp 00000000 08:01 136985                     /lib/x86_64-linux-gnu/libdl-2.27.so
7f63bd209000-7f63bd408000 ---p 00003000 08:01 136985                     /lib/x86_64-linux-gnu/libdl-2.27.so
7f63bd408000-7f63bd409000 r--p 00002000 08:01 136985                     /lib/x86_64-linux-gnu/libdl-2.27.so
7f63bd409000-7f63bd40a000 rw-p 00003000 08:01 136985                     /lib/x86_64-linux-gnu/libdl-2.27.so
7f63bd40a000-7f63bd424000 r-xp 00000000 08:01 137095                     /lib/x86_64-linux-gnu/libpthread-2.27.so
7f63bd424000-7f63bd623000 ---p 0001a000 08:01 137095                     /lib/x86_64-linux-gnu/libpthread-2.27.so
7f63bd623000-7f63bd624000 r--p 00019000 08:01 137095                     /lib/x86_64-linux-gnu/libpthread-2.27.so
7f63bd624000-7f63bd625000 rw-p 0001a000 08:01 137095                     /lib/x86_64-linux-gnu/libpthread-2.27.so
7f63bd625000-7f63bd629000 rw-p 00000000 00:00 0 
7f63bd629000-7f63bd639000 r-xp 00000000 08:01 790513                     /usr/lib/jvm/jdk-12.0.1/lib/libjli.so
7f63bd639000-7f63bd838000 ---p 00010000 08:01 790513                     /usr/lib/jvm/jdk-12.0.1/lib/libjli.so
7f63bd838000-7f63bd839000 r--p 0000f000 08:01 790513                     /usr/lib/jvm/jdk-12.0.1/lib/libjli.so
7f63bd839000-7f63bd83a000 rw-p 00010000 08:01 790513                     /usr/lib/jvm/jdk-12.0.1/lib/libjli.so
7f63bd83a000-7f63bd856000 r-xp 00000000 08:01 137134                     /lib/x86_64-linux-gnu/libz.so.1.2.11
7f63bd856000-7f63bda55000 ---p 0001c000 08:01 137134                     /lib/x86_64-linux-gnu/libz.so.1.2.11
7f63bda55000-7f63bda56000 r--p 0001b000 08:01 137134                     /lib/x86_64-linux-gnu/libz.so.1.2.11
7f63bda56000-7f63bda57000 rw-p 0001c000 08:01 137134                     /lib/x86_64-linux-gnu/libz.so.1.2.11
7f63bda57000-7f63bda7e000 r-xp 00000000 08:01 136934                     /lib/x86_64-linux-gnu/ld-2.27.so
7f63bdaa3000-7f63bdb5c000 rw-p 00000000 00:00 0 
7f63bdb5c000-7f63bdb63000 ---p 00000000 00:00 0 
7f63bdb63000-7f63bdb67000 ---p 00000000 00:00 0 
7f63bdb67000-7f63bdc68000 rw-p 00000000 00:00 0 
7f63bdc6e000-7f63bdc72000 r--p 00000000 08:01 1574428                    /home/kiit/.config/dconf/user
7f63bdc72000-7f63bdc73000 r--s 00000000 00:2e 35                         /run/user/1000/dconf/user
7f63bdc73000-7f63bdc7b000 rw-s 00000000 08:01 790413                     /tmp/hsperfdata_kiit/3013
7f63bdc7b000-7f63bdc7c000 ---p 00000000 00:00 0 
7f63bdc7c000-7f63bdc7d000 r--p 00000000 00:00 0 
7f63bdc7d000-7f63bdc7e000 ---p 00000000 00:00 0 
7f63bdc7e000-7f63bdc7f000 r--p 00027000 08:01 136934                     /lib/x86_64-linux-gnu/ld-2.27.so
7f63bdc7f000-7f63bdc80000 rw-p 00028000 08:01 136934                     /lib/x86_64-linux-gnu/ld-2.27.so
7f63bdc80000-7f63bdc81000 rw-p 00000000 00:00 0 
7ffe7774a000-7ffe7776b000 rw-p 00000000 00:00 0                          [stack]
7ffe777ab000-7ffe777ae000 r--p 00000000 00:00 0                          [vvar]
7ffe777ae000-7ffe777b0000 r-xp 00000000 00:00 0                          [vdso]
ffffffffff600000-ffffffffff601000 r-xp 00000000 00:00 0                  [vsyscall]


VM Arguments:
jvm_args: -Djava.library.path=. 
java_command: Gui
java_class_path (initial): .
Launcher Type: SUN_STANDARD

[Global flags]
     intx CICompilerCount                          = 2                                         {product} {ergonomic}
   size_t InitialHeapSize                          = 65011712                                  {product} {ergonomic}
   size_t MaxHeapSize                              = 1035993088                                {product} {ergonomic}
   size_t MaxNewSize                               = 345309184                                 {product} {ergonomic}
   size_t MinHeapDeltaBytes                        = 196608                                    {product} {ergonomic}
   size_t NewSize                                  = 21626880                                  {product} {ergonomic}
    uintx NonNMethodCodeHeapSize                   = 5825164                                {pd product} {ergonomic}
    uintx NonProfiledCodeHeapSize                  = 122916538                              {pd product} {ergonomic}
   size_t OldSize                                  = 43384832                                  {product} {ergonomic}
    uintx ProfiledCodeHeapSize                     = 122916538                              {pd product} {ergonomic}
    uintx ReservedCodeCacheSize                    = 251658240                              {pd product} {ergonomic}
     bool SegmentedCodeCache                       = true                                      {product} {ergonomic}
     bool UseCompressedClassPointers               = true                                 {lp64_product} {ergonomic}
     bool UseCompressedOops                        = true                                 {lp64_product} {ergonomic}
     bool UseSerialGC                              = true                                      {product} {ergonomic}

Logging:
Log output configuration:
 #0: stdout all=warning uptime,level,tags
 #1: stderr all=off uptime,level,tags

Environment Variables:
JAVA_HOME=/usr/lib/jvm/jdk-12.0.1
PATH=/usr/local/sbin:/usr/local/bin:/usr/sbin:/usr/bin:/sbin:/bin:/usr/games:/usr/local/games:/snap/bin:/usr/lib/jvm/jdk-12.0.1/bin
USERNAME=kiit
SHELL=/bin/bash
DISPLAY=:0

Signal Handlers:
SIGSEGV: [libjvm.so+0xe45640], sa_mask[0]=11111111011111111101111111111110, sa_flags=SA_RESTART|SA_SIGINFO
SIGBUS: [libjvm.so+0xe45640], sa_mask[0]=11111111011111111101111111111110, sa_flags=SA_RESTART|SA_SIGINFO
SIGFPE: [libjvm.so+0xe45640], sa_mask[0]=11111111011111111101111111111110, sa_flags=SA_RESTART|SA_SIGINFO
SIGPIPE: SIG_IGN, sa_mask[0]=00000000000010000000000000000000, sa_flags=SA_RESTART
SIGXFSZ: [libjvm.so+0xbf4b50], sa_mask[0]=11111111011111111101111111111110, sa_flags=SA_RESTART|SA_SIGINFO
SIGILL: [libjvm.so+0xe45640], sa_mask[0]=11111111011111111101111111111110, sa_flags=SA_RESTART|SA_SIGINFO
SIGUSR2: [libjvm.so+0xbf49f0], sa_mask[0]=00000000000000000000000000000000, sa_flags=SA_RESTART|SA_SIGINFO
SIGHUP: [libjvm.so+0xbf4d50], sa_mask[0]=11111111011111111101111111111110, sa_flags=SA_RESTART|SA_SIGINFO
SIGINT: [libjvm.so+0xbf4d50], sa_mask[0]=11111111011111111101111111111110, sa_flags=SA_RESTART|SA_SIGINFO
SIGTERM: [libjvm.so+0xbf4d50], sa_mask[0]=11111111011111111101111111111110, sa_flags=SA_RESTART|SA_SIGINFO
SIGQUIT: [libjvm.so+0xbf4d50], sa_mask[0]=11111111011111111101111111111110, sa_flags=SA_RESTART|SA_SIGINFO


---------------  S Y S T E M  ---------------

OS:DISTRIB_ID=Ubuntu
DISTRIB_RELEASE=18.04
DISTRIB_CODENAME=bionic
DISTRIB_DESCRIPTION="Ubuntu 18.04.2 LTS"
uname:Linux 4.18.0-25-generic #26~18.04.1-Ubuntu SMP Thu Jun 27 07:28:31 UTC 2019 x86_64
libc:glibc 2.27 NPTL 2.27 
rlimit: STACK 8192k, CORE 0k, NPROC 15535, NOFILE 4096, AS infinity, DATA infinity, FSIZE infinity
load average:0.03 0.22 0.93

/proc/meminfo:
MemTotal:        4039524 kB
MemFree:         1123096 kB
MemAvailable:    2633112 kB
Buffers:          121836 kB
Cached:          1616156 kB
SwapCached:            0 kB
Active:          1386908 kB
Inactive:        1275476 kB
Active(anon):     925340 kB
Inactive(anon):    87024 kB
Active(file):     461568 kB
Inactive(file):  1188452 kB
Unevictable:          32 kB
Mlocked:              32 kB
SwapTotal:       1471128 kB
SwapFree:        1471128 kB
Dirty:               148 kB
Writeback:             0 kB
AnonPages:        924428 kB
Mapped:           326908 kB
Shmem:             87952 kB
Slab:             158776 kB
SReclaimable:     125348 kB
SUnreclaim:        33428 kB
KernelStack:        7120 kB
PageTables:        32816 kB
NFS_Unstable:          0 kB
Bounce:                0 kB
WritebackTmp:          0 kB
CommitLimit:     3490888 kB
Committed_AS:    3954948 kB
VmallocTotal:   34359738367 kB
VmallocUsed:           0 kB
VmallocChunk:          0 kB
HardwareCorrupted:     0 kB
AnonHugePages:         0 kB
ShmemHugePages:        0 kB
ShmemPmdMapped:        0 kB
CmaTotal:              0 kB
CmaFree:               0 kB
HugePages_Total:       0
HugePages_Free:        0
HugePages_Rsvd:        0
HugePages_Surp:        0
Hugepagesize:       2048 kB
Hugetlb:               0 kB
DirectMap4k:      122816 kB
DirectMap2M:     4071424 kB


/proc/sys/kernel/threads-max (system-wide limit on the number of threads):
31070


/proc/sys/vm/max_map_count (maximum number of memory map areas a process may have):
65530


/proc/sys/kernel/pid_max (system-wide limit on number of process identifiers):
32768



container (cgroup) information:
container_type: cgroupv1
cpu_cpuset_cpus: 0
cpu_memory_nodes: 0
active_processor_count: 1
cpu_quota: -1
cpu_period: 100000
cpu_shares: -1
memory_limit_in_bytes: -1
memory_and_swap_limit_in_bytes: -2
memory_soft_limit_in_bytes: -1
memory_usage_in_bytes: 2726236160
memory_max_usage_in_bytes: 0


CPU:total 1 (initial active 1) (1 cores per cpu, 1 threads per core) family 6 model 142 stepping 10, cmov, cx8, fxsr, mmx, sse, sse2, sse3, ssse3, sse4.1, sse4.2, popcnt, avx, avx2, aes, clmul, 3dnowpref, lzcnt, tsc, tscinvbit
CPU Model and flags from /proc/cpuinfo:
model name	: Intel(R) Core(TM) i5-8250U CPU @ 1.60GHz
flags		: fpu vme de pse tsc msr pae mce cx8 apic sep mtrr pge mca cmov pat pse36 clflush mmx fxsr sse sse2 ht syscall nx rdtscp lm constant_tsc rep_good nopl xtopology nonstop_tsc cpuid tsc_known_freq pni pclmulqdq monitor ssse3 cx16 pcid sse4_1 sse4_2 x2apic movbe popcnt aes xsave avx rdrand hypervisor lahf_lm abm 3dnowprefetch invpcid_single pti fsgsbase avx2 invpcid rdseed clflushopt md_clear flush_l1d

Memory: 4k page, physical 4039524k(1123096k free), swap 1471128k(1471128k free)

vm_info: Java HotSpot(TM) 64-Bit Server VM (12.0.1+12) for linux-amd64 JRE (12.0.1+12), built on Apr  1 2019 23:46:14 by "mach5one" with gcc 7.3.0

END.
