#
# A fatal error has been detected by the Java Runtime Environment:
#
#  SIGSEGV (0xb) at pc=0x00007efd60b956e2, pid=2775, tid=2793
#
# JRE version: Java(TM) SE Runtime Environment (12.0.1+12) (build 12.0.1+12)
# Java VM: Java HotSpot(TM) 64-Bit Server VM (12.0.1+12, mixed mode, sharing, tiered, compressed oops, serial gc, linux-amd64)
# Problematic frame:
# j  java.lang.String.valueOf(Ljava/lang/Object;)Ljava/lang/String;+10 java.base@12.0.1
#
# Core dump will be written. Default location: Core dumps may be processed with "/usr/share/apport/apport %p %s %c %d %P" (or dumping to /home/kiit/1905243/cnProject/CN-p2p-file-sharing/core.2775)
#
# If you would like to submit a bug report, please visit:
#   http://bugreport.java.com/bugreport/crash.jsp
#

---------------  S U M M A R Y ------------

Command Line: -Djava.library.path=. Gui

Host: Intel(R) Core(TM) i5-8250U CPU @ 1.60GHz, 1 cores, 3G, Ubuntu 18.04.2 LTS
Time: Sat Jan  1 20:47:15 2022 IST elapsed time: 24 seconds (0d 0h 0m 24s)

---------------  T H R E A D  ---------------

Current thread (0x00007efd5c005800):  JavaThread "AWT-EventQueue-0" [_thread_in_Java, id=2793, stack(0x00007efd3b9b9000,0x00007efd3baba000)]

Stack: [0x00007efd3b9b9000,0x00007efd3baba000],  sp=0x00007efd3bab7860,  free space=1018k
Native frames: (J=compiled Java code, A=aot compiled Java code, j=interpreted, Vv=VM code, C=native code)
j  java.lang.String.valueOf(Ljava/lang/Object;)Ljava/lang/String;+10 java.base@12.0.1
j  java.io.PrintStream.print(Ljava/lang/String;)V+2 java.base@12.0.1
j  java.io.PrintStream.println(Ljava/lang/String;)V+6 java.base@12.0.1
j  Login.actionPerformed(Ljava/awt/event/ActionEvent;)V+48
j  javax.swing.AbstractButton.fireActionPerformed(Ljava/awt/event/ActionEvent;)V+83 java.desktop@12.0.1
j  javax.swing.AbstractButton$Handler.actionPerformed(Ljava/awt/event/ActionEvent;)V+5 java.desktop@12.0.1
j  javax.swing.DefaultButtonModel.fireActionPerformed(Ljava/awt/event/ActionEvent;)V+34 java.desktop@12.0.1
j  javax.swing.DefaultButtonModel.setPressed(Z)V+117 java.desktop@12.0.1
j  javax.swing.plaf.basic.BasicButtonListener.mouseReleased(Ljava/awt/event/MouseEvent;)V+35 java.desktop@12.0.1
j  java.awt.Component.processMouseEvent(Ljava/awt/event/MouseEvent;)V+64 java.desktop@12.0.1
j  javax.swing.JComponent.processMouseEvent(Ljava/awt/event/MouseEvent;)V+23 java.desktop@12.0.1
j  java.awt.Component.processEvent(Ljava/awt/AWTEvent;)V+81 java.desktop@12.0.1
j  java.awt.Container.processEvent(Ljava/awt/AWTEvent;)V+18 java.desktop@12.0.1
j  java.awt.Component.dispatchEventImpl(Ljava/awt/AWTEvent;)V+496 java.desktop@12.0.1
j  java.awt.Container.dispatchEventImpl(Ljava/awt/AWTEvent;)V+42 java.desktop@12.0.1
j  java.awt.Component.dispatchEvent(Ljava/awt/AWTEvent;)V+2 java.desktop@12.0.1
j  java.awt.LightweightDispatcher.retargetMouseEvent(Ljava/awt/Component;ILjava/awt/event/MouseEvent;)V+349 java.desktop@12.0.1
j  java.awt.LightweightDispatcher.processMouseEvent(Ljava/awt/event/MouseEvent;)Z+155 java.desktop@12.0.1
j  java.awt.LightweightDispatcher.dispatchEvent(Ljava/awt/AWTEvent;)Z+50 java.desktop@12.0.1
j  java.awt.Container.dispatchEventImpl(Ljava/awt/AWTEvent;)V+12 java.desktop@12.0.1
j  java.awt.Window.dispatchEventImpl(Ljava/awt/AWTEvent;)V+19 java.desktop@12.0.1
j  java.awt.Component.dispatchEvent(Ljava/awt/AWTEvent;)V+2 java.desktop@12.0.1
j  java.awt.EventQueue.dispatchEventImpl(Ljava/awt/AWTEvent;Ljava/lang/Object;)V+41 java.desktop@12.0.1
j  java.awt.EventQueue$4.run()Ljava/lang/Void;+32 java.desktop@12.0.1
j  java.awt.EventQueue$4.run()Ljava/lang/Object;+1 java.desktop@12.0.1
J 1001 c1 java.security.ProtectionDomain$JavaSecurityAccessImpl.doIntersectionPrivilege(Ljava/security/PrivilegedAction;Ljava/security/AccessControlContext;Ljava/security/AccessControlContext;)Ljava/lang/Object; java.base@12.0.1 (22 bytes) @ 0x00007efd6129c46c [0x00007efd6129bf80+0x00000000000004ec]
j  java.security.ProtectionDomain$JavaSecurityAccessImpl.doIntersectionPrivilege(Ljava/security/PrivilegedAction;Ljava/security/AccessControlContext;)Ljava/lang/Object;+6 java.base@12.0.1
j  java.awt.EventQueue$5.run()Ljava/lang/Void;+11 java.desktop@12.0.1
j  java.awt.EventQueue$5.run()Ljava/lang/Object;+1 java.desktop@12.0.1
J 1001 c1 java.security.ProtectionDomain$JavaSecurityAccessImpl.doIntersectionPrivilege(Ljava/security/PrivilegedAction;Ljava/security/AccessControlContext;Ljava/security/AccessControlContext;)Ljava/lang/Object; java.base@12.0.1 (22 bytes) @ 0x00007efd6129c46c [0x00007efd6129bf80+0x00000000000004ec]
j  java.awt.EventQueue.dispatchEvent(Ljava/awt/AWTEvent;)V+73 java.desktop@12.0.1
j  java.awt.EventDispatchThread.pumpOneEventForFilters(I)V+78 java.desktop@12.0.1
j  java.awt.EventDispatchThread.pumpEventsForFilter(ILjava/awt/Conditional;Ljava/awt/EventFilter;)V+35 java.desktop@12.0.1
j  java.awt.EventDispatchThread.pumpEventsForHierarchy(ILjava/awt/Conditional;Ljava/awt/Component;)V+11 java.desktop@12.0.1
j  java.awt.EventDispatchThread.pumpEvents(ILjava/awt/Conditional;)V+4 java.desktop@12.0.1
j  java.awt.EventDispatchThread.pumpEvents(Ljava/awt/Conditional;)V+3 java.desktop@12.0.1
j  java.awt.EventDispatchThread.run()V+9 java.desktop@12.0.1
v  ~StubRoutines::call_stub
V  [libjvm.so+0x86fc39]  JavaCalls::call_helper(JavaValue*, methodHandle const&, JavaCallArguments*, Thread*)+0x3c9
V  [libjvm.so+0x86dbcd]  JavaCalls::call_virtual(JavaValue*, Handle, Klass*, Symbol*, Symbol*, Thread*)+0x1ed
V  [libjvm.so+0x91ae9c]  thread_entry(JavaThread*, Thread*)+0x6c
V  [libjvm.so+0xdd533f]  JavaThread::thread_main_inner()+0x22f
V  [libjvm.so+0xdd21bf]  Thread::call_run()+0x16f
V  [libjvm.so+0xbfe94e]  thread_native_entry(Thread*)+0xee


siginfo: si_signo: 11 (SIGSEGV), si_code: 1 (SEGV_MAPERR), si_addr: 0x00000000676f4c08

Register to memory mapping:

RAX=0x0 is NULL
RBX=0x0000000000000002 is an unknown value
RCX=0x00000000676f4c00 is an unknown value
RDX=0x0000000080000001 is an unknown value
RSP=0x00007efd3bab7860 is pointing into the stack for thread: 0x00007efd5c005800
RBP=0x00007efd3bab78b8 is pointing into the stack for thread: 0x00007efd5c005800
RSI=0x00007efd3bab7940 is pointing into the stack for thread: 0x00007efd5c005800
RDI=0x00007efd5c0061b0 points into unknown readable memory: 03 00 00 00 1e 00 00 00
R8 ={method} {0x0000000800339428} 'println' '(Ljava/lang/String;)V' in 'java/io/PrintStream'
R9 =0x0000000000000004 is an unknown value
R10=0x00007efd7eff7d80: <offset 0x00000000014ced80> in /usr/lib/jvm/jdk-12.0.1/lib/server/libjvm.so at 0x00007efd7db29000
R11=0x00007efd7800c9e0 points into unknown readable memory: 00 00 00 00 00 00 00 00
R12=0x0 is NULL
R13=0x00000008009cd0ba is pointing into metadata
R14=0x00007efd3bab78c8 is pointing into the stack for thread: 0x00007efd5c005800
R15=0x00007efd5c005800 is a thread


Registers:
RAX=0x0000000000000000, RBX=0x0000000000000002, RCX=0x00000000676f4c00, RDX=0x0000000080000001
RSP=0x00007efd3bab7860, RBP=0x00007efd3bab78b8, RSI=0x00007efd3bab7940, RDI=0x00007efd5c0061b0
R8 =0x0000000800339428, R9 =0x0000000000000004, R10=0x00007efd7eff7d80, R11=0x00007efd7800c9e0
R12=0x0000000000000000, R13=0x00000008009cd0ba, R14=0x00007efd3bab78c8, R15=0x00007efd5c005800
RIP=0x00007efd60b956e2, EFLAGS=0x0000000000010246, CSGSFS=0x002b000000000033, ERR=0x0000000000000004
  TRAPNO=0x000000000000000e

Top of Stack: (sp=0x00007efd3bab7860)
0x00007efd3bab7860:   00007efd60b81a00 00000000676f4c00
0x00007efd3bab7870:   00007efd3bab7870 00000008009cd0ba
0x00007efd3bab7880:   00007efd3bab78c8 0000000800359a88
0x00007efd3bab7890:   00007efd60337fa0 00000000c2400b30 

Instructions: (pc=0x00007efd60b956e2)
0x00007efd60b956c2:   10 4c 8b 68 d8 41 83 ed 04 41 c1 e5 03 49 03 c5
0x00007efd60b956d2:   48 89 45 d8 4c 8d 6c 24 08 4c 89 6d f0 ff 63 48
0x00007efd60b956e2:   8b 41 08 48 c1 e0 03 49 bc 00 00 00 00 08 00 00
0x00007efd60b956f2:   00 49 03 c4 4d 33 e4 4c 8b 75 d8 4d 85 f6 0f 84 

Stack slot to memory mapping:
stack at sp + 0 slots: 0x00007efd60b81a00 is at code_begin+1664 in an Interpreter codelet
invoke return entry points  [0x00007efd60b81380, 0x00007efd60b81da0]  2592 bytes
stack at sp + 1 slots: 0x00000000676f4c00 is an unknown value
stack at sp + 2 slots: 0x00007efd3bab7870 is pointing into the stack for thread: 0x00007efd5c005800
stack at sp + 3 slots: 0x00000008009cd0ba is pointing into metadata
stack at sp + 4 slots: 0x00007efd3bab78c8 is pointing into the stack for thread: 0x00007efd5c005800
stack at sp + 5 slots: 0x0000000800359a88 is pointing into metadata
stack at sp + 6 slots: 0x00007efd60337fa0 is pointing into metadata
stack at sp + 7 slots: 0x00000000c2400b30 points into unknown readable memory: 01 41 3a 2b 45 00 00 00

invokevirtual  182 invokevirtual  [0x00007efd60b95400, 0x00007efd60b95920]  1312 bytes

---------------  P R O C E S S  ---------------

Threads class SMR info:
_java_thread_list=0x0000000001755940, length=14, elements={
0x00007efd78059800, 0x00007efd7805b800, 0x00007efd78062000, 0x00007efd78064000,
0x00007efd78066000, 0x00007efd78068000, 0x00007efd780a3000, 0x00007efd780a8800,
0x00007efd781e6800, 0x00007efd7820d800, 0x00007efd782af000, 0x00007efd5c005800,
0x00007efd78011000, 0x0000000001754000
}

Java Threads: ( => current thread )
  0x00007efd78059800 JavaThread "Reference Handler" daemon [_thread_blocked, id=2778, stack(0x00007efd6002b000,0x00007efd6012c000)]
  0x00007efd7805b800 JavaThread "Finalizer" daemon [_thread_blocked, id=2779, stack(0x00007efd5beff000,0x00007efd5c000000)]
  0x00007efd78062000 JavaThread "Signal Dispatcher" daemon [_thread_blocked, id=2780, stack(0x00007efd5b42f000,0x00007efd5b530000)]
  0x00007efd78064000 JavaThread "C2 CompilerThread0" daemon [_thread_blocked, id=2781, stack(0x00007efd5b32e000,0x00007efd5b42f000)]
  0x00007efd78066000 JavaThread "C1 CompilerThread0" daemon [_thread_blocked, id=2782, stack(0x00007efd5b22d000,0x00007efd5b32e000)]
  0x00007efd78068000 JavaThread "Sweeper thread" daemon [_thread_blocked, id=2783, stack(0x00007efd5b12c000,0x00007efd5b22d000)]
  0x00007efd780a3000 JavaThread "Service Thread" daemon [_thread_blocked, id=2784, stack(0x00007efd5b02b000,0x00007efd5b12c000)]
  0x00007efd780a8800 JavaThread "Common-Cleaner" daemon [_thread_blocked, id=2786, stack(0x00007efd5ae28000,0x00007efd5af29000)]
  0x00007efd781e6800 JavaThread "Java2D Disposer" daemon [_thread_blocked, id=2790, stack(0x00007efd580c5000,0x00007efd581c6000)]
  0x00007efd7820d800 JavaThread "AWT-XAWT" daemon [_thread_in_native, id=2791, stack(0x00007efd3e82c000,0x00007efd3e92d000)]
  0x00007efd782af000 JavaThread "AWT-Shutdown" [_thread_blocked, id=2792, stack(0x00007efd3e72b000,0x00007efd3e82c000)]
=>0x00007efd5c005800 JavaThread "AWT-EventQueue-0" [_thread_in_Java, id=2793, stack(0x00007efd3b9b9000,0x00007efd3baba000)]
  0x00007efd78011000 JavaThread "DestroyJavaVM" [_thread_blocked, id=2776, stack(0x00007efd7fd58000,0x00007efd7fe59000)]
  0x0000000001754000 JavaThread "TimerQueue" daemon [_thread_blocked, id=2794, stack(0x00007efd3b6b8000,0x00007efd3b7b9000)]

Other Threads:
  0x00007efd78056800 VMThread "VM Thread" [stack: 0x00007efd6012e000,0x00007efd6022e000] [id=2777]
  0x00007efd780a5800 WatcherThread [stack: 0x00007efd5af2b000,0x00007efd5b02b000] [id=2785]

Threads with active compile tasks:

VM state:not at safepoint (normal execution)

VM Mutex/Monitor currently owned by a thread: None

Heap address: 0x00000000c2400000, size: 988 MB, Compressed Oops mode: 32-bit
Narrow klass base: 0x0000000800000000, Narrow klass shift: 3
Compressed class space size: 1073741824 Address: 0x0000000801129000

Heap:
 def new generation   total 19008K, used 8793K [0x00000000c2400000, 0x00000000c38a0000, 0x00000000d6d50000)
  eden space 16896K,  52% used [0x00000000c2400000, 0x00000000c2c96528, 0x00000000c3480000)
  from space 2112K,   0% used [0x00000000c3480000, 0x00000000c3480000, 0x00000000c3690000)
  to   space 2112K,   0% used [0x00000000c3690000, 0x00000000c3690000, 0x00000000c38a0000)
 tenured generation   total 42368K, used 0K [0x00000000d6d50000, 0x00000000d96b0000, 0x0000000100000000)
   the space 42368K,   0% used [0x00000000d6d50000, 0x00000000d6d50000, 0x00000000d6d50200, 0x00000000d96b0000)
 Metaspace       used 9881K, capacity 10290K, committed 10624K, reserved 1058816K
  class space    used 1100K, capacity 1289K, committed 1408K, reserved 1048576K

Card table byte_map: [0x00007efd7c11e000,0x00007efd7c30d000] _byte_map_base: 0x00007efd7bb0c000

Polling page: 0x00007efd7fe70000

Metaspace:

Usage:
  Non-class:      8.79 MB capacity,     8.58 MB ( 98%) used,   186.66 KB (  2%) free+waste,    33.44 KB ( <1%) overhead. 
      Class:      1.26 MB capacity,     1.08 MB ( 85%) used,   168.68 KB ( 13%) free+waste,    19.50 KB (  2%) overhead. 
       Both:     10.05 MB capacity,     9.65 MB ( 96%) used,   355.34 KB (  3%) free+waste,    52.94 KB ( <1%) overhead. 

Virtual space:
  Non-class space:       10.00 MB reserved,       9.00 MB ( 90%) committed 
      Class space:        1.00 GB reserved,       1.38 MB ( <1%) committed 
             Both:        1.01 GB reserved,      10.38 MB (  1%) committed 

Chunk freelists:
   Non-Class:  14.38 KB
       Class:  2.38 KB
        Both:  16.75 KB

CodeHeap 'non-profiled nmethods': size=120036Kb used=312Kb max_used=312Kb free=119723Kb
 bounds [0x00007efd6863f000, 0x00007efd688af000, 0x00007efd6fb78000]
CodeHeap 'profiled nmethods': size=120032Kb used=1741Kb max_used=1741Kb free=118290Kb
 bounds [0x00007efd61107000, 0x00007efd61377000, 0x00007efd6863f000]
CodeHeap 'non-nmethods': size=5692Kb used=1252Kb max_used=1270Kb free=4439Kb
 bounds [0x00007efd60b78000, 0x00007efd60de8000, 0x00007efd61107000]
 total_blobs=1824 nmethods=1064 adapters=560
 compilation: enabled
              stopped_count=0, restarted_count=0
 full_count=0

Compilation events (10 events):
Event: 24.385 Thread 0x00007efd78066000 1063       1       sun.java2d.xr.GrowableIntArray::getCellIndex (7 bytes)
Event: 24.386 Thread 0x00007efd78066000 nmethod 1063 0x00007efd6868c990 code [0x00007efd6868cb40, 0x00007efd6868cc70]
Event: 24.386 Thread 0x00007efd78066000 1065       3       sun.java2d.xr.GrowableRectArray::pushRectValues (72 bytes)
Event: 24.386 Thread 0x00007efd78066000 nmethod 1065 0x00007efd612b8910 code [0x00007efd612b8ae0, 0x00007efd612b8e28]
Event: 24.387 Thread 0x00007efd78066000 1062       3       sun.java2d.pipe.Region::isInsideXYXY (39 bytes)
Event: 24.395 Thread 0x00007efd78066000 nmethod 1062 0x00007efd612b8f90 code [0x00007efd612b9140, 0x00007efd612b93d0]
Event: 24.395 Thread 0x00007efd78066000 1061       3       sun.java2d.pipe.Region::getIntersectionXYXY (108 bytes)
Event: 24.397 Thread 0x00007efd78066000 nmethod 1061 0x00007efd612b9490 code [0x00007efd612b96e0, 0x00007efd612b9f78]
Event: 24.397 Thread 0x00007efd78066000 1064       1       java.awt.Font::hasLayoutAttributes (5 bytes)
Event: 24.397 Thread 0x00007efd78066000 nmethod 1064 0x00007efd6868cd10 code [0x00007efd6868cec0, 0x00007efd6868cff0]

GC Heap History (0 events):
No events

Deoptimization events (5 events):
Event: 0.570 Thread 0x00007efd78011000 Uncommon trap: reason=unstable_if action=reinterpret pc=0x00007efd686430e0 method=java.lang.String.hashCode()I @ 14 c2
Event: 19.897 Thread 0x00007efd5c005800 Uncommon trap: reason=class_check action=maybe_recompile pc=0x00007efd68656368 method=java.lang.String.equals(Ljava/lang/Object;)Z @ 8 c2
Event: 19.897 Thread 0x00007efd5c005800 Uncommon trap: reason=class_check action=maybe_recompile pc=0x00007efd68656368 method=java.lang.String.equals(Ljava/lang/Object;)Z @ 8 c2
Event: 20.242 Thread 0x00007efd5c005800 Uncommon trap: reason=class_check action=maybe_recompile pc=0x00007efd68656368 method=java.lang.String.equals(Ljava/lang/Object;)Z @ 8 c2
Event: 20.242 Thread 0x00007efd5c005800 Uncommon trap: reason=class_check action=maybe_recompile pc=0x00007efd68656368 method=java.lang.String.equals(Ljava/lang/Object;)Z @ 8 c2

Classes redefined (0 events):
No events

Internal exceptions (10 events):
Event: 4.684 Thread 0x00007efd78011000 Exception <a 'java/lang/NoSuchMethodError'{0x00000000c29de560}: java.lang.invoke.DirectMethodHandle$Holder.invokeStatic(Ljava/lang/Object;Ljava/lang/Object;Ljava/lang/Object;Ljava/lang/Object;Ljava/lang/Object;Ljava/lang/Object;Ljava/lang/Object;Ljava/lan
Event: 4.699 Thread 0x00007efd78011000 Exception <a 'java/lang/NoSuchMethodError'{0x00000000c29eaaf0}: java.lang.invoke.DirectMethodHandle$Holder.invokeSpecial(Ljava/lang/Object;Ljava/lang/Object;JLjava/lang/Object;Ljava/lang/Object;Ljava/lang/Object;Ljava/lang/Object;Ljava/lang/Object;)Ljava/
Event: 4.699 Thread 0x00007efd78011000 Exception <a 'java/lang/NoSuchMethodError'{0x00000000c29ee170}: java.lang.invoke.DelegatingMethodHandle$Holder.reinvoke_L(Ljava/lang/Object;JLjava/lang/Object;Ljava/lang/Object;Ljava/lang/Object;Ljava/lang/Object;Ljava/lang/Object;)Ljava/lang/Object;> (0x
Event: 4.709 Thread 0x00007efd78011000 Exception <a 'java/lang/NoSuchMethodError'{0x00000000c2a02830}: java.lang.invoke.DirectMethodHandle$Holder.invokeStatic(Ljava/lang/Object;Ljava/lang/Object;Ljava/lang/Object;Ljava/lang/Object;Ljava/lang/Object;J)Ljava/lang/Object;> (0x00000000c2a02830) th
Event: 4.760 Thread 0x00007efd78011000 Exception <a 'java/lang/NoSuchMethodError'{0x00000000c2a1fbf8}: java.lang.invoke.Invokers$Holder.linkToTargetMethod(Ljava/lang/Object;Ljava/lang/Object;Ljava/lang/Object;Ljava/lang/Object;Ljava/lang/Object;Ljava/lang/Object;)Ljava/lang/Object;> (0x0000000
Event: 4.814 Thread 0x00007efd78011000 Exception <a 'java/lang/NoSuchMethodError'{0x00000000c2a57dd8}: java.lang.invoke.DirectMethodHandle$Holder.invokeSpecial(Ljava/lang/Object;Ljava/lang/Object;JLjava/lang/Object;Ljava/lang/Object;Ljava/lang/Object;Ljava/lang/Object;)Ljava/lang/Object;> (0x0
Event: 4.822 Thread 0x00007efd78011000 Exception <a 'java/lang/NoSuchMethodError'{0x00000000c2a5b210}: java.lang.invoke.DelegatingMethodHandle$Holder.reinvoke_L(Ljava/lang/Object;JLjava/lang/Object;Ljava/lang/Object;Ljava/lang/Object;Ljava/lang/Object;)Ljava/lang/Object;> (0x00000000c2a5b210) 
Event: 4.859 Thread 0x00007efd78011000 Exception <a 'java/lang/NoSuchMethodError'{0x00000000c2a729b8}: java.lang.invoke.DirectMethodHandle$Holder.invokeStatic(Ljava/lang/Object;Ljava/lang/Object;Ljava/lang/Object;Ljava/lang/Object;Ljava/lang/Object;Ljava/lang/Object;J)Ljava/lang/Object;> (0x00
Event: 4.875 Thread 0x00007efd78011000 Exception <a 'java/lang/NoSuchMethodError'{0x00000000c2a89348}: java.lang.invoke.DirectMethodHandle$Holder.invokeStatic(Ljava/lang/Object;Ljava/lang/Object;Ljava/lang/Object;Ljava/lang/Object;Ljava/lang/Object;Ljava/lang/Object;JLjava/lang/Object;)Ljava/l
Event: 6.415 Thread 0x00007efd5c005800 Exception <a 'java/lang/UnsupportedOperationException'{0x00000000c2bc5760}: > (0x00000000c2bc5760) thrown at [/scratch/opt/mach5/mesos/work_dir/slaves/2dd962d0-8988-479b-a804-57ab764ada59-S77524/frameworks/1735e8a2-a1db-478c-8104-60c8b0af87dd-0196/executo

Events (10 events):
Event: 21.228 Executing VM operation: RevokeBias
Event: 21.228 Executing VM operation: RevokeBias done
Event: 21.234 Executing VM operation: RevokeBias
Event: 21.235 Executing VM operation: RevokeBias done
Event: 21.236 Executing VM operation: RevokeBias
Event: 21.236 Executing VM operation: RevokeBias done
Event: 21.338 loading class javax/swing/Autoscroller
Event: 21.343 loading class javax/swing/Autoscroller done
Event: 22.320 Executing VM operation: RevokeBias
Event: 22.320 Executing VM operation: RevokeBias done


Dynamic libraries:
00400000-00401000 r-xp 00000000 08:01 937687                             /usr/lib/jvm/jdk-12.0.1/bin/java
00600000-00601000 r--p 00000000 08:01 937687                             /usr/lib/jvm/jdk-12.0.1/bin/java
00601000-00602000 rw-p 00001000 08:01 937687                             /usr/lib/jvm/jdk-12.0.1/bin/java
016f0000-01759000 rw-p 00000000 00:00 0                                  [heap]
c2400000-c38a0000 rw-p 00000000 00:00 0 
c38a0000-d6d50000 ---p 00000000 00:00 0 
d6d50000-d96b0000 rw-p 00000000 00:00 0 
d96b0000-100000000 ---p 00000000 00:00 0 
800000000-800003000 rwxp 00001000 08:01 937604                           /usr/lib/jvm/jdk-12.0.1/lib/server/classes.jsa
800003000-8003d9000 rw-p 00004000 08:01 937604                           /usr/lib/jvm/jdk-12.0.1/lib/server/classes.jsa
8003d9000-800ae3000 r--p 003da000 08:01 937604                           /usr/lib/jvm/jdk-12.0.1/lib/server/classes.jsa
800ae3000-800ae4000 rw-p 00ae4000 08:01 937604                           /usr/lib/jvm/jdk-12.0.1/lib/server/classes.jsa
800ae4000-801129000 r--p 00ae5000 08:01 937604                           /usr/lib/jvm/jdk-12.0.1/lib/server/classes.jsa
801129000-801289000 rw-p 00000000 00:00 0 
801289000-841129000 ---p 00000000 00:00 0 
7efd3b32c000-7efd3b6b8000 rw-p 00000000 00:00 0 
7efd3b6b8000-7efd3b6bc000 ---p 00000000 00:00 0 
7efd3b6bc000-7efd3b8b9000 rw-p 00000000 00:00 0 
7efd3b8b9000-7efd3b9b9000 ---p 00000000 00:00 0 
7efd3b9b9000-7efd3b9bd000 ---p 00000000 00:00 0 
7efd3b9bd000-7efd3baba000 rw-p 00000000 00:00 0 
7efd3baba000-7efd3babf000 r-xp 00000000 08:01 1845464                    /usr/lib/x86_64-linux-gnu/libXfixes.so.3.1.0
7efd3babf000-7efd3bcbe000 ---p 00005000 08:01 1845464                    /usr/lib/x86_64-linux-gnu/libXfixes.so.3.1.0
7efd3bcbe000-7efd3bcbf000 r--p 00004000 08:01 1845464                    /usr/lib/x86_64-linux-gnu/libXfixes.so.3.1.0
7efd3bcbf000-7efd3bcc0000 rw-p 00005000 08:01 1845464                    /usr/lib/x86_64-linux-gnu/libXfixes.so.3.1.0
7efd3bcc0000-7efd3bcc9000 r-xp 00000000 08:01 1845456                    /usr/lib/x86_64-linux-gnu/libXcursor.so.1.0.2
7efd3bcc9000-7efd3bec8000 ---p 00009000 08:01 1845456                    /usr/lib/x86_64-linux-gnu/libXcursor.so.1.0.2
7efd3bec8000-7efd3bec9000 r--p 00008000 08:01 1845456                    /usr/lib/x86_64-linux-gnu/libXcursor.so.1.0.2
7efd3bec9000-7efd3beca000 rw-p 00009000 08:01 1845456                    /usr/lib/x86_64-linux-gnu/libXcursor.so.1.0.2
7efd3beca000-7efd3becb000 ---p 00000000 00:00 0 
7efd3becb000-7efd3c6cb000 rw-p 00000000 00:00 0 
7efd3c6cb000-7efd3c6fc000 r-xp 00000000 08:01 397877                     /usr/lib/x86_64-linux-gnu/gio/modules/libgvfsdbus.so
7efd3c6fc000-7efd3c8fc000 ---p 00031000 08:01 397877                     /usr/lib/x86_64-linux-gnu/gio/modules/libgvfsdbus.so
7efd3c8fc000-7efd3c8fe000 r--p 00031000 08:01 397877                     /usr/lib/x86_64-linux-gnu/gio/modules/libgvfsdbus.so
7efd3c8fe000-7efd3c8ff000 rw-p 00033000 08:01 397877                     /usr/lib/x86_64-linux-gnu/gio/modules/libgvfsdbus.so
7efd3c8ff000-7efd3c90b000 r-xp 00000000 08:01 397872                     /usr/lib/x86_64-linux-gnu/gio/modules/libdconfsettings.so
7efd3c90b000-7efd3cb0a000 ---p 0000c000 08:01 397872                     /usr/lib/x86_64-linux-gnu/gio/modules/libdconfsettings.so
7efd3cb0a000-7efd3cb0b000 r--p 0000b000 08:01 397872                     /usr/lib/x86_64-linux-gnu/gio/modules/libdconfsettings.so
7efd3cb0b000-7efd3cb0c000 rw-p 0000c000 08:01 397872                     /usr/lib/x86_64-linux-gnu/gio/modules/libdconfsettings.so
7efd3cb0c000-7efd3cb0d000 ---p 00000000 00:00 0 
7efd3cb0d000-7efd3d30d000 rw-p 00000000 00:00 0 
7efd3d30d000-7efd3d30e000 ---p 00000000 00:00 0 
7efd3d30e000-7efd3db0e000 rw-p 00000000 00:00 0 
7efd3db0e000-7efd3db44000 r-xp 00000000 08:01 398181                     /usr/lib/x86_64-linux-gnu/gvfs/libgvfscommon.so
7efd3db44000-7efd3dd44000 ---p 00036000 08:01 398181                     /usr/lib/x86_64-linux-gnu/gvfs/libgvfscommon.so
7efd3dd44000-7efd3dd4a000 r--p 00036000 08:01 398181                     /usr/lib/x86_64-linux-gnu/gvfs/libgvfscommon.so
7efd3dd4a000-7efd3dd4b000 rw-p 0003c000 08:01 398181                     /usr/lib/x86_64-linux-gnu/gvfs/libgvfscommon.so
7efd3dd4b000-7efd3dd65000 r-xp 00000000 08:01 397876                     /usr/lib/x86_64-linux-gnu/gio/modules/libgioremote-volume-monitor.so
7efd3dd65000-7efd3df64000 ---p 0001a000 08:01 397876                     /usr/lib/x86_64-linux-gnu/gio/modules/libgioremote-volume-monitor.so
7efd3df64000-7efd3df67000 r--p 00019000 08:01 397876                     /usr/lib/x86_64-linux-gnu/gio/modules/libgioremote-volume-monitor.so
7efd3df67000-7efd3df68000 rw-p 0001c000 08:01 397876                     /usr/lib/x86_64-linux-gnu/gio/modules/libgioremote-volume-monitor.so
7efd3df68000-7efd3df7f000 r-xp 00000000 08:01 136771                     /lib/x86_64-linux-gnu/libgcc_s.so.1
7efd3df7f000-7efd3e17e000 ---p 00017000 08:01 136771                     /lib/x86_64-linux-gnu/libgcc_s.so.1
7efd3e17e000-7efd3e17f000 r--p 00016000 08:01 136771                     /lib/x86_64-linux-gnu/libgcc_s.so.1
7efd3e17f000-7efd3e180000 rw-p 00017000 08:01 136771                     /lib/x86_64-linux-gnu/libgcc_s.so.1
7efd3e180000-7efd3e2f9000 r-xp 00000000 08:01 1845922                    /usr/lib/x86_64-linux-gnu/libstdc++.so.6.0.25
7efd3e2f9000-7efd3e4f9000 ---p 00179000 08:01 1845922                    /usr/lib/x86_64-linux-gnu/libstdc++.so.6.0.25
7efd3e4f9000-7efd3e503000 r--p 00179000 08:01 1845922                    /usr/lib/x86_64-linux-gnu/libstdc++.so.6.0.25
7efd3e503000-7efd3e505000 rw-p 00183000 08:01 1845922                    /usr/lib/x86_64-linux-gnu/libstdc++.so.6.0.25
7efd3e505000-7efd3e509000 rw-p 00000000 00:00 0 
7efd3e509000-7efd3e527000 r-xp 00000000 08:01 1846335                    /usr/lib/x86_64-linux-gnu/libproxy.so.1.0.0
7efd3e527000-7efd3e727000 ---p 0001e000 08:01 1846335                    /usr/lib/x86_64-linux-gnu/libproxy.so.1.0.0
7efd3e727000-7efd3e728000 r--p 0001e000 08:01 1846335                    /usr/lib/x86_64-linux-gnu/libproxy.so.1.0.0
7efd3e728000-7efd3e729000 rw-p 0001f000 08:01 1846335                    /usr/lib/x86_64-linux-gnu/libproxy.so.1.0.0
7efd3e72b000-7efd3e72f000 ---p 00000000 00:00 0 
7efd3e72f000-7efd3e82c000 rw-p 00000000 00:00 0 
7efd3e82c000-7efd3e830000 ---p 00000000 00:00 0 
7efd3e830000-7efd3e92d000 rw-p 00000000 00:00 0 
7efd3e92d000-7efd3e933000 r-xp 00000000 08:01 137130                     /lib/x86_64-linux-gnu/libuuid.so.1.3.0
7efd3e933000-7efd3eb32000 ---p 00006000 08:01 137130                     /lib/x86_64-linux-gnu/libuuid.so.1.3.0
7efd3eb32000-7efd3eb33000 r--p 00005000 08:01 137130                     /lib/x86_64-linux-gnu/libuuid.so.1.3.0
7efd3eb33000-7efd3eb34000 rw-p 00006000 08:01 137130                     /lib/x86_64-linux-gnu/libuuid.so.1.3.0
7efd3eb34000-7efd3eb7b000 r-xp 00000000 08:01 136954                     /lib/x86_64-linux-gnu/libblkid.so.1.1.0
7efd3eb7b000-7efd3ed7b000 ---p 00047000 08:01 136954                     /lib/x86_64-linux-gnu/libblkid.so.1.1.0
7efd3ed7b000-7efd3ed7f000 r--p 00047000 08:01 136954                     /lib/x86_64-linux-gnu/libblkid.so.1.1.0
7efd3ed7f000-7efd3ed80000 rw-p 0004b000 08:01 136954                     /lib/x86_64-linux-gnu/libblkid.so.1.1.0
7efd3ed80000-7efd3ed81000 rw-p 00000000 00:00 0 
7efd3ed81000-7efd3edf1000 r-xp 00000000 08:01 137084                     /lib/x86_64-linux-gnu/libpcre.so.3.13.3
7efd3edf1000-7efd3eff1000 ---p 00070000 08:01 137084                     /lib/x86_64-linux-gnu/libpcre.so.3.13.3
7efd3eff1000-7efd3eff2000 r--p 00070000 08:01 137084                     /lib/x86_64-linux-gnu/libpcre.so.3.13.3
7efd3eff2000-7efd3eff3000 rw-p 00071000 08:01 137084                     /lib/x86_64-linux-gnu/libpcre.so.3.13.3
7efd3eff3000-7efd3effa000 r-xp 00000000 08:01 1845797                    /usr/lib/x86_64-linux-gnu/libffi.so.6.0.4
7efd3effa000-7efd3f1f9000 ---p 00007000 08:01 1845797                    /usr/lib/x86_64-linux-gnu/libffi.so.6.0.4
7efd3f1f9000-7efd3f1fa000 r--p 00006000 08:01 1845797                    /usr/lib/x86_64-linux-gnu/libffi.so.6.0.4
7efd3f1fa000-7efd3f1fb000 rw-p 00007000 08:01 1845797                    /usr/lib/x86_64-linux-gnu/libffi.so.6.0.4
7efd3f1fb000-7efd3f24c000 r-xp 00000000 08:01 137031                     /lib/x86_64-linux-gnu/libmount.so.1.1.0
7efd3f24c000-7efd3f44b000 ---p 00051000 08:01 137031                     /lib/x86_64-linux-gnu/libmount.so.1.1.0
7efd3f44b000-7efd3f44d000 r--p 00050000 08:01 137031                     /lib/x86_64-linux-gnu/libmount.so.1.1.0
7efd3f44d000-7efd3f44e000 rw-p 00052000 08:01 137031                     /lib/x86_64-linux-gnu/libmount.so.1.1.0
7efd3f44e000-7efd3f44f000 rw-p 00000000 00:00 0 
7efd3f44f000-7efd3f466000 r-xp 00000000 08:01 137101                     /lib/x86_64-linux-gnu/libresolv-2.27.so
7efd3f466000-7efd3f666000 ---p 00017000 08:01 137101                     /lib/x86_64-linux-gnu/libresolv-2.27.so
7efd3f666000-7efd3f667000 r--p 00017000 08:01 137101                     /lib/x86_64-linux-gnu/libresolv-2.27.so
7efd3f667000-7efd3f668000 rw-p 00018000 08:01 137101                     /lib/x86_64-linux-gnu/libresolv-2.27.so
7efd3f668000-7efd3f66a000 rw-p 00000000 00:00 0 
7efd3f66a000-7efd3f68f000 r-xp 00000000 08:01 137107                     /lib/x86_64-linux-gnu/libselinux.so.1
7efd3f68f000-7efd3f88e000 ---p 00025000 08:01 137107                     /lib/x86_64-linux-gnu/libselinux.so.1
7efd3f88e000-7efd3f88f000 r--p 00024000 08:01 137107                     /lib/x86_64-linux-gnu/libselinux.so.1
7efd3f88f000-7efd3f890000 rw-p 00025000 08:01 137107                     /lib/x86_64-linux-gnu/libselinux.so.1
7efd3f890000-7efd3f892000 rw-p 00000000 00:00 0 
7efd3f892000-7efd3f9a5000 r-xp 00000000 08:01 1845891                    /usr/lib/x86_64-linux-gnu/libglib-2.0.so.0.5600.3
7efd3f9a5000-7efd3fba5000 ---p 00113000 08:01 1845891                    /usr/lib/x86_64-linux-gnu/libglib-2.0.so.0.5600.3
7efd3fba5000-7efd3fba6000 r--p 00113000 08:01 1845891                    /usr/lib/x86_64-linux-gnu/libglib-2.0.so.0.5600.3
7efd3fba6000-7efd3fba7000 rw-p 00114000 08:01 1845891                    /usr/lib/x86_64-linux-gnu/libglib-2.0.so.0.5600.3
7efd3fba7000-7efd3fba8000 rw-p 00000000 00:00 0 
7efd3fba8000-7efd3fbab000 r-xp 00000000 08:01 1845895                    /usr/lib/x86_64-linux-gnu/libgmodule-2.0.so.0.5600.3
7efd3fbab000-7efd3fdaa000 ---p 00003000 08:01 1845895                    /usr/lib/x86_64-linux-gnu/libgmodule-2.0.so.0.5600.3
7efd3fdaa000-7efd3fdab000 r--p 00002000 08:01 1845895                    /usr/lib/x86_64-linux-gnu/libgmodule-2.0.so.0.5600.3
7efd3fdab000-7efd3fdac000 rw-p 00003000 08:01 1845895                    /usr/lib/x86_64-linux-gnu/libgmodule-2.0.so.0.5600.3
7efd3fdac000-7efd3fdfe000 r-xp 00000000 08:01 1845919                    /usr/lib/x86_64-linux-gnu/libgobject-2.0.so.0.5600.3
7efd3fdfe000-7efd3fffe000 ---p 00052000 08:01 1845919                    /usr/lib/x86_64-linux-gnu/libgobject-2.0.so.0.5600.3
7efd3fffe000-7efd3ffff000 r--p 00052000 08:01 1845919                    /usr/lib/x86_64-linux-gnu/libgobject-2.0.so.0.5600.3
7efd3ffff000-7efd40000000 rw-p 00053000 08:01 1845919                    /usr/lib/x86_64-linux-gnu/libgobject-2.0.so.0.5600.3
7efd40000000-7efd40501000 rw-p 00000000 00:00 0 
7efd40501000-7efd44000000 ---p 00000000 00:00 0 
7efd44000000-7efd44021000 rw-p 00000000 00:00 0 
7efd44021000-7efd48000000 ---p 00000000 00:00 0 
7efd48000000-7efd48021000 rw-p 00000000 00:00 0 
7efd48021000-7efd4c000000 ---p 00000000 00:00 0 
7efd4c000000-7efd4c619000 rw-p 00000000 00:00 0 
7efd4c619000-7efd50000000 ---p 00000000 00:00 0 
7efd50000000-7efd50021000 rw-p 00000000 00:00 0 
7efd50021000-7efd54000000 ---p 00000000 00:00 0 
7efd54000000-7efd54021000 rw-p 00000000 00:00 0 
7efd54021000-7efd58000000 ---p 00000000 00:00 0 
7efd580c5000-7efd580c9000 ---p 00000000 00:00 0 
7efd580c9000-7efd581c6000 rw-p 00000000 00:00 0 
7efd581c6000-7efd5835b000 r-xp 00000000 08:01 1845885                    /usr/lib/x86_64-linux-gnu/libgio-2.0.so.0.5600.3
7efd5835b000-7efd5855b000 ---p 00195000 08:01 1845885                    /usr/lib/x86_64-linux-gnu/libgio-2.0.so.0.5600.3
7efd5855b000-7efd58562000 r--p 00195000 08:01 1845885                    /usr/lib/x86_64-linux-gnu/libgio-2.0.so.0.5600.3
7efd58562000-7efd58563000 rw-p 0019c000 08:01 1845885                    /usr/lib/x86_64-linux-gnu/libgio-2.0.so.0.5600.3
7efd58563000-7efd58565000 rw-p 00000000 00:00 0 
7efd58565000-7efd5856f000 r-xp 00000000 08:01 1845480                    /usr/lib/x86_64-linux-gnu/libXrandr.so.2.2.0
7efd5856f000-7efd5876e000 ---p 0000a000 08:01 1845480                    /usr/lib/x86_64-linux-gnu/libXrandr.so.2.2.0
7efd5876e000-7efd5876f000 r--p 00009000 08:01 1845480                    /usr/lib/x86_64-linux-gnu/libXrandr.so.2.2.0
7efd5876f000-7efd58770000 rw-p 0000a000 08:01 1845480                    /usr/lib/x86_64-linux-gnu/libXrandr.so.2.2.0
7efd58770000-7efd587a1000 r-xp 00000000 08:01 1846319                    /usr/lib/x86_64-linux-gnu/libpng16.so.16.34.0
7efd587a1000-7efd589a0000 ---p 00031000 08:01 1846319                    /usr/lib/x86_64-linux-gnu/libpng16.so.16.34.0
7efd589a0000-7efd589a1000 r--p 00030000 08:01 1846319                    /usr/lib/x86_64-linux-gnu/libpng16.so.16.34.0
7efd589a1000-7efd589a2000 rw-p 00031000 08:01 1846319                    /usr/lib/x86_64-linux-gnu/libpng16.so.16.34.0
7efd589a2000-7efd58a4f000 r-xp 00000000 08:01 1845829                    /usr/lib/x86_64-linux-gnu/libfreetype.so.6.15.0
7efd58a4f000-7efd58c4e000 ---p 000ad000 08:01 1845829                    /usr/lib/x86_64-linux-gnu/libfreetype.so.6.15.0
7efd58c4e000-7efd58c55000 r--p 000ac000 08:01 1845829                    /usr/lib/x86_64-linux-gnu/libfreetype.so.6.15.0
7efd58c55000-7efd58c56000 rw-p 000b3000 08:01 1845829                    /usr/lib/x86_64-linux-gnu/libfreetype.so.6.15.0
7efd58c56000-7efd58d13000 r-xp 00000000 08:01 790477                     /usr/lib/jvm/jdk-12.0.1/lib/libfontmanager.so
7efd58d13000-7efd58f12000 ---p 000bd000 08:01 790477                     /usr/lib/jvm/jdk-12.0.1/lib/libfontmanager.so
7efd58f12000-7efd58f14000 r--p 000bc000 08:01 790477                     /usr/lib/jvm/jdk-12.0.1/lib/libfontmanager.so
7efd58f14000-7efd58f15000 rw-p 000be000 08:01 790477                     /usr/lib/jvm/jdk-12.0.1/lib/libfontmanager.so
7efd58f15000-7efd58f16000 rw-p 00000000 00:00 0 
7efd58f16000-7efd58f18000 r-xp 00000000 08:01 1709074                    /home/kiit/1905243/cnProject/CN-p2p-file-sharing/libnative.so
7efd58f18000-7efd59117000 ---p 00002000 08:01 1709074                    /home/kiit/1905243/cnProject/CN-p2p-file-sharing/libnative.so
7efd59117000-7efd59118000 r--p 00001000 08:01 1709074                    /home/kiit/1905243/cnProject/CN-p2p-file-sharing/libnative.so
7efd59118000-7efd59119000 rw-p 00002000 08:01 1709074                    /home/kiit/1905243/cnProject/CN-p2p-file-sharing/libnative.so
7efd59119000-7efd5912c000 r-xp 00000000 08:01 136819                     /lib/x86_64-linux-gnu/libbsd.so.0.8.7
7efd5912c000-7efd5932b000 ---p 00013000 08:01 136819                     /lib/x86_64-linux-gnu/libbsd.so.0.8.7
7efd5932b000-7efd5932c000 r--p 00012000 08:01 136819                     /lib/x86_64-linux-gnu/libbsd.so.0.8.7
7efd5932c000-7efd5932d000 rw-p 00013000 08:01 136819                     /lib/x86_64-linux-gnu/libbsd.so.0.8.7
7efd5932d000-7efd5932e000 rw-p 00000000 00:00 0 
7efd5932e000-7efd59333000 r-xp 00000000 08:01 1845460                    /usr/lib/x86_64-linux-gnu/libXdmcp.so.6.0.0
7efd59333000-7efd59532000 ---p 00005000 08:01 1845460                    /usr/lib/x86_64-linux-gnu/libXdmcp.so.6.0.0
7efd59532000-7efd59533000 r--p 00004000 08:01 1845460                    /usr/lib/x86_64-linux-gnu/libXdmcp.so.6.0.0
7efd59533000-7efd59534000 rw-p 00005000 08:01 1845460                    /usr/lib/x86_64-linux-gnu/libXdmcp.so.6.0.0
7efd59534000-7efd59536000 r-xp 00000000 08:01 1855880                    /usr/lib/x86_64-linux-gnu/libXau.so.6.0.0
7efd59536000-7efd59736000 ---p 00002000 08:01 1855880                    /usr/lib/x86_64-linux-gnu/libXau.so.6.0.0
7efd59736000-7efd59737000 r--p 00002000 08:01 1855880                    /usr/lib/x86_64-linux-gnu/libXau.so.6.0.0
7efd59737000-7efd59738000 rw-p 00003000 08:01 1855880                    /usr/lib/x86_64-linux-gnu/libXau.so.6.0.0
7efd59738000-7efd5975e000 r-xp 00000000 08:01 1845448                    /usr/lib/x86_64-linux-gnu/libxcb.so.1.1.0
7efd5975e000-7efd5995e000 ---p 00026000 08:01 1845448                    /usr/lib/x86_64-linux-gnu/libxcb.so.1.1.0
7efd5995e000-7efd5995f000 r--p 00026000 08:01 1845448                    /usr/lib/x86_64-linux-gnu/libxcb.so.1.1.0
7efd5995f000-7efd59960000 rw-p 00027000 08:01 1845448                    /usr/lib/x86_64-linux-gnu/libxcb.so.1.1.0
7efd59960000-7efd5996f000 r-xp 00000000 08:01 1845470                    /usr/lib/x86_64-linux-gnu/libXi.so.6.1.0
7efd5996f000-7efd59b6e000 ---p 0000f000 08:01 1845470                    /usr/lib/x86_64-linux-gnu/libXi.so.6.1.0
7efd59b6e000-7efd59b6f000 r--p 0000e000 08:01 1845470                    /usr/lib/x86_64-linux-gnu/libXi.so.6.1.0
7efd59b6f000-7efd59b70000 rw-p 0000f000 08:01 1845470                    /usr/lib/x86_64-linux-gnu/libXi.so.6.1.0
7efd59b70000-7efd59b75000 r-xp 00000000 08:01 1845488                    /usr/lib/x86_64-linux-gnu/libXtst.so.6.1.0
7efd59b75000-7efd59d74000 ---p 00005000 08:01 1845488                    /usr/lib/x86_64-linux-gnu/libXtst.so.6.1.0
7efd59d74000-7efd59d75000 r--p 00004000 08:01 1845488                    /usr/lib/x86_64-linux-gnu/libXtst.so.6.1.0
7efd59d75000-7efd59d76000 rw-p 00005000 08:01 1845488                    /usr/lib/x86_64-linux-gnu/libXtst.so.6.1.0
7efd59d76000-7efd59d7f000 r-xp 00000000 08:01 1845482                    /usr/lib/x86_64-linux-gnu/libXrender.so.1.3.0
7efd59d7f000-7efd59f7e000 ---p 00009000 08:01 1845482                    /usr/lib/x86_64-linux-gnu/libXrender.so.1.3.0
7efd59f7e000-7efd59f7f000 r--p 00008000 08:01 1845482                    /usr/lib/x86_64-linux-gnu/libXrender.so.1.3.0
7efd59f7f000-7efd59f80000 rw-p 00009000 08:01 1845482                    /usr/lib/x86_64-linux-gnu/libXrender.so.1.3.0
7efd59f80000-7efd5a0b3000 r-xp 00000000 08:01 1846661                    /usr/lib/x86_64-linux-gnu/libX11.so.6.3.0
7efd5a0b3000-7efd5a2b3000 ---p 00133000 08:01 1846661                    /usr/lib/x86_64-linux-gnu/libX11.so.6.3.0
7efd5a2b3000-7efd5a2b4000 r--p 00133000 08:01 1846661                    /usr/lib/x86_64-linux-gnu/libX11.so.6.3.0
7efd5a2b4000-7efd5a2b8000 rw-p 00134000 08:01 1846661                    /usr/lib/x86_64-linux-gnu/libX11.so.6.3.0
7efd5a2b8000-7efd5a2c9000 r-xp 00000000 08:01 1845462                    /usr/lib/x86_64-linux-gnu/libXext.so.6.4.0
7efd5a2c9000-7efd5a4c8000 ---p 00011000 08:01 1845462                    /usr/lib/x86_64-linux-gnu/libXext.so.6.4.0
7efd5a4c8000-7efd5a4c9000 r--p 00010000 08:01 1845462                    /usr/lib/x86_64-linux-gnu/libXext.so.6.4.0
7efd5a4c9000-7efd5a4ca000 rw-p 00011000 08:01 1845462                    /usr/lib/x86_64-linux-gnu/libXext.so.6.4.0
7efd5a4ca000-7efd5a528000 r-xp 00000000 08:01 790494                     /usr/lib/jvm/jdk-12.0.1/lib/libawt_xawt.so
7efd5a528000-7efd5a727000 ---p 0005e000 08:01 790494                     /usr/lib/jvm/jdk-12.0.1/lib/libawt_xawt.so
7efd5a727000-7efd5a728000 r--p 0005d000 08:01 790494                     /usr/lib/jvm/jdk-12.0.1/lib/libawt_xawt.so
7efd5a728000-7efd5a72b000 rw-p 0005e000 08:01 790494                     /usr/lib/jvm/jdk-12.0.1/lib/libawt_xawt.so
7efd5a72b000-7efd5a72d000 rw-p 00000000 00:00 0 
7efd5a72d000-7efd5a7cd000 r-xp 00000000 08:01 790495                     /usr/lib/jvm/jdk-12.0.1/lib/libawt.so
7efd5a7cd000-7efd5a9cd000 ---p 000a0000 08:01 790495                     /usr/lib/jvm/jdk-12.0.1/lib/libawt.so
7efd5a9cd000-7efd5a9ce000 r--p 000a0000 08:01 790495                     /usr/lib/jvm/jdk-12.0.1/lib/libawt.so
7efd5a9ce000-7efd5a9d9000 rw-p 000a1000 08:01 790495                     /usr/lib/jvm/jdk-12.0.1/lib/libawt.so
7efd5a9d9000-7efd5a9fe000 rw-p 00000000 00:00 0 
7efd5a9fe000-7efd5aa14000 r-xp 00000000 08:01 796432                     /usr/lib/jvm/jdk-12.0.1/lib/libnet.so
7efd5aa14000-7efd5ac14000 ---p 00016000 08:01 796432                     /usr/lib/jvm/jdk-12.0.1/lib/libnet.so
7efd5ac14000-7efd5ac15000 r--p 00016000 08:01 796432                     /usr/lib/jvm/jdk-12.0.1/lib/libnet.so
7efd5ac15000-7efd5ac16000 rw-p 00017000 08:01 796432                     /usr/lib/jvm/jdk-12.0.1/lib/libnet.so
7efd5ac16000-7efd5ac27000 r-xp 00000000 08:01 796429                     /usr/lib/jvm/jdk-12.0.1/lib/libnio.so
7efd5ac27000-7efd5ae26000 ---p 00011000 08:01 796429                     /usr/lib/jvm/jdk-12.0.1/lib/libnio.so
7efd5ae26000-7efd5ae27000 r--p 00010000 08:01 796429                     /usr/lib/jvm/jdk-12.0.1/lib/libnio.so
7efd5ae27000-7efd5ae28000 rw-p 00011000 08:01 796429                     /usr/lib/jvm/jdk-12.0.1/lib/libnio.so
7efd5ae28000-7efd5ae2c000 ---p 00000000 00:00 0 
7efd5ae2c000-7efd5af29000 rw-p 00000000 00:00 0 
7efd5af29000-7efd5af2a000 ---p 00000000 00:00 0 
7efd5af2a000-7efd5b02b000 rw-p 00000000 00:00 0 
7efd5b02b000-7efd5b02f000 ---p 00000000 00:00 0 
7efd5b02f000-7efd5b12c000 rw-p 00000000 00:00 0 
7efd5b12c000-7efd5b130000 ---p 00000000 00:00 0 
7efd5b130000-7efd5b22d000 rw-p 00000000 00:00 0 
7efd5b22d000-7efd5b231000 ---p 00000000 00:00 0 
7efd5b231000-7efd5b32e000 rw-p 00000000 00:00 0 
7efd5b32e000-7efd5b332000 ---p 00000000 00:00 0 
7efd5b332000-7efd5b42f000 rw-p 00000000 00:00 0 
7efd5b42f000-7efd5b433000 ---p 00000000 00:00 0 
7efd5b433000-7efd5b530000 rw-p 00000000 00:00 0 
7efd5b530000-7efd5beff000 r--p 00000000 08:01 1841870                    /usr/lib/locale/locale-archive
7efd5beff000-7efd5bf03000 ---p 00000000 00:00 0 
7efd5bf03000-7efd5c000000 rw-p 00000000 00:00 0 
7efd5c000000-7efd5c044000 rw-p 00000000 00:00 0 
7efd5c044000-7efd60000000 ---p 00000000 00:00 0 
7efd6002b000-7efd6002f000 ---p 00000000 00:00 0 
7efd6002f000-7efd6012c000 rw-p 00000000 00:00 0 
7efd6012c000-7efd6012d000 ---p 00000000 00:00 0 
7efd6012d000-7efd60a43000 rw-p 00000000 00:00 0 
7efd60a43000-7efd60b78000 ---p 00000000 00:00 0 
7efd60b78000-7efd60de8000 rwxp 00000000 00:00 0 
7efd60de8000-7efd61107000 ---p 00000000 00:00 0 
7efd61107000-7efd61377000 rwxp 00000000 00:00 0 
7efd61377000-7efd6863f000 ---p 00000000 00:00 0 
7efd6863f000-7efd688af000 rwxp 00000000 00:00 0 
7efd688af000-7efd6fb78000 ---p 00000000 00:00 0 
7efd6fb78000-7efd78000000 r--s 00000000 08:01 790479                     /usr/lib/jvm/jdk-12.0.1/lib/modules
7efd78000000-7efd78356000 rw-p 00000000 00:00 0 
7efd78356000-7efd7c000000 ---p 00000000 00:00 0 
7efd7c015000-7efd7c042000 r--p 00000000 08:01 264999                     /usr/share/glib-2.0/schemas/gschemas.compiled
7efd7c042000-7efd7c129000 rw-p 00000000 00:00 0 
7efd7c129000-7efd7c1c2000 ---p 00000000 00:00 0 
7efd7c1c2000-7efd7c1d8000 rw-p 00000000 00:00 0 
7efd7c1d8000-7efd7c30c000 ---p 00000000 00:00 0 
7efd7c30c000-7efd7c312000 rw-p 00000000 00:00 0 
7efd7c312000-7efd7c3f8000 ---p 00000000 00:00 0 
7efd7c3f8000-7efd7c3fd000 rw-p 00000000 00:00 0 
7efd7c3fd000-7efd7c4e3000 ---p 00000000 00:00 0 
7efd7c4e3000-7efd7c4fe000 r-xp 00000000 08:01 790509                     /usr/lib/jvm/jdk-12.0.1/lib/libjimage.so
7efd7c4fe000-7efd7c6fd000 ---p 0001b000 08:01 790509                     /usr/lib/jvm/jdk-12.0.1/lib/libjimage.so
7efd7c6fd000-7efd7c6ff000 r--p 0001a000 08:01 790509                     /usr/lib/jvm/jdk-12.0.1/lib/libjimage.so
7efd7c6ff000-7efd7c700000 rw-p 0001c000 08:01 790509                     /usr/lib/jvm/jdk-12.0.1/lib/libjimage.so
7efd7c700000-7efd7c707000 r-xp 00000000 08:01 790511                     /usr/lib/jvm/jdk-12.0.1/lib/libzip.so
7efd7c707000-7efd7c906000 ---p 00007000 08:01 790511                     /usr/lib/jvm/jdk-12.0.1/lib/libzip.so
7efd7c906000-7efd7c907000 r--p 00006000 08:01 790511                     /usr/lib/jvm/jdk-12.0.1/lib/libzip.so
7efd7c907000-7efd7c908000 rw-p 00007000 08:01 790511                     /usr/lib/jvm/jdk-12.0.1/lib/libzip.so
7efd7c908000-7efd7c913000 r-xp 00000000 08:01 137052                     /lib/x86_64-linux-gnu/libnss_files-2.27.so
7efd7c913000-7efd7cb12000 ---p 0000b000 08:01 137052                     /lib/x86_64-linux-gnu/libnss_files-2.27.so
7efd7cb12000-7efd7cb13000 r--p 0000a000 08:01 137052                     /lib/x86_64-linux-gnu/libnss_files-2.27.so
7efd7cb13000-7efd7cb14000 rw-p 0000b000 08:01 137052                     /lib/x86_64-linux-gnu/libnss_files-2.27.so
7efd7cb14000-7efd7cb1a000 rw-p 00000000 00:00 0 
7efd7cb1a000-7efd7cb31000 r-xp 00000000 08:01 137046                     /lib/x86_64-linux-gnu/libnsl-2.27.so
7efd7cb31000-7efd7cd30000 ---p 00017000 08:01 137046                     /lib/x86_64-linux-gnu/libnsl-2.27.so
7efd7cd30000-7efd7cd31000 r--p 00016000 08:01 137046                     /lib/x86_64-linux-gnu/libnsl-2.27.so
7efd7cd31000-7efd7cd32000 rw-p 00017000 08:01 137046                     /lib/x86_64-linux-gnu/libnsl-2.27.so
7efd7cd32000-7efd7cd34000 rw-p 00000000 00:00 0 
7efd7cd34000-7efd7cd3f000 r-xp 00000000 08:01 137063                     /lib/x86_64-linux-gnu/libnss_nis-2.27.so
7efd7cd3f000-7efd7cf3e000 ---p 0000b000 08:01 137063                     /lib/x86_64-linux-gnu/libnss_nis-2.27.so
7efd7cf3e000-7efd7cf3f000 r--p 0000a000 08:01 137063                     /lib/x86_64-linux-gnu/libnss_nis-2.27.so
7efd7cf3f000-7efd7cf40000 rw-p 0000b000 08:01 137063                     /lib/x86_64-linux-gnu/libnss_nis-2.27.so
7efd7cf40000-7efd7cf48000 r-xp 00000000 08:01 137048                     /lib/x86_64-linux-gnu/libnss_compat-2.27.so
7efd7cf48000-7efd7d148000 ---p 00008000 08:01 137048                     /lib/x86_64-linux-gnu/libnss_compat-2.27.so
7efd7d148000-7efd7d149000 r--p 00008000 08:01 137048                     /lib/x86_64-linux-gnu/libnss_compat-2.27.so
7efd7d149000-7efd7d14a000 rw-p 00009000 08:01 137048                     /lib/x86_64-linux-gnu/libnss_compat-2.27.so
7efd7d14a000-7efd7d172000 r-xp 00000000 08:01 790481                     /usr/lib/jvm/jdk-12.0.1/lib/libjava.so
7efd7d172000-7efd7d371000 ---p 00028000 08:01 790481                     /usr/lib/jvm/jdk-12.0.1/lib/libjava.so
7efd7d371000-7efd7d372000 r--p 00027000 08:01 790481                     /usr/lib/jvm/jdk-12.0.1/lib/libjava.so
7efd7d372000-7efd7d374000 rw-p 00028000 08:01 790481                     /usr/lib/jvm/jdk-12.0.1/lib/libjava.so
7efd7d374000-7efd7d381000 r-xp 00000000 08:01 796437                     /usr/lib/jvm/jdk-12.0.1/lib/libverify.so
7efd7d381000-7efd7d580000 ---p 0000d000 08:01 796437                     /usr/lib/jvm/jdk-12.0.1/lib/libverify.so
7efd7d580000-7efd7d582000 r--p 0000c000 08:01 796437                     /usr/lib/jvm/jdk-12.0.1/lib/libverify.so
7efd7d582000-7efd7d583000 rw-p 0000e000 08:01 796437                     /usr/lib/jvm/jdk-12.0.1/lib/libverify.so
7efd7d583000-7efd7d58a000 r-xp 00000000 08:01 137103                     /lib/x86_64-linux-gnu/librt-2.27.so
7efd7d58a000-7efd7d789000 ---p 00007000 08:01 137103                     /lib/x86_64-linux-gnu/librt-2.27.so
7efd7d789000-7efd7d78a000 r--p 00006000 08:01 137103                     /lib/x86_64-linux-gnu/librt-2.27.so
7efd7d78a000-7efd7d78b000 rw-p 00007000 08:01 137103                     /lib/x86_64-linux-gnu/librt-2.27.so
7efd7d78b000-7efd7d928000 r-xp 00000000 08:01 137025                     /lib/x86_64-linux-gnu/libm-2.27.so
7efd7d928000-7efd7db27000 ---p 0019d000 08:01 137025                     /lib/x86_64-linux-gnu/libm-2.27.so
7efd7db27000-7efd7db28000 r--p 0019c000 08:01 137025                     /lib/x86_64-linux-gnu/libm-2.27.so
7efd7db28000-7efd7db29000 rw-p 0019d000 08:01 137025                     /lib/x86_64-linux-gnu/libm-2.27.so
7efd7db29000-7efd7ec8d000 r-xp 00000000 08:01 937605                     /usr/lib/jvm/jdk-12.0.1/lib/server/libjvm.so
7efd7ec8d000-7efd7ee8d000 ---p 01164000 08:01 937605                     /usr/lib/jvm/jdk-12.0.1/lib/server/libjvm.so
7efd7ee8d000-7efd7ef4e000 r--p 01164000 08:01 937605                     /usr/lib/jvm/jdk-12.0.1/lib/server/libjvm.so
7efd7ef4e000-7efd7ef87000 rw-p 01225000 08:01 937605                     /usr/lib/jvm/jdk-12.0.1/lib/server/libjvm.so
7efd7ef87000-7efd7f00a000 rw-p 00000000 00:00 0 
7efd7f00a000-7efd7f1f1000 r-xp 00000000 08:01 136962                     /lib/x86_64-linux-gnu/libc-2.27.so
7efd7f1f1000-7efd7f3f1000 ---p 001e7000 08:01 136962                     /lib/x86_64-linux-gnu/libc-2.27.so
7efd7f3f1000-7efd7f3f5000 r--p 001e7000 08:01 136962                     /lib/x86_64-linux-gnu/libc-2.27.so
7efd7f3f5000-7efd7f3f7000 rw-p 001eb000 08:01 136962                     /lib/x86_64-linux-gnu/libc-2.27.so
7efd7f3f7000-7efd7f3fb000 rw-p 00000000 00:00 0 
7efd7f3fb000-7efd7f3fe000 r-xp 00000000 08:01 136985                     /lib/x86_64-linux-gnu/libdl-2.27.so
7efd7f3fe000-7efd7f5fd000 ---p 00003000 08:01 136985                     /lib/x86_64-linux-gnu/libdl-2.27.so
7efd7f5fd000-7efd7f5fe000 r--p 00002000 08:01 136985                     /lib/x86_64-linux-gnu/libdl-2.27.so
7efd7f5fe000-7efd7f5ff000 rw-p 00003000 08:01 136985                     /lib/x86_64-linux-gnu/libdl-2.27.so
7efd7f5ff000-7efd7f619000 r-xp 00000000 08:01 137095                     /lib/x86_64-linux-gnu/libpthread-2.27.so
7efd7f619000-7efd7f818000 ---p 0001a000 08:01 137095                     /lib/x86_64-linux-gnu/libpthread-2.27.so
7efd7f818000-7efd7f819000 r--p 00019000 08:01 137095                     /lib/x86_64-linux-gnu/libpthread-2.27.so
7efd7f819000-7efd7f81a000 rw-p 0001a000 08:01 137095                     /lib/x86_64-linux-gnu/libpthread-2.27.so
7efd7f81a000-7efd7f81e000 rw-p 00000000 00:00 0 
7efd7f81e000-7efd7f82e000 r-xp 00000000 08:01 790513                     /usr/lib/jvm/jdk-12.0.1/lib/libjli.so
7efd7f82e000-7efd7fa2d000 ---p 00010000 08:01 790513                     /usr/lib/jvm/jdk-12.0.1/lib/libjli.so
7efd7fa2d000-7efd7fa2e000 r--p 0000f000 08:01 790513                     /usr/lib/jvm/jdk-12.0.1/lib/libjli.so
7efd7fa2e000-7efd7fa2f000 rw-p 00010000 08:01 790513                     /usr/lib/jvm/jdk-12.0.1/lib/libjli.so
7efd7fa2f000-7efd7fa4b000 r-xp 00000000 08:01 137134                     /lib/x86_64-linux-gnu/libz.so.1.2.11
7efd7fa4b000-7efd7fc4a000 ---p 0001c000 08:01 137134                     /lib/x86_64-linux-gnu/libz.so.1.2.11
7efd7fc4a000-7efd7fc4b000 r--p 0001b000 08:01 137134                     /lib/x86_64-linux-gnu/libz.so.1.2.11
7efd7fc4b000-7efd7fc4c000 rw-p 0001c000 08:01 137134                     /lib/x86_64-linux-gnu/libz.so.1.2.11
7efd7fc4c000-7efd7fc73000 r-xp 00000000 08:01 136934                     /lib/x86_64-linux-gnu/ld-2.27.so
7efd7fc98000-7efd7fd51000 rw-p 00000000 00:00 0 
7efd7fd51000-7efd7fd58000 ---p 00000000 00:00 0 
7efd7fd58000-7efd7fd5c000 ---p 00000000 00:00 0 
7efd7fd5c000-7efd7fe5d000 rw-p 00000000 00:00 0 
7efd7fe63000-7efd7fe67000 r--p 00000000 08:01 1582212                    /home/kiit/.config/dconf/user
7efd7fe67000-7efd7fe68000 r--s 00000000 00:2e 33                         /run/user/1000/dconf/user
7efd7fe68000-7efd7fe70000 rw-s 00000000 08:01 790413                     /tmp/hsperfdata_kiit/2775
7efd7fe70000-7efd7fe71000 ---p 00000000 00:00 0 
7efd7fe71000-7efd7fe72000 r--p 00000000 00:00 0 
7efd7fe72000-7efd7fe73000 ---p 00000000 00:00 0 
7efd7fe73000-7efd7fe74000 r--p 00027000 08:01 136934                     /lib/x86_64-linux-gnu/ld-2.27.so
7efd7fe74000-7efd7fe75000 rw-p 00028000 08:01 136934                     /lib/x86_64-linux-gnu/ld-2.27.so
7efd7fe75000-7efd7fe76000 rw-p 00000000 00:00 0 
7ffc8af0f000-7ffc8af30000 rw-p 00000000 00:00 0                          [stack]
7ffc8afb3000-7ffc8afb6000 r--p 00000000 00:00 0                          [vvar]
7ffc8afb6000-7ffc8afb8000 r-xp 00000000 00:00 0                          [vdso]
ffffffffff600000-ffffffffff601000 r-xp 00000000 00:00 0                  [vsyscall]


VM Arguments:
jvm_args: -Djava.library.path=. 
java_command: Gui
java_class_path (initial): .
Launcher Type: SUN_STANDARD

[Global flags]
     intx CICompilerCount                          = 2                                         {product} {ergonomic}
   size_t InitialHeapSize                          = 65011712                                  {product} {ergonomic}
   size_t MaxHeapSize                              = 1035993088                                {product} {ergonomic}
   size_t MaxNewSize                               = 345309184                                 {product} {ergonomic}
   size_t MinHeapDeltaBytes                        = 196608                                    {product} {ergonomic}
   size_t NewSize                                  = 21626880                                  {product} {ergonomic}
    uintx NonNMethodCodeHeapSize                   = 5825164                                {pd product} {ergonomic}
    uintx NonProfiledCodeHeapSize                  = 122916538                              {pd product} {ergonomic}
   size_t OldSize                                  = 43384832                                  {product} {ergonomic}
    uintx ProfiledCodeHeapSize                     = 122916538                              {pd product} {ergonomic}
    uintx ReservedCodeCacheSize                    = 251658240                              {pd product} {ergonomic}
     bool SegmentedCodeCache                       = true                                      {product} {ergonomic}
     bool UseCompressedClassPointers               = true                                 {lp64_product} {ergonomic}
     bool UseCompressedOops                        = true                                 {lp64_product} {ergonomic}
     bool UseSerialGC                              = true                                      {product} {ergonomic}

Logging:
Log output configuration:
 #0: stdout all=warning uptime,level,tags
 #1: stderr all=off uptime,level,tags

Environment Variables:
JAVA_HOME=/usr/lib/jvm/jdk-12.0.1
PATH=/usr/local/sbin:/usr/local/bin:/usr/sbin:/usr/bin:/sbin:/bin:/usr/games:/usr/local/games:/snap/bin:/usr/lib/jvm/jdk-12.0.1/bin
USERNAME=kiit
SHELL=/bin/bash
DISPLAY=:0

Signal Handlers:
SIGSEGV: [libjvm.so+0xe45640], sa_mask[0]=11111111011111111101111111111110, sa_flags=SA_RESTART|SA_SIGINFO
SIGBUS: [libjvm.so+0xe45640], sa_mask[0]=11111111011111111101111111111110, sa_flags=SA_RESTART|SA_SIGINFO
SIGFPE: [libjvm.so+0xe45640], sa_mask[0]=11111111011111111101111111111110, sa_flags=SA_RESTART|SA_SIGINFO
SIGPIPE: SIG_IGN, sa_mask[0]=00000000000010000000000000000000, sa_flags=SA_RESTART
SIGXFSZ: [libjvm.so+0xbf4b50], sa_mask[0]=11111111011111111101111111111110, sa_flags=SA_RESTART|SA_SIGINFO
SIGILL: [libjvm.so+0xe45640], sa_mask[0]=11111111011111111101111111111110, sa_flags=SA_RESTART|SA_SIGINFO
SIGUSR2: [libjvm.so+0xbf49f0], sa_mask[0]=00000000000000000000000000000000, sa_flags=SA_RESTART|SA_SIGINFO
SIGHUP: [libjvm.so+0xbf4d50], sa_mask[0]=11111111011111111101111111111110, sa_flags=SA_RESTART|SA_SIGINFO
SIGINT: [libjvm.so+0xbf4d50], sa_mask[0]=11111111011111111101111111111110, sa_flags=SA_RESTART|SA_SIGINFO
SIGTERM: [libjvm.so+0xbf4d50], sa_mask[0]=11111111011111111101111111111110, sa_flags=SA_RESTART|SA_SIGINFO
SIGQUIT: [libjvm.so+0xbf4d50], sa_mask[0]=11111111011111111101111111111110, sa_flags=SA_RESTART|SA_SIGINFO


---------------  S Y S T E M  ---------------

OS:DISTRIB_ID=Ubuntu
DISTRIB_RELEASE=18.04
DISTRIB_CODENAME=bionic
DISTRIB_DESCRIPTION="Ubuntu 18.04.2 LTS"
uname:Linux 4.18.0-25-generic #26~18.04.1-Ubuntu SMP Thu Jun 27 07:28:31 UTC 2019 x86_64
libc:glibc 2.27 NPTL 2.27 
rlimit: STACK 8192k, CORE 0k, NPROC 15535, NOFILE 4096, AS infinity, DATA infinity, FSIZE infinity
load average:1.44 1.48 1.24

/proc/meminfo:
MemTotal:        4039524 kB
MemFree:         1347484 kB
MemAvailable:    2606332 kB
Buffers:          120536 kB
Cached:          1362988 kB
SwapCached:            0 kB
Active:          1377092 kB
Inactive:        1063236 kB
Active(anon):     957788 kB
Inactive(anon):    81996 kB
Active(file):     419304 kB
Inactive(file):   981240 kB
Unevictable:          32 kB
Mlocked:              32 kB
SwapTotal:       1471128 kB
SwapFree:        1471128 kB
Dirty:               152 kB
Writeback:             0 kB
AnonPages:        956892 kB
Mapped:           384872 kB
Shmem:             82924 kB
Slab:             155428 kB
SReclaimable:     121992 kB
SUnreclaim:        33436 kB
KernelStack:        7184 kB
PageTables:        33472 kB
NFS_Unstable:          0 kB
Bounce:                0 kB
WritebackTmp:          0 kB
CommitLimit:     3490888 kB
Committed_AS:    4039704 kB
VmallocTotal:   34359738367 kB
VmallocUsed:           0 kB
VmallocChunk:          0 kB
HardwareCorrupted:     0 kB
AnonHugePages:         0 kB
ShmemHugePages:        0 kB
ShmemPmdMapped:        0 kB
CmaTotal:              0 kB
CmaFree:               0 kB
HugePages_Total:       0
HugePages_Free:        0
HugePages_Rsvd:        0
HugePages_Surp:        0
Hugepagesize:       2048 kB
Hugetlb:               0 kB
DirectMap4k:      122816 kB
DirectMap2M:     4071424 kB


/proc/sys/kernel/threads-max (system-wide limit on the number of threads):
31070


/proc/sys/vm/max_map_count (maximum number of memory map areas a process may have):
65530


/proc/sys/kernel/pid_max (system-wide limit on number of process identifiers):
32768



container (cgroup) information:
container_type: cgroupv1
cpu_cpuset_cpus: 0
cpu_memory_nodes: 0
active_processor_count: 1
cpu_quota: -1
cpu_period: 100000
cpu_shares: -1
memory_limit_in_bytes: -1
memory_and_swap_limit_in_bytes: -2
memory_soft_limit_in_bytes: -1
memory_usage_in_bytes: 2498908160
memory_max_usage_in_bytes: 0


CPU:total 1 (initial active 1) (1 cores per cpu, 1 threads per core) family 6 model 142 stepping 10, cmov, cx8, fxsr, mmx, sse, sse2, sse3, ssse3, sse4.1, sse4.2, popcnt, avx, avx2, aes, clmul, 3dnowpref, lzcnt, tsc, tscinvbit
CPU Model and flags from /proc/cpuinfo:
model name	: Intel(R) Core(TM) i5-8250U CPU @ 1.60GHz
flags		: fpu vme de pse tsc msr pae mce cx8 apic sep mtrr pge mca cmov pat pse36 clflush mmx fxsr sse sse2 ht syscall nx rdtscp lm constant_tsc rep_good nopl xtopology nonstop_tsc cpuid tsc_known_freq pni pclmulqdq monitor ssse3 cx16 pcid sse4_1 sse4_2 x2apic movbe popcnt aes xsave avx rdrand hypervisor lahf_lm abm 3dnowprefetch invpcid_single pti fsgsbase avx2 invpcid rdseed clflushopt md_clear flush_l1d

Memory: 4k page, physical 4039524k(1347484k free), swap 1471128k(1471128k free)

vm_info: Java HotSpot(TM) 64-Bit Server VM (12.0.1+12) for linux-amd64 JRE (12.0.1+12), built on Apr  1 2019 23:46:14 by "mach5one" with gcc 7.3.0

END.
