#
# A fatal error has been detected by the Java Runtime Environment:
#
#  SIGSEGV (0xb) at pc=0x00007f3664b81a00, pid=3827, tid=3846
#
# JRE version: Java(TM) SE Runtime Environment (12.0.1+12) (build 12.0.1+12)
# Java VM: Java HotSpot(TM) 64-Bit Server VM (12.0.1+12, mixed mode, sharing, tiered, compressed oops, serial gc, linux-amd64)
# Problematic frame:
# 
[error occurred during error reporting (printing problematic frame), id 0xb, SIGSEGV (0xb) at pc=0x00007f3682a37b42]

# Core dump will be written. Default location: Core dumps may be processed with "/usr/share/apport/apport %p %s %c %d %P" (or dumping to /home/kiit/1905243/cnProject/CN-p2p-file-sharing/core.3827)
#
# If you would like to submit a bug report, please visit:
#   http://bugreport.java.com/bugreport/crash.jsp
#

---------------  S U M M A R Y ------------

Command Line: -Djava.library.path=. Gui

Host: Intel(R) Core(TM) i5-8250U CPU @ 1.60GHz, 1 cores, 3G, Ubuntu 18.04.2 LTS
Time: Mon Jan 24 20:37:01 2022 IST elapsed time: 31 seconds (0d 0h 0m 31s)

---------------  T H R E A D  ---------------

Current thread (0x00007f366001d800):  JavaThread "AWT-EventQueue-0" [_thread_in_Java, id=3846, stack(0x00007f3644127000,0x00007f3644228000)]

Stack: [0x00007f3644127000,0x00007f3644228000],  sp=0x00007f3644225970,  free space=1018k
Native frames: (J=compiled Java code, A=aot compiled Java code, j=interpreted, Vv=VM code, C=native code)

[error occurred during error reporting (printing native stack), id 0xb, SIGSEGV (0xb) at pc=0x00007f3682a37b42]


siginfo: si_signo: 11 (SIGSEGV), si_code: 1 (SEGV_MAPERR), si_addr: 0x0000003672657365

Register to memory mapping:

RAX=
[error occurred during error reporting (printing register info), id 0xb, SIGSEGV (0xb) at pc=0x00007f36830112c6]

Registers:
RAX=0x00000000c2d741e8, RBX=0x00007f3664778b50, RCX=0x0000000000000000, RDX=0x00000000c25ee188
RSP=0x00007f3644225970, RBP=0x0000003672657375, RSI=0x00007f368090eba1, RDI=0x00007f3664b81a00
R8 =0x0000000000000001, R9 =0x0000000800000000, R10=0x0000000000000000, R11=0x00007f3644225970
R12=0x0000000000000000, R13=0x00007f3664778b50, R14=0x00007f3644225970, R15=0x00007f366001d800
RIP=0x00007f3664b81a00, EFLAGS=0x0000000000010206, CSGSFS=0x002b000000000033, ERR=0x0000000000000004
  TRAPNO=0x000000000000000e

Top of Stack: (sp=0x00007f3644225970)
0x00007f3644225970:   00000000c25ee188 00007f3644225978
0x00007f3644225980:   00007f36648d284d 00007f3644225a28
0x00007f3644225990:   00007f36648d2be0 0000000000000000
0x00007f36442259a0:   00000000c29318e8 00007f36648d2a88 

Instructions: (pc=0x00007f3664b81a00)
0x00007f3664b819e0:   e3 ff 00 00 00 48 8d 24 dc 41 0f b6 5d 05 49 83
0x00007f3664b819f0:   c5 05 49 ba c0 24 7e 83 36 7f 00 00 41 ff 24 da
0x00007f3664b81a00:   48 8b 65 f0 48 c7 45 f0 00 00 00 00 4c 8b 6d c0
0x00007f3664b81a10:   4c 8b 75 c8 48 8b 5d d8 48 85 db 0f 84 94 00 00 

Stack slot to memory mapping:
stack at sp + 0 slots: 0x00000000c25ee188 is an oop: Gui 
{0x00000000c25ee188} - klass: 'Gui'
stack at sp + 1 slots: 0x00007f3644225978 is pointing into the stack for thread: 0x00007f366001d800
stack at sp + 2 slots: 0x00007f36648d284d is pointing into metadata
stack at sp + 3 slots: 0x00007f3644225a28 is pointing into the stack for thread: 0x00007f366001d800
stack at sp + 4 slots: 0x00007f36648d2be0 is pointing into metadata
stack at sp + 5 slots: 0x0 is NULL
stack at sp + 6 slots: 
[error occurred during error reporting (inspecting top of stack), id 0xb, SIGSEGV (0xb) at pc=0x00007f36830112c6]

invoke return entry points  [0x00007f3664b81380, 0x00007f3664b81da0]  2592 bytes

---------------  P R O C E S S  ---------------

Threads class SMR info:
_java_thread_list=0x000000000208fbf0, length=14, elements={
0x00007f367c059800, 0x00007f367c05b800, 0x00007f367c062000, 0x00007f367c064000,
0x00007f367c066000, 0x00007f367c068000, 0x00007f367c0a3000, 0x00007f367c0a8800,
0x00007f367c1da800, 0x00007f367c201000, 0x00007f367c30d800, 0x00007f366001d800,
0x00007f367c011000, 0x000000000208e000
}

Java Threads: ( => current thread )
  0x00007f367c059800 JavaThread "Reference Handler" daemon [_thread_blocked, id=3830, stack(0x00007f36804e1000,0x00007f36805e2000)]
  0x00007f367c05b800 JavaThread "Finalizer" daemon [_thread_blocked, id=3831, stack(0x00007f36803e0000,0x00007f36804e1000)]
  0x00007f367c062000 JavaThread "Signal Dispatcher" daemon [_thread_blocked, id=3832, stack(0x00007f36802df000,0x00007f36803e0000)]
  0x00007f367c064000 JavaThread "C2 CompilerThread0" daemon [_thread_blocked, id=3833, stack(0x00007f36801de000,0x00007f36802df000)]
  0x00007f367c066000 JavaThread "C1 CompilerThread0" daemon [_thread_blocked, id=3834, stack(0x00007f36800dd000,0x00007f36801de000)]
  0x00007f367c068000 JavaThread "Sweeper thread" daemon [_thread_blocked, id=3835, stack(0x00007f3664277000,0x00007f3664378000)]
  0x00007f367c0a3000 JavaThread "Service Thread" daemon [_thread_blocked, id=3836, stack(0x00007f3664176000,0x00007f3664277000)]
  0x00007f367c0a8800 JavaThread "Common-Cleaner" daemon [_thread_blocked, id=3838, stack(0x00007f3657530000,0x00007f3657631000)]
  0x00007f367c1da800 JavaThread "Java2D Disposer" daemon [_thread_blocked, id=3842, stack(0x00007f365405f000,0x00007f3654160000)]
  0x00007f367c201000 JavaThread "AWT-XAWT" daemon [_thread_in_native, id=3843, stack(0x00007f3646f9a000,0x00007f364709b000)]
  0x00007f367c30d800 JavaThread "AWT-Shutdown" [_thread_blocked, id=3845, stack(0x00007f3646e99000,0x00007f3646f9a000)]
=>0x00007f366001d800 JavaThread "AWT-EventQueue-0" [_thread_in_Java, id=3846, stack(0x00007f3644127000,0x00007f3644228000)]
  0x00007f367c011000 JavaThread "DestroyJavaVM" [_thread_blocked, id=3828, stack(0x00007f3684544000,0x00007f3684645000)]
  0x000000000208e000 JavaThread "TimerQueue" daemon [_thread_blocked, id=3847, stack(0x00007f3644026000,0x00007f3644127000)]

Other Threads:
  0x00007f367c056800 VMThread "VM Thread" [stack: 0x00007f36805e4000,0x00007f36806e4000] [id=3829]
  0x00007f367c0a5800 WatcherThread [stack: 0x00007f3664076000,0x00007f3664176000] [id=3837]

Threads with active compile tasks:

VM state:not at safepoint (normal execution)

VM Mutex/Monitor currently owned by a thread: None

Heap address: 0x00000000c2400000, size: 988 MB, Compressed Oops mode: 32-bit
Narrow klass base: 0x0000000800000000, Narrow klass shift: 3
Compressed class space size: 1073741824 Address: 0x0000000801129000

Heap:
 def new generation   total 19008K, used 10145K [0x00000000c2400000, 0x00000000c38a0000, 0x00000000d6d50000)
  eden space 16896K,  60% used [0x00000000c2400000, 0x00000000c2de8728, 0x00000000c3480000)
  from space 2112K,   0% used [0x00000000c3480000, 0x00000000c3480000, 0x00000000c3690000)
  to   space 2112K,   0% used [0x00000000c3690000, 0x00000000c3690000, 0x00000000c38a0000)
 tenured generation   total 42368K, used 0K [0x00000000d6d50000, 0x00000000d96b0000, 0x0000000100000000)
   the space 42368K,   0% used [0x00000000d6d50000, 0x00000000d6d50000, 0x00000000d6d50200, 0x00000000d96b0000)
 Metaspace       used 10456K, capacity 10860K, committed 11136K, reserved 1058816K
  class space    used 1118K, capacity 1283K, committed 1408K, reserved 1048576K

Card table byte_map: [0x00007f368090a000,0x00007f3680af9000] _byte_map_base: 0x00007f36802f8000

Polling page: 0x00007f368465c000

Metaspace:

Usage:
  Non-class:      9.35 MB capacity,     9.12 MB ( 98%) used,   204.84 KB (  2%) free+waste,    34.00 KB ( <1%) overhead. 
      Class:      1.25 MB capacity,     1.09 MB ( 87%) used,   145.54 KB ( 11%) free+waste,    19.31 KB (  2%) overhead. 
       Both:     10.61 MB capacity,    10.21 MB ( 96%) used,   350.38 KB (  3%) free+waste,    53.31 KB ( <1%) overhead. 

Virtual space:
  Non-class space:       10.00 MB reserved,       9.50 MB ( 95%) committed 
      Class space:        1.00 GB reserved,       1.38 MB ( <1%) committed 
             Both:        1.01 GB reserved,      10.88 MB (  1%) committed 

Chunk freelists:
   Non-Class:  10.88 KB
       Class:  3.12 KB
        Both:  14.00 KB

CodeHeap 'non-profiled nmethods': size=120036Kb used=376Kb max_used=376Kb free=119659Kb
 bounds [0x00007f366c63f000, 0x00007f366c8af000, 0x00007f3673b78000]
CodeHeap 'profiled nmethods': size=120032Kb used=2883Kb max_used=2883Kb free=117148Kb
 bounds [0x00007f3665107000, 0x00007f36653e7000, 0x00007f366c63f000]
CodeHeap 'non-nmethods': size=5692Kb used=1256Kb max_used=1268Kb free=4435Kb
 bounds [0x00007f3664b78000, 0x00007f3664de8000, 0x00007f3665107000]
 total_blobs=2166 nmethods=1367 adapters=562
 compilation: enabled
              stopped_count=0, restarted_count=0
 full_count=0

Compilation events (10 events):
Event: 30.712 Thread 0x00007f367c066000 1362   !   3       sun.awt.X11.XToolkit::getLastCursorPos (38 bytes)
Event: 30.713 Thread 0x00007f367c066000 nmethod 1362 0x00007f36653d3910 code [0x00007f36653d3bc0, 0x00007f36653d48a8]
Event: 30.713 Thread 0x00007f367c066000 1363       3       java.awt.Point::setLocation (13 bytes)
Event: 30.713 Thread 0x00007f367c066000 nmethod 1363 0x00007f36653d4d90 code [0x00007f36653d4f60, 0x00007f36653d51b0]
Event: 30.713 Thread 0x00007f367c066000 1364   !   3       sun.awt.X11.XGlobalCursorManager::setCursor (141 bytes)
Event: 30.715 Thread 0x00007f367c066000 nmethod 1364 0x00007f36653d5310 code [0x00007f36653d5660, 0x00007f36653d71d8]
Event: 30.721 Thread 0x00007f367c064000 1365       4       sun.awt.X11.XEvent::get_type (18 bytes)
Event: 30.722 Thread 0x00007f367c064000 nmethod 1365 0x00007f366c69cb10 code [0x00007f366c69ccc0, 0x00007f366c69cde8]
Event: 30.804 Thread 0x00007f367c066000 1366       3       sun.font.XRGlyphCacheEntry::getYAdvance (16 bytes)
Event: 30.804 Thread 0x00007f367c066000 nmethod 1366 0x00007f36653d7990 code [0x00007f36653d7b40, 0x00007f36653d7d50]

GC Heap History (0 events):
No events

Deoptimization events (5 events):
Event: 0.133 Thread 0x00007f367c011000 Uncommon trap: reason=unstable_if action=reinterpret pc=0x00007f366c6438e0 method=java.lang.String.hashCode()I @ 14 c2
Event: 3.541 Thread 0x00007f366001d800 Uncommon trap: reason=class_check action=maybe_recompile pc=0x00007f366c657468 method=java.lang.String.equals(Ljava/lang/Object;)Z @ 8 c2
Event: 3.541 Thread 0x00007f366001d800 Uncommon trap: reason=class_check action=maybe_recompile pc=0x00007f366c657468 method=java.lang.String.equals(Ljava/lang/Object;)Z @ 8 c2
Event: 3.925 Thread 0x00007f366001d800 Uncommon trap: reason=class_check action=maybe_recompile pc=0x00007f366c657468 method=java.lang.String.equals(Ljava/lang/Object;)Z @ 8 c2
Event: 3.925 Thread 0x00007f366001d800 Uncommon trap: reason=class_check action=maybe_recompile pc=0x00007f366c657468 method=java.lang.String.equals(Ljava/lang/Object;)Z @ 8 c2

Classes redefined (0 events):
No events

Internal exceptions (10 events):
Event: 0.997 Thread 0x00007f367c011000 Exception <a 'java/lang/NoSuchMethodError'{0x00000000c29e7ab8}: java.lang.invoke.DirectMethodHandle$Holder.invokeStatic(Ljava/lang/Object;Ljava/lang/Object;Ljava/lang/Object;Ljava/lang/Object;Ljava/lang/Object;Ljava/lang/Object;Ljava/lang/Object;Ljava/lan
Event: 0.999 Thread 0x00007f367c011000 Exception <a 'java/lang/NoSuchMethodError'{0x00000000c29f42a8}: java.lang.invoke.DirectMethodHandle$Holder.invokeSpecial(Ljava/lang/Object;Ljava/lang/Object;JLjava/lang/Object;Ljava/lang/Object;Ljava/lang/Object;Ljava/lang/Object;Ljava/lang/Object;)Ljava/
Event: 1.000 Thread 0x00007f367c011000 Exception <a 'java/lang/NoSuchMethodError'{0x00000000c29f7928}: java.lang.invoke.DelegatingMethodHandle$Holder.reinvoke_L(Ljava/lang/Object;JLjava/lang/Object;Ljava/lang/Object;Ljava/lang/Object;Ljava/lang/Object;Ljava/lang/Object;)Ljava/lang/Object;> (0x
Event: 1.004 Thread 0x00007f367c011000 Exception <a 'java/lang/NoSuchMethodError'{0x00000000c2a0bda0}: java.lang.invoke.DirectMethodHandle$Holder.invokeStatic(Ljava/lang/Object;Ljava/lang/Object;Ljava/lang/Object;Ljava/lang/Object;Ljava/lang/Object;J)Ljava/lang/Object;> (0x00000000c2a0bda0) th
Event: 1.014 Thread 0x00007f367c011000 Exception <a 'java/lang/NoSuchMethodError'{0x00000000c2a29168}: java.lang.invoke.Invokers$Holder.linkToTargetMethod(Ljava/lang/Object;Ljava/lang/Object;Ljava/lang/Object;Ljava/lang/Object;Ljava/lang/Object;Ljava/lang/Object;)Ljava/lang/Object;> (0x0000000
Event: 1.026 Thread 0x00007f367c011000 Exception <a 'java/lang/NoSuchMethodError'{0x00000000c2a61360}: java.lang.invoke.DirectMethodHandle$Holder.invokeSpecial(Ljava/lang/Object;Ljava/lang/Object;JLjava/lang/Object;Ljava/lang/Object;Ljava/lang/Object;Ljava/lang/Object;)Ljava/lang/Object;> (0x0
Event: 1.026 Thread 0x00007f367c011000 Exception <a 'java/lang/NoSuchMethodError'{0x00000000c2a64798}: java.lang.invoke.DelegatingMethodHandle$Holder.reinvoke_L(Ljava/lang/Object;JLjava/lang/Object;Ljava/lang/Object;Ljava/lang/Object;Ljava/lang/Object;)Ljava/lang/Object;> (0x00000000c2a64798) 
Event: 1.033 Thread 0x00007f367c011000 Exception <a 'java/lang/NoSuchMethodError'{0x00000000c2a7bf40}: java.lang.invoke.DirectMethodHandle$Holder.invokeStatic(Ljava/lang/Object;Ljava/lang/Object;Ljava/lang/Object;Ljava/lang/Object;Ljava/lang/Object;Ljava/lang/Object;J)Ljava/lang/Object;> (0x00
Event: 1.038 Thread 0x00007f367c011000 Exception <a 'java/lang/NoSuchMethodError'{0x00000000c2a928d0}: java.lang.invoke.DirectMethodHandle$Holder.invokeStatic(Ljava/lang/Object;Ljava/lang/Object;Ljava/lang/Object;Ljava/lang/Object;Ljava/lang/Object;Ljava/lang/Object;JLjava/lang/Object;)Ljava/l
Event: 1.401 Thread 0x00007f366001d800 Exception <a 'java/lang/UnsupportedOperationException'{0x00000000c2bbdf50}: > (0x00000000c2bbdf50) thrown at [/scratch/opt/mach5/mesos/work_dir/slaves/2dd962d0-8988-479b-a804-57ab764ada59-S77524/frameworks/1735e8a2-a1db-478c-8104-60c8b0af87dd-0196/executo

Events (10 events):
Event: 12.097 Executing VM operation: RevokeBias
Event: 12.097 Executing VM operation: RevokeBias done
Event: 17.136 Executing VM operation: RevokeBias
Event: 17.136 Executing VM operation: RevokeBias done
Event: 20.319 Executing VM operation: RevokeBias
Event: 20.319 Executing VM operation: RevokeBias done
Event: 20.324 loading class sun/awt/im/CompositionArea
Event: 20.324 loading class sun/awt/im/CompositionArea done
Event: 31.772 Executing VM operation: RevokeBias
Event: 31.772 Executing VM operation: RevokeBias done


Dynamic libraries:
00400000-00401000 r-xp 00000000 08:01 937687                             /usr/lib/jvm/jdk-12.0.1/bin/java
00600000-00601000 r--p 00000000 08:01 937687                             /usr/lib/jvm/jdk-12.0.1/bin/java
00601000-00602000 rw-p 00001000 08:01 937687                             /usr/lib/jvm/jdk-12.0.1/bin/java
02062000-020c6000 rw-p 00000000 00:00 0                                  [heap]
c2400000-c38a0000 rw-p 00000000 00:00 0 
c38a0000-d6d50000 ---p 00000000 00:00 0 
d6d50000-d96b0000 rw-p 00000000 00:00 0 
d96b0000-100000000 ---p 00000000 00:00 0 
800000000-800003000 rwxp 00001000 08:01 937604                           /usr/lib/jvm/jdk-12.0.1/lib/server/classes.jsa
800003000-8003d9000 rw-p 00004000 08:01 937604                           /usr/lib/jvm/jdk-12.0.1/lib/server/classes.jsa
8003d9000-800ae3000 r--p 003da000 08:01 937604                           /usr/lib/jvm/jdk-12.0.1/lib/server/classes.jsa
800ae3000-800ae4000 rw-p 00ae4000 08:01 937604                           /usr/lib/jvm/jdk-12.0.1/lib/server/classes.jsa
800ae4000-801129000 r--p 00ae5000 08:01 937604                           /usr/lib/jvm/jdk-12.0.1/lib/server/classes.jsa
801129000-801289000 rw-p 00000000 00:00 0 
801289000-841129000 ---p 00000000 00:00 0 
7f363fe00000-7f363ff80000 rw-p 00000000 00:00 0 
7f363ff80000-7f3640000000 ---p 00000000 00:00 0 
7f3640000000-7f3640021000 rw-p 00000000 00:00 0 
7f3640021000-7f3644000000 ---p 00000000 00:00 0 
7f3644026000-7f364402a000 ---p 00000000 00:00 0 
7f364402a000-7f3644127000 rw-p 00000000 00:00 0 
7f3644127000-7f364412b000 ---p 00000000 00:00 0 
7f364412b000-7f3644228000 rw-p 00000000 00:00 0 
7f3644228000-7f364422d000 r-xp 00000000 08:01 1845464                    /usr/lib/x86_64-linux-gnu/libXfixes.so.3.1.0
7f364422d000-7f364442c000 ---p 00005000 08:01 1845464                    /usr/lib/x86_64-linux-gnu/libXfixes.so.3.1.0
7f364442c000-7f364442d000 r--p 00004000 08:01 1845464                    /usr/lib/x86_64-linux-gnu/libXfixes.so.3.1.0
7f364442d000-7f364442e000 rw-p 00005000 08:01 1845464                    /usr/lib/x86_64-linux-gnu/libXfixes.so.3.1.0
7f364442e000-7f3644437000 r-xp 00000000 08:01 1845456                    /usr/lib/x86_64-linux-gnu/libXcursor.so.1.0.2
7f3644437000-7f3644636000 ---p 00009000 08:01 1845456                    /usr/lib/x86_64-linux-gnu/libXcursor.so.1.0.2
7f3644636000-7f3644637000 r--p 00008000 08:01 1845456                    /usr/lib/x86_64-linux-gnu/libXcursor.so.1.0.2
7f3644637000-7f3644638000 rw-p 00009000 08:01 1845456                    /usr/lib/x86_64-linux-gnu/libXcursor.so.1.0.2
7f3644638000-7f3644639000 ---p 00000000 00:00 0 
7f3644639000-7f3644e39000 rw-p 00000000 00:00 0 
7f3644e39000-7f3644e6a000 r-xp 00000000 08:01 397877                     /usr/lib/x86_64-linux-gnu/gio/modules/libgvfsdbus.so
7f3644e6a000-7f364506a000 ---p 00031000 08:01 397877                     /usr/lib/x86_64-linux-gnu/gio/modules/libgvfsdbus.so
7f364506a000-7f364506c000 r--p 00031000 08:01 397877                     /usr/lib/x86_64-linux-gnu/gio/modules/libgvfsdbus.so
7f364506c000-7f364506d000 rw-p 00033000 08:01 397877                     /usr/lib/x86_64-linux-gnu/gio/modules/libgvfsdbus.so
7f364506d000-7f3645079000 r-xp 00000000 08:01 397872                     /usr/lib/x86_64-linux-gnu/gio/modules/libdconfsettings.so
7f3645079000-7f3645278000 ---p 0000c000 08:01 397872                     /usr/lib/x86_64-linux-gnu/gio/modules/libdconfsettings.so
7f3645278000-7f3645279000 r--p 0000b000 08:01 397872                     /usr/lib/x86_64-linux-gnu/gio/modules/libdconfsettings.so
7f3645279000-7f364527a000 rw-p 0000c000 08:01 397872                     /usr/lib/x86_64-linux-gnu/gio/modules/libdconfsettings.so
7f364527a000-7f364527b000 ---p 00000000 00:00 0 
7f364527b000-7f3645a7b000 rw-p 00000000 00:00 0 
7f3645a7b000-7f3645a7c000 ---p 00000000 00:00 0 
7f3645a7c000-7f364627c000 rw-p 00000000 00:00 0 
7f364627c000-7f36462b2000 r-xp 00000000 08:01 398181                     /usr/lib/x86_64-linux-gnu/gvfs/libgvfscommon.so
7f36462b2000-7f36464b2000 ---p 00036000 08:01 398181                     /usr/lib/x86_64-linux-gnu/gvfs/libgvfscommon.so
7f36464b2000-7f36464b8000 r--p 00036000 08:01 398181                     /usr/lib/x86_64-linux-gnu/gvfs/libgvfscommon.so
7f36464b8000-7f36464b9000 rw-p 0003c000 08:01 398181                     /usr/lib/x86_64-linux-gnu/gvfs/libgvfscommon.so
7f36464b9000-7f36464d3000 r-xp 00000000 08:01 397876                     /usr/lib/x86_64-linux-gnu/gio/modules/libgioremote-volume-monitor.so
7f36464d3000-7f36466d2000 ---p 0001a000 08:01 397876                     /usr/lib/x86_64-linux-gnu/gio/modules/libgioremote-volume-monitor.so
7f36466d2000-7f36466d5000 r--p 00019000 08:01 397876                     /usr/lib/x86_64-linux-gnu/gio/modules/libgioremote-volume-monitor.so
7f36466d5000-7f36466d6000 rw-p 0001c000 08:01 397876                     /usr/lib/x86_64-linux-gnu/gio/modules/libgioremote-volume-monitor.so
7f36466d6000-7f36466ed000 r-xp 00000000 08:01 136771                     /lib/x86_64-linux-gnu/libgcc_s.so.1
7f36466ed000-7f36468ec000 ---p 00017000 08:01 136771                     /lib/x86_64-linux-gnu/libgcc_s.so.1
7f36468ec000-7f36468ed000 r--p 00016000 08:01 136771                     /lib/x86_64-linux-gnu/libgcc_s.so.1
7f36468ed000-7f36468ee000 rw-p 00017000 08:01 136771                     /lib/x86_64-linux-gnu/libgcc_s.so.1
7f36468ee000-7f3646a67000 r-xp 00000000 08:01 1845922                    /usr/lib/x86_64-linux-gnu/libstdc++.so.6.0.25
7f3646a67000-7f3646c67000 ---p 00179000 08:01 1845922                    /usr/lib/x86_64-linux-gnu/libstdc++.so.6.0.25
7f3646c67000-7f3646c71000 r--p 00179000 08:01 1845922                    /usr/lib/x86_64-linux-gnu/libstdc++.so.6.0.25
7f3646c71000-7f3646c73000 rw-p 00183000 08:01 1845922                    /usr/lib/x86_64-linux-gnu/libstdc++.so.6.0.25
7f3646c73000-7f3646c77000 rw-p 00000000 00:00 0 
7f3646c77000-7f3646c95000 r-xp 00000000 08:01 1846335                    /usr/lib/x86_64-linux-gnu/libproxy.so.1.0.0
7f3646c95000-7f3646e95000 ---p 0001e000 08:01 1846335                    /usr/lib/x86_64-linux-gnu/libproxy.so.1.0.0
7f3646e95000-7f3646e96000 r--p 0001e000 08:01 1846335                    /usr/lib/x86_64-linux-gnu/libproxy.so.1.0.0
7f3646e96000-7f3646e97000 rw-p 0001f000 08:01 1846335                    /usr/lib/x86_64-linux-gnu/libproxy.so.1.0.0
7f3646e99000-7f3646e9d000 ---p 00000000 00:00 0 
7f3646e9d000-7f3646f9a000 rw-p 00000000 00:00 0 
7f3646f9a000-7f3646f9e000 ---p 00000000 00:00 0 
7f3646f9e000-7f364709b000 rw-p 00000000 00:00 0 
7f364709b000-7f36470a1000 r-xp 00000000 08:01 137130                     /lib/x86_64-linux-gnu/libuuid.so.1.3.0
7f36470a1000-7f36472a0000 ---p 00006000 08:01 137130                     /lib/x86_64-linux-gnu/libuuid.so.1.3.0
7f36472a0000-7f36472a1000 r--p 00005000 08:01 137130                     /lib/x86_64-linux-gnu/libuuid.so.1.3.0
7f36472a1000-7f36472a2000 rw-p 00006000 08:01 137130                     /lib/x86_64-linux-gnu/libuuid.so.1.3.0
7f36472a2000-7f36472e9000 r-xp 00000000 08:01 136954                     /lib/x86_64-linux-gnu/libblkid.so.1.1.0
7f36472e9000-7f36474e9000 ---p 00047000 08:01 136954                     /lib/x86_64-linux-gnu/libblkid.so.1.1.0
7f36474e9000-7f36474ed000 r--p 00047000 08:01 136954                     /lib/x86_64-linux-gnu/libblkid.so.1.1.0
7f36474ed000-7f36474ee000 rw-p 0004b000 08:01 136954                     /lib/x86_64-linux-gnu/libblkid.so.1.1.0
7f36474ee000-7f36474ef000 rw-p 00000000 00:00 0 
7f36474ef000-7f364755f000 r-xp 00000000 08:01 137084                     /lib/x86_64-linux-gnu/libpcre.so.3.13.3
7f364755f000-7f364775f000 ---p 00070000 08:01 137084                     /lib/x86_64-linux-gnu/libpcre.so.3.13.3
7f364775f000-7f3647760000 r--p 00070000 08:01 137084                     /lib/x86_64-linux-gnu/libpcre.so.3.13.3
7f3647760000-7f3647761000 rw-p 00071000 08:01 137084                     /lib/x86_64-linux-gnu/libpcre.so.3.13.3
7f3647761000-7f3647768000 r-xp 00000000 08:01 1845797                    /usr/lib/x86_64-linux-gnu/libffi.so.6.0.4
7f3647768000-7f3647967000 ---p 00007000 08:01 1845797                    /usr/lib/x86_64-linux-gnu/libffi.so.6.0.4
7f3647967000-7f3647968000 r--p 00006000 08:01 1845797                    /usr/lib/x86_64-linux-gnu/libffi.so.6.0.4
7f3647968000-7f3647969000 rw-p 00007000 08:01 1845797                    /usr/lib/x86_64-linux-gnu/libffi.so.6.0.4
7f3647969000-7f36479ba000 r-xp 00000000 08:01 137031                     /lib/x86_64-linux-gnu/libmount.so.1.1.0
7f36479ba000-7f3647bb9000 ---p 00051000 08:01 137031                     /lib/x86_64-linux-gnu/libmount.so.1.1.0
7f3647bb9000-7f3647bbb000 r--p 00050000 08:01 137031                     /lib/x86_64-linux-gnu/libmount.so.1.1.0
7f3647bbb000-7f3647bbc000 rw-p 00052000 08:01 137031                     /lib/x86_64-linux-gnu/libmount.so.1.1.0
7f3647bbc000-7f3647bbd000 rw-p 00000000 00:00 0 
7f3647bbd000-7f3647bd4000 r-xp 00000000 08:01 137101                     /lib/x86_64-linux-gnu/libresolv-2.27.so
7f3647bd4000-7f3647dd4000 ---p 00017000 08:01 137101                     /lib/x86_64-linux-gnu/libresolv-2.27.so
7f3647dd4000-7f3647dd5000 r--p 00017000 08:01 137101                     /lib/x86_64-linux-gnu/libresolv-2.27.so
7f3647dd5000-7f3647dd6000 rw-p 00018000 08:01 137101                     /lib/x86_64-linux-gnu/libresolv-2.27.so
7f3647dd6000-7f3647dd8000 rw-p 00000000 00:00 0 
7f3647dd8000-7f3647dfd000 r-xp 00000000 08:01 137107                     /lib/x86_64-linux-gnu/libselinux.so.1
7f3647dfd000-7f3647ffc000 ---p 00025000 08:01 137107                     /lib/x86_64-linux-gnu/libselinux.so.1
7f3647ffc000-7f3647ffd000 r--p 00024000 08:01 137107                     /lib/x86_64-linux-gnu/libselinux.so.1
7f3647ffd000-7f3647ffe000 rw-p 00025000 08:01 137107                     /lib/x86_64-linux-gnu/libselinux.so.1
7f3647ffe000-7f3648000000 rw-p 00000000 00:00 0 
7f3648000000-7f3648647000 rw-p 00000000 00:00 0 
7f3648647000-7f364c000000 ---p 00000000 00:00 0 
7f364c000000-7f364c6ae000 rw-p 00000000 00:00 0 
7f364c6ae000-7f3650000000 ---p 00000000 00:00 0 
7f3650000000-7f3650021000 rw-p 00000000 00:00 0 
7f3650021000-7f3654000000 ---p 00000000 00:00 0 
7f365405f000-7f3654063000 ---p 00000000 00:00 0 
7f3654063000-7f3654160000 rw-p 00000000 00:00 0 
7f3654160000-7f3654273000 r-xp 00000000 08:01 1845891                    /usr/lib/x86_64-linux-gnu/libglib-2.0.so.0.5600.3
7f3654273000-7f3654473000 ---p 00113000 08:01 1845891                    /usr/lib/x86_64-linux-gnu/libglib-2.0.so.0.5600.3
7f3654473000-7f3654474000 r--p 00113000 08:01 1845891                    /usr/lib/x86_64-linux-gnu/libglib-2.0.so.0.5600.3
7f3654474000-7f3654475000 rw-p 00114000 08:01 1845891                    /usr/lib/x86_64-linux-gnu/libglib-2.0.so.0.5600.3
7f3654475000-7f3654476000 rw-p 00000000 00:00 0 
7f3654476000-7f3654479000 r-xp 00000000 08:01 1845895                    /usr/lib/x86_64-linux-gnu/libgmodule-2.0.so.0.5600.3
7f3654479000-7f3654678000 ---p 00003000 08:01 1845895                    /usr/lib/x86_64-linux-gnu/libgmodule-2.0.so.0.5600.3
7f3654678000-7f3654679000 r--p 00002000 08:01 1845895                    /usr/lib/x86_64-linux-gnu/libgmodule-2.0.so.0.5600.3
7f3654679000-7f365467a000 rw-p 00003000 08:01 1845895                    /usr/lib/x86_64-linux-gnu/libgmodule-2.0.so.0.5600.3
7f365467a000-7f36546cc000 r-xp 00000000 08:01 1845919                    /usr/lib/x86_64-linux-gnu/libgobject-2.0.so.0.5600.3
7f36546cc000-7f36548cc000 ---p 00052000 08:01 1845919                    /usr/lib/x86_64-linux-gnu/libgobject-2.0.so.0.5600.3
7f36548cc000-7f36548cd000 r--p 00052000 08:01 1845919                    /usr/lib/x86_64-linux-gnu/libgobject-2.0.so.0.5600.3
7f36548cd000-7f36548ce000 rw-p 00053000 08:01 1845919                    /usr/lib/x86_64-linux-gnu/libgobject-2.0.so.0.5600.3
7f36548ce000-7f3654a63000 r-xp 00000000 08:01 1845885                    /usr/lib/x86_64-linux-gnu/libgio-2.0.so.0.5600.3
7f3654a63000-7f3654c63000 ---p 00195000 08:01 1845885                    /usr/lib/x86_64-linux-gnu/libgio-2.0.so.0.5600.3
7f3654c63000-7f3654c6a000 r--p 00195000 08:01 1845885                    /usr/lib/x86_64-linux-gnu/libgio-2.0.so.0.5600.3
7f3654c6a000-7f3654c6b000 rw-p 0019c000 08:01 1845885                    /usr/lib/x86_64-linux-gnu/libgio-2.0.so.0.5600.3
7f3654c6b000-7f3654c6d000 rw-p 00000000 00:00 0 
7f3654c6d000-7f3654c77000 r-xp 00000000 08:01 1845480                    /usr/lib/x86_64-linux-gnu/libXrandr.so.2.2.0
7f3654c77000-7f3654e76000 ---p 0000a000 08:01 1845480                    /usr/lib/x86_64-linux-gnu/libXrandr.so.2.2.0
7f3654e76000-7f3654e77000 r--p 00009000 08:01 1845480                    /usr/lib/x86_64-linux-gnu/libXrandr.so.2.2.0
7f3654e77000-7f3654e78000 rw-p 0000a000 08:01 1845480                    /usr/lib/x86_64-linux-gnu/libXrandr.so.2.2.0
7f3654e78000-7f3654ea9000 r-xp 00000000 08:01 1846319                    /usr/lib/x86_64-linux-gnu/libpng16.so.16.34.0
7f3654ea9000-7f36550a8000 ---p 00031000 08:01 1846319                    /usr/lib/x86_64-linux-gnu/libpng16.so.16.34.0
7f36550a8000-7f36550a9000 r--p 00030000 08:01 1846319                    /usr/lib/x86_64-linux-gnu/libpng16.so.16.34.0
7f36550a9000-7f36550aa000 rw-p 00031000 08:01 1846319                    /usr/lib/x86_64-linux-gnu/libpng16.so.16.34.0
7f36550aa000-7f3655157000 r-xp 00000000 08:01 1845829                    /usr/lib/x86_64-linux-gnu/libfreetype.so.6.15.0
7f3655157000-7f3655356000 ---p 000ad000 08:01 1845829                    /usr/lib/x86_64-linux-gnu/libfreetype.so.6.15.0
7f3655356000-7f365535d000 r--p 000ac000 08:01 1845829                    /usr/lib/x86_64-linux-gnu/libfreetype.so.6.15.0
7f365535d000-7f365535e000 rw-p 000b3000 08:01 1845829                    /usr/lib/x86_64-linux-gnu/libfreetype.so.6.15.0
7f365535e000-7f365541b000 r-xp 00000000 08:01 790477                     /usr/lib/jvm/jdk-12.0.1/lib/libfontmanager.so
7f365541b000-7f365561a000 ---p 000bd000 08:01 790477                     /usr/lib/jvm/jdk-12.0.1/lib/libfontmanager.so
7f365561a000-7f365561c000 r--p 000bc000 08:01 790477                     /usr/lib/jvm/jdk-12.0.1/lib/libfontmanager.so
7f365561c000-7f365561d000 rw-p 000be000 08:01 790477                     /usr/lib/jvm/jdk-12.0.1/lib/libfontmanager.so
7f365561d000-7f365561e000 rw-p 00000000 00:00 0 
7f365561e000-7f3655620000 r-xp 00000000 08:01 1708956                    /home/kiit/1905243/cnProject/CN-p2p-file-sharing/libnative.so
7f3655620000-7f365581f000 ---p 00002000 08:01 1708956                    /home/kiit/1905243/cnProject/CN-p2p-file-sharing/libnative.so
7f365581f000-7f3655820000 r--p 00001000 08:01 1708956                    /home/kiit/1905243/cnProject/CN-p2p-file-sharing/libnative.so
7f3655820000-7f3655821000 rw-p 00002000 08:01 1708956                    /home/kiit/1905243/cnProject/CN-p2p-file-sharing/libnative.so
7f3655821000-7f3655834000 r-xp 00000000 08:01 136819                     /lib/x86_64-linux-gnu/libbsd.so.0.8.7
7f3655834000-7f3655a33000 ---p 00013000 08:01 136819                     /lib/x86_64-linux-gnu/libbsd.so.0.8.7
7f3655a33000-7f3655a34000 r--p 00012000 08:01 136819                     /lib/x86_64-linux-gnu/libbsd.so.0.8.7
7f3655a34000-7f3655a35000 rw-p 00013000 08:01 136819                     /lib/x86_64-linux-gnu/libbsd.so.0.8.7
7f3655a35000-7f3655a36000 rw-p 00000000 00:00 0 
7f3655a36000-7f3655a3b000 r-xp 00000000 08:01 1845460                    /usr/lib/x86_64-linux-gnu/libXdmcp.so.6.0.0
7f3655a3b000-7f3655c3a000 ---p 00005000 08:01 1845460                    /usr/lib/x86_64-linux-gnu/libXdmcp.so.6.0.0
7f3655c3a000-7f3655c3b000 r--p 00004000 08:01 1845460                    /usr/lib/x86_64-linux-gnu/libXdmcp.so.6.0.0
7f3655c3b000-7f3655c3c000 rw-p 00005000 08:01 1845460                    /usr/lib/x86_64-linux-gnu/libXdmcp.so.6.0.0
7f3655c3c000-7f3655c3e000 r-xp 00000000 08:01 1855880                    /usr/lib/x86_64-linux-gnu/libXau.so.6.0.0
7f3655c3e000-7f3655e3e000 ---p 00002000 08:01 1855880                    /usr/lib/x86_64-linux-gnu/libXau.so.6.0.0
7f3655e3e000-7f3655e3f000 r--p 00002000 08:01 1855880                    /usr/lib/x86_64-linux-gnu/libXau.so.6.0.0
7f3655e3f000-7f3655e40000 rw-p 00003000 08:01 1855880                    /usr/lib/x86_64-linux-gnu/libXau.so.6.0.0
7f3655e40000-7f3655e66000 r-xp 00000000 08:01 1845448                    /usr/lib/x86_64-linux-gnu/libxcb.so.1.1.0
7f3655e66000-7f3656066000 ---p 00026000 08:01 1845448                    /usr/lib/x86_64-linux-gnu/libxcb.so.1.1.0
7f3656066000-7f3656067000 r--p 00026000 08:01 1845448                    /usr/lib/x86_64-linux-gnu/libxcb.so.1.1.0
7f3656067000-7f3656068000 rw-p 00027000 08:01 1845448                    /usr/lib/x86_64-linux-gnu/libxcb.so.1.1.0
7f3656068000-7f3656077000 r-xp 00000000 08:01 1845470                    /usr/lib/x86_64-linux-gnu/libXi.so.6.1.0
7f3656077000-7f3656276000 ---p 0000f000 08:01 1845470                    /usr/lib/x86_64-linux-gnu/libXi.so.6.1.0
7f3656276000-7f3656277000 r--p 0000e000 08:01 1845470                    /usr/lib/x86_64-linux-gnu/libXi.so.6.1.0
7f3656277000-7f3656278000 rw-p 0000f000 08:01 1845470                    /usr/lib/x86_64-linux-gnu/libXi.so.6.1.0
7f3656278000-7f365627d000 r-xp 00000000 08:01 1845488                    /usr/lib/x86_64-linux-gnu/libXtst.so.6.1.0
7f365627d000-7f365647c000 ---p 00005000 08:01 1845488                    /usr/lib/x86_64-linux-gnu/libXtst.so.6.1.0
7f365647c000-7f365647d000 r--p 00004000 08:01 1845488                    /usr/lib/x86_64-linux-gnu/libXtst.so.6.1.0
7f365647d000-7f365647e000 rw-p 00005000 08:01 1845488                    /usr/lib/x86_64-linux-gnu/libXtst.so.6.1.0
7f365647e000-7f3656487000 r-xp 00000000 08:01 1845482                    /usr/lib/x86_64-linux-gnu/libXrender.so.1.3.0
7f3656487000-7f3656686000 ---p 00009000 08:01 1845482                    /usr/lib/x86_64-linux-gnu/libXrender.so.1.3.0
7f3656686000-7f3656687000 r--p 00008000 08:01 1845482                    /usr/lib/x86_64-linux-gnu/libXrender.so.1.3.0
7f3656687000-7f3656688000 rw-p 00009000 08:01 1845482                    /usr/lib/x86_64-linux-gnu/libXrender.so.1.3.0
7f3656688000-7f36567bb000 r-xp 00000000 08:01 1846661                    /usr/lib/x86_64-linux-gnu/libX11.so.6.3.0
7f36567bb000-7f36569bb000 ---p 00133000 08:01 1846661                    /usr/lib/x86_64-linux-gnu/libX11.so.6.3.0
7f36569bb000-7f36569bc000 r--p 00133000 08:01 1846661                    /usr/lib/x86_64-linux-gnu/libX11.so.6.3.0
7f36569bc000-7f36569c0000 rw-p 00134000 08:01 1846661                    /usr/lib/x86_64-linux-gnu/libX11.so.6.3.0
7f36569c0000-7f36569d1000 r-xp 00000000 08:01 1845462                    /usr/lib/x86_64-linux-gnu/libXext.so.6.4.0
7f36569d1000-7f3656bd0000 ---p 00011000 08:01 1845462                    /usr/lib/x86_64-linux-gnu/libXext.so.6.4.0
7f3656bd0000-7f3656bd1000 r--p 00010000 08:01 1845462                    /usr/lib/x86_64-linux-gnu/libXext.so.6.4.0
7f3656bd1000-7f3656bd2000 rw-p 00011000 08:01 1845462                    /usr/lib/x86_64-linux-gnu/libXext.so.6.4.0
7f3656bd2000-7f3656c30000 r-xp 00000000 08:01 790494                     /usr/lib/jvm/jdk-12.0.1/lib/libawt_xawt.so
7f3656c30000-7f3656e2f000 ---p 0005e000 08:01 790494                     /usr/lib/jvm/jdk-12.0.1/lib/libawt_xawt.so
7f3656e2f000-7f3656e30000 r--p 0005d000 08:01 790494                     /usr/lib/jvm/jdk-12.0.1/lib/libawt_xawt.so
7f3656e30000-7f3656e33000 rw-p 0005e000 08:01 790494                     /usr/lib/jvm/jdk-12.0.1/lib/libawt_xawt.so
7f3656e33000-7f3656e35000 rw-p 00000000 00:00 0 
7f3656e35000-7f3656ed5000 r-xp 00000000 08:01 790495                     /usr/lib/jvm/jdk-12.0.1/lib/libawt.so
7f3656ed5000-7f36570d5000 ---p 000a0000 08:01 790495                     /usr/lib/jvm/jdk-12.0.1/lib/libawt.so
7f36570d5000-7f36570d6000 r--p 000a0000 08:01 790495                     /usr/lib/jvm/jdk-12.0.1/lib/libawt.so
7f36570d6000-7f36570e1000 rw-p 000a1000 08:01 790495                     /usr/lib/jvm/jdk-12.0.1/lib/libawt.so
7f36570e1000-7f3657106000 rw-p 00000000 00:00 0 
7f3657106000-7f365711c000 r-xp 00000000 08:01 796432                     /usr/lib/jvm/jdk-12.0.1/lib/libnet.so
7f365711c000-7f365731c000 ---p 00016000 08:01 796432                     /usr/lib/jvm/jdk-12.0.1/lib/libnet.so
7f365731c000-7f365731d000 r--p 00016000 08:01 796432                     /usr/lib/jvm/jdk-12.0.1/lib/libnet.so
7f365731d000-7f365731e000 rw-p 00017000 08:01 796432                     /usr/lib/jvm/jdk-12.0.1/lib/libnet.so
7f365731e000-7f365732f000 r-xp 00000000 08:01 796429                     /usr/lib/jvm/jdk-12.0.1/lib/libnio.so
7f365732f000-7f365752e000 ---p 00011000 08:01 796429                     /usr/lib/jvm/jdk-12.0.1/lib/libnio.so
7f365752e000-7f365752f000 r--p 00010000 08:01 796429                     /usr/lib/jvm/jdk-12.0.1/lib/libnio.so
7f365752f000-7f3657530000 rw-p 00011000 08:01 796429                     /usr/lib/jvm/jdk-12.0.1/lib/libnio.so
7f3657530000-7f3657534000 ---p 00000000 00:00 0 
7f3657534000-7f3657631000 rw-p 00000000 00:00 0 
7f3657631000-7f3658000000 r--p 00000000 08:01 1841870                    /usr/lib/locale/locale-archive
7f3658000000-7f3658021000 rw-p 00000000 00:00 0 
7f3658021000-7f365c000000 ---p 00000000 00:00 0 
7f365c000000-7f365c021000 rw-p 00000000 00:00 0 
7f365c021000-7f3660000000 ---p 00000000 00:00 0 
7f3660000000-7f366004d000 rw-p 00000000 00:00 0 
7f366004d000-7f3664000000 ---p 00000000 00:00 0 
7f3664074000-7f3664075000 ---p 00000000 00:00 0 
7f3664075000-7f3664176000 rw-p 00000000 00:00 0 
7f3664176000-7f366417a000 ---p 00000000 00:00 0 
7f366417a000-7f3664277000 rw-p 00000000 00:00 0 
7f3664277000-7f366427b000 ---p 00000000 00:00 0 
7f366427b000-7f3664b78000 rw-p 00000000 00:00 0 
7f3664b78000-7f3664de8000 rwxp 00000000 00:00 0 
7f3664de8000-7f3665107000 ---p 00000000 00:00 0 
7f3665107000-7f36653e7000 rwxp 00000000 00:00 0 
7f36653e7000-7f366c63f000 ---p 00000000 00:00 0 
7f366c63f000-7f366c8af000 rwxp 00000000 00:00 0 
7f366c8af000-7f3673b78000 ---p 00000000 00:00 0 
7f3673b78000-7f367c000000 r--s 00000000 08:01 790479                     /usr/lib/jvm/jdk-12.0.1/lib/modules
7f367c000000-7f367c37f000 rw-p 00000000 00:00 0 
7f367c37f000-7f3680000000 ---p 00000000 00:00 0 
7f36800b0000-7f36800dd000 r--p 00000000 08:01 264999                     /usr/share/glib-2.0/schemas/gschemas.compiled
7f36800dd000-7f36800e1000 ---p 00000000 00:00 0 
7f36800e1000-7f36801de000 rw-p 00000000 00:00 0 
7f36801de000-7f36801e2000 ---p 00000000 00:00 0 
7f36801e2000-7f36802df000 rw-p 00000000 00:00 0 
7f36802df000-7f36802e3000 ---p 00000000 00:00 0 
7f36802e3000-7f36803e0000 rw-p 00000000 00:00 0 
7f36803e0000-7f36803e4000 ---p 00000000 00:00 0 
7f36803e4000-7f36804e1000 rw-p 00000000 00:00 0 
7f36804e1000-7f36804e5000 ---p 00000000 00:00 0 
7f36804e5000-7f36805e2000 rw-p 00000000 00:00 0 
7f36805e2000-7f36805e3000 ---p 00000000 00:00 0 
7f36805e3000-7f36807d5000 rw-p 00000000 00:00 0 
7f36807d5000-7f368090a000 ---p 00000000 00:00 0 
7f368090a000-7f3680915000 rw-p 00000000 00:00 0 
7f3680915000-7f36809ae000 ---p 00000000 00:00 0 
7f36809ae000-7f36809c4000 rw-p 00000000 00:00 0 
7f36809c4000-7f3680af8000 ---p 00000000 00:00 0 
7f3680af8000-7f3680afe000 rw-p 00000000 00:00 0 
7f3680afe000-7f3680be4000 ---p 00000000 00:00 0 
7f3680be4000-7f3680bea000 rw-p 00000000 00:00 0 
7f3680bea000-7f3680ccf000 ---p 00000000 00:00 0 
7f3680ccf000-7f3680cea000 r-xp 00000000 08:01 790509                     /usr/lib/jvm/jdk-12.0.1/lib/libjimage.so
7f3680cea000-7f3680ee9000 ---p 0001b000 08:01 790509                     /usr/lib/jvm/jdk-12.0.1/lib/libjimage.so
7f3680ee9000-7f3680eeb000 r--p 0001a000 08:01 790509                     /usr/lib/jvm/jdk-12.0.1/lib/libjimage.so
7f3680eeb000-7f3680eec000 rw-p 0001c000 08:01 790509                     /usr/lib/jvm/jdk-12.0.1/lib/libjimage.so
7f3680eec000-7f3680ef3000 r-xp 00000000 08:01 790511                     /usr/lib/jvm/jdk-12.0.1/lib/libzip.so
7f3680ef3000-7f36810f2000 ---p 00007000 08:01 790511                     /usr/lib/jvm/jdk-12.0.1/lib/libzip.so
7f36810f2000-7f36810f3000 r--p 00006000 08:01 790511                     /usr/lib/jvm/jdk-12.0.1/lib/libzip.so
7f36810f3000-7f36810f4000 rw-p 00007000 08:01 790511                     /usr/lib/jvm/jdk-12.0.1/lib/libzip.so
7f36810f4000-7f36810ff000 r-xp 00000000 08:01 137052                     /lib/x86_64-linux-gnu/libnss_files-2.27.so
7f36810ff000-7f36812fe000 ---p 0000b000 08:01 137052                     /lib/x86_64-linux-gnu/libnss_files-2.27.so
7f36812fe000-7f36812ff000 r--p 0000a000 08:01 137052                     /lib/x86_64-linux-gnu/libnss_files-2.27.so
7f36812ff000-7f3681300000 rw-p 0000b000 08:01 137052                     /lib/x86_64-linux-gnu/libnss_files-2.27.so
7f3681300000-7f3681306000 rw-p 00000000 00:00 0 
7f3681306000-7f368131d000 r-xp 00000000 08:01 137046                     /lib/x86_64-linux-gnu/libnsl-2.27.so
7f368131d000-7f368151c000 ---p 00017000 08:01 137046                     /lib/x86_64-linux-gnu/libnsl-2.27.so
7f368151c000-7f368151d000 r--p 00016000 08:01 137046                     /lib/x86_64-linux-gnu/libnsl-2.27.so
7f368151d000-7f368151e000 rw-p 00017000 08:01 137046                     /lib/x86_64-linux-gnu/libnsl-2.27.so
7f368151e000-7f3681520000 rw-p 00000000 00:00 0 
7f3681520000-7f368152b000 r-xp 00000000 08:01 137063                     /lib/x86_64-linux-gnu/libnss_nis-2.27.so
7f368152b000-7f368172a000 ---p 0000b000 08:01 137063                     /lib/x86_64-linux-gnu/libnss_nis-2.27.so
7f368172a000-7f368172b000 r--p 0000a000 08:01 137063                     /lib/x86_64-linux-gnu/libnss_nis-2.27.so
7f368172b000-7f368172c000 rw-p 0000b000 08:01 137063                     /lib/x86_64-linux-gnu/libnss_nis-2.27.so
7f368172c000-7f3681734000 r-xp 00000000 08:01 137048                     /lib/x86_64-linux-gnu/libnss_compat-2.27.so
7f3681734000-7f3681934000 ---p 00008000 08:01 137048                     /lib/x86_64-linux-gnu/libnss_compat-2.27.so
7f3681934000-7f3681935000 r--p 00008000 08:01 137048                     /lib/x86_64-linux-gnu/libnss_compat-2.27.so
7f3681935000-7f3681936000 rw-p 00009000 08:01 137048                     /lib/x86_64-linux-gnu/libnss_compat-2.27.so
7f3681936000-7f368195e000 r-xp 00000000 08:01 790481                     /usr/lib/jvm/jdk-12.0.1/lib/libjava.so
7f368195e000-7f3681b5d000 ---p 00028000 08:01 790481                     /usr/lib/jvm/jdk-12.0.1/lib/libjava.so
7f3681b5d000-7f3681b5e000 r--p 00027000 08:01 790481                     /usr/lib/jvm/jdk-12.0.1/lib/libjava.so
7f3681b5e000-7f3681b60000 rw-p 00028000 08:01 790481                     /usr/lib/jvm/jdk-12.0.1/lib/libjava.so
7f3681b60000-7f3681b6d000 r-xp 00000000 08:01 796437                     /usr/lib/jvm/jdk-12.0.1/lib/libverify.so
7f3681b6d000-7f3681d6c000 ---p 0000d000 08:01 796437                     /usr/lib/jvm/jdk-12.0.1/lib/libverify.so
7f3681d6c000-7f3681d6e000 r--p 0000c000 08:01 796437                     /usr/lib/jvm/jdk-12.0.1/lib/libverify.so
7f3681d6e000-7f3681d6f000 rw-p 0000e000 08:01 796437                     /usr/lib/jvm/jdk-12.0.1/lib/libverify.so
7f3681d6f000-7f3681d76000 r-xp 00000000 08:01 137103                     /lib/x86_64-linux-gnu/librt-2.27.so
7f3681d76000-7f3681f75000 ---p 00007000 08:01 137103                     /lib/x86_64-linux-gnu/librt-2.27.so
7f3681f75000-7f3681f76000 r--p 00006000 08:01 137103                     /lib/x86_64-linux-gnu/librt-2.27.so
7f3681f76000-7f3681f77000 rw-p 00007000 08:01 137103                     /lib/x86_64-linux-gnu/librt-2.27.so
7f3681f77000-7f3682114000 r-xp 00000000 08:01 137025                     /lib/x86_64-linux-gnu/libm-2.27.so
7f3682114000-7f3682313000 ---p 0019d000 08:01 137025                     /lib/x86_64-linux-gnu/libm-2.27.so
7f3682313000-7f3682314000 r--p 0019c000 08:01 137025                     /lib/x86_64-linux-gnu/libm-2.27.so
7f3682314000-7f3682315000 rw-p 0019d000 08:01 137025                     /lib/x86_64-linux-gnu/libm-2.27.so
7f3682315000-7f3683479000 r-xp 00000000 08:01 937605                     /usr/lib/jvm/jdk-12.0.1/lib/server/libjvm.so
7f3683479000-7f3683679000 ---p 01164000 08:01 937605                     /usr/lib/jvm/jdk-12.0.1/lib/server/libjvm.so
7f3683679000-7f368373a000 r--p 01164000 08:01 937605                     /usr/lib/jvm/jdk-12.0.1/lib/server/libjvm.so
7f368373a000-7f3683773000 rw-p 01225000 08:01 937605                     /usr/lib/jvm/jdk-12.0.1/lib/server/libjvm.so
7f3683773000-7f36837f6000 rw-p 00000000 00:00 0 
7f36837f6000-7f36839dd000 r-xp 00000000 08:01 136962                     /lib/x86_64-linux-gnu/libc-2.27.so
7f36839dd000-7f3683bdd000 ---p 001e7000 08:01 136962                     /lib/x86_64-linux-gnu/libc-2.27.so
7f3683bdd000-7f3683be1000 r--p 001e7000 08:01 136962                     /lib/x86_64-linux-gnu/libc-2.27.so
7f3683be1000-7f3683be3000 rw-p 001eb000 08:01 136962                     /lib/x86_64-linux-gnu/libc-2.27.so
7f3683be3000-7f3683be7000 rw-p 00000000 00:00 0 
7f3683be7000-7f3683bea000 r-xp 00000000 08:01 136985                     /lib/x86_64-linux-gnu/libdl-2.27.so
7f3683bea000-7f3683de9000 ---p 00003000 08:01 136985                     /lib/x86_64-linux-gnu/libdl-2.27.so
7f3683de9000-7f3683dea000 r--p 00002000 08:01 136985                     /lib/x86_64-linux-gnu/libdl-2.27.so
7f3683dea000-7f3683deb000 rw-p 00003000 08:01 136985                     /lib/x86_64-linux-gnu/libdl-2.27.so
7f3683deb000-7f3683e05000 r-xp 00000000 08:01 137095                     /lib/x86_64-linux-gnu/libpthread-2.27.so
7f3683e05000-7f3684004000 ---p 0001a000 08:01 137095                     /lib/x86_64-linux-gnu/libpthread-2.27.so
7f3684004000-7f3684005000 r--p 00019000 08:01 137095                     /lib/x86_64-linux-gnu/libpthread-2.27.so
7f3684005000-7f3684006000 rw-p 0001a000 08:01 137095                     /lib/x86_64-linux-gnu/libpthread-2.27.so
7f3684006000-7f368400a000 rw-p 00000000 00:00 0 
7f368400a000-7f368401a000 r-xp 00000000 08:01 790513                     /usr/lib/jvm/jdk-12.0.1/lib/libjli.so
7f368401a000-7f3684219000 ---p 00010000 08:01 790513                     /usr/lib/jvm/jdk-12.0.1/lib/libjli.so
7f3684219000-7f368421a000 r--p 0000f000 08:01 790513                     /usr/lib/jvm/jdk-12.0.1/lib/libjli.so
7f368421a000-7f368421b000 rw-p 00010000 08:01 790513                     /usr/lib/jvm/jdk-12.0.1/lib/libjli.so
7f368421b000-7f3684237000 r-xp 00000000 08:01 137134                     /lib/x86_64-linux-gnu/libz.so.1.2.11
7f3684237000-7f3684436000 ---p 0001c000 08:01 137134                     /lib/x86_64-linux-gnu/libz.so.1.2.11
7f3684436000-7f3684437000 r--p 0001b000 08:01 137134                     /lib/x86_64-linux-gnu/libz.so.1.2.11
7f3684437000-7f3684438000 rw-p 0001c000 08:01 137134                     /lib/x86_64-linux-gnu/libz.so.1.2.11
7f3684438000-7f368445f000 r-xp 00000000 08:01 136934                     /lib/x86_64-linux-gnu/ld-2.27.so
7f3684484000-7f368453d000 rw-p 00000000 00:00 0 
7f368453d000-7f3684544000 ---p 00000000 00:00 0 
7f3684544000-7f3684548000 ---p 00000000 00:00 0 
7f3684548000-7f3684649000 rw-p 00000000 00:00 0 
7f368464f000-7f3684653000 r--p 00000000 08:01 1584621                    /home/kiit/.config/dconf/user
7f3684653000-7f3684654000 r--s 00000000 00:2e 36                         /run/user/1000/dconf/user
7f3684654000-7f368465c000 rw-s 00000000 08:01 790429                     /tmp/hsperfdata_kiit/3827
7f368465c000-7f368465d000 ---p 00000000 00:00 0 
7f368465d000-7f368465e000 r--p 00000000 00:00 0 
7f368465e000-7f368465f000 ---p 00000000 00:00 0 
7f368465f000-7f3684660000 r--p 00027000 08:01 136934                     /lib/x86_64-linux-gnu/ld-2.27.so
7f3684660000-7f3684661000 rw-p 00028000 08:01 136934                     /lib/x86_64-linux-gnu/ld-2.27.so
7f3684661000-7f3684662000 rw-p 00000000 00:00 0 
7ffc660f6000-7ffc66117000 rw-p 00000000 00:00 0                          [stack]
7ffc66127000-7ffc6612a000 r--p 00000000 00:00 0                          [vvar]
7ffc6612a000-7ffc6612c000 r-xp 00000000 00:00 0                          [vdso]
ffffffffff600000-ffffffffff601000 r-xp 00000000 00:00 0                  [vsyscall]


VM Arguments:
jvm_args: -Djava.library.path=. 
java_command: Gui
java_class_path (initial): .
Launcher Type: SUN_STANDARD

[Global flags]
     intx CICompilerCount                          = 2                                         {product} {ergonomic}
   size_t InitialHeapSize                          = 65011712                                  {product} {ergonomic}
   size_t MaxHeapSize                              = 1035993088                                {product} {ergonomic}
   size_t MaxNewSize                               = 345309184                                 {product} {ergonomic}
   size_t MinHeapDeltaBytes                        = 196608                                    {product} {ergonomic}
   size_t NewSize                                  = 21626880                                  {product} {ergonomic}
    uintx NonNMethodCodeHeapSize                   = 5825164                                {pd product} {ergonomic}
    uintx NonProfiledCodeHeapSize                  = 122916538                              {pd product} {ergonomic}
   size_t OldSize                                  = 43384832                                  {product} {ergonomic}
    uintx ProfiledCodeHeapSize                     = 122916538                              {pd product} {ergonomic}
    uintx ReservedCodeCacheSize                    = 251658240                              {pd product} {ergonomic}
     bool SegmentedCodeCache                       = true                                      {product} {ergonomic}
     bool UseCompressedClassPointers               = true                                 {lp64_product} {ergonomic}
     bool UseCompressedOops                        = true                                 {lp64_product} {ergonomic}
     bool UseSerialGC                              = true                                      {product} {ergonomic}

Logging:
Log output configuration:
 #0: stdout all=warning uptime,level,tags
 #1: stderr all=off uptime,level,tags

Environment Variables:
JAVA_HOME=/usr/lib/jvm/jdk-12.0.1
PATH=/usr/local/sbin:/usr/local/bin:/usr/sbin:/usr/bin:/sbin:/bin:/usr/games:/usr/local/games:/snap/bin:/usr/lib/jvm/jdk-12.0.1/bin
USERNAME=kiit
SHELL=/bin/bash
DISPLAY=:0

Signal Handlers:
SIGSEGV: [libjvm.so+0xe45640], sa_mask[0]=11111111011111111101111111111110, sa_flags=SA_RESTART|SA_SIGINFO
SIGBUS: [libjvm.so+0xe45640], sa_mask[0]=11111111011111111101111111111110, sa_flags=SA_RESTART|SA_SIGINFO
SIGFPE: [libjvm.so+0xe45640], sa_mask[0]=11111111011111111101111111111110, sa_flags=SA_RESTART|SA_SIGINFO
SIGPIPE: SIG_IGN, sa_mask[0]=00000000000010000000000000000000, sa_flags=SA_RESTART
SIGXFSZ: [libjvm.so+0xbf4b50], sa_mask[0]=11111111011111111101111111111110, sa_flags=SA_RESTART|SA_SIGINFO
SIGILL: [libjvm.so+0xe45640], sa_mask[0]=11111111011111111101111111111110, sa_flags=SA_RESTART|SA_SIGINFO
SIGUSR2: [libjvm.so+0xbf49f0], sa_mask[0]=00000000000000000000000000000000, sa_flags=SA_RESTART|SA_SIGINFO
SIGHUP: [libjvm.so+0xbf4d50], sa_mask[0]=11111111011111111101111111111110, sa_flags=SA_RESTART|SA_SIGINFO
SIGINT: [libjvm.so+0xbf4d50], sa_mask[0]=11111111011111111101111111111110, sa_flags=SA_RESTART|SA_SIGINFO
SIGTERM: [libjvm.so+0xbf4d50], sa_mask[0]=11111111011111111101111111111110, sa_flags=SA_RESTART|SA_SIGINFO
SIGQUIT: [libjvm.so+0xbf4d50], sa_mask[0]=11111111011111111101111111111110, sa_flags=SA_RESTART|SA_SIGINFO


---------------  S Y S T E M  ---------------

OS:DISTRIB_ID=Ubuntu
DISTRIB_RELEASE=18.04
DISTRIB_CODENAME=bionic
DISTRIB_DESCRIPTION="Ubuntu 18.04.2 LTS"
uname:Linux 4.18.0-25-generic #26~18.04.1-Ubuntu SMP Thu Jun 27 07:28:31 UTC 2019 x86_64
libc:glibc 2.27 NPTL 2.27 
rlimit: STACK 8192k, CORE 0k, NPROC 15535, NOFILE 4096, AS infinity, DATA infinity, FSIZE infinity
load average:0.39 0.45 0.81

/proc/meminfo:
MemTotal:        4039508 kB
MemFree:         1495832 kB
MemAvailable:    2551800 kB
Buffers:           75932 kB
Cached:          1354060 kB
SwapCached:            0 kB
Active:          1340612 kB
Inactive:        1008632 kB
Active(anon):     920260 kB
Inactive(anon):   198692 kB
Active(file):     420352 kB
Inactive(file):   809940 kB
Unevictable:          32 kB
Mlocked:              32 kB
SwapTotal:       1471128 kB
SwapFree:        1471128 kB
Dirty:                88 kB
Writeback:             0 kB
AnonPages:        919376 kB
Mapped:           429924 kB
Shmem:            199628 kB
Slab:              90712 kB
SReclaimable:      57012 kB
SUnreclaim:        33700 kB
KernelStack:        7168 kB
PageTables:        32896 kB
NFS_Unstable:          0 kB
Bounce:                0 kB
WritebackTmp:          0 kB
CommitLimit:     3490880 kB
Committed_AS:    3996800 kB
VmallocTotal:   34359738367 kB
VmallocUsed:           0 kB
VmallocChunk:          0 kB
HardwareCorrupted:     0 kB
AnonHugePages:         0 kB
ShmemHugePages:        0 kB
ShmemPmdMapped:        0 kB
CmaTotal:              0 kB
CmaFree:               0 kB
HugePages_Total:       0
HugePages_Free:        0
HugePages_Rsvd:        0
HugePages_Surp:        0
Hugepagesize:       2048 kB
Hugetlb:               0 kB
DirectMap4k:      118720 kB
DirectMap2M:     4075520 kB


/proc/sys/kernel/threads-max (system-wide limit on the number of threads):
31070


/proc/sys/vm/max_map_count (maximum number of memory map areas a process may have):
65530


/proc/sys/kernel/pid_max (system-wide limit on number of process identifiers):
32768



container (cgroup) information:
container_type: cgroupv1
cpu_cpuset_cpus: 0
cpu_memory_nodes: 0
active_processor_count: 1
cpu_quota: -1
cpu_period: 100000
cpu_shares: -1
memory_limit_in_bytes: -1
memory_and_swap_limit_in_bytes: -2
memory_soft_limit_in_bytes: -1
memory_usage_in_bytes: 2405806080
memory_max_usage_in_bytes: 0


CPU:total 1 (initial active 1) (1 cores per cpu, 1 threads per core) family 6 model 142 stepping 10, cmov, cx8, fxsr, mmx, sse, sse2, sse3, ssse3, sse4.1, sse4.2, popcnt, avx, avx2, aes, clmul, 3dnowpref, lzcnt, tsc, tscinvbit
CPU Model and flags from /proc/cpuinfo:
model name	: Intel(R) Core(TM) i5-8250U CPU @ 1.60GHz
flags		: fpu vme de pse tsc msr pae mce cx8 apic sep mtrr pge mca cmov pat pse36 clflush mmx fxsr sse sse2 ht syscall nx rdtscp lm constant_tsc rep_good nopl xtopology nonstop_tsc cpuid tsc_known_freq pni pclmulqdq monitor ssse3 cx16 pcid sse4_1 sse4_2 x2apic movbe popcnt aes xsave avx rdrand hypervisor lahf_lm abm 3dnowprefetch invpcid_single pti fsgsbase avx2 invpcid rdseed clflushopt md_clear flush_l1d

Memory: 4k page, physical 4039508k(1495832k free), swap 1471128k(1471128k free)

vm_info: Java HotSpot(TM) 64-Bit Server VM (12.0.1+12) for linux-amd64 JRE (12.0.1+12), built on Apr  1 2019 23:46:14 by "mach5one" with gcc 7.3.0

END.
