#
# A fatal error has been detected by the Java Runtime Environment:
#
#  SIGSEGV (0xb) at pc=0x00007f3c5cb956e2, pid=2581, tid=2599
#
# JRE version: Java(TM) SE Runtime Environment (12.0.1+12) (build 12.0.1+12)
# Java VM: Java HotSpot(TM) 64-Bit Server VM (12.0.1+12, mixed mode, sharing, tiered, compressed oops, serial gc, linux-amd64)
# Problematic frame:
# j  java.lang.String.valueOf(Ljava/lang/Object;)Ljava/lang/String;+10 java.base@12.0.1
#
# Core dump will be written. Default location: Core dumps may be processed with "/usr/share/apport/apport %p %s %c %d %P" (or dumping to /home/kiit/1905243/cnProject/CN-p2p-file-sharing/core.2581)
#
# If you would like to submit a bug report, please visit:
#   http://bugreport.java.com/bugreport/crash.jsp
#

---------------  S U M M A R Y ------------

Command Line: -Djava.library.path=. Gui

Host: Intel(R) Core(TM) i5-8250U CPU @ 1.60GHz, 1 cores, 3G, Ubuntu 18.04.2 LTS
Time: Fri Dec 31 22:03:17 2021 IST elapsed time: 11 seconds (0d 0h 0m 11s)

---------------  T H R E A D  ---------------

Current thread (0x00007f3c58005800):  JavaThread "AWT-EventQueue-0" [_thread_in_Java, id=2599, stack(0x00007f3c3c127000,0x00007f3c3c228000)]

Stack: [0x00007f3c3c127000,0x00007f3c3c228000],  sp=0x00007f3c3c2257e8,  free space=1017k
Native frames: (J=compiled Java code, A=aot compiled Java code, j=interpreted, Vv=VM code, C=native code)
j  java.lang.String.valueOf(Ljava/lang/Object;)Ljava/lang/String;+10 java.base@12.0.1
j  java.io.PrintStream.print(Ljava/lang/String;)V+2 java.base@12.0.1
j  java.io.PrintStream.println(Ljava/lang/String;)V+6 java.base@12.0.1
j  Login.actionPerformed(Ljava/awt/event/ActionEvent;)V+48
j  javax.swing.AbstractButton.fireActionPerformed(Ljava/awt/event/ActionEvent;)V+83 java.desktop@12.0.1
j  javax.swing.AbstractButton$Handler.actionPerformed(Ljava/awt/event/ActionEvent;)V+5 java.desktop@12.0.1
j  javax.swing.DefaultButtonModel.fireActionPerformed(Ljava/awt/event/ActionEvent;)V+34 java.desktop@12.0.1
j  javax.swing.DefaultButtonModel.setPressed(Z)V+117 java.desktop@12.0.1
j  javax.swing.plaf.basic.BasicButtonListener.mouseReleased(Ljava/awt/event/MouseEvent;)V+35 java.desktop@12.0.1
j  java.awt.Component.processMouseEvent(Ljava/awt/event/MouseEvent;)V+64 java.desktop@12.0.1
j  javax.swing.JComponent.processMouseEvent(Ljava/awt/event/MouseEvent;)V+23 java.desktop@12.0.1
j  java.awt.Component.processEvent(Ljava/awt/AWTEvent;)V+81 java.desktop@12.0.1
j  java.awt.Container.processEvent(Ljava/awt/AWTEvent;)V+18 java.desktop@12.0.1
j  java.awt.Component.dispatchEventImpl(Ljava/awt/AWTEvent;)V+496 java.desktop@12.0.1
J 1086 c1 java.awt.Container.dispatchEventImpl(Ljava/awt/AWTEvent;)V java.desktop@12.0.1 (129 bytes) @ 0x00007f3c5d2c5d3c [0x00007f3c5d2c5be0+0x000000000000015c]
J 1085 c1 java.awt.Component.dispatchEvent(Ljava/awt/AWTEvent;)V java.desktop@12.0.1 (6 bytes) @ 0x00007f3c5d2c57e4 [0x00007f3c5d2c56c0+0x0000000000000124]
j  java.awt.LightweightDispatcher.retargetMouseEvent(Ljava/awt/Component;ILjava/awt/event/MouseEvent;)V+349 java.desktop@12.0.1
j  java.awt.LightweightDispatcher.processMouseEvent(Ljava/awt/event/MouseEvent;)Z+155 java.desktop@12.0.1
j  java.awt.LightweightDispatcher.dispatchEvent(Ljava/awt/AWTEvent;)Z+50 java.desktop@12.0.1
J 1086 c1 java.awt.Container.dispatchEventImpl(Ljava/awt/AWTEvent;)V java.desktop@12.0.1 (129 bytes) @ 0x00007f3c5d2c5cdc [0x00007f3c5d2c5be0+0x00000000000000fc]
j  java.awt.Window.dispatchEventImpl(Ljava/awt/AWTEvent;)V+19 java.desktop@12.0.1
J 1085 c1 java.awt.Component.dispatchEvent(Ljava/awt/AWTEvent;)V java.desktop@12.0.1 (6 bytes) @ 0x00007f3c5d2c57e4 [0x00007f3c5d2c56c0+0x0000000000000124]
j  java.awt.EventQueue.dispatchEventImpl(Ljava/awt/AWTEvent;Ljava/lang/Object;)V+41 java.desktop@12.0.1
j  java.awt.EventQueue$4.run()Ljava/lang/Void;+32 java.desktop@12.0.1
j  java.awt.EventQueue$4.run()Ljava/lang/Object;+1 java.desktop@12.0.1
J 968 c1 java.security.ProtectionDomain$JavaSecurityAccessImpl.doIntersectionPrivilege(Ljava/security/PrivilegedAction;Ljava/security/AccessControlContext;Ljava/security/AccessControlContext;)Ljava/lang/Object; java.base@12.0.1 (22 bytes) @ 0x00007f3c5d291f6c [0x00007f3c5d291a80+0x00000000000004ec]
j  java.security.ProtectionDomain$JavaSecurityAccessImpl.doIntersectionPrivilege(Ljava/security/PrivilegedAction;Ljava/security/AccessControlContext;)Ljava/lang/Object;+6 java.base@12.0.1
j  java.awt.EventQueue$5.run()Ljava/lang/Void;+11 java.desktop@12.0.1
j  java.awt.EventQueue$5.run()Ljava/lang/Object;+1 java.desktop@12.0.1
J 968 c1 java.security.ProtectionDomain$JavaSecurityAccessImpl.doIntersectionPrivilege(Ljava/security/PrivilegedAction;Ljava/security/AccessControlContext;Ljava/security/AccessControlContext;)Ljava/lang/Object; java.base@12.0.1 (22 bytes) @ 0x00007f3c5d291f6c [0x00007f3c5d291a80+0x00000000000004ec]
j  java.awt.EventQueue.dispatchEvent(Ljava/awt/AWTEvent;)V+73 java.desktop@12.0.1
j  java.awt.EventDispatchThread.pumpOneEventForFilters(I)V+78 java.desktop@12.0.1
j  java.awt.EventDispatchThread.pumpEventsForFilter(ILjava/awt/Conditional;Ljava/awt/EventFilter;)V+35 java.desktop@12.0.1
j  java.awt.EventDispatchThread.pumpEventsForHierarchy(ILjava/awt/Conditional;Ljava/awt/Component;)V+11 java.desktop@12.0.1
j  java.awt.EventDispatchThread.pumpEvents(ILjava/awt/Conditional;)V+4 java.desktop@12.0.1
j  java.awt.EventDispatchThread.pumpEvents(Ljava/awt/Conditional;)V+3 java.desktop@12.0.1
j  java.awt.EventDispatchThread.run()V+9 java.desktop@12.0.1
v  ~StubRoutines::call_stub
V  [libjvm.so+0x86fc39]  JavaCalls::call_helper(JavaValue*, methodHandle const&, JavaCallArguments*, Thread*)+0x3c9
V  [libjvm.so+0x86dbcd]  JavaCalls::call_virtual(JavaValue*, Handle, Klass*, Symbol*, Symbol*, Thread*)+0x1ed
V  [libjvm.so+0x91ae9c]  thread_entry(JavaThread*, Thread*)+0x6c
V  [libjvm.so+0xdd533f]  JavaThread::thread_main_inner()+0x22f
V  [libjvm.so+0xdd21bf]  Thread::call_run()+0x16f
V  [libjvm.so+0xbfe94e]  thread_native_entry(Thread*)+0xee


siginfo: si_signo: 11 (SIGSEGV), si_code: 1 (SEGV_MAPERR), si_addr: 0x0000000069676f54

Register to memory mapping:

RAX=0x0 is NULL
RBX=0x0000000000000002 is an unknown value
RCX=0x0000000069676f4c is an unknown value
RDX=0x0000000080000001 is an unknown value
RSP=0x00007f3c3c2257e8 is pointing into the stack for thread: 0x00007f3c58005800
RBP=0x00007f3c3c225840 is pointing into the stack for thread: 0x00007f3c58005800
RSI=0x00007f3c3c2258c8 is pointing into the stack for thread: 0x00007f3c58005800
RDI=0x00007f3c58004b20 points into unknown readable memory: 03 00 00 00 1e 00 00 00
R8 ={method} {0x0000000800339428} 'println' '(Ljava/lang/String;)V' in 'java/io/PrintStream'
R9 =0x0000000000000004 is an unknown value
R10=0x00007f3c7b719d80: <offset 0x00000000014ced80> in /usr/lib/jvm/jdk-12.0.1/lib/server/libjvm.so at 0x00007f3c7a24b000
R11=0x00007f3c7400c9e0 points into unknown readable memory: 00 00 00 00 00 00 00 00
R12=0x0 is NULL
R13=0x00000008009cd0ba is pointing into metadata
R14=0x00007f3c3c225850 is pointing into the stack for thread: 0x00007f3c58005800
R15=0x00007f3c58005800 is a thread


Registers:
RAX=0x0000000000000000, RBX=0x0000000000000002, RCX=0x0000000069676f4c, RDX=0x0000000080000001
RSP=0x00007f3c3c2257e8, RBP=0x00007f3c3c225840, RSI=0x00007f3c3c2258c8, RDI=0x00007f3c58004b20
R8 =0x0000000800339428, R9 =0x0000000000000004, R10=0x00007f3c7b719d80, R11=0x00007f3c7400c9e0
R12=0x0000000000000000, R13=0x00000008009cd0ba, R14=0x00007f3c3c225850, R15=0x00007f3c58005800
RIP=0x00007f3c5cb956e2, EFLAGS=0x0000000000010246, CSGSFS=0x002b000000000033, ERR=0x0000000000000004
  TRAPNO=0x000000000000000e

Top of Stack: (sp=0x00007f3c3c2257e8)
0x00007f3c3c2257e8:   00007f3c5cb81a00 0000000069676f4c
0x00007f3c3c2257f8:   00007f3c3c2257f8 00000008009cd0ba
0x00007f3c3c225808:   00007f3c3c225850 0000000800359a88
0x00007f3c3c225818:   00007f3c5c47d840 00000000c2400b30 

Instructions: (pc=0x00007f3c5cb956e2)
0x00007f3c5cb956c2:   10 4c 8b 68 d8 41 83 ed 04 41 c1 e5 03 49 03 c5
0x00007f3c5cb956d2:   48 89 45 d8 4c 8d 6c 24 08 4c 89 6d f0 ff 63 48
0x00007f3c5cb956e2:   8b 41 08 48 c1 e0 03 49 bc 00 00 00 00 08 00 00
0x00007f3c5cb956f2:   00 49 03 c4 4d 33 e4 4c 8b 75 d8 4d 85 f6 0f 84 

Stack slot to memory mapping:
stack at sp + 0 slots: 0x00007f3c5cb81a00 is at code_begin+1664 in an Interpreter codelet
invoke return entry points  [0x00007f3c5cb81380, 0x00007f3c5cb81da0]  2592 bytes
stack at sp + 1 slots: 0x0000000069676f4c is an unknown value
stack at sp + 2 slots: 0x00007f3c3c2257f8 is pointing into the stack for thread: 0x00007f3c58005800
stack at sp + 3 slots: 0x00000008009cd0ba is pointing into metadata
stack at sp + 4 slots: 0x00007f3c3c225850 is pointing into the stack for thread: 0x00007f3c58005800
stack at sp + 5 slots: 0x0000000800359a88 is pointing into metadata
stack at sp + 6 slots: 0x00007f3c5c47d840 is pointing into metadata
stack at sp + 7 slots: 0x00000000c2400b30 points into unknown readable memory: 01 41 3a 2b 45 00 00 00

invokevirtual  182 invokevirtual  [0x00007f3c5cb95400, 0x00007f3c5cb95920]  1312 bytes

---------------  P R O C E S S  ---------------

Threads class SMR info:
_java_thread_list=0x0000000001a01c80, length=14, elements={
0x00007f3c74059800, 0x00007f3c7405b800, 0x00007f3c74062000, 0x00007f3c74064000,
0x00007f3c74066000, 0x00007f3c74068000, 0x00007f3c740a2800, 0x00007f3c740ac000,
0x00007f3c741d5000, 0x00007f3c741fc800, 0x00007f3c7429e000, 0x00007f3c58005800,
0x00007f3c74011000, 0x0000000001a00800
}

Java Threads: ( => current thread )
  0x00007f3c74059800 JavaThread "Reference Handler" daemon [_thread_blocked, id=2584, stack(0x00007f3c78417000,0x00007f3c78518000)]
  0x00007f3c7405b800 JavaThread "Finalizer" daemon [_thread_blocked, id=2585, stack(0x00007f3c78316000,0x00007f3c78417000)]
  0x00007f3c74062000 JavaThread "Signal Dispatcher" daemon [_thread_blocked, id=2586, stack(0x00007f3c78215000,0x00007f3c78316000)]
  0x00007f3c74064000 JavaThread "C2 CompilerThread0" daemon [_thread_blocked, id=2587, stack(0x00007f3c78114000,0x00007f3c78215000)]
  0x00007f3c74066000 JavaThread "C1 CompilerThread0" daemon [_thread_blocked, id=2588, stack(0x00007f3c78013000,0x00007f3c78114000)]
  0x00007f3c74068000 JavaThread "Sweeper thread" daemon [_thread_blocked, id=2589, stack(0x00007f3c5c277000,0x00007f3c5c378000)]
  0x00007f3c740a2800 JavaThread "Service Thread" daemon [_thread_blocked, id=2590, stack(0x00007f3c5c176000,0x00007f3c5c277000)]
  0x00007f3c740ac000 JavaThread "Common-Cleaner" daemon [_thread_blocked, id=2592, stack(0x00007f3c4f530000,0x00007f3c4f631000)]
  0x00007f3c741d5000 JavaThread "Java2D Disposer" daemon [_thread_blocked, id=2596, stack(0x00007f3c4c05f000,0x00007f3c4c160000)]
  0x00007f3c741fc800 JavaThread "AWT-XAWT" daemon [_thread_in_native, id=2597, stack(0x00007f3c3ef9a000,0x00007f3c3f09b000)]
  0x00007f3c7429e000 JavaThread "AWT-Shutdown" [_thread_blocked, id=2598, stack(0x00007f3c3ee99000,0x00007f3c3ef9a000)]
=>0x00007f3c58005800 JavaThread "AWT-EventQueue-0" [_thread_in_Java, id=2599, stack(0x00007f3c3c127000,0x00007f3c3c228000)]
  0x00007f3c74011000 JavaThread "DestroyJavaVM" [_thread_blocked, id=2582, stack(0x00007f3c7c47a000,0x00007f3c7c57b000)]
  0x0000000001a00800 JavaThread "TimerQueue" daemon [_thread_blocked, id=2600, stack(0x00007f3c3c026000,0x00007f3c3c127000)]

Other Threads:
  0x00007f3c74056800 VMThread "VM Thread" [stack: 0x00007f3c7851a000,0x00007f3c7861a000] [id=2583]
  0x00007f3c740a9000 WatcherThread [stack: 0x00007f3c5c076000,0x00007f3c5c176000] [id=2591]

Threads with active compile tasks:

VM state:not at safepoint (normal execution)

VM Mutex/Monitor currently owned by a thread: None

Heap address: 0x00000000c2400000, size: 988 MB, Compressed Oops mode: 32-bit
Narrow klass base: 0x0000000800000000, Narrow klass shift: 3
Compressed class space size: 1073741824 Address: 0x0000000801129000

Heap:
 def new generation   total 19008K, used 8795K [0x00000000c2400000, 0x00000000c38a0000, 0x00000000d6d50000)
  eden space 16896K,  52% used [0x00000000c2400000, 0x00000000c2c96c18, 0x00000000c3480000)
  from space 2112K,   0% used [0x00000000c3480000, 0x00000000c3480000, 0x00000000c3690000)
  to   space 2112K,   0% used [0x00000000c3690000, 0x00000000c3690000, 0x00000000c38a0000)
 tenured generation   total 42368K, used 0K [0x00000000d6d50000, 0x00000000d96b0000, 0x0000000100000000)
   the space 42368K,   0% used [0x00000000d6d50000, 0x00000000d6d50000, 0x00000000d6d50200, 0x00000000d96b0000)
 Metaspace       used 9912K, capacity 10350K, committed 10624K, reserved 1058816K
  class space    used 1102K, capacity 1289K, committed 1408K, reserved 1048576K

Card table byte_map: [0x00007f3c78840000,0x00007f3c78a2f000] _byte_map_base: 0x00007f3c7822e000

Polling page: 0x00007f3c7c592000

Metaspace:

Usage:
  Non-class:      8.85 MB capacity,     8.60 MB ( 97%) used,   217.59 KB (  2%) free+waste,    33.44 KB ( <1%) overhead. 
      Class:      1.26 MB capacity,     1.08 MB ( 85%) used,   167.45 KB ( 13%) free+waste,    19.50 KB (  2%) overhead. 
       Both:     10.11 MB capacity,     9.68 MB ( 96%) used,   385.04 KB (  4%) free+waste,    52.94 KB ( <1%) overhead. 

Virtual space:
  Non-class space:       10.00 MB reserved,       9.00 MB ( 90%) committed 
      Class space:        1.00 GB reserved,       1.38 MB ( <1%) committed 
             Both:        1.01 GB reserved,      10.38 MB (  1%) committed 

Chunk freelists:
   Non-Class:  11.38 KB
       Class:  2.38 KB
        Both:  13.75 KB

CodeHeap 'non-profiled nmethods': size=120036Kb used=321Kb max_used=321Kb free=119714Kb
 bounds [0x00007f3c6463f000, 0x00007f3c648af000, 0x00007f3c6bb78000]
CodeHeap 'profiled nmethods': size=120032Kb used=1800Kb max_used=1800Kb free=118231Kb
 bounds [0x00007f3c5d107000, 0x00007f3c5d377000, 0x00007f3c6463f000]
CodeHeap 'non-nmethods': size=5692Kb used=1250Kb max_used=1265Kb free=4441Kb
 bounds [0x00007f3c5cb78000, 0x00007f3c5cde8000, 0x00007f3c5d107000]
 total_blobs=1863 nmethods=1099 adapters=560
 compilation: enabled
              stopped_count=0, restarted_count=0
 full_count=0

Compilation events (10 events):
Event: 11.014 Thread 0x00007f3c74066000 1093       3       java.awt.Component::getGraphics (124 bytes)
Event: 11.017 Thread 0x00007f3c74066000 nmethod 1093 0x00007f3c5d2c7190 code [0x00007f3c5d2c7420, 0x00007f3c5d2c8248]
Event: 11.017 Thread 0x00007f3c74066000 1094       3       java.awt.Component::getForeground (29 bytes)
Event: 11.018 Thread 0x00007f3c74066000 nmethod 1094 0x00007f3c5d2c8510 code [0x00007f3c5d2c86e0, 0x00007f3c5d2c8b68]
Event: 11.018 Thread 0x00007f3c74066000 1097       3       sun.font.FontDesignMetrics::getHeight (35 bytes)
Event: 11.018 Thread 0x00007f3c74066000 nmethod 1097 0x00007f3c5d2c8c90 code [0x00007f3c5d2c8e60, 0x00007f3c5d2c90f0]
Event: 11.018 Thread 0x00007f3c74066000 1098       1       sun.java2d.xr.MutableInteger::setValue (6 bytes)
Event: 11.018 Thread 0x00007f3c74066000 nmethod 1098 0x00007f3c6468ef90 code [0x00007f3c6468f140, 0x00007f3c6468f270]
Event: 11.018 Thread 0x00007f3c74066000 1099       1       sun.font.XRGlyphCacheEntry::setLastUsed (6 bytes)
Event: 11.018 Thread 0x00007f3c74066000 nmethod 1099 0x00007f3c6468f310 code [0x00007f3c6468f4c0, 0x00007f3c6468f5f0]

GC Heap History (0 events):
No events

Deoptimization events (5 events):
Event: 0.112 Thread 0x00007f3c74011000 Uncommon trap: reason=unstable_if action=reinterpret pc=0x00007f3c646434e0 method=java.lang.String.hashCode()I @ 14 c2
Event: 4.867 Thread 0x00007f3c58005800 Uncommon trap: reason=class_check action=maybe_recompile pc=0x00007f3c64656ce8 method=java.lang.String.equals(Ljava/lang/Object;)Z @ 8 c2
Event: 4.867 Thread 0x00007f3c58005800 Uncommon trap: reason=class_check action=maybe_recompile pc=0x00007f3c64656ce8 method=java.lang.String.equals(Ljava/lang/Object;)Z @ 8 c2
Event: 6.448 Thread 0x00007f3c58005800 Uncommon trap: reason=class_check action=maybe_recompile pc=0x00007f3c64656ce8 method=java.lang.String.equals(Ljava/lang/Object;)Z @ 8 c2
Event: 6.448 Thread 0x00007f3c58005800 Uncommon trap: reason=class_check action=maybe_recompile pc=0x00007f3c64656ce8 method=java.lang.String.equals(Ljava/lang/Object;)Z @ 8 c2

Classes redefined (0 events):
No events

Internal exceptions (10 events):
Event: 0.823 Thread 0x00007f3c74011000 Exception <a 'java/lang/NoSuchMethodError'{0x00000000c29deba0}: java.lang.invoke.DirectMethodHandle$Holder.invokeStatic(Ljava/lang/Object;Ljava/lang/Object;Ljava/lang/Object;Ljava/lang/Object;Ljava/lang/Object;Ljava/lang/Object;Ljava/lang/Object;Ljava/lan
Event: 0.827 Thread 0x00007f3c74011000 Exception <a 'java/lang/NoSuchMethodError'{0x00000000c29eb130}: java.lang.invoke.DirectMethodHandle$Holder.invokeSpecial(Ljava/lang/Object;Ljava/lang/Object;JLjava/lang/Object;Ljava/lang/Object;Ljava/lang/Object;Ljava/lang/Object;Ljava/lang/Object;)Ljava/
Event: 0.827 Thread 0x00007f3c74011000 Exception <a 'java/lang/NoSuchMethodError'{0x00000000c29ee7b0}: java.lang.invoke.DelegatingMethodHandle$Holder.reinvoke_L(Ljava/lang/Object;JLjava/lang/Object;Ljava/lang/Object;Ljava/lang/Object;Ljava/lang/Object;Ljava/lang/Object;)Ljava/lang/Object;> (0x
Event: 0.831 Thread 0x00007f3c74011000 Exception <a 'java/lang/NoSuchMethodError'{0x00000000c2a02e70}: java.lang.invoke.DirectMethodHandle$Holder.invokeStatic(Ljava/lang/Object;Ljava/lang/Object;Ljava/lang/Object;Ljava/lang/Object;Ljava/lang/Object;J)Ljava/lang/Object;> (0x00000000c2a02e70) th
Event: 0.837 Thread 0x00007f3c74011000 Exception <a 'java/lang/NoSuchMethodError'{0x00000000c2a20238}: java.lang.invoke.Invokers$Holder.linkToTargetMethod(Ljava/lang/Object;Ljava/lang/Object;Ljava/lang/Object;Ljava/lang/Object;Ljava/lang/Object;Ljava/lang/Object;)Ljava/lang/Object;> (0x0000000
Event: 0.852 Thread 0x00007f3c74011000 Exception <a 'java/lang/NoSuchMethodError'{0x00000000c2a58418}: java.lang.invoke.DirectMethodHandle$Holder.invokeSpecial(Ljava/lang/Object;Ljava/lang/Object;JLjava/lang/Object;Ljava/lang/Object;Ljava/lang/Object;Ljava/lang/Object;)Ljava/lang/Object;> (0x0
Event: 0.852 Thread 0x00007f3c74011000 Exception <a 'java/lang/NoSuchMethodError'{0x00000000c2a5b850}: java.lang.invoke.DelegatingMethodHandle$Holder.reinvoke_L(Ljava/lang/Object;JLjava/lang/Object;Ljava/lang/Object;Ljava/lang/Object;Ljava/lang/Object;)Ljava/lang/Object;> (0x00000000c2a5b850) 
Event: 0.855 Thread 0x00007f3c74011000 Exception <a 'java/lang/NoSuchMethodError'{0x00000000c2a72ff8}: java.lang.invoke.DirectMethodHandle$Holder.invokeStatic(Ljava/lang/Object;Ljava/lang/Object;Ljava/lang/Object;Ljava/lang/Object;Ljava/lang/Object;Ljava/lang/Object;J)Ljava/lang/Object;> (0x00
Event: 0.863 Thread 0x00007f3c74011000 Exception <a 'java/lang/NoSuchMethodError'{0x00000000c2a89988}: java.lang.invoke.DirectMethodHandle$Holder.invokeStatic(Ljava/lang/Object;Ljava/lang/Object;Ljava/lang/Object;Ljava/lang/Object;Ljava/lang/Object;Ljava/lang/Object;JLjava/lang/Object;)Ljava/l
Event: 1.173 Thread 0x00007f3c58005800 Exception <a 'java/lang/UnsupportedOperationException'{0x00000000c2b68690}: > (0x00000000c2b68690) thrown at [/scratch/opt/mach5/mesos/work_dir/slaves/2dd962d0-8988-479b-a804-57ab764ada59-S77524/frameworks/1735e8a2-a1db-478c-8104-60c8b0af87dd-0196/executo

Events (10 events):
Event: 8.542 Executing VM operation: RevokeBias
Event: 8.542 Executing VM operation: RevokeBias done
Event: 8.542 Executing VM operation: RevokeBias
Event: 8.542 Executing VM operation: RevokeBias done
Event: 8.543 Executing VM operation: RevokeBias
Event: 8.543 Executing VM operation: RevokeBias done
Event: 8.669 loading class javax/swing/Autoscroller
Event: 8.669 loading class javax/swing/Autoscroller done
Event: 9.378 Executing VM operation: RevokeBias
Event: 9.378 Executing VM operation: RevokeBias done


Dynamic libraries:
00400000-00401000 r-xp 00000000 08:01 937687                             /usr/lib/jvm/jdk-12.0.1/bin/java
00600000-00601000 r--p 00000000 08:01 937687                             /usr/lib/jvm/jdk-12.0.1/bin/java
00601000-00602000 rw-p 00001000 08:01 937687                             /usr/lib/jvm/jdk-12.0.1/bin/java
019d4000-01a16000 rw-p 00000000 00:00 0                                  [heap]
c2400000-c38a0000 rw-p 00000000 00:00 0 
c38a0000-d6d50000 ---p 00000000 00:00 0 
d6d50000-d96b0000 rw-p 00000000 00:00 0 
d96b0000-100000000 ---p 00000000 00:00 0 
800000000-800003000 rwxp 00001000 08:01 937604                           /usr/lib/jvm/jdk-12.0.1/lib/server/classes.jsa
800003000-8003d9000 rw-p 00004000 08:01 937604                           /usr/lib/jvm/jdk-12.0.1/lib/server/classes.jsa
8003d9000-800ae3000 r--p 003da000 08:01 937604                           /usr/lib/jvm/jdk-12.0.1/lib/server/classes.jsa
800ae3000-800ae4000 rw-p 00ae4000 08:01 937604                           /usr/lib/jvm/jdk-12.0.1/lib/server/classes.jsa
800ae4000-801129000 r--p 00ae5000 08:01 937604                           /usr/lib/jvm/jdk-12.0.1/lib/server/classes.jsa
801129000-801289000 rw-p 00000000 00:00 0 
801289000-841129000 ---p 00000000 00:00 0 
7f3c37a74000-7f3c37f00000 rw-p 00000000 00:00 0 
7f3c37f00000-7f3c38000000 ---p 00000000 00:00 0 
7f3c38000000-7f3c38021000 rw-p 00000000 00:00 0 
7f3c38021000-7f3c3c000000 ---p 00000000 00:00 0 
7f3c3c026000-7f3c3c02a000 ---p 00000000 00:00 0 
7f3c3c02a000-7f3c3c127000 rw-p 00000000 00:00 0 
7f3c3c127000-7f3c3c12b000 ---p 00000000 00:00 0 
7f3c3c12b000-7f3c3c228000 rw-p 00000000 00:00 0 
7f3c3c228000-7f3c3c22d000 r-xp 00000000 08:01 1845464                    /usr/lib/x86_64-linux-gnu/libXfixes.so.3.1.0
7f3c3c22d000-7f3c3c42c000 ---p 00005000 08:01 1845464                    /usr/lib/x86_64-linux-gnu/libXfixes.so.3.1.0
7f3c3c42c000-7f3c3c42d000 r--p 00004000 08:01 1845464                    /usr/lib/x86_64-linux-gnu/libXfixes.so.3.1.0
7f3c3c42d000-7f3c3c42e000 rw-p 00005000 08:01 1845464                    /usr/lib/x86_64-linux-gnu/libXfixes.so.3.1.0
7f3c3c42e000-7f3c3c437000 r-xp 00000000 08:01 1845456                    /usr/lib/x86_64-linux-gnu/libXcursor.so.1.0.2
7f3c3c437000-7f3c3c636000 ---p 00009000 08:01 1845456                    /usr/lib/x86_64-linux-gnu/libXcursor.so.1.0.2
7f3c3c636000-7f3c3c637000 r--p 00008000 08:01 1845456                    /usr/lib/x86_64-linux-gnu/libXcursor.so.1.0.2
7f3c3c637000-7f3c3c638000 rw-p 00009000 08:01 1845456                    /usr/lib/x86_64-linux-gnu/libXcursor.so.1.0.2
7f3c3c638000-7f3c3c639000 ---p 00000000 00:00 0 
7f3c3c639000-7f3c3ce39000 rw-p 00000000 00:00 0 
7f3c3ce39000-7f3c3ce6a000 r-xp 00000000 08:01 397877                     /usr/lib/x86_64-linux-gnu/gio/modules/libgvfsdbus.so
7f3c3ce6a000-7f3c3d06a000 ---p 00031000 08:01 397877                     /usr/lib/x86_64-linux-gnu/gio/modules/libgvfsdbus.so
7f3c3d06a000-7f3c3d06c000 r--p 00031000 08:01 397877                     /usr/lib/x86_64-linux-gnu/gio/modules/libgvfsdbus.so
7f3c3d06c000-7f3c3d06d000 rw-p 00033000 08:01 397877                     /usr/lib/x86_64-linux-gnu/gio/modules/libgvfsdbus.so
7f3c3d06d000-7f3c3d079000 r-xp 00000000 08:01 397872                     /usr/lib/x86_64-linux-gnu/gio/modules/libdconfsettings.so
7f3c3d079000-7f3c3d278000 ---p 0000c000 08:01 397872                     /usr/lib/x86_64-linux-gnu/gio/modules/libdconfsettings.so
7f3c3d278000-7f3c3d279000 r--p 0000b000 08:01 397872                     /usr/lib/x86_64-linux-gnu/gio/modules/libdconfsettings.so
7f3c3d279000-7f3c3d27a000 rw-p 0000c000 08:01 397872                     /usr/lib/x86_64-linux-gnu/gio/modules/libdconfsettings.so
7f3c3d27a000-7f3c3d27b000 ---p 00000000 00:00 0 
7f3c3d27b000-7f3c3da7b000 rw-p 00000000 00:00 0 
7f3c3da7b000-7f3c3da7c000 ---p 00000000 00:00 0 
7f3c3da7c000-7f3c3e27c000 rw-p 00000000 00:00 0 
7f3c3e27c000-7f3c3e2b2000 r-xp 00000000 08:01 398181                     /usr/lib/x86_64-linux-gnu/gvfs/libgvfscommon.so
7f3c3e2b2000-7f3c3e4b2000 ---p 00036000 08:01 398181                     /usr/lib/x86_64-linux-gnu/gvfs/libgvfscommon.so
7f3c3e4b2000-7f3c3e4b8000 r--p 00036000 08:01 398181                     /usr/lib/x86_64-linux-gnu/gvfs/libgvfscommon.so
7f3c3e4b8000-7f3c3e4b9000 rw-p 0003c000 08:01 398181                     /usr/lib/x86_64-linux-gnu/gvfs/libgvfscommon.so
7f3c3e4b9000-7f3c3e4d3000 r-xp 00000000 08:01 397876                     /usr/lib/x86_64-linux-gnu/gio/modules/libgioremote-volume-monitor.so
7f3c3e4d3000-7f3c3e6d2000 ---p 0001a000 08:01 397876                     /usr/lib/x86_64-linux-gnu/gio/modules/libgioremote-volume-monitor.so
7f3c3e6d2000-7f3c3e6d5000 r--p 00019000 08:01 397876                     /usr/lib/x86_64-linux-gnu/gio/modules/libgioremote-volume-monitor.so
7f3c3e6d5000-7f3c3e6d6000 rw-p 0001c000 08:01 397876                     /usr/lib/x86_64-linux-gnu/gio/modules/libgioremote-volume-monitor.so
7f3c3e6d6000-7f3c3e6ed000 r-xp 00000000 08:01 136771                     /lib/x86_64-linux-gnu/libgcc_s.so.1
7f3c3e6ed000-7f3c3e8ec000 ---p 00017000 08:01 136771                     /lib/x86_64-linux-gnu/libgcc_s.so.1
7f3c3e8ec000-7f3c3e8ed000 r--p 00016000 08:01 136771                     /lib/x86_64-linux-gnu/libgcc_s.so.1
7f3c3e8ed000-7f3c3e8ee000 rw-p 00017000 08:01 136771                     /lib/x86_64-linux-gnu/libgcc_s.so.1
7f3c3e8ee000-7f3c3ea67000 r-xp 00000000 08:01 1845922                    /usr/lib/x86_64-linux-gnu/libstdc++.so.6.0.25
7f3c3ea67000-7f3c3ec67000 ---p 00179000 08:01 1845922                    /usr/lib/x86_64-linux-gnu/libstdc++.so.6.0.25
7f3c3ec67000-7f3c3ec71000 r--p 00179000 08:01 1845922                    /usr/lib/x86_64-linux-gnu/libstdc++.so.6.0.25
7f3c3ec71000-7f3c3ec73000 rw-p 00183000 08:01 1845922                    /usr/lib/x86_64-linux-gnu/libstdc++.so.6.0.25
7f3c3ec73000-7f3c3ec77000 rw-p 00000000 00:00 0 
7f3c3ec77000-7f3c3ec95000 r-xp 00000000 08:01 1846335                    /usr/lib/x86_64-linux-gnu/libproxy.so.1.0.0
7f3c3ec95000-7f3c3ee95000 ---p 0001e000 08:01 1846335                    /usr/lib/x86_64-linux-gnu/libproxy.so.1.0.0
7f3c3ee95000-7f3c3ee96000 r--p 0001e000 08:01 1846335                    /usr/lib/x86_64-linux-gnu/libproxy.so.1.0.0
7f3c3ee96000-7f3c3ee97000 rw-p 0001f000 08:01 1846335                    /usr/lib/x86_64-linux-gnu/libproxy.so.1.0.0
7f3c3ee99000-7f3c3ee9d000 ---p 00000000 00:00 0 
7f3c3ee9d000-7f3c3ef9a000 rw-p 00000000 00:00 0 
7f3c3ef9a000-7f3c3ef9e000 ---p 00000000 00:00 0 
7f3c3ef9e000-7f3c3f09b000 rw-p 00000000 00:00 0 
7f3c3f09b000-7f3c3f0a1000 r-xp 00000000 08:01 137130                     /lib/x86_64-linux-gnu/libuuid.so.1.3.0
7f3c3f0a1000-7f3c3f2a0000 ---p 00006000 08:01 137130                     /lib/x86_64-linux-gnu/libuuid.so.1.3.0
7f3c3f2a0000-7f3c3f2a1000 r--p 00005000 08:01 137130                     /lib/x86_64-linux-gnu/libuuid.so.1.3.0
7f3c3f2a1000-7f3c3f2a2000 rw-p 00006000 08:01 137130                     /lib/x86_64-linux-gnu/libuuid.so.1.3.0
7f3c3f2a2000-7f3c3f2e9000 r-xp 00000000 08:01 136954                     /lib/x86_64-linux-gnu/libblkid.so.1.1.0
7f3c3f2e9000-7f3c3f4e9000 ---p 00047000 08:01 136954                     /lib/x86_64-linux-gnu/libblkid.so.1.1.0
7f3c3f4e9000-7f3c3f4ed000 r--p 00047000 08:01 136954                     /lib/x86_64-linux-gnu/libblkid.so.1.1.0
7f3c3f4ed000-7f3c3f4ee000 rw-p 0004b000 08:01 136954                     /lib/x86_64-linux-gnu/libblkid.so.1.1.0
7f3c3f4ee000-7f3c3f4ef000 rw-p 00000000 00:00 0 
7f3c3f4ef000-7f3c3f55f000 r-xp 00000000 08:01 137084                     /lib/x86_64-linux-gnu/libpcre.so.3.13.3
7f3c3f55f000-7f3c3f75f000 ---p 00070000 08:01 137084                     /lib/x86_64-linux-gnu/libpcre.so.3.13.3
7f3c3f75f000-7f3c3f760000 r--p 00070000 08:01 137084                     /lib/x86_64-linux-gnu/libpcre.so.3.13.3
7f3c3f760000-7f3c3f761000 rw-p 00071000 08:01 137084                     /lib/x86_64-linux-gnu/libpcre.so.3.13.3
7f3c3f761000-7f3c3f768000 r-xp 00000000 08:01 1845797                    /usr/lib/x86_64-linux-gnu/libffi.so.6.0.4
7f3c3f768000-7f3c3f967000 ---p 00007000 08:01 1845797                    /usr/lib/x86_64-linux-gnu/libffi.so.6.0.4
7f3c3f967000-7f3c3f968000 r--p 00006000 08:01 1845797                    /usr/lib/x86_64-linux-gnu/libffi.so.6.0.4
7f3c3f968000-7f3c3f969000 rw-p 00007000 08:01 1845797                    /usr/lib/x86_64-linux-gnu/libffi.so.6.0.4
7f3c3f969000-7f3c3f9ba000 r-xp 00000000 08:01 137031                     /lib/x86_64-linux-gnu/libmount.so.1.1.0
7f3c3f9ba000-7f3c3fbb9000 ---p 00051000 08:01 137031                     /lib/x86_64-linux-gnu/libmount.so.1.1.0
7f3c3fbb9000-7f3c3fbbb000 r--p 00050000 08:01 137031                     /lib/x86_64-linux-gnu/libmount.so.1.1.0
7f3c3fbbb000-7f3c3fbbc000 rw-p 00052000 08:01 137031                     /lib/x86_64-linux-gnu/libmount.so.1.1.0
7f3c3fbbc000-7f3c3fbbd000 rw-p 00000000 00:00 0 
7f3c3fbbd000-7f3c3fbd4000 r-xp 00000000 08:01 137101                     /lib/x86_64-linux-gnu/libresolv-2.27.so
7f3c3fbd4000-7f3c3fdd4000 ---p 00017000 08:01 137101                     /lib/x86_64-linux-gnu/libresolv-2.27.so
7f3c3fdd4000-7f3c3fdd5000 r--p 00017000 08:01 137101                     /lib/x86_64-linux-gnu/libresolv-2.27.so
7f3c3fdd5000-7f3c3fdd6000 rw-p 00018000 08:01 137101                     /lib/x86_64-linux-gnu/libresolv-2.27.so
7f3c3fdd6000-7f3c3fdd8000 rw-p 00000000 00:00 0 
7f3c3fdd8000-7f3c3fdfd000 r-xp 00000000 08:01 137107                     /lib/x86_64-linux-gnu/libselinux.so.1
7f3c3fdfd000-7f3c3fffc000 ---p 00025000 08:01 137107                     /lib/x86_64-linux-gnu/libselinux.so.1
7f3c3fffc000-7f3c3fffd000 r--p 00024000 08:01 137107                     /lib/x86_64-linux-gnu/libselinux.so.1
7f3c3fffd000-7f3c3fffe000 rw-p 00025000 08:01 137107                     /lib/x86_64-linux-gnu/libselinux.so.1
7f3c3fffe000-7f3c40000000 rw-p 00000000 00:00 0 
7f3c40000000-7f3c4062c000 rw-p 00000000 00:00 0 
7f3c4062c000-7f3c44000000 ---p 00000000 00:00 0 
7f3c44000000-7f3c4449c000 rw-p 00000000 00:00 0 
7f3c4449c000-7f3c48000000 ---p 00000000 00:00 0 
7f3c48000000-7f3c48021000 rw-p 00000000 00:00 0 
7f3c48021000-7f3c4c000000 ---p 00000000 00:00 0 
7f3c4c05f000-7f3c4c063000 ---p 00000000 00:00 0 
7f3c4c063000-7f3c4c160000 rw-p 00000000 00:00 0 
7f3c4c160000-7f3c4c273000 r-xp 00000000 08:01 1845891                    /usr/lib/x86_64-linux-gnu/libglib-2.0.so.0.5600.3
7f3c4c273000-7f3c4c473000 ---p 00113000 08:01 1845891                    /usr/lib/x86_64-linux-gnu/libglib-2.0.so.0.5600.3
7f3c4c473000-7f3c4c474000 r--p 00113000 08:01 1845891                    /usr/lib/x86_64-linux-gnu/libglib-2.0.so.0.5600.3
7f3c4c474000-7f3c4c475000 rw-p 00114000 08:01 1845891                    /usr/lib/x86_64-linux-gnu/libglib-2.0.so.0.5600.3
7f3c4c475000-7f3c4c476000 rw-p 00000000 00:00 0 
7f3c4c476000-7f3c4c479000 r-xp 00000000 08:01 1845895                    /usr/lib/x86_64-linux-gnu/libgmodule-2.0.so.0.5600.3
7f3c4c479000-7f3c4c678000 ---p 00003000 08:01 1845895                    /usr/lib/x86_64-linux-gnu/libgmodule-2.0.so.0.5600.3
7f3c4c678000-7f3c4c679000 r--p 00002000 08:01 1845895                    /usr/lib/x86_64-linux-gnu/libgmodule-2.0.so.0.5600.3
7f3c4c679000-7f3c4c67a000 rw-p 00003000 08:01 1845895                    /usr/lib/x86_64-linux-gnu/libgmodule-2.0.so.0.5600.3
7f3c4c67a000-7f3c4c6cc000 r-xp 00000000 08:01 1845919                    /usr/lib/x86_64-linux-gnu/libgobject-2.0.so.0.5600.3
7f3c4c6cc000-7f3c4c8cc000 ---p 00052000 08:01 1845919                    /usr/lib/x86_64-linux-gnu/libgobject-2.0.so.0.5600.3
7f3c4c8cc000-7f3c4c8cd000 r--p 00052000 08:01 1845919                    /usr/lib/x86_64-linux-gnu/libgobject-2.0.so.0.5600.3
7f3c4c8cd000-7f3c4c8ce000 rw-p 00053000 08:01 1845919                    /usr/lib/x86_64-linux-gnu/libgobject-2.0.so.0.5600.3
7f3c4c8ce000-7f3c4ca63000 r-xp 00000000 08:01 1845885                    /usr/lib/x86_64-linux-gnu/libgio-2.0.so.0.5600.3
7f3c4ca63000-7f3c4cc63000 ---p 00195000 08:01 1845885                    /usr/lib/x86_64-linux-gnu/libgio-2.0.so.0.5600.3
7f3c4cc63000-7f3c4cc6a000 r--p 00195000 08:01 1845885                    /usr/lib/x86_64-linux-gnu/libgio-2.0.so.0.5600.3
7f3c4cc6a000-7f3c4cc6b000 rw-p 0019c000 08:01 1845885                    /usr/lib/x86_64-linux-gnu/libgio-2.0.so.0.5600.3
7f3c4cc6b000-7f3c4cc6d000 rw-p 00000000 00:00 0 
7f3c4cc6d000-7f3c4cc77000 r-xp 00000000 08:01 1845480                    /usr/lib/x86_64-linux-gnu/libXrandr.so.2.2.0
7f3c4cc77000-7f3c4ce76000 ---p 0000a000 08:01 1845480                    /usr/lib/x86_64-linux-gnu/libXrandr.so.2.2.0
7f3c4ce76000-7f3c4ce77000 r--p 00009000 08:01 1845480                    /usr/lib/x86_64-linux-gnu/libXrandr.so.2.2.0
7f3c4ce77000-7f3c4ce78000 rw-p 0000a000 08:01 1845480                    /usr/lib/x86_64-linux-gnu/libXrandr.so.2.2.0
7f3c4ce78000-7f3c4cea9000 r-xp 00000000 08:01 1846319                    /usr/lib/x86_64-linux-gnu/libpng16.so.16.34.0
7f3c4cea9000-7f3c4d0a8000 ---p 00031000 08:01 1846319                    /usr/lib/x86_64-linux-gnu/libpng16.so.16.34.0
7f3c4d0a8000-7f3c4d0a9000 r--p 00030000 08:01 1846319                    /usr/lib/x86_64-linux-gnu/libpng16.so.16.34.0
7f3c4d0a9000-7f3c4d0aa000 rw-p 00031000 08:01 1846319                    /usr/lib/x86_64-linux-gnu/libpng16.so.16.34.0
7f3c4d0aa000-7f3c4d157000 r-xp 00000000 08:01 1845829                    /usr/lib/x86_64-linux-gnu/libfreetype.so.6.15.0
7f3c4d157000-7f3c4d356000 ---p 000ad000 08:01 1845829                    /usr/lib/x86_64-linux-gnu/libfreetype.so.6.15.0
7f3c4d356000-7f3c4d35d000 r--p 000ac000 08:01 1845829                    /usr/lib/x86_64-linux-gnu/libfreetype.so.6.15.0
7f3c4d35d000-7f3c4d35e000 rw-p 000b3000 08:01 1845829                    /usr/lib/x86_64-linux-gnu/libfreetype.so.6.15.0
7f3c4d35e000-7f3c4d41b000 r-xp 00000000 08:01 790477                     /usr/lib/jvm/jdk-12.0.1/lib/libfontmanager.so
7f3c4d41b000-7f3c4d61a000 ---p 000bd000 08:01 790477                     /usr/lib/jvm/jdk-12.0.1/lib/libfontmanager.so
7f3c4d61a000-7f3c4d61c000 r--p 000bc000 08:01 790477                     /usr/lib/jvm/jdk-12.0.1/lib/libfontmanager.so
7f3c4d61c000-7f3c4d61d000 rw-p 000be000 08:01 790477                     /usr/lib/jvm/jdk-12.0.1/lib/libfontmanager.so
7f3c4d61d000-7f3c4d61e000 rw-p 00000000 00:00 0 
7f3c4d61e000-7f3c4d620000 r-xp 00000000 08:01 1708018                    /home/kiit/1905243/cnProject/CN-p2p-file-sharing/libnative.so
7f3c4d620000-7f3c4d81f000 ---p 00002000 08:01 1708018                    /home/kiit/1905243/cnProject/CN-p2p-file-sharing/libnative.so
7f3c4d81f000-7f3c4d820000 r--p 00001000 08:01 1708018                    /home/kiit/1905243/cnProject/CN-p2p-file-sharing/libnative.so
7f3c4d820000-7f3c4d821000 rw-p 00002000 08:01 1708018                    /home/kiit/1905243/cnProject/CN-p2p-file-sharing/libnative.so
7f3c4d821000-7f3c4d834000 r-xp 00000000 08:01 136819                     /lib/x86_64-linux-gnu/libbsd.so.0.8.7
7f3c4d834000-7f3c4da33000 ---p 00013000 08:01 136819                     /lib/x86_64-linux-gnu/libbsd.so.0.8.7
7f3c4da33000-7f3c4da34000 r--p 00012000 08:01 136819                     /lib/x86_64-linux-gnu/libbsd.so.0.8.7
7f3c4da34000-7f3c4da35000 rw-p 00013000 08:01 136819                     /lib/x86_64-linux-gnu/libbsd.so.0.8.7
7f3c4da35000-7f3c4da36000 rw-p 00000000 00:00 0 
7f3c4da36000-7f3c4da3b000 r-xp 00000000 08:01 1845460                    /usr/lib/x86_64-linux-gnu/libXdmcp.so.6.0.0
7f3c4da3b000-7f3c4dc3a000 ---p 00005000 08:01 1845460                    /usr/lib/x86_64-linux-gnu/libXdmcp.so.6.0.0
7f3c4dc3a000-7f3c4dc3b000 r--p 00004000 08:01 1845460                    /usr/lib/x86_64-linux-gnu/libXdmcp.so.6.0.0
7f3c4dc3b000-7f3c4dc3c000 rw-p 00005000 08:01 1845460                    /usr/lib/x86_64-linux-gnu/libXdmcp.so.6.0.0
7f3c4dc3c000-7f3c4dc3e000 r-xp 00000000 08:01 1855880                    /usr/lib/x86_64-linux-gnu/libXau.so.6.0.0
7f3c4dc3e000-7f3c4de3e000 ---p 00002000 08:01 1855880                    /usr/lib/x86_64-linux-gnu/libXau.so.6.0.0
7f3c4de3e000-7f3c4de3f000 r--p 00002000 08:01 1855880                    /usr/lib/x86_64-linux-gnu/libXau.so.6.0.0
7f3c4de3f000-7f3c4de40000 rw-p 00003000 08:01 1855880                    /usr/lib/x86_64-linux-gnu/libXau.so.6.0.0
7f3c4de40000-7f3c4de66000 r-xp 00000000 08:01 1845448                    /usr/lib/x86_64-linux-gnu/libxcb.so.1.1.0
7f3c4de66000-7f3c4e066000 ---p 00026000 08:01 1845448                    /usr/lib/x86_64-linux-gnu/libxcb.so.1.1.0
7f3c4e066000-7f3c4e067000 r--p 00026000 08:01 1845448                    /usr/lib/x86_64-linux-gnu/libxcb.so.1.1.0
7f3c4e067000-7f3c4e068000 rw-p 00027000 08:01 1845448                    /usr/lib/x86_64-linux-gnu/libxcb.so.1.1.0
7f3c4e068000-7f3c4e077000 r-xp 00000000 08:01 1845470                    /usr/lib/x86_64-linux-gnu/libXi.so.6.1.0
7f3c4e077000-7f3c4e276000 ---p 0000f000 08:01 1845470                    /usr/lib/x86_64-linux-gnu/libXi.so.6.1.0
7f3c4e276000-7f3c4e277000 r--p 0000e000 08:01 1845470                    /usr/lib/x86_64-linux-gnu/libXi.so.6.1.0
7f3c4e277000-7f3c4e278000 rw-p 0000f000 08:01 1845470                    /usr/lib/x86_64-linux-gnu/libXi.so.6.1.0
7f3c4e278000-7f3c4e27d000 r-xp 00000000 08:01 1845488                    /usr/lib/x86_64-linux-gnu/libXtst.so.6.1.0
7f3c4e27d000-7f3c4e47c000 ---p 00005000 08:01 1845488                    /usr/lib/x86_64-linux-gnu/libXtst.so.6.1.0
7f3c4e47c000-7f3c4e47d000 r--p 00004000 08:01 1845488                    /usr/lib/x86_64-linux-gnu/libXtst.so.6.1.0
7f3c4e47d000-7f3c4e47e000 rw-p 00005000 08:01 1845488                    /usr/lib/x86_64-linux-gnu/libXtst.so.6.1.0
7f3c4e47e000-7f3c4e487000 r-xp 00000000 08:01 1845482                    /usr/lib/x86_64-linux-gnu/libXrender.so.1.3.0
7f3c4e487000-7f3c4e686000 ---p 00009000 08:01 1845482                    /usr/lib/x86_64-linux-gnu/libXrender.so.1.3.0
7f3c4e686000-7f3c4e687000 r--p 00008000 08:01 1845482                    /usr/lib/x86_64-linux-gnu/libXrender.so.1.3.0
7f3c4e687000-7f3c4e688000 rw-p 00009000 08:01 1845482                    /usr/lib/x86_64-linux-gnu/libXrender.so.1.3.0
7f3c4e688000-7f3c4e7bb000 r-xp 00000000 08:01 1846661                    /usr/lib/x86_64-linux-gnu/libX11.so.6.3.0
7f3c4e7bb000-7f3c4e9bb000 ---p 00133000 08:01 1846661                    /usr/lib/x86_64-linux-gnu/libX11.so.6.3.0
7f3c4e9bb000-7f3c4e9bc000 r--p 00133000 08:01 1846661                    /usr/lib/x86_64-linux-gnu/libX11.so.6.3.0
7f3c4e9bc000-7f3c4e9c0000 rw-p 00134000 08:01 1846661                    /usr/lib/x86_64-linux-gnu/libX11.so.6.3.0
7f3c4e9c0000-7f3c4e9d1000 r-xp 00000000 08:01 1845462                    /usr/lib/x86_64-linux-gnu/libXext.so.6.4.0
7f3c4e9d1000-7f3c4ebd0000 ---p 00011000 08:01 1845462                    /usr/lib/x86_64-linux-gnu/libXext.so.6.4.0
7f3c4ebd0000-7f3c4ebd1000 r--p 00010000 08:01 1845462                    /usr/lib/x86_64-linux-gnu/libXext.so.6.4.0
7f3c4ebd1000-7f3c4ebd2000 rw-p 00011000 08:01 1845462                    /usr/lib/x86_64-linux-gnu/libXext.so.6.4.0
7f3c4ebd2000-7f3c4ec30000 r-xp 00000000 08:01 790494                     /usr/lib/jvm/jdk-12.0.1/lib/libawt_xawt.so
7f3c4ec30000-7f3c4ee2f000 ---p 0005e000 08:01 790494                     /usr/lib/jvm/jdk-12.0.1/lib/libawt_xawt.so
7f3c4ee2f000-7f3c4ee30000 r--p 0005d000 08:01 790494                     /usr/lib/jvm/jdk-12.0.1/lib/libawt_xawt.so
7f3c4ee30000-7f3c4ee33000 rw-p 0005e000 08:01 790494                     /usr/lib/jvm/jdk-12.0.1/lib/libawt_xawt.so
7f3c4ee33000-7f3c4ee35000 rw-p 00000000 00:00 0 
7f3c4ee35000-7f3c4eed5000 r-xp 00000000 08:01 790495                     /usr/lib/jvm/jdk-12.0.1/lib/libawt.so
7f3c4eed5000-7f3c4f0d5000 ---p 000a0000 08:01 790495                     /usr/lib/jvm/jdk-12.0.1/lib/libawt.so
7f3c4f0d5000-7f3c4f0d6000 r--p 000a0000 08:01 790495                     /usr/lib/jvm/jdk-12.0.1/lib/libawt.so
7f3c4f0d6000-7f3c4f0e1000 rw-p 000a1000 08:01 790495                     /usr/lib/jvm/jdk-12.0.1/lib/libawt.so
7f3c4f0e1000-7f3c4f106000 rw-p 00000000 00:00 0 
7f3c4f106000-7f3c4f11c000 r-xp 00000000 08:01 796432                     /usr/lib/jvm/jdk-12.0.1/lib/libnet.so
7f3c4f11c000-7f3c4f31c000 ---p 00016000 08:01 796432                     /usr/lib/jvm/jdk-12.0.1/lib/libnet.so
7f3c4f31c000-7f3c4f31d000 r--p 00016000 08:01 796432                     /usr/lib/jvm/jdk-12.0.1/lib/libnet.so
7f3c4f31d000-7f3c4f31e000 rw-p 00017000 08:01 796432                     /usr/lib/jvm/jdk-12.0.1/lib/libnet.so
7f3c4f31e000-7f3c4f32f000 r-xp 00000000 08:01 796429                     /usr/lib/jvm/jdk-12.0.1/lib/libnio.so
7f3c4f32f000-7f3c4f52e000 ---p 00011000 08:01 796429                     /usr/lib/jvm/jdk-12.0.1/lib/libnio.so
7f3c4f52e000-7f3c4f52f000 r--p 00010000 08:01 796429                     /usr/lib/jvm/jdk-12.0.1/lib/libnio.so
7f3c4f52f000-7f3c4f530000 rw-p 00011000 08:01 796429                     /usr/lib/jvm/jdk-12.0.1/lib/libnio.so
7f3c4f530000-7f3c4f534000 ---p 00000000 00:00 0 
7f3c4f534000-7f3c4f631000 rw-p 00000000 00:00 0 
7f3c4f631000-7f3c50000000 r--p 00000000 08:01 1841870                    /usr/lib/locale/locale-archive
7f3c50000000-7f3c50021000 rw-p 00000000 00:00 0 
7f3c50021000-7f3c54000000 ---p 00000000 00:00 0 
7f3c54000000-7f3c54021000 rw-p 00000000 00:00 0 
7f3c54021000-7f3c58000000 ---p 00000000 00:00 0 
7f3c58000000-7f3c58021000 rw-p 00000000 00:00 0 
7f3c58021000-7f3c5c000000 ---p 00000000 00:00 0 
7f3c5c047000-7f3c5c074000 r--p 00000000 08:01 264999                     /usr/share/glib-2.0/schemas/gschemas.compiled
7f3c5c074000-7f3c5c075000 ---p 00000000 00:00 0 
7f3c5c075000-7f3c5c176000 rw-p 00000000 00:00 0 
7f3c5c176000-7f3c5c17a000 ---p 00000000 00:00 0 
7f3c5c17a000-7f3c5c277000 rw-p 00000000 00:00 0 
7f3c5c277000-7f3c5c27b000 ---p 00000000 00:00 0 
7f3c5c27b000-7f3c5cb78000 rw-p 00000000 00:00 0 
7f3c5cb78000-7f3c5cde8000 rwxp 00000000 00:00 0 
7f3c5cde8000-7f3c5d107000 ---p 00000000 00:00 0 
7f3c5d107000-7f3c5d377000 rwxp 00000000 00:00 0 
7f3c5d377000-7f3c6463f000 ---p 00000000 00:00 0 
7f3c6463f000-7f3c648af000 rwxp 00000000 00:00 0 
7f3c648af000-7f3c6bb78000 ---p 00000000 00:00 0 
7f3c6bb78000-7f3c74000000 r--s 00000000 08:01 790479                     /usr/lib/jvm/jdk-12.0.1/lib/modules
7f3c74000000-7f3c74367000 rw-p 00000000 00:00 0 
7f3c74367000-7f3c78000000 ---p 00000000 00:00 0 
7f3c78013000-7f3c78017000 ---p 00000000 00:00 0 
7f3c78017000-7f3c78114000 rw-p 00000000 00:00 0 
7f3c78114000-7f3c78118000 ---p 00000000 00:00 0 
7f3c78118000-7f3c78215000 rw-p 00000000 00:00 0 
7f3c78215000-7f3c78219000 ---p 00000000 00:00 0 
7f3c78219000-7f3c78316000 rw-p 00000000 00:00 0 
7f3c78316000-7f3c7831a000 ---p 00000000 00:00 0 
7f3c7831a000-7f3c78417000 rw-p 00000000 00:00 0 
7f3c78417000-7f3c7841b000 ---p 00000000 00:00 0 
7f3c7841b000-7f3c78518000 rw-p 00000000 00:00 0 
7f3c78518000-7f3c78519000 ---p 00000000 00:00 0 
7f3c78519000-7f3c7870b000 rw-p 00000000 00:00 0 
7f3c7870b000-7f3c78840000 ---p 00000000 00:00 0 
7f3c78840000-7f3c7884b000 rw-p 00000000 00:00 0 
7f3c7884b000-7f3c788e4000 ---p 00000000 00:00 0 
7f3c788e4000-7f3c788fa000 rw-p 00000000 00:00 0 
7f3c788fa000-7f3c78a2e000 ---p 00000000 00:00 0 
7f3c78a2e000-7f3c78a34000 rw-p 00000000 00:00 0 
7f3c78a34000-7f3c78b1a000 ---p 00000000 00:00 0 
7f3c78b1a000-7f3c78b1f000 rw-p 00000000 00:00 0 
7f3c78b1f000-7f3c78c05000 ---p 00000000 00:00 0 
7f3c78c05000-7f3c78c20000 r-xp 00000000 08:01 790509                     /usr/lib/jvm/jdk-12.0.1/lib/libjimage.so
7f3c78c20000-7f3c78e1f000 ---p 0001b000 08:01 790509                     /usr/lib/jvm/jdk-12.0.1/lib/libjimage.so
7f3c78e1f000-7f3c78e21000 r--p 0001a000 08:01 790509                     /usr/lib/jvm/jdk-12.0.1/lib/libjimage.so
7f3c78e21000-7f3c78e22000 rw-p 0001c000 08:01 790509                     /usr/lib/jvm/jdk-12.0.1/lib/libjimage.so
7f3c78e22000-7f3c78e29000 r-xp 00000000 08:01 790511                     /usr/lib/jvm/jdk-12.0.1/lib/libzip.so
7f3c78e29000-7f3c79028000 ---p 00007000 08:01 790511                     /usr/lib/jvm/jdk-12.0.1/lib/libzip.so
7f3c79028000-7f3c79029000 r--p 00006000 08:01 790511                     /usr/lib/jvm/jdk-12.0.1/lib/libzip.so
7f3c79029000-7f3c7902a000 rw-p 00007000 08:01 790511                     /usr/lib/jvm/jdk-12.0.1/lib/libzip.so
7f3c7902a000-7f3c79035000 r-xp 00000000 08:01 137052                     /lib/x86_64-linux-gnu/libnss_files-2.27.so
7f3c79035000-7f3c79234000 ---p 0000b000 08:01 137052                     /lib/x86_64-linux-gnu/libnss_files-2.27.so
7f3c79234000-7f3c79235000 r--p 0000a000 08:01 137052                     /lib/x86_64-linux-gnu/libnss_files-2.27.so
7f3c79235000-7f3c79236000 rw-p 0000b000 08:01 137052                     /lib/x86_64-linux-gnu/libnss_files-2.27.so
7f3c79236000-7f3c7923c000 rw-p 00000000 00:00 0 
7f3c7923c000-7f3c79253000 r-xp 00000000 08:01 137046                     /lib/x86_64-linux-gnu/libnsl-2.27.so
7f3c79253000-7f3c79452000 ---p 00017000 08:01 137046                     /lib/x86_64-linux-gnu/libnsl-2.27.so
7f3c79452000-7f3c79453000 r--p 00016000 08:01 137046                     /lib/x86_64-linux-gnu/libnsl-2.27.so
7f3c79453000-7f3c79454000 rw-p 00017000 08:01 137046                     /lib/x86_64-linux-gnu/libnsl-2.27.so
7f3c79454000-7f3c79456000 rw-p 00000000 00:00 0 
7f3c79456000-7f3c79461000 r-xp 00000000 08:01 137063                     /lib/x86_64-linux-gnu/libnss_nis-2.27.so
7f3c79461000-7f3c79660000 ---p 0000b000 08:01 137063                     /lib/x86_64-linux-gnu/libnss_nis-2.27.so
7f3c79660000-7f3c79661000 r--p 0000a000 08:01 137063                     /lib/x86_64-linux-gnu/libnss_nis-2.27.so
7f3c79661000-7f3c79662000 rw-p 0000b000 08:01 137063                     /lib/x86_64-linux-gnu/libnss_nis-2.27.so
7f3c79662000-7f3c7966a000 r-xp 00000000 08:01 137048                     /lib/x86_64-linux-gnu/libnss_compat-2.27.so
7f3c7966a000-7f3c7986a000 ---p 00008000 08:01 137048                     /lib/x86_64-linux-gnu/libnss_compat-2.27.so
7f3c7986a000-7f3c7986b000 r--p 00008000 08:01 137048                     /lib/x86_64-linux-gnu/libnss_compat-2.27.so
7f3c7986b000-7f3c7986c000 rw-p 00009000 08:01 137048                     /lib/x86_64-linux-gnu/libnss_compat-2.27.so
7f3c7986c000-7f3c79894000 r-xp 00000000 08:01 790481                     /usr/lib/jvm/jdk-12.0.1/lib/libjava.so
7f3c79894000-7f3c79a93000 ---p 00028000 08:01 790481                     /usr/lib/jvm/jdk-12.0.1/lib/libjava.so
7f3c79a93000-7f3c79a94000 r--p 00027000 08:01 790481                     /usr/lib/jvm/jdk-12.0.1/lib/libjava.so
7f3c79a94000-7f3c79a96000 rw-p 00028000 08:01 790481                     /usr/lib/jvm/jdk-12.0.1/lib/libjava.so
7f3c79a96000-7f3c79aa3000 r-xp 00000000 08:01 796437                     /usr/lib/jvm/jdk-12.0.1/lib/libverify.so
7f3c79aa3000-7f3c79ca2000 ---p 0000d000 08:01 796437                     /usr/lib/jvm/jdk-12.0.1/lib/libverify.so
7f3c79ca2000-7f3c79ca4000 r--p 0000c000 08:01 796437                     /usr/lib/jvm/jdk-12.0.1/lib/libverify.so
7f3c79ca4000-7f3c79ca5000 rw-p 0000e000 08:01 796437                     /usr/lib/jvm/jdk-12.0.1/lib/libverify.so
7f3c79ca5000-7f3c79cac000 r-xp 00000000 08:01 137103                     /lib/x86_64-linux-gnu/librt-2.27.so
7f3c79cac000-7f3c79eab000 ---p 00007000 08:01 137103                     /lib/x86_64-linux-gnu/librt-2.27.so
7f3c79eab000-7f3c79eac000 r--p 00006000 08:01 137103                     /lib/x86_64-linux-gnu/librt-2.27.so
7f3c79eac000-7f3c79ead000 rw-p 00007000 08:01 137103                     /lib/x86_64-linux-gnu/librt-2.27.so
7f3c79ead000-7f3c7a04a000 r-xp 00000000 08:01 137025                     /lib/x86_64-linux-gnu/libm-2.27.so
7f3c7a04a000-7f3c7a249000 ---p 0019d000 08:01 137025                     /lib/x86_64-linux-gnu/libm-2.27.so
7f3c7a249000-7f3c7a24a000 r--p 0019c000 08:01 137025                     /lib/x86_64-linux-gnu/libm-2.27.so
7f3c7a24a000-7f3c7a24b000 rw-p 0019d000 08:01 137025                     /lib/x86_64-linux-gnu/libm-2.27.so
7f3c7a24b000-7f3c7b3af000 r-xp 00000000 08:01 937605                     /usr/lib/jvm/jdk-12.0.1/lib/server/libjvm.so
7f3c7b3af000-7f3c7b5af000 ---p 01164000 08:01 937605                     /usr/lib/jvm/jdk-12.0.1/lib/server/libjvm.so
7f3c7b5af000-7f3c7b670000 r--p 01164000 08:01 937605                     /usr/lib/jvm/jdk-12.0.1/lib/server/libjvm.so
7f3c7b670000-7f3c7b6a9000 rw-p 01225000 08:01 937605                     /usr/lib/jvm/jdk-12.0.1/lib/server/libjvm.so
7f3c7b6a9000-7f3c7b72c000 rw-p 00000000 00:00 0 
7f3c7b72c000-7f3c7b913000 r-xp 00000000 08:01 136962                     /lib/x86_64-linux-gnu/libc-2.27.so
7f3c7b913000-7f3c7bb13000 ---p 001e7000 08:01 136962                     /lib/x86_64-linux-gnu/libc-2.27.so
7f3c7bb13000-7f3c7bb17000 r--p 001e7000 08:01 136962                     /lib/x86_64-linux-gnu/libc-2.27.so
7f3c7bb17000-7f3c7bb19000 rw-p 001eb000 08:01 136962                     /lib/x86_64-linux-gnu/libc-2.27.so
7f3c7bb19000-7f3c7bb1d000 rw-p 00000000 00:00 0 
7f3c7bb1d000-7f3c7bb20000 r-xp 00000000 08:01 136985                     /lib/x86_64-linux-gnu/libdl-2.27.so
7f3c7bb20000-7f3c7bd1f000 ---p 00003000 08:01 136985                     /lib/x86_64-linux-gnu/libdl-2.27.so
7f3c7bd1f000-7f3c7bd20000 r--p 00002000 08:01 136985                     /lib/x86_64-linux-gnu/libdl-2.27.so
7f3c7bd20000-7f3c7bd21000 rw-p 00003000 08:01 136985                     /lib/x86_64-linux-gnu/libdl-2.27.so
7f3c7bd21000-7f3c7bd3b000 r-xp 00000000 08:01 137095                     /lib/x86_64-linux-gnu/libpthread-2.27.so
7f3c7bd3b000-7f3c7bf3a000 ---p 0001a000 08:01 137095                     /lib/x86_64-linux-gnu/libpthread-2.27.so
7f3c7bf3a000-7f3c7bf3b000 r--p 00019000 08:01 137095                     /lib/x86_64-linux-gnu/libpthread-2.27.so
7f3c7bf3b000-7f3c7bf3c000 rw-p 0001a000 08:01 137095                     /lib/x86_64-linux-gnu/libpthread-2.27.so
7f3c7bf3c000-7f3c7bf40000 rw-p 00000000 00:00 0 
7f3c7bf40000-7f3c7bf50000 r-xp 00000000 08:01 790513                     /usr/lib/jvm/jdk-12.0.1/lib/libjli.so
7f3c7bf50000-7f3c7c14f000 ---p 00010000 08:01 790513                     /usr/lib/jvm/jdk-12.0.1/lib/libjli.so
7f3c7c14f000-7f3c7c150000 r--p 0000f000 08:01 790513                     /usr/lib/jvm/jdk-12.0.1/lib/libjli.so
7f3c7c150000-7f3c7c151000 rw-p 00010000 08:01 790513                     /usr/lib/jvm/jdk-12.0.1/lib/libjli.so
7f3c7c151000-7f3c7c16d000 r-xp 00000000 08:01 137134                     /lib/x86_64-linux-gnu/libz.so.1.2.11
7f3c7c16d000-7f3c7c36c000 ---p 0001c000 08:01 137134                     /lib/x86_64-linux-gnu/libz.so.1.2.11
7f3c7c36c000-7f3c7c36d000 r--p 0001b000 08:01 137134                     /lib/x86_64-linux-gnu/libz.so.1.2.11
7f3c7c36d000-7f3c7c36e000 rw-p 0001c000 08:01 137134                     /lib/x86_64-linux-gnu/libz.so.1.2.11
7f3c7c36e000-7f3c7c395000 r-xp 00000000 08:01 136934                     /lib/x86_64-linux-gnu/ld-2.27.so
7f3c7c3ba000-7f3c7c473000 rw-p 00000000 00:00 0 
7f3c7c473000-7f3c7c47a000 ---p 00000000 00:00 0 
7f3c7c47a000-7f3c7c47e000 ---p 00000000 00:00 0 
7f3c7c47e000-7f3c7c57f000 rw-p 00000000 00:00 0 
7f3c7c585000-7f3c7c589000 r--p 00000000 08:01 1578954                    /home/kiit/.config/dconf/user
7f3c7c589000-7f3c7c58a000 r--s 00000000 00:2e 38                         /run/user/1000/dconf/user
7f3c7c58a000-7f3c7c592000 rw-s 00000000 08:01 790413                     /tmp/hsperfdata_kiit/2581
7f3c7c592000-7f3c7c593000 ---p 00000000 00:00 0 
7f3c7c593000-7f3c7c594000 r--p 00000000 00:00 0 
7f3c7c594000-7f3c7c595000 ---p 00000000 00:00 0 
7f3c7c595000-7f3c7c596000 r--p 00027000 08:01 136934                     /lib/x86_64-linux-gnu/ld-2.27.so
7f3c7c596000-7f3c7c597000 rw-p 00028000 08:01 136934                     /lib/x86_64-linux-gnu/ld-2.27.so
7f3c7c597000-7f3c7c598000 rw-p 00000000 00:00 0 
7ffe608da000-7ffe608fb000 rw-p 00000000 00:00 0                          [stack]
7ffe6094a000-7ffe6094d000 r--p 00000000 00:00 0                          [vvar]
7ffe6094d000-7ffe6094f000 r-xp 00000000 00:00 0                          [vdso]
ffffffffff600000-ffffffffff601000 r-xp 00000000 00:00 0                  [vsyscall]


VM Arguments:
jvm_args: -Djava.library.path=. 
java_command: Gui
java_class_path (initial): .
Launcher Type: SUN_STANDARD

[Global flags]
     intx CICompilerCount                          = 2                                         {product} {ergonomic}
   size_t InitialHeapSize                          = 65011712                                  {product} {ergonomic}
   size_t MaxHeapSize                              = 1035993088                                {product} {ergonomic}
   size_t MaxNewSize                               = 345309184                                 {product} {ergonomic}
   size_t MinHeapDeltaBytes                        = 196608                                    {product} {ergonomic}
   size_t NewSize                                  = 21626880                                  {product} {ergonomic}
    uintx NonNMethodCodeHeapSize                   = 5825164                                {pd product} {ergonomic}
    uintx NonProfiledCodeHeapSize                  = 122916538                              {pd product} {ergonomic}
   size_t OldSize                                  = 43384832                                  {product} {ergonomic}
    uintx ProfiledCodeHeapSize                     = 122916538                              {pd product} {ergonomic}
    uintx ReservedCodeCacheSize                    = 251658240                              {pd product} {ergonomic}
     bool SegmentedCodeCache                       = true                                      {product} {ergonomic}
     bool UseCompressedClassPointers               = true                                 {lp64_product} {ergonomic}
     bool UseCompressedOops                        = true                                 {lp64_product} {ergonomic}
     bool UseSerialGC                              = true                                      {product} {ergonomic}

Logging:
Log output configuration:
 #0: stdout all=warning uptime,level,tags
 #1: stderr all=off uptime,level,tags

Environment Variables:
JAVA_HOME=/usr/lib/jvm/jdk-12.0.1
PATH=/usr/local/sbin:/usr/local/bin:/usr/sbin:/usr/bin:/sbin:/bin:/usr/games:/usr/local/games:/snap/bin:/usr/lib/jvm/jdk-12.0.1/bin
USERNAME=kiit
SHELL=/bin/bash
DISPLAY=:0

Signal Handlers:
SIGSEGV: [libjvm.so+0xe45640], sa_mask[0]=11111111011111111101111111111110, sa_flags=SA_RESTART|SA_SIGINFO
SIGBUS: [libjvm.so+0xe45640], sa_mask[0]=11111111011111111101111111111110, sa_flags=SA_RESTART|SA_SIGINFO
SIGFPE: [libjvm.so+0xe45640], sa_mask[0]=11111111011111111101111111111110, sa_flags=SA_RESTART|SA_SIGINFO
SIGPIPE: SIG_IGN, sa_mask[0]=00000000000010000000000000000000, sa_flags=SA_RESTART
SIGXFSZ: [libjvm.so+0xbf4b50], sa_mask[0]=11111111011111111101111111111110, sa_flags=SA_RESTART|SA_SIGINFO
SIGILL: [libjvm.so+0xe45640], sa_mask[0]=11111111011111111101111111111110, sa_flags=SA_RESTART|SA_SIGINFO
SIGUSR2: [libjvm.so+0xbf49f0], sa_mask[0]=00000000000000000000000000000000, sa_flags=SA_RESTART|SA_SIGINFO
SIGHUP: [libjvm.so+0xbf4d50], sa_mask[0]=11111111011111111101111111111110, sa_flags=SA_RESTART|SA_SIGINFO
SIGINT: [libjvm.so+0xbf4d50], sa_mask[0]=11111111011111111101111111111110, sa_flags=SA_RESTART|SA_SIGINFO
SIGTERM: [libjvm.so+0xbf4d50], sa_mask[0]=11111111011111111101111111111110, sa_flags=SA_RESTART|SA_SIGINFO
SIGQUIT: [libjvm.so+0xbf4d50], sa_mask[0]=11111111011111111101111111111110, sa_flags=SA_RESTART|SA_SIGINFO


---------------  S Y S T E M  ---------------

OS:DISTRIB_ID=Ubuntu
DISTRIB_RELEASE=18.04
DISTRIB_CODENAME=bionic
DISTRIB_DESCRIPTION="Ubuntu 18.04.2 LTS"
uname:Linux 4.18.0-25-generic #26~18.04.1-Ubuntu SMP Thu Jun 27 07:28:31 UTC 2019 x86_64
libc:glibc 2.27 NPTL 2.27 
rlimit: STACK 8192k, CORE 0k, NPROC 15535, NOFILE 4096, AS infinity, DATA infinity, FSIZE infinity
load average:0.08 0.20 0.18

/proc/meminfo:
MemTotal:        4039508 kB
MemFree:         1782812 kB
MemAvailable:    2682504 kB
Buffers:          116644 kB
Cached:          1061412 kB
SwapCached:            0 kB
Active:          1299372 kB
Inactive:         713832 kB
Active(anon):     836084 kB
Inactive(anon):   132216 kB
Active(file):     463288 kB
Inactive(file):   581616 kB
Unevictable:          32 kB
Mlocked:              32 kB
SwapTotal:       1471128 kB
SwapFree:        1471128 kB
Dirty:               168 kB
Writeback:             0 kB
AnonPages:        835176 kB
Mapped:           370008 kB
Shmem:            133148 kB
Slab:             148480 kB
SReclaimable:     115224 kB
SUnreclaim:        33256 kB
KernelStack:        7104 kB
PageTables:        32508 kB
NFS_Unstable:          0 kB
Bounce:                0 kB
WritebackTmp:          0 kB
CommitLimit:     3490880 kB
Committed_AS:    3932652 kB
VmallocTotal:   34359738367 kB
VmallocUsed:           0 kB
VmallocChunk:          0 kB
HardwareCorrupted:     0 kB
AnonHugePages:         0 kB
ShmemHugePages:        0 kB
ShmemPmdMapped:        0 kB
CmaTotal:              0 kB
CmaFree:               0 kB
HugePages_Total:       0
HugePages_Free:        0
HugePages_Rsvd:        0
HugePages_Surp:        0
Hugepagesize:       2048 kB
Hugetlb:               0 kB
DirectMap4k:      122816 kB
DirectMap2M:     4071424 kB


/proc/sys/kernel/threads-max (system-wide limit on the number of threads):
31070


/proc/sys/vm/max_map_count (maximum number of memory map areas a process may have):
65530


/proc/sys/kernel/pid_max (system-wide limit on number of process identifiers):
32768



container (cgroup) information:
container_type: cgroupv1
cpu_cpuset_cpus: 0
cpu_memory_nodes: 0
active_processor_count: 1
cpu_quota: -1
cpu_period: 100000
cpu_shares: -1
memory_limit_in_bytes: -1
memory_and_swap_limit_in_bytes: -2
memory_soft_limit_in_bytes: -1
memory_usage_in_bytes: 2061463552
memory_max_usage_in_bytes: 0


CPU:total 1 (initial active 1) (1 cores per cpu, 1 threads per core) family 6 model 142 stepping 10, cmov, cx8, fxsr, mmx, sse, sse2, sse3, ssse3, sse4.1, sse4.2, popcnt, avx, avx2, aes, clmul, 3dnowpref, lzcnt, tsc, tscinvbit
CPU Model and flags from /proc/cpuinfo:
model name	: Intel(R) Core(TM) i5-8250U CPU @ 1.60GHz
flags		: fpu vme de pse tsc msr pae mce cx8 apic sep mtrr pge mca cmov pat pse36 clflush mmx fxsr sse sse2 ht syscall nx rdtscp lm constant_tsc rep_good nopl xtopology nonstop_tsc cpuid tsc_known_freq pni pclmulqdq monitor ssse3 cx16 pcid sse4_1 sse4_2 x2apic movbe popcnt aes xsave avx rdrand hypervisor lahf_lm abm 3dnowprefetch invpcid_single pti fsgsbase avx2 invpcid rdseed clflushopt md_clear flush_l1d

Memory: 4k page, physical 4039508k(1782812k free), swap 1471128k(1471128k free)

vm_info: Java HotSpot(TM) 64-Bit Server VM (12.0.1+12) for linux-amd64 JRE (12.0.1+12), built on Apr  1 2019 23:46:14 by "mach5one" with gcc 7.3.0

END.
