#
# A fatal error has been detected by the Java Runtime Environment:
#
#  SIGSEGV (0xb) at pc=0x00007fd090b956e2, pid=2887, tid=2905
#
# JRE version: Java(TM) SE Runtime Environment (12.0.1+12) (build 12.0.1+12)
# Java VM: Java HotSpot(TM) 64-Bit Server VM (12.0.1+12, mixed mode, sharing, tiered, compressed oops, serial gc, linux-amd64)
# Problematic frame:
# j  java.lang.String.valueOf(Ljava/lang/Object;)Ljava/lang/String;+10 java.base@12.0.1
#
# Core dump will be written. Default location: Core dumps may be processed with "/usr/share/apport/apport %p %s %c %d %P" (or dumping to /home/kiit/1905243/cnProject/CN-p2p-file-sharing/core.2887)
#
# If you would like to submit a bug report, please visit:
#   http://bugreport.java.com/bugreport/crash.jsp
#

---------------  S U M M A R Y ------------

Command Line: -Djava.library.path=. Gui

Host: Intel(R) Core(TM) i5-8250U CPU @ 1.60GHz, 1 cores, 3G, Ubuntu 18.04.2 LTS
Time: Sat Jan  1 21:03:41 2022 IST elapsed time: 9 seconds (0d 0h 0m 9s)

---------------  T H R E A D  ---------------

Current thread (0x00007fd08c00d800):  JavaThread "AWT-EventQueue-0" [_thread_in_Java, id=2905, stack(0x00007fd070017000,0x00007fd070118000)]

Stack: [0x00007fd070017000,0x00007fd070118000],  sp=0x00007fd070115780,  free space=1017k
Native frames: (J=compiled Java code, A=aot compiled Java code, j=interpreted, Vv=VM code, C=native code)
j  java.lang.String.valueOf(Ljava/lang/Object;)Ljava/lang/String;+10 java.base@12.0.1
j  java.io.PrintStream.print(Ljava/lang/String;)V+2 java.base@12.0.1
j  java.io.PrintStream.println(Ljava/lang/String;)V+6 java.base@12.0.1
j  Login.actionPerformed(Ljava/awt/event/ActionEvent;)V+48
j  javax.swing.AbstractButton.fireActionPerformed(Ljava/awt/event/ActionEvent;)V+83 java.desktop@12.0.1
j  javax.swing.AbstractButton$Handler.actionPerformed(Ljava/awt/event/ActionEvent;)V+5 java.desktop@12.0.1
j  javax.swing.DefaultButtonModel.fireActionPerformed(Ljava/awt/event/ActionEvent;)V+34 java.desktop@12.0.1
j  javax.swing.DefaultButtonModel.setPressed(Z)V+117 java.desktop@12.0.1
j  javax.swing.plaf.basic.BasicButtonListener.mouseReleased(Ljava/awt/event/MouseEvent;)V+35 java.desktop@12.0.1
j  java.awt.Component.processMouseEvent(Ljava/awt/event/MouseEvent;)V+64 java.desktop@12.0.1
j  javax.swing.JComponent.processMouseEvent(Ljava/awt/event/MouseEvent;)V+23 java.desktop@12.0.1
j  java.awt.Component.processEvent(Ljava/awt/AWTEvent;)V+81 java.desktop@12.0.1
j  java.awt.Container.processEvent(Ljava/awt/AWTEvent;)V+18 java.desktop@12.0.1
j  java.awt.Component.dispatchEventImpl(Ljava/awt/AWTEvent;)V+496 java.desktop@12.0.1
j  java.awt.Container.dispatchEventImpl(Ljava/awt/AWTEvent;)V+42 java.desktop@12.0.1
j  java.awt.Component.dispatchEvent(Ljava/awt/AWTEvent;)V+2 java.desktop@12.0.1
j  java.awt.LightweightDispatcher.retargetMouseEvent(Ljava/awt/Component;ILjava/awt/event/MouseEvent;)V+349 java.desktop@12.0.1
j  java.awt.LightweightDispatcher.processMouseEvent(Ljava/awt/event/MouseEvent;)Z+155 java.desktop@12.0.1
j  java.awt.LightweightDispatcher.dispatchEvent(Ljava/awt/AWTEvent;)Z+50 java.desktop@12.0.1
j  java.awt.Container.dispatchEventImpl(Ljava/awt/AWTEvent;)V+12 java.desktop@12.0.1
j  java.awt.Window.dispatchEventImpl(Ljava/awt/AWTEvent;)V+19 java.desktop@12.0.1
j  java.awt.Component.dispatchEvent(Ljava/awt/AWTEvent;)V+2 java.desktop@12.0.1
j  java.awt.EventQueue.dispatchEventImpl(Ljava/awt/AWTEvent;Ljava/lang/Object;)V+41 java.desktop@12.0.1
j  java.awt.EventQueue$4.run()Ljava/lang/Void;+32 java.desktop@12.0.1
j  java.awt.EventQueue$4.run()Ljava/lang/Object;+1 java.desktop@12.0.1
J 788 c1 java.security.AccessController.executePrivileged(Ljava/security/PrivilegedAction;Ljava/security/AccessControlContext;Ljava/lang/Class;)Ljava/lang/Object; java.base@12.0.1 (65 bytes) @ 0x00007fd0912514e4 [0x00007fd091251380+0x0000000000000164]
j  java.security.AccessController.doPrivileged(Ljava/security/PrivilegedAction;Ljava/security/AccessControlContext;)Ljava/lang/Object;+13 java.base@12.0.1
j  java.security.ProtectionDomain$JavaSecurityAccessImpl.doIntersectionPrivilege(Ljava/security/PrivilegedAction;Ljava/security/AccessControlContext;Ljava/security/AccessControlContext;)Ljava/lang/Object;+18 java.base@12.0.1
j  java.security.ProtectionDomain$JavaSecurityAccessImpl.doIntersectionPrivilege(Ljava/security/PrivilegedAction;Ljava/security/AccessControlContext;)Ljava/lang/Object;+6 java.base@12.0.1
j  java.awt.EventQueue$5.run()Ljava/lang/Void;+11 java.desktop@12.0.1
j  java.awt.EventQueue$5.run()Ljava/lang/Object;+1 java.desktop@12.0.1
J 788 c1 java.security.AccessController.executePrivileged(Ljava/security/PrivilegedAction;Ljava/security/AccessControlContext;Ljava/lang/Class;)Ljava/lang/Object; java.base@12.0.1 (65 bytes) @ 0x00007fd0912514e4 [0x00007fd091251380+0x0000000000000164]
j  java.security.AccessController.doPrivileged(Ljava/security/PrivilegedAction;Ljava/security/AccessControlContext;)Ljava/lang/Object;+13 java.base@12.0.1
j  java.security.ProtectionDomain$JavaSecurityAccessImpl.doIntersectionPrivilege(Ljava/security/PrivilegedAction;Ljava/security/AccessControlContext;Ljava/security/AccessControlContext;)Ljava/lang/Object;+18 java.base@12.0.1
j  java.awt.EventQueue.dispatchEvent(Ljava/awt/AWTEvent;)V+73 java.desktop@12.0.1
j  java.awt.EventDispatchThread.pumpOneEventForFilters(I)V+78 java.desktop@12.0.1
j  java.awt.EventDispatchThread.pumpEventsForFilter(ILjava/awt/Conditional;Ljava/awt/EventFilter;)V+35 java.desktop@12.0.1
j  java.awt.EventDispatchThread.pumpEventsForHierarchy(ILjava/awt/Conditional;Ljava/awt/Component;)V+11 java.desktop@12.0.1
j  java.awt.EventDispatchThread.pumpEvents(ILjava/awt/Conditional;)V+4 java.desktop@12.0.1
j  java.awt.EventDispatchThread.pumpEvents(Ljava/awt/Conditional;)V+3 java.desktop@12.0.1
j  java.awt.EventDispatchThread.run()V+9 java.desktop@12.0.1
v  ~StubRoutines::call_stub
V  [libjvm.so+0x86fc39]  JavaCalls::call_helper(JavaValue*, methodHandle const&, JavaCallArguments*, Thread*)+0x3c9
V  [libjvm.so+0x86dbcd]  JavaCalls::call_virtual(JavaValue*, Handle, Klass*, Symbol*, Symbol*, Thread*)+0x1ed
V  [libjvm.so+0x91ae9c]  thread_entry(JavaThread*, Thread*)+0x6c
V  [libjvm.so+0xdd533f]  JavaThread::thread_main_inner()+0x22f
V  [libjvm.so+0xdd21bf]  Thread::call_run()+0x16f
V  [libjvm.so+0xbfe94e]  thread_native_entry(Thread*)+0xee


siginfo: si_signo: 11 (SIGSEGV), si_code: 1 (SEGV_MAPERR), si_addr: 0x00000000676f4c08

Register to memory mapping:

RAX=0x0 is NULL
RBX=0x0000000000000002 is an unknown value
RCX=0x00000000676f4c00 is an unknown value
RDX=0x0000000080000001 is an unknown value
RSP=0x00007fd070115780 is pointing into the stack for thread: 0x00007fd08c00d800
RBP=0x00007fd0701157d8 is pointing into the stack for thread: 0x00007fd08c00d800
RSI=0x00007fd070115860 is pointing into the stack for thread: 0x00007fd08c00d800
RDI=0x00007fd08c00e1f0 points into unknown readable memory: 03 00 00 00 1e 00 00 00
R8 ={method} {0x0000000800339428} 'println' '(Ljava/lang/String;)V' in 'java/io/PrintStream'
R9 =0x0000000000000004 is an unknown value
R10=0x00007fd0af4c6d80: <offset 0x00000000014ced80> in /usr/lib/jvm/jdk-12.0.1/lib/server/libjvm.so at 0x00007fd0adff8000
R11=0x00007fd0a800c9e0 points into unknown readable memory: 00 00 00 00 00 00 00 00
R12=0x0 is NULL
R13=0x00000008009cd0ba is pointing into metadata
R14=0x00007fd0701157e8 is pointing into the stack for thread: 0x00007fd08c00d800
R15=0x00007fd08c00d800 is a thread


Registers:
RAX=0x0000000000000000, RBX=0x0000000000000002, RCX=0x00000000676f4c00, RDX=0x0000000080000001
RSP=0x00007fd070115780, RBP=0x00007fd0701157d8, RSI=0x00007fd070115860, RDI=0x00007fd08c00e1f0
R8 =0x0000000800339428, R9 =0x0000000000000004, R10=0x00007fd0af4c6d80, R11=0x00007fd0a800c9e0
R12=0x0000000000000000, R13=0x00000008009cd0ba, R14=0x00007fd0701157e8, R15=0x00007fd08c00d800
RIP=0x00007fd090b956e2, EFLAGS=0x0000000000010246, CSGSFS=0x002b000000000033, ERR=0x0000000000000004
  TRAPNO=0x000000000000000e

Top of Stack: (sp=0x00007fd070115780)
0x00007fd070115780:   00007fd090b81a00 00000000676f4c00
0x00007fd070115790:   00007fd070115790 00000008009cd0ba
0x00007fd0701157a0:   00007fd0701157e8 0000000800359a88
0x00007fd0701157b0:   00007fd09047cda8 00000000c2400b30 

Instructions: (pc=0x00007fd090b956e2)
0x00007fd090b956c2:   10 4c 8b 68 d8 41 83 ed 04 41 c1 e5 03 49 03 c5
0x00007fd090b956d2:   48 89 45 d8 4c 8d 6c 24 08 4c 89 6d f0 ff 63 48
0x00007fd090b956e2:   8b 41 08 48 c1 e0 03 49 bc 00 00 00 00 08 00 00
0x00007fd090b956f2:   00 49 03 c4 4d 33 e4 4c 8b 75 d8 4d 85 f6 0f 84 

Stack slot to memory mapping:
stack at sp + 0 slots: 0x00007fd090b81a00 is at code_begin+1664 in an Interpreter codelet
invoke return entry points  [0x00007fd090b81380, 0x00007fd090b81da0]  2592 bytes
stack at sp + 1 slots: 0x00000000676f4c00 is an unknown value
stack at sp + 2 slots: 0x00007fd070115790 is pointing into the stack for thread: 0x00007fd08c00d800
stack at sp + 3 slots: 0x00000008009cd0ba is pointing into metadata
stack at sp + 4 slots: 0x00007fd0701157e8 is pointing into the stack for thread: 0x00007fd08c00d800
stack at sp + 5 slots: 0x0000000800359a88 is pointing into metadata
stack at sp + 6 slots: 0x00007fd09047cda8 is pointing into metadata
stack at sp + 7 slots: 0x00000000c2400b30 points into unknown readable memory: 01 41 3a 2b 45 00 00 00

invokevirtual  182 invokevirtual  [0x00007fd090b95400, 0x00007fd090b95920]  1312 bytes

---------------  P R O C E S S  ---------------

Threads class SMR info:
_java_thread_list=0x0000000001370720, length=14, elements={
0x00007fd0a8059800, 0x00007fd0a805b800, 0x00007fd0a8062000, 0x00007fd0a8064000,
0x00007fd0a8066000, 0x00007fd0a8068000, 0x00007fd0a80ab000, 0x00007fd0a80b4800,
0x00007fd0a81ee000, 0x00007fd0a8214800, 0x00007fd0a82b6800, 0x00007fd08c00d800,
0x00007fd0a8011000, 0x000000000136f000
}

Java Threads: ( => current thread )
  0x00007fd0a8059800 JavaThread "Reference Handler" daemon [_thread_blocked, id=2890, stack(0x00007fd0ac1c4000,0x00007fd0ac2c5000)]
  0x00007fd0a805b800 JavaThread "Finalizer" daemon [_thread_blocked, id=2891, stack(0x00007fd0ac0c3000,0x00007fd0ac1c4000)]
  0x00007fd0a8062000 JavaThread "Signal Dispatcher" daemon [_thread_blocked, id=2892, stack(0x00007fd090277000,0x00007fd090378000)]
  0x00007fd0a8064000 JavaThread "C2 CompilerThread0" daemon [_thread_blocked, id=2893, stack(0x00007fd090176000,0x00007fd090277000)]
  0x00007fd0a8066000 JavaThread "C1 CompilerThread0" daemon [_thread_blocked, id=2894, stack(0x00007fd090075000,0x00007fd090176000)]
  0x00007fd0a8068000 JavaThread "Sweeper thread" daemon [_thread_blocked, id=2895, stack(0x00007fd083530000,0x00007fd083631000)]
  0x00007fd0a80ab000 JavaThread "Service Thread" daemon [_thread_blocked, id=2896, stack(0x00007fd08342f000,0x00007fd083530000)]
  0x00007fd0a80b4800 JavaThread "Common-Cleaner" daemon [_thread_blocked, id=2898, stack(0x00007fd08322c000,0x00007fd08332d000)]
  0x00007fd0a81ee000 JavaThread "Java2D Disposer" daemon [_thread_blocked, id=2902, stack(0x00007fd080071000,0x00007fd080172000)]
  0x00007fd0a8214800 JavaThread "AWT-XAWT" daemon [_thread_in_native, id=2903, stack(0x00007fd072c84000,0x00007fd072d85000)]
  0x00007fd0a82b6800 JavaThread "AWT-Shutdown" [_thread_blocked, id=2904, stack(0x00007fd072b83000,0x00007fd072c84000)]
=>0x00007fd08c00d800 JavaThread "AWT-EventQueue-0" [_thread_in_Java, id=2905, stack(0x00007fd070017000,0x00007fd070118000)]
  0x00007fd0a8011000 JavaThread "DestroyJavaVM" [_thread_blocked, id=2888, stack(0x00007fd0b0227000,0x00007fd0b0328000)]
  0x000000000136f000 JavaThread "TimerQueue" daemon [_thread_blocked, id=2906, stack(0x00007fd06baf9000,0x00007fd06bbfa000)]

Other Threads:
  0x00007fd0a8056800 VMThread "VM Thread" [stack: 0x00007fd0ac2c7000,0x00007fd0ac3c7000] [id=2889]
  0x00007fd0a80b1800 WatcherThread [stack: 0x00007fd08332f000,0x00007fd08342f000] [id=2897]

Threads with active compile tasks:

VM state:not at safepoint (normal execution)

VM Mutex/Monitor currently owned by a thread: None

Heap address: 0x00000000c2400000, size: 988 MB, Compressed Oops mode: 32-bit
Narrow klass base: 0x0000000800000000, Narrow klass shift: 3
Compressed class space size: 1073741824 Address: 0x0000000801129000

Heap:
 def new generation   total 19008K, used 8793K [0x00000000c2400000, 0x00000000c38a0000, 0x00000000d6d50000)
  eden space 16896K,  52% used [0x00000000c2400000, 0x00000000c2c967f0, 0x00000000c3480000)
  from space 2112K,   0% used [0x00000000c3480000, 0x00000000c3480000, 0x00000000c3690000)
  to   space 2112K,   0% used [0x00000000c3690000, 0x00000000c3690000, 0x00000000c38a0000)
 tenured generation   total 42368K, used 0K [0x00000000d6d50000, 0x00000000d96b0000, 0x0000000100000000)
   the space 42368K,   0% used [0x00000000d6d50000, 0x00000000d6d50000, 0x00000000d6d50200, 0x00000000d96b0000)
 Metaspace       used 9760K, capacity 10150K, committed 10368K, reserved 1058816K
  class space    used 1098K, capacity 1289K, committed 1408K, reserved 1048576K

Card table byte_map: [0x00007fd0ac5ed000,0x00007fd0ac7dc000] _byte_map_base: 0x00007fd0abfdb000

Polling page: 0x00007fd0b033f000

Metaspace:

Usage:
  Non-class:      8.65 MB capacity,     8.46 MB ( 98%) used,   166.63 KB (  2%) free+waste,    33.12 KB ( <1%) overhead. 
      Class:      1.26 MB capacity,     1.07 MB ( 85%) used,   170.52 KB ( 13%) free+waste,    19.50 KB (  2%) overhead. 
       Both:      9.91 MB capacity,     9.53 MB ( 96%) used,   337.15 KB (  3%) free+waste,    52.62 KB ( <1%) overhead. 

Virtual space:
  Non-class space:       10.00 MB reserved,       8.75 MB ( 88%) committed 
      Class space:        1.00 GB reserved,       1.38 MB ( <1%) committed 
             Both:        1.01 GB reserved,      10.12 MB ( <1%) committed 

Chunk freelists:
   Non-Class:  7.38 KB
       Class:  2.38 KB
        Both:  9.75 KB

CodeHeap 'non-profiled nmethods': size=120036Kb used=282Kb max_used=282Kb free=119753Kb
 bounds [0x00007fd09863f000, 0x00007fd0988af000, 0x00007fd09fb78000]
CodeHeap 'profiled nmethods': size=120032Kb used=1506Kb max_used=1506Kb free=118525Kb
 bounds [0x00007fd091107000, 0x00007fd091377000, 0x00007fd09863f000]
CodeHeap 'non-nmethods': size=5692Kb used=1250Kb max_used=1266Kb free=4441Kb
 bounds [0x00007fd090b78000, 0x00007fd090de8000, 0x00007fd091107000]
 total_blobs=1664 nmethods=918 adapters=560
 compilation: enabled
              stopped_count=0, restarted_count=0
 full_count=0

Compilation events (10 events):
Event: 9.270 Thread 0x00007fd0a8066000  916       3       java.awt.GraphicsEnvironment::getHeadlessProperty (22 bytes)
Event: 9.271 Thread 0x00007fd0a8066000 nmethod 916 0x00007fd09127b590 code [0x00007fd09127b7c0, 0x00007fd09127be38]
Event: 9.287 Thread 0x00007fd0a8066000  917       3       java.lang.invoke.MethodHandles::argumentsWithCombinerChecks (189 bytes)
Event: 9.300 Thread 0x00007fd0a8066000 nmethod 917 0x00007fd09127c090 code [0x00007fd09127c520, 0x00007fd09127e358]
Event: 9.300 Thread 0x00007fd0a8066000  918       3       java.awt.geom.AffineTransform::getScaleInstance (19 bytes)
Event: 9.301 Thread 0x00007fd0a8066000 nmethod 918 0x00007fd09127ef90 code [0x00007fd09127f160, 0x00007fd09127f448]
Event: 9.301 Thread 0x00007fd0a8066000  919       3       java.awt.geom.AffineTransform::setToScale (66 bytes)
Event: 9.301 Thread 0x00007fd0a8066000 nmethod 919 0x00007fd09127f590 code [0x00007fd09127f780, 0x00007fd09127fa30]
Event: 9.301 Thread 0x00007fd0a8066000  920       1       java.awt.AlphaComposite::getRule (5 bytes)
Event: 9.301 Thread 0x00007fd0a8066000 nmethod 920 0x00007fd098685510 code [0x00007fd0986856c0, 0x00007fd0986857f0]

GC Heap History (0 events):
No events

Deoptimization events (5 events):
Event: 0.389 Thread 0x00007fd0a8011000 Uncommon trap: reason=unstable_if action=reinterpret pc=0x00007fd098643be0 method=java.lang.String.hashCode()I @ 14 c2
Event: 6.483 Thread 0x00007fd08c00d800 Uncommon trap: reason=class_check action=maybe_recompile pc=0x00007fd098657368 method=java.lang.String.equals(Ljava/lang/Object;)Z @ 8 c2
Event: 6.483 Thread 0x00007fd08c00d800 Uncommon trap: reason=class_check action=maybe_recompile pc=0x00007fd098657368 method=java.lang.String.equals(Ljava/lang/Object;)Z @ 8 c2
Event: 8.496 Thread 0x00007fd08c00d800 Uncommon trap: reason=class_check action=maybe_recompile pc=0x00007fd098657368 method=java.lang.String.equals(Ljava/lang/Object;)Z @ 8 c2
Event: 8.496 Thread 0x00007fd08c00d800 Uncommon trap: reason=class_check action=maybe_recompile pc=0x00007fd098657368 method=java.lang.String.equals(Ljava/lang/Object;)Z @ 8 c2

Classes redefined (0 events):
No events

Internal exceptions (10 events):
Event: 3.091 Thread 0x00007fd0a8011000 Exception <a 'java/lang/NoSuchMethodError'{0x00000000c29dea78}: java.lang.invoke.DirectMethodHandle$Holder.invokeStatic(Ljava/lang/Object;Ljava/lang/Object;Ljava/lang/Object;Ljava/lang/Object;Ljava/lang/Object;Ljava/lang/Object;Ljava/lang/Object;Ljava/lan
Event: 3.110 Thread 0x00007fd0a8011000 Exception <a 'java/lang/NoSuchMethodError'{0x00000000c29eb008}: java.lang.invoke.DirectMethodHandle$Holder.invokeSpecial(Ljava/lang/Object;Ljava/lang/Object;JLjava/lang/Object;Ljava/lang/Object;Ljava/lang/Object;Ljava/lang/Object;Ljava/lang/Object;)Ljava/
Event: 3.110 Thread 0x00007fd0a8011000 Exception <a 'java/lang/NoSuchMethodError'{0x00000000c29ee688}: java.lang.invoke.DelegatingMethodHandle$Holder.reinvoke_L(Ljava/lang/Object;JLjava/lang/Object;Ljava/lang/Object;Ljava/lang/Object;Ljava/lang/Object;Ljava/lang/Object;)Ljava/lang/Object;> (0x
Event: 3.121 Thread 0x00007fd0a8011000 Exception <a 'java/lang/NoSuchMethodError'{0x00000000c2a02fb0}: java.lang.invoke.DirectMethodHandle$Holder.invokeStatic(Ljava/lang/Object;Ljava/lang/Object;Ljava/lang/Object;Ljava/lang/Object;Ljava/lang/Object;J)Ljava/lang/Object;> (0x00000000c2a02fb0) th
Event: 3.154 Thread 0x00007fd0a8011000 Exception <a 'java/lang/NoSuchMethodError'{0x00000000c2a20378}: java.lang.invoke.Invokers$Holder.linkToTargetMethod(Ljava/lang/Object;Ljava/lang/Object;Ljava/lang/Object;Ljava/lang/Object;Ljava/lang/Object;Ljava/lang/Object;)Ljava/lang/Object;> (0x0000000
Event: 3.193 Thread 0x00007fd0a8011000 Exception <a 'java/lang/NoSuchMethodError'{0x00000000c2a58578}: java.lang.invoke.DirectMethodHandle$Holder.invokeSpecial(Ljava/lang/Object;Ljava/lang/Object;JLjava/lang/Object;Ljava/lang/Object;Ljava/lang/Object;Ljava/lang/Object;)Ljava/lang/Object;> (0x0
Event: 3.194 Thread 0x00007fd0a8011000 Exception <a 'java/lang/NoSuchMethodError'{0x00000000c2a5b9b0}: java.lang.invoke.DelegatingMethodHandle$Holder.reinvoke_L(Ljava/lang/Object;JLjava/lang/Object;Ljava/lang/Object;Ljava/lang/Object;Ljava/lang/Object;)Ljava/lang/Object;> (0x00000000c2a5b9b0) 
Event: 3.213 Thread 0x00007fd0a8011000 Exception <a 'java/lang/NoSuchMethodError'{0x00000000c2a73158}: java.lang.invoke.DirectMethodHandle$Holder.invokeStatic(Ljava/lang/Object;Ljava/lang/Object;Ljava/lang/Object;Ljava/lang/Object;Ljava/lang/Object;Ljava/lang/Object;J)Ljava/lang/Object;> (0x00
Event: 3.233 Thread 0x00007fd0a8011000 Exception <a 'java/lang/NoSuchMethodError'{0x00000000c2a89ae8}: java.lang.invoke.DirectMethodHandle$Holder.invokeStatic(Ljava/lang/Object;Ljava/lang/Object;Ljava/lang/Object;Ljava/lang/Object;Ljava/lang/Object;Ljava/lang/Object;JLjava/lang/Object;)Ljava/l
Event: 4.400 Thread 0x00007fd08c00d800 Exception <a 'java/lang/UnsupportedOperationException'{0x00000000c2bbcb70}: > (0x00000000c2bbcb70) thrown at [/scratch/opt/mach5/mesos/work_dir/slaves/2dd962d0-8988-479b-a804-57ab764ada59-S77524/frameworks/1735e8a2-a1db-478c-8104-60c8b0af87dd-0196/executo

Events (10 events):
Event: 7.681 loading class javax/swing/Autoscroller
Event: 7.681 loading class javax/swing/Autoscroller done
Event: 8.496 Thread 0x00007fd08c00d800 Uncommon trap: trap_request=0xffffffde fr.pc=0x00007fd098657368 relative=0x00000000000001c8
Event: 8.496 Thread 0x00007fd08c00d800 DEOPT PACKING pc=0x00007fd098657368 sp=0x00007fd070115660
Event: 8.496 Thread 0x00007fd08c00d800 DEOPT UNPACKING pc=0x00007fd090ba0825 sp=0x00007fd070115628 mode 2
Event: 8.496 Thread 0x00007fd08c00d800 Uncommon trap: trap_request=0xffffffde fr.pc=0x00007fd098657368 relative=0x00000000000001c8
Event: 8.496 Thread 0x00007fd08c00d800 DEOPT PACKING pc=0x00007fd098657368 sp=0x00007fd070115660
Event: 8.497 Thread 0x00007fd08c00d800 DEOPT UNPACKING pc=0x00007fd090ba0825 sp=0x00007fd070115628 mode 2
Event: 8.497 Executing VM operation: RevokeBias
Event: 8.497 Executing VM operation: RevokeBias done


Dynamic libraries:
00400000-00401000 r-xp 00000000 08:01 937687                             /usr/lib/jvm/jdk-12.0.1/bin/java
00600000-00601000 r--p 00000000 08:01 937687                             /usr/lib/jvm/jdk-12.0.1/bin/java
00601000-00602000 rw-p 00001000 08:01 937687                             /usr/lib/jvm/jdk-12.0.1/bin/java
01343000-01385000 rw-p 00000000 00:00 0                                  [heap]
c2400000-c38a0000 rw-p 00000000 00:00 0 
c38a0000-d6d50000 ---p 00000000 00:00 0 
d6d50000-d96b0000 rw-p 00000000 00:00 0 
d96b0000-100000000 ---p 00000000 00:00 0 
800000000-800003000 rwxp 00001000 08:01 937604                           /usr/lib/jvm/jdk-12.0.1/lib/server/classes.jsa
800003000-8003d9000 rw-p 00004000 08:01 937604                           /usr/lib/jvm/jdk-12.0.1/lib/server/classes.jsa
8003d9000-800ae3000 r--p 003da000 08:01 937604                           /usr/lib/jvm/jdk-12.0.1/lib/server/classes.jsa
800ae3000-800ae4000 rw-p 00ae4000 08:01 937604                           /usr/lib/jvm/jdk-12.0.1/lib/server/classes.jsa
800ae4000-801129000 r--p 00ae5000 08:01 937604                           /usr/lib/jvm/jdk-12.0.1/lib/server/classes.jsa
801129000-801289000 rw-p 00000000 00:00 0 
801289000-841129000 ---p 00000000 00:00 0 
7fd06b76d000-7fd06baf9000 rw-p 00000000 00:00 0 
7fd06baf9000-7fd06bafd000 ---p 00000000 00:00 0 
7fd06bafd000-7fd06bcba000 rw-p 00000000 00:00 0 
7fd06bcba000-7fd06bdfa000 ---p 00000000 00:00 0 
7fd06bdfa000-7fd06bdff000 r-xp 00000000 08:01 1845464                    /usr/lib/x86_64-linux-gnu/libXfixes.so.3.1.0
7fd06bdff000-7fd06bffe000 ---p 00005000 08:01 1845464                    /usr/lib/x86_64-linux-gnu/libXfixes.so.3.1.0
7fd06bffe000-7fd06bfff000 r--p 00004000 08:01 1845464                    /usr/lib/x86_64-linux-gnu/libXfixes.so.3.1.0
7fd06bfff000-7fd06c000000 rw-p 00005000 08:01 1845464                    /usr/lib/x86_64-linux-gnu/libXfixes.so.3.1.0
7fd06c000000-7fd06c021000 rw-p 00000000 00:00 0 
7fd06c021000-7fd070000000 ---p 00000000 00:00 0 
7fd070017000-7fd07001b000 ---p 00000000 00:00 0 
7fd07001b000-7fd070118000 rw-p 00000000 00:00 0 
7fd070118000-7fd070121000 r-xp 00000000 08:01 1845456                    /usr/lib/x86_64-linux-gnu/libXcursor.so.1.0.2
7fd070121000-7fd070320000 ---p 00009000 08:01 1845456                    /usr/lib/x86_64-linux-gnu/libXcursor.so.1.0.2
7fd070320000-7fd070321000 r--p 00008000 08:01 1845456                    /usr/lib/x86_64-linux-gnu/libXcursor.so.1.0.2
7fd070321000-7fd070322000 rw-p 00009000 08:01 1845456                    /usr/lib/x86_64-linux-gnu/libXcursor.so.1.0.2
7fd070322000-7fd070323000 ---p 00000000 00:00 0 
7fd070323000-7fd070b23000 rw-p 00000000 00:00 0 
7fd070b23000-7fd070b54000 r-xp 00000000 08:01 397877                     /usr/lib/x86_64-linux-gnu/gio/modules/libgvfsdbus.so
7fd070b54000-7fd070d54000 ---p 00031000 08:01 397877                     /usr/lib/x86_64-linux-gnu/gio/modules/libgvfsdbus.so
7fd070d54000-7fd070d56000 r--p 00031000 08:01 397877                     /usr/lib/x86_64-linux-gnu/gio/modules/libgvfsdbus.so
7fd070d56000-7fd070d57000 rw-p 00033000 08:01 397877                     /usr/lib/x86_64-linux-gnu/gio/modules/libgvfsdbus.so
7fd070d57000-7fd070d63000 r-xp 00000000 08:01 397872                     /usr/lib/x86_64-linux-gnu/gio/modules/libdconfsettings.so
7fd070d63000-7fd070f62000 ---p 0000c000 08:01 397872                     /usr/lib/x86_64-linux-gnu/gio/modules/libdconfsettings.so
7fd070f62000-7fd070f63000 r--p 0000b000 08:01 397872                     /usr/lib/x86_64-linux-gnu/gio/modules/libdconfsettings.so
7fd070f63000-7fd070f64000 rw-p 0000c000 08:01 397872                     /usr/lib/x86_64-linux-gnu/gio/modules/libdconfsettings.so
7fd070f64000-7fd070f65000 ---p 00000000 00:00 0 
7fd070f65000-7fd071765000 rw-p 00000000 00:00 0 
7fd071765000-7fd071766000 ---p 00000000 00:00 0 
7fd071766000-7fd071f66000 rw-p 00000000 00:00 0 
7fd071f66000-7fd071f9c000 r-xp 00000000 08:01 398181                     /usr/lib/x86_64-linux-gnu/gvfs/libgvfscommon.so
7fd071f9c000-7fd07219c000 ---p 00036000 08:01 398181                     /usr/lib/x86_64-linux-gnu/gvfs/libgvfscommon.so
7fd07219c000-7fd0721a2000 r--p 00036000 08:01 398181                     /usr/lib/x86_64-linux-gnu/gvfs/libgvfscommon.so
7fd0721a2000-7fd0721a3000 rw-p 0003c000 08:01 398181                     /usr/lib/x86_64-linux-gnu/gvfs/libgvfscommon.so
7fd0721a3000-7fd0721bd000 r-xp 00000000 08:01 397876                     /usr/lib/x86_64-linux-gnu/gio/modules/libgioremote-volume-monitor.so
7fd0721bd000-7fd0723bc000 ---p 0001a000 08:01 397876                     /usr/lib/x86_64-linux-gnu/gio/modules/libgioremote-volume-monitor.so
7fd0723bc000-7fd0723bf000 r--p 00019000 08:01 397876                     /usr/lib/x86_64-linux-gnu/gio/modules/libgioremote-volume-monitor.so
7fd0723bf000-7fd0723c0000 rw-p 0001c000 08:01 397876                     /usr/lib/x86_64-linux-gnu/gio/modules/libgioremote-volume-monitor.so
7fd0723c0000-7fd0723d7000 r-xp 00000000 08:01 136771                     /lib/x86_64-linux-gnu/libgcc_s.so.1
7fd0723d7000-7fd0725d6000 ---p 00017000 08:01 136771                     /lib/x86_64-linux-gnu/libgcc_s.so.1
7fd0725d6000-7fd0725d7000 r--p 00016000 08:01 136771                     /lib/x86_64-linux-gnu/libgcc_s.so.1
7fd0725d7000-7fd0725d8000 rw-p 00017000 08:01 136771                     /lib/x86_64-linux-gnu/libgcc_s.so.1
7fd0725d8000-7fd072751000 r-xp 00000000 08:01 1845922                    /usr/lib/x86_64-linux-gnu/libstdc++.so.6.0.25
7fd072751000-7fd072951000 ---p 00179000 08:01 1845922                    /usr/lib/x86_64-linux-gnu/libstdc++.so.6.0.25
7fd072951000-7fd07295b000 r--p 00179000 08:01 1845922                    /usr/lib/x86_64-linux-gnu/libstdc++.so.6.0.25
7fd07295b000-7fd07295d000 rw-p 00183000 08:01 1845922                    /usr/lib/x86_64-linux-gnu/libstdc++.so.6.0.25
7fd07295d000-7fd072961000 rw-p 00000000 00:00 0 
7fd072961000-7fd07297f000 r-xp 00000000 08:01 1846335                    /usr/lib/x86_64-linux-gnu/libproxy.so.1.0.0
7fd07297f000-7fd072b7f000 ---p 0001e000 08:01 1846335                    /usr/lib/x86_64-linux-gnu/libproxy.so.1.0.0
7fd072b7f000-7fd072b80000 r--p 0001e000 08:01 1846335                    /usr/lib/x86_64-linux-gnu/libproxy.so.1.0.0
7fd072b80000-7fd072b81000 rw-p 0001f000 08:01 1846335                    /usr/lib/x86_64-linux-gnu/libproxy.so.1.0.0
7fd072b83000-7fd072b87000 ---p 00000000 00:00 0 
7fd072b87000-7fd072c84000 rw-p 00000000 00:00 0 
7fd072c84000-7fd072c88000 ---p 00000000 00:00 0 
7fd072c88000-7fd072d85000 rw-p 00000000 00:00 0 
7fd072d85000-7fd072d8b000 r-xp 00000000 08:01 137130                     /lib/x86_64-linux-gnu/libuuid.so.1.3.0
7fd072d8b000-7fd072f8a000 ---p 00006000 08:01 137130                     /lib/x86_64-linux-gnu/libuuid.so.1.3.0
7fd072f8a000-7fd072f8b000 r--p 00005000 08:01 137130                     /lib/x86_64-linux-gnu/libuuid.so.1.3.0
7fd072f8b000-7fd072f8c000 rw-p 00006000 08:01 137130                     /lib/x86_64-linux-gnu/libuuid.so.1.3.0
7fd072f8c000-7fd072fd3000 r-xp 00000000 08:01 136954                     /lib/x86_64-linux-gnu/libblkid.so.1.1.0
7fd072fd3000-7fd0731d3000 ---p 00047000 08:01 136954                     /lib/x86_64-linux-gnu/libblkid.so.1.1.0
7fd0731d3000-7fd0731d7000 r--p 00047000 08:01 136954                     /lib/x86_64-linux-gnu/libblkid.so.1.1.0
7fd0731d7000-7fd0731d8000 rw-p 0004b000 08:01 136954                     /lib/x86_64-linux-gnu/libblkid.so.1.1.0
7fd0731d8000-7fd0731d9000 rw-p 00000000 00:00 0 
7fd0731d9000-7fd073249000 r-xp 00000000 08:01 137084                     /lib/x86_64-linux-gnu/libpcre.so.3.13.3
7fd073249000-7fd073449000 ---p 00070000 08:01 137084                     /lib/x86_64-linux-gnu/libpcre.so.3.13.3
7fd073449000-7fd07344a000 r--p 00070000 08:01 137084                     /lib/x86_64-linux-gnu/libpcre.so.3.13.3
7fd07344a000-7fd07344b000 rw-p 00071000 08:01 137084                     /lib/x86_64-linux-gnu/libpcre.so.3.13.3
7fd07344b000-7fd073452000 r-xp 00000000 08:01 1845797                    /usr/lib/x86_64-linux-gnu/libffi.so.6.0.4
7fd073452000-7fd073651000 ---p 00007000 08:01 1845797                    /usr/lib/x86_64-linux-gnu/libffi.so.6.0.4
7fd073651000-7fd073652000 r--p 00006000 08:01 1845797                    /usr/lib/x86_64-linux-gnu/libffi.so.6.0.4
7fd073652000-7fd073653000 rw-p 00007000 08:01 1845797                    /usr/lib/x86_64-linux-gnu/libffi.so.6.0.4
7fd073653000-7fd0736a4000 r-xp 00000000 08:01 137031                     /lib/x86_64-linux-gnu/libmount.so.1.1.0
7fd0736a4000-7fd0738a3000 ---p 00051000 08:01 137031                     /lib/x86_64-linux-gnu/libmount.so.1.1.0
7fd0738a3000-7fd0738a5000 r--p 00050000 08:01 137031                     /lib/x86_64-linux-gnu/libmount.so.1.1.0
7fd0738a5000-7fd0738a6000 rw-p 00052000 08:01 137031                     /lib/x86_64-linux-gnu/libmount.so.1.1.0
7fd0738a6000-7fd0738a7000 rw-p 00000000 00:00 0 
7fd0738a7000-7fd0738be000 r-xp 00000000 08:01 137101                     /lib/x86_64-linux-gnu/libresolv-2.27.so
7fd0738be000-7fd073abe000 ---p 00017000 08:01 137101                     /lib/x86_64-linux-gnu/libresolv-2.27.so
7fd073abe000-7fd073abf000 r--p 00017000 08:01 137101                     /lib/x86_64-linux-gnu/libresolv-2.27.so
7fd073abf000-7fd073ac0000 rw-p 00018000 08:01 137101                     /lib/x86_64-linux-gnu/libresolv-2.27.so
7fd073ac0000-7fd073ac2000 rw-p 00000000 00:00 0 
7fd073ac2000-7fd073ae7000 r-xp 00000000 08:01 137107                     /lib/x86_64-linux-gnu/libselinux.so.1
7fd073ae7000-7fd073ce6000 ---p 00025000 08:01 137107                     /lib/x86_64-linux-gnu/libselinux.so.1
7fd073ce6000-7fd073ce7000 r--p 00024000 08:01 137107                     /lib/x86_64-linux-gnu/libselinux.so.1
7fd073ce7000-7fd073ce8000 rw-p 00025000 08:01 137107                     /lib/x86_64-linux-gnu/libselinux.so.1
7fd073ce8000-7fd073cea000 rw-p 00000000 00:00 0 
7fd073cea000-7fd073dfd000 r-xp 00000000 08:01 1845891                    /usr/lib/x86_64-linux-gnu/libglib-2.0.so.0.5600.3
7fd073dfd000-7fd073ffd000 ---p 00113000 08:01 1845891                    /usr/lib/x86_64-linux-gnu/libglib-2.0.so.0.5600.3
7fd073ffd000-7fd073ffe000 r--p 00113000 08:01 1845891                    /usr/lib/x86_64-linux-gnu/libglib-2.0.so.0.5600.3
7fd073ffe000-7fd073fff000 rw-p 00114000 08:01 1845891                    /usr/lib/x86_64-linux-gnu/libglib-2.0.so.0.5600.3
7fd073fff000-7fd074000000 rw-p 00000000 00:00 0 
7fd074000000-7fd07448f000 rw-p 00000000 00:00 0 
7fd07448f000-7fd078000000 ---p 00000000 00:00 0 
7fd078000000-7fd078552000 rw-p 00000000 00:00 0 
7fd078552000-7fd07c000000 ---p 00000000 00:00 0 
7fd07c000000-7fd07c021000 rw-p 00000000 00:00 0 
7fd07c021000-7fd080000000 ---p 00000000 00:00 0 
7fd080071000-7fd080075000 ---p 00000000 00:00 0 
7fd080075000-7fd080172000 rw-p 00000000 00:00 0 
7fd080172000-7fd080175000 r-xp 00000000 08:01 1845895                    /usr/lib/x86_64-linux-gnu/libgmodule-2.0.so.0.5600.3
7fd080175000-7fd080374000 ---p 00003000 08:01 1845895                    /usr/lib/x86_64-linux-gnu/libgmodule-2.0.so.0.5600.3
7fd080374000-7fd080375000 r--p 00002000 08:01 1845895                    /usr/lib/x86_64-linux-gnu/libgmodule-2.0.so.0.5600.3
7fd080375000-7fd080376000 rw-p 00003000 08:01 1845895                    /usr/lib/x86_64-linux-gnu/libgmodule-2.0.so.0.5600.3
7fd080376000-7fd0803c8000 r-xp 00000000 08:01 1845919                    /usr/lib/x86_64-linux-gnu/libgobject-2.0.so.0.5600.3
7fd0803c8000-7fd0805c8000 ---p 00052000 08:01 1845919                    /usr/lib/x86_64-linux-gnu/libgobject-2.0.so.0.5600.3
7fd0805c8000-7fd0805c9000 r--p 00052000 08:01 1845919                    /usr/lib/x86_64-linux-gnu/libgobject-2.0.so.0.5600.3
7fd0805c9000-7fd0805ca000 rw-p 00053000 08:01 1845919                    /usr/lib/x86_64-linux-gnu/libgobject-2.0.so.0.5600.3
7fd0805ca000-7fd08075f000 r-xp 00000000 08:01 1845885                    /usr/lib/x86_64-linux-gnu/libgio-2.0.so.0.5600.3
7fd08075f000-7fd08095f000 ---p 00195000 08:01 1845885                    /usr/lib/x86_64-linux-gnu/libgio-2.0.so.0.5600.3
7fd08095f000-7fd080966000 r--p 00195000 08:01 1845885                    /usr/lib/x86_64-linux-gnu/libgio-2.0.so.0.5600.3
7fd080966000-7fd080967000 rw-p 0019c000 08:01 1845885                    /usr/lib/x86_64-linux-gnu/libgio-2.0.so.0.5600.3
7fd080967000-7fd080969000 rw-p 00000000 00:00 0 
7fd080969000-7fd080973000 r-xp 00000000 08:01 1845480                    /usr/lib/x86_64-linux-gnu/libXrandr.so.2.2.0
7fd080973000-7fd080b72000 ---p 0000a000 08:01 1845480                    /usr/lib/x86_64-linux-gnu/libXrandr.so.2.2.0
7fd080b72000-7fd080b73000 r--p 00009000 08:01 1845480                    /usr/lib/x86_64-linux-gnu/libXrandr.so.2.2.0
7fd080b73000-7fd080b74000 rw-p 0000a000 08:01 1845480                    /usr/lib/x86_64-linux-gnu/libXrandr.so.2.2.0
7fd080b74000-7fd080ba5000 r-xp 00000000 08:01 1846319                    /usr/lib/x86_64-linux-gnu/libpng16.so.16.34.0
7fd080ba5000-7fd080da4000 ---p 00031000 08:01 1846319                    /usr/lib/x86_64-linux-gnu/libpng16.so.16.34.0
7fd080da4000-7fd080da5000 r--p 00030000 08:01 1846319                    /usr/lib/x86_64-linux-gnu/libpng16.so.16.34.0
7fd080da5000-7fd080da6000 rw-p 00031000 08:01 1846319                    /usr/lib/x86_64-linux-gnu/libpng16.so.16.34.0
7fd080da6000-7fd080e53000 r-xp 00000000 08:01 1845829                    /usr/lib/x86_64-linux-gnu/libfreetype.so.6.15.0
7fd080e53000-7fd081052000 ---p 000ad000 08:01 1845829                    /usr/lib/x86_64-linux-gnu/libfreetype.so.6.15.0
7fd081052000-7fd081059000 r--p 000ac000 08:01 1845829                    /usr/lib/x86_64-linux-gnu/libfreetype.so.6.15.0
7fd081059000-7fd08105a000 rw-p 000b3000 08:01 1845829                    /usr/lib/x86_64-linux-gnu/libfreetype.so.6.15.0
7fd08105a000-7fd081117000 r-xp 00000000 08:01 790477                     /usr/lib/jvm/jdk-12.0.1/lib/libfontmanager.so
7fd081117000-7fd081316000 ---p 000bd000 08:01 790477                     /usr/lib/jvm/jdk-12.0.1/lib/libfontmanager.so
7fd081316000-7fd081318000 r--p 000bc000 08:01 790477                     /usr/lib/jvm/jdk-12.0.1/lib/libfontmanager.so
7fd081318000-7fd081319000 rw-p 000be000 08:01 790477                     /usr/lib/jvm/jdk-12.0.1/lib/libfontmanager.so
7fd081319000-7fd08131a000 rw-p 00000000 00:00 0 
7fd08131a000-7fd08131c000 r-xp 00000000 08:01 1709073                    /home/kiit/1905243/cnProject/CN-p2p-file-sharing/libnative.so
7fd08131c000-7fd08151b000 ---p 00002000 08:01 1709073                    /home/kiit/1905243/cnProject/CN-p2p-file-sharing/libnative.so
7fd08151b000-7fd08151c000 r--p 00001000 08:01 1709073                    /home/kiit/1905243/cnProject/CN-p2p-file-sharing/libnative.so
7fd08151c000-7fd08151d000 rw-p 00002000 08:01 1709073                    /home/kiit/1905243/cnProject/CN-p2p-file-sharing/libnative.so
7fd08151d000-7fd081530000 r-xp 00000000 08:01 136819                     /lib/x86_64-linux-gnu/libbsd.so.0.8.7
7fd081530000-7fd08172f000 ---p 00013000 08:01 136819                     /lib/x86_64-linux-gnu/libbsd.so.0.8.7
7fd08172f000-7fd081730000 r--p 00012000 08:01 136819                     /lib/x86_64-linux-gnu/libbsd.so.0.8.7
7fd081730000-7fd081731000 rw-p 00013000 08:01 136819                     /lib/x86_64-linux-gnu/libbsd.so.0.8.7
7fd081731000-7fd081732000 rw-p 00000000 00:00 0 
7fd081732000-7fd081737000 r-xp 00000000 08:01 1845460                    /usr/lib/x86_64-linux-gnu/libXdmcp.so.6.0.0
7fd081737000-7fd081936000 ---p 00005000 08:01 1845460                    /usr/lib/x86_64-linux-gnu/libXdmcp.so.6.0.0
7fd081936000-7fd081937000 r--p 00004000 08:01 1845460                    /usr/lib/x86_64-linux-gnu/libXdmcp.so.6.0.0
7fd081937000-7fd081938000 rw-p 00005000 08:01 1845460                    /usr/lib/x86_64-linux-gnu/libXdmcp.so.6.0.0
7fd081938000-7fd08193a000 r-xp 00000000 08:01 1855880                    /usr/lib/x86_64-linux-gnu/libXau.so.6.0.0
7fd08193a000-7fd081b3a000 ---p 00002000 08:01 1855880                    /usr/lib/x86_64-linux-gnu/libXau.so.6.0.0
7fd081b3a000-7fd081b3b000 r--p 00002000 08:01 1855880                    /usr/lib/x86_64-linux-gnu/libXau.so.6.0.0
7fd081b3b000-7fd081b3c000 rw-p 00003000 08:01 1855880                    /usr/lib/x86_64-linux-gnu/libXau.so.6.0.0
7fd081b3c000-7fd081b62000 r-xp 00000000 08:01 1845448                    /usr/lib/x86_64-linux-gnu/libxcb.so.1.1.0
7fd081b62000-7fd081d62000 ---p 00026000 08:01 1845448                    /usr/lib/x86_64-linux-gnu/libxcb.so.1.1.0
7fd081d62000-7fd081d63000 r--p 00026000 08:01 1845448                    /usr/lib/x86_64-linux-gnu/libxcb.so.1.1.0
7fd081d63000-7fd081d64000 rw-p 00027000 08:01 1845448                    /usr/lib/x86_64-linux-gnu/libxcb.so.1.1.0
7fd081d64000-7fd081d73000 r-xp 00000000 08:01 1845470                    /usr/lib/x86_64-linux-gnu/libXi.so.6.1.0
7fd081d73000-7fd081f72000 ---p 0000f000 08:01 1845470                    /usr/lib/x86_64-linux-gnu/libXi.so.6.1.0
7fd081f72000-7fd081f73000 r--p 0000e000 08:01 1845470                    /usr/lib/x86_64-linux-gnu/libXi.so.6.1.0
7fd081f73000-7fd081f74000 rw-p 0000f000 08:01 1845470                    /usr/lib/x86_64-linux-gnu/libXi.so.6.1.0
7fd081f74000-7fd081f79000 r-xp 00000000 08:01 1845488                    /usr/lib/x86_64-linux-gnu/libXtst.so.6.1.0
7fd081f79000-7fd082178000 ---p 00005000 08:01 1845488                    /usr/lib/x86_64-linux-gnu/libXtst.so.6.1.0
7fd082178000-7fd082179000 r--p 00004000 08:01 1845488                    /usr/lib/x86_64-linux-gnu/libXtst.so.6.1.0
7fd082179000-7fd08217a000 rw-p 00005000 08:01 1845488                    /usr/lib/x86_64-linux-gnu/libXtst.so.6.1.0
7fd08217a000-7fd082183000 r-xp 00000000 08:01 1845482                    /usr/lib/x86_64-linux-gnu/libXrender.so.1.3.0
7fd082183000-7fd082382000 ---p 00009000 08:01 1845482                    /usr/lib/x86_64-linux-gnu/libXrender.so.1.3.0
7fd082382000-7fd082383000 r--p 00008000 08:01 1845482                    /usr/lib/x86_64-linux-gnu/libXrender.so.1.3.0
7fd082383000-7fd082384000 rw-p 00009000 08:01 1845482                    /usr/lib/x86_64-linux-gnu/libXrender.so.1.3.0
7fd082384000-7fd0824b7000 r-xp 00000000 08:01 1846661                    /usr/lib/x86_64-linux-gnu/libX11.so.6.3.0
7fd0824b7000-7fd0826b7000 ---p 00133000 08:01 1846661                    /usr/lib/x86_64-linux-gnu/libX11.so.6.3.0
7fd0826b7000-7fd0826b8000 r--p 00133000 08:01 1846661                    /usr/lib/x86_64-linux-gnu/libX11.so.6.3.0
7fd0826b8000-7fd0826bc000 rw-p 00134000 08:01 1846661                    /usr/lib/x86_64-linux-gnu/libX11.so.6.3.0
7fd0826bc000-7fd0826cd000 r-xp 00000000 08:01 1845462                    /usr/lib/x86_64-linux-gnu/libXext.so.6.4.0
7fd0826cd000-7fd0828cc000 ---p 00011000 08:01 1845462                    /usr/lib/x86_64-linux-gnu/libXext.so.6.4.0
7fd0828cc000-7fd0828cd000 r--p 00010000 08:01 1845462                    /usr/lib/x86_64-linux-gnu/libXext.so.6.4.0
7fd0828cd000-7fd0828ce000 rw-p 00011000 08:01 1845462                    /usr/lib/x86_64-linux-gnu/libXext.so.6.4.0
7fd0828ce000-7fd08292c000 r-xp 00000000 08:01 790494                     /usr/lib/jvm/jdk-12.0.1/lib/libawt_xawt.so
7fd08292c000-7fd082b2b000 ---p 0005e000 08:01 790494                     /usr/lib/jvm/jdk-12.0.1/lib/libawt_xawt.so
7fd082b2b000-7fd082b2c000 r--p 0005d000 08:01 790494                     /usr/lib/jvm/jdk-12.0.1/lib/libawt_xawt.so
7fd082b2c000-7fd082b2f000 rw-p 0005e000 08:01 790494                     /usr/lib/jvm/jdk-12.0.1/lib/libawt_xawt.so
7fd082b2f000-7fd082b31000 rw-p 00000000 00:00 0 
7fd082b31000-7fd082bd1000 r-xp 00000000 08:01 790495                     /usr/lib/jvm/jdk-12.0.1/lib/libawt.so
7fd082bd1000-7fd082dd1000 ---p 000a0000 08:01 790495                     /usr/lib/jvm/jdk-12.0.1/lib/libawt.so
7fd082dd1000-7fd082dd2000 r--p 000a0000 08:01 790495                     /usr/lib/jvm/jdk-12.0.1/lib/libawt.so
7fd082dd2000-7fd082ddd000 rw-p 000a1000 08:01 790495                     /usr/lib/jvm/jdk-12.0.1/lib/libawt.so
7fd082ddd000-7fd082e02000 rw-p 00000000 00:00 0 
7fd082e02000-7fd082e18000 r-xp 00000000 08:01 796432                     /usr/lib/jvm/jdk-12.0.1/lib/libnet.so
7fd082e18000-7fd083018000 ---p 00016000 08:01 796432                     /usr/lib/jvm/jdk-12.0.1/lib/libnet.so
7fd083018000-7fd083019000 r--p 00016000 08:01 796432                     /usr/lib/jvm/jdk-12.0.1/lib/libnet.so
7fd083019000-7fd08301a000 rw-p 00017000 08:01 796432                     /usr/lib/jvm/jdk-12.0.1/lib/libnet.so
7fd08301a000-7fd08302b000 r-xp 00000000 08:01 796429                     /usr/lib/jvm/jdk-12.0.1/lib/libnio.so
7fd08302b000-7fd08322a000 ---p 00011000 08:01 796429                     /usr/lib/jvm/jdk-12.0.1/lib/libnio.so
7fd08322a000-7fd08322b000 r--p 00010000 08:01 796429                     /usr/lib/jvm/jdk-12.0.1/lib/libnio.so
7fd08322b000-7fd08322c000 rw-p 00011000 08:01 796429                     /usr/lib/jvm/jdk-12.0.1/lib/libnio.so
7fd08322c000-7fd083230000 ---p 00000000 00:00 0 
7fd083230000-7fd08332d000 rw-p 00000000 00:00 0 
7fd08332d000-7fd08332e000 ---p 00000000 00:00 0 
7fd08332e000-7fd08342f000 rw-p 00000000 00:00 0 
7fd08342f000-7fd083433000 ---p 00000000 00:00 0 
7fd083433000-7fd083530000 rw-p 00000000 00:00 0 
7fd083530000-7fd083534000 ---p 00000000 00:00 0 
7fd083534000-7fd083631000 rw-p 00000000 00:00 0 
7fd083631000-7fd084000000 r--p 00000000 08:01 1841870                    /usr/lib/locale/locale-archive
7fd084000000-7fd084021000 rw-p 00000000 00:00 0 
7fd084021000-7fd088000000 ---p 00000000 00:00 0 
7fd088000000-7fd088021000 rw-p 00000000 00:00 0 
7fd088021000-7fd08c000000 ---p 00000000 00:00 0 
7fd08c000000-7fd08c079000 rw-p 00000000 00:00 0 
7fd08c079000-7fd090000000 ---p 00000000 00:00 0 
7fd090075000-7fd090079000 ---p 00000000 00:00 0 
7fd090079000-7fd090176000 rw-p 00000000 00:00 0 
7fd090176000-7fd09017a000 ---p 00000000 00:00 0 
7fd09017a000-7fd090277000 rw-p 00000000 00:00 0 
7fd090277000-7fd09027b000 ---p 00000000 00:00 0 
7fd09027b000-7fd090b78000 rw-p 00000000 00:00 0 
7fd090b78000-7fd090de8000 rwxp 00000000 00:00 0 
7fd090de8000-7fd091107000 ---p 00000000 00:00 0 
7fd091107000-7fd091377000 rwxp 00000000 00:00 0 
7fd091377000-7fd09863f000 ---p 00000000 00:00 0 
7fd09863f000-7fd0988af000 rwxp 00000000 00:00 0 
7fd0988af000-7fd09fb78000 ---p 00000000 00:00 0 
7fd09fb78000-7fd0a8000000 r--s 00000000 08:01 790479                     /usr/lib/jvm/jdk-12.0.1/lib/modules
7fd0a8000000-7fd0a8377000 rw-p 00000000 00:00 0 
7fd0a8377000-7fd0ac000000 ---p 00000000 00:00 0 
7fd0ac096000-7fd0ac0c3000 r--p 00000000 08:01 264999                     /usr/share/glib-2.0/schemas/gschemas.compiled
7fd0ac0c3000-7fd0ac0c7000 ---p 00000000 00:00 0 
7fd0ac0c7000-7fd0ac1c4000 rw-p 00000000 00:00 0 
7fd0ac1c4000-7fd0ac1c8000 ---p 00000000 00:00 0 
7fd0ac1c8000-7fd0ac2c5000 rw-p 00000000 00:00 0 
7fd0ac2c5000-7fd0ac2c6000 ---p 00000000 00:00 0 
7fd0ac2c6000-7fd0ac4b8000 rw-p 00000000 00:00 0 
7fd0ac4b8000-7fd0ac5ed000 ---p 00000000 00:00 0 
7fd0ac5ed000-7fd0ac5f8000 rw-p 00000000 00:00 0 
7fd0ac5f8000-7fd0ac691000 ---p 00000000 00:00 0 
7fd0ac691000-7fd0ac6a7000 rw-p 00000000 00:00 0 
7fd0ac6a7000-7fd0ac7db000 ---p 00000000 00:00 0 
7fd0ac7db000-7fd0ac7e1000 rw-p 00000000 00:00 0 
7fd0ac7e1000-7fd0ac8c7000 ---p 00000000 00:00 0 
7fd0ac8c7000-7fd0ac8cc000 rw-p 00000000 00:00 0 
7fd0ac8cc000-7fd0ac9b2000 ---p 00000000 00:00 0 
7fd0ac9b2000-7fd0ac9cd000 r-xp 00000000 08:01 790509                     /usr/lib/jvm/jdk-12.0.1/lib/libjimage.so
7fd0ac9cd000-7fd0acbcc000 ---p 0001b000 08:01 790509                     /usr/lib/jvm/jdk-12.0.1/lib/libjimage.so
7fd0acbcc000-7fd0acbce000 r--p 0001a000 08:01 790509                     /usr/lib/jvm/jdk-12.0.1/lib/libjimage.so
7fd0acbce000-7fd0acbcf000 rw-p 0001c000 08:01 790509                     /usr/lib/jvm/jdk-12.0.1/lib/libjimage.so
7fd0acbcf000-7fd0acbd6000 r-xp 00000000 08:01 790511                     /usr/lib/jvm/jdk-12.0.1/lib/libzip.so
7fd0acbd6000-7fd0acdd5000 ---p 00007000 08:01 790511                     /usr/lib/jvm/jdk-12.0.1/lib/libzip.so
7fd0acdd5000-7fd0acdd6000 r--p 00006000 08:01 790511                     /usr/lib/jvm/jdk-12.0.1/lib/libzip.so
7fd0acdd6000-7fd0acdd7000 rw-p 00007000 08:01 790511                     /usr/lib/jvm/jdk-12.0.1/lib/libzip.so
7fd0acdd7000-7fd0acde2000 r-xp 00000000 08:01 137052                     /lib/x86_64-linux-gnu/libnss_files-2.27.so
7fd0acde2000-7fd0acfe1000 ---p 0000b000 08:01 137052                     /lib/x86_64-linux-gnu/libnss_files-2.27.so
7fd0acfe1000-7fd0acfe2000 r--p 0000a000 08:01 137052                     /lib/x86_64-linux-gnu/libnss_files-2.27.so
7fd0acfe2000-7fd0acfe3000 rw-p 0000b000 08:01 137052                     /lib/x86_64-linux-gnu/libnss_files-2.27.so
7fd0acfe3000-7fd0acfe9000 rw-p 00000000 00:00 0 
7fd0acfe9000-7fd0ad000000 r-xp 00000000 08:01 137046                     /lib/x86_64-linux-gnu/libnsl-2.27.so
7fd0ad000000-7fd0ad1ff000 ---p 00017000 08:01 137046                     /lib/x86_64-linux-gnu/libnsl-2.27.so
7fd0ad1ff000-7fd0ad200000 r--p 00016000 08:01 137046                     /lib/x86_64-linux-gnu/libnsl-2.27.so
7fd0ad200000-7fd0ad201000 rw-p 00017000 08:01 137046                     /lib/x86_64-linux-gnu/libnsl-2.27.so
7fd0ad201000-7fd0ad203000 rw-p 00000000 00:00 0 
7fd0ad203000-7fd0ad20e000 r-xp 00000000 08:01 137063                     /lib/x86_64-linux-gnu/libnss_nis-2.27.so
7fd0ad20e000-7fd0ad40d000 ---p 0000b000 08:01 137063                     /lib/x86_64-linux-gnu/libnss_nis-2.27.so
7fd0ad40d000-7fd0ad40e000 r--p 0000a000 08:01 137063                     /lib/x86_64-linux-gnu/libnss_nis-2.27.so
7fd0ad40e000-7fd0ad40f000 rw-p 0000b000 08:01 137063                     /lib/x86_64-linux-gnu/libnss_nis-2.27.so
7fd0ad40f000-7fd0ad417000 r-xp 00000000 08:01 137048                     /lib/x86_64-linux-gnu/libnss_compat-2.27.so
7fd0ad417000-7fd0ad617000 ---p 00008000 08:01 137048                     /lib/x86_64-linux-gnu/libnss_compat-2.27.so
7fd0ad617000-7fd0ad618000 r--p 00008000 08:01 137048                     /lib/x86_64-linux-gnu/libnss_compat-2.27.so
7fd0ad618000-7fd0ad619000 rw-p 00009000 08:01 137048                     /lib/x86_64-linux-gnu/libnss_compat-2.27.so
7fd0ad619000-7fd0ad641000 r-xp 00000000 08:01 790481                     /usr/lib/jvm/jdk-12.0.1/lib/libjava.so
7fd0ad641000-7fd0ad840000 ---p 00028000 08:01 790481                     /usr/lib/jvm/jdk-12.0.1/lib/libjava.so
7fd0ad840000-7fd0ad841000 r--p 00027000 08:01 790481                     /usr/lib/jvm/jdk-12.0.1/lib/libjava.so
7fd0ad841000-7fd0ad843000 rw-p 00028000 08:01 790481                     /usr/lib/jvm/jdk-12.0.1/lib/libjava.so
7fd0ad843000-7fd0ad850000 r-xp 00000000 08:01 796437                     /usr/lib/jvm/jdk-12.0.1/lib/libverify.so
7fd0ad850000-7fd0ada4f000 ---p 0000d000 08:01 796437                     /usr/lib/jvm/jdk-12.0.1/lib/libverify.so
7fd0ada4f000-7fd0ada51000 r--p 0000c000 08:01 796437                     /usr/lib/jvm/jdk-12.0.1/lib/libverify.so
7fd0ada51000-7fd0ada52000 rw-p 0000e000 08:01 796437                     /usr/lib/jvm/jdk-12.0.1/lib/libverify.so
7fd0ada52000-7fd0ada59000 r-xp 00000000 08:01 137103                     /lib/x86_64-linux-gnu/librt-2.27.so
7fd0ada59000-7fd0adc58000 ---p 00007000 08:01 137103                     /lib/x86_64-linux-gnu/librt-2.27.so
7fd0adc58000-7fd0adc59000 r--p 00006000 08:01 137103                     /lib/x86_64-linux-gnu/librt-2.27.so
7fd0adc59000-7fd0adc5a000 rw-p 00007000 08:01 137103                     /lib/x86_64-linux-gnu/librt-2.27.so
7fd0adc5a000-7fd0addf7000 r-xp 00000000 08:01 137025                     /lib/x86_64-linux-gnu/libm-2.27.so
7fd0addf7000-7fd0adff6000 ---p 0019d000 08:01 137025                     /lib/x86_64-linux-gnu/libm-2.27.so
7fd0adff6000-7fd0adff7000 r--p 0019c000 08:01 137025                     /lib/x86_64-linux-gnu/libm-2.27.so
7fd0adff7000-7fd0adff8000 rw-p 0019d000 08:01 137025                     /lib/x86_64-linux-gnu/libm-2.27.so
7fd0adff8000-7fd0af15c000 r-xp 00000000 08:01 937605                     /usr/lib/jvm/jdk-12.0.1/lib/server/libjvm.so
7fd0af15c000-7fd0af35c000 ---p 01164000 08:01 937605                     /usr/lib/jvm/jdk-12.0.1/lib/server/libjvm.so
7fd0af35c000-7fd0af41d000 r--p 01164000 08:01 937605                     /usr/lib/jvm/jdk-12.0.1/lib/server/libjvm.so
7fd0af41d000-7fd0af456000 rw-p 01225000 08:01 937605                     /usr/lib/jvm/jdk-12.0.1/lib/server/libjvm.so
7fd0af456000-7fd0af4d9000 rw-p 00000000 00:00 0 
7fd0af4d9000-7fd0af6c0000 r-xp 00000000 08:01 136962                     /lib/x86_64-linux-gnu/libc-2.27.so
7fd0af6c0000-7fd0af8c0000 ---p 001e7000 08:01 136962                     /lib/x86_64-linux-gnu/libc-2.27.so
7fd0af8c0000-7fd0af8c4000 r--p 001e7000 08:01 136962                     /lib/x86_64-linux-gnu/libc-2.27.so
7fd0af8c4000-7fd0af8c6000 rw-p 001eb000 08:01 136962                     /lib/x86_64-linux-gnu/libc-2.27.so
7fd0af8c6000-7fd0af8ca000 rw-p 00000000 00:00 0 
7fd0af8ca000-7fd0af8cd000 r-xp 00000000 08:01 136985                     /lib/x86_64-linux-gnu/libdl-2.27.so
7fd0af8cd000-7fd0afacc000 ---p 00003000 08:01 136985                     /lib/x86_64-linux-gnu/libdl-2.27.so
7fd0afacc000-7fd0afacd000 r--p 00002000 08:01 136985                     /lib/x86_64-linux-gnu/libdl-2.27.so
7fd0afacd000-7fd0aface000 rw-p 00003000 08:01 136985                     /lib/x86_64-linux-gnu/libdl-2.27.so
7fd0aface000-7fd0afae8000 r-xp 00000000 08:01 137095                     /lib/x86_64-linux-gnu/libpthread-2.27.so
7fd0afae8000-7fd0afce7000 ---p 0001a000 08:01 137095                     /lib/x86_64-linux-gnu/libpthread-2.27.so
7fd0afce7000-7fd0afce8000 r--p 00019000 08:01 137095                     /lib/x86_64-linux-gnu/libpthread-2.27.so
7fd0afce8000-7fd0afce9000 rw-p 0001a000 08:01 137095                     /lib/x86_64-linux-gnu/libpthread-2.27.so
7fd0afce9000-7fd0afced000 rw-p 00000000 00:00 0 
7fd0afced000-7fd0afcfd000 r-xp 00000000 08:01 790513                     /usr/lib/jvm/jdk-12.0.1/lib/libjli.so
7fd0afcfd000-7fd0afefc000 ---p 00010000 08:01 790513                     /usr/lib/jvm/jdk-12.0.1/lib/libjli.so
7fd0afefc000-7fd0afefd000 r--p 0000f000 08:01 790513                     /usr/lib/jvm/jdk-12.0.1/lib/libjli.so
7fd0afefd000-7fd0afefe000 rw-p 00010000 08:01 790513                     /usr/lib/jvm/jdk-12.0.1/lib/libjli.so
7fd0afefe000-7fd0aff1a000 r-xp 00000000 08:01 137134                     /lib/x86_64-linux-gnu/libz.so.1.2.11
7fd0aff1a000-7fd0b0119000 ---p 0001c000 08:01 137134                     /lib/x86_64-linux-gnu/libz.so.1.2.11
7fd0b0119000-7fd0b011a000 r--p 0001b000 08:01 137134                     /lib/x86_64-linux-gnu/libz.so.1.2.11
7fd0b011a000-7fd0b011b000 rw-p 0001c000 08:01 137134                     /lib/x86_64-linux-gnu/libz.so.1.2.11
7fd0b011b000-7fd0b0142000 r-xp 00000000 08:01 136934                     /lib/x86_64-linux-gnu/ld-2.27.so
7fd0b0167000-7fd0b0220000 rw-p 00000000 00:00 0 
7fd0b0220000-7fd0b0227000 ---p 00000000 00:00 0 
7fd0b0227000-7fd0b022b000 ---p 00000000 00:00 0 
7fd0b022b000-7fd0b032c000 rw-p 00000000 00:00 0 
7fd0b0332000-7fd0b0336000 r--p 00000000 08:01 1574428                    /home/kiit/.config/dconf/user
7fd0b0336000-7fd0b0337000 r--s 00000000 00:2e 35                         /run/user/1000/dconf/user
7fd0b0337000-7fd0b033f000 rw-s 00000000 08:01 790413                     /tmp/hsperfdata_kiit/2887
7fd0b033f000-7fd0b0340000 ---p 00000000 00:00 0 
7fd0b0340000-7fd0b0341000 r--p 00000000 00:00 0 
7fd0b0341000-7fd0b0342000 ---p 00000000 00:00 0 
7fd0b0342000-7fd0b0343000 r--p 00027000 08:01 136934                     /lib/x86_64-linux-gnu/ld-2.27.so
7fd0b0343000-7fd0b0344000 rw-p 00028000 08:01 136934                     /lib/x86_64-linux-gnu/ld-2.27.so
7fd0b0344000-7fd0b0345000 rw-p 00000000 00:00 0 
7ffd069ad000-7ffd069ce000 rw-p 00000000 00:00 0                          [stack]
7ffd069fa000-7ffd069fd000 r--p 00000000 00:00 0                          [vvar]
7ffd069fd000-7ffd069ff000 r-xp 00000000 00:00 0                          [vdso]
ffffffffff600000-ffffffffff601000 r-xp 00000000 00:00 0                  [vsyscall]


VM Arguments:
jvm_args: -Djava.library.path=. 
java_command: Gui
java_class_path (initial): .
Launcher Type: SUN_STANDARD

[Global flags]
     intx CICompilerCount                          = 2                                         {product} {ergonomic}
   size_t InitialHeapSize                          = 65011712                                  {product} {ergonomic}
   size_t MaxHeapSize                              = 1035993088                                {product} {ergonomic}
   size_t MaxNewSize                               = 345309184                                 {product} {ergonomic}
   size_t MinHeapDeltaBytes                        = 196608                                    {product} {ergonomic}
   size_t NewSize                                  = 21626880                                  {product} {ergonomic}
    uintx NonNMethodCodeHeapSize                   = 5825164                                {pd product} {ergonomic}
    uintx NonProfiledCodeHeapSize                  = 122916538                              {pd product} {ergonomic}
   size_t OldSize                                  = 43384832                                  {product} {ergonomic}
    uintx ProfiledCodeHeapSize                     = 122916538                              {pd product} {ergonomic}
    uintx ReservedCodeCacheSize                    = 251658240                              {pd product} {ergonomic}
     bool SegmentedCodeCache                       = true                                      {product} {ergonomic}
     bool UseCompressedClassPointers               = true                                 {lp64_product} {ergonomic}
     bool UseCompressedOops                        = true                                 {lp64_product} {ergonomic}
     bool UseSerialGC                              = true                                      {product} {ergonomic}

Logging:
Log output configuration:
 #0: stdout all=warning uptime,level,tags
 #1: stderr all=off uptime,level,tags

Environment Variables:
JAVA_HOME=/usr/lib/jvm/jdk-12.0.1
PATH=/usr/local/sbin:/usr/local/bin:/usr/sbin:/usr/bin:/sbin:/bin:/usr/games:/usr/local/games:/snap/bin:/usr/lib/jvm/jdk-12.0.1/bin
USERNAME=kiit
SHELL=/bin/bash
DISPLAY=:0

Signal Handlers:
SIGSEGV: [libjvm.so+0xe45640], sa_mask[0]=11111111011111111101111111111110, sa_flags=SA_RESTART|SA_SIGINFO
SIGBUS: [libjvm.so+0xe45640], sa_mask[0]=11111111011111111101111111111110, sa_flags=SA_RESTART|SA_SIGINFO
SIGFPE: [libjvm.so+0xe45640], sa_mask[0]=11111111011111111101111111111110, sa_flags=SA_RESTART|SA_SIGINFO
SIGPIPE: SIG_IGN, sa_mask[0]=00000000000010000000000000000000, sa_flags=SA_RESTART
SIGXFSZ: [libjvm.so+0xbf4b50], sa_mask[0]=11111111011111111101111111111110, sa_flags=SA_RESTART|SA_SIGINFO
SIGILL: [libjvm.so+0xe45640], sa_mask[0]=11111111011111111101111111111110, sa_flags=SA_RESTART|SA_SIGINFO
SIGUSR2: [libjvm.so+0xbf49f0], sa_mask[0]=00000000000000000000000000000000, sa_flags=SA_RESTART|SA_SIGINFO
SIGHUP: [libjvm.so+0xbf4d50], sa_mask[0]=11111111011111111101111111111110, sa_flags=SA_RESTART|SA_SIGINFO
SIGINT: [libjvm.so+0xbf4d50], sa_mask[0]=11111111011111111101111111111110, sa_flags=SA_RESTART|SA_SIGINFO
SIGTERM: [libjvm.so+0xbf4d50], sa_mask[0]=11111111011111111101111111111110, sa_flags=SA_RESTART|SA_SIGINFO
SIGQUIT: [libjvm.so+0xbf4d50], sa_mask[0]=11111111011111111101111111111110, sa_flags=SA_RESTART|SA_SIGINFO


---------------  S Y S T E M  ---------------

OS:DISTRIB_ID=Ubuntu
DISTRIB_RELEASE=18.04
DISTRIB_CODENAME=bionic
DISTRIB_DESCRIPTION="Ubuntu 18.04.2 LTS"
uname:Linux 4.18.0-25-generic #26~18.04.1-Ubuntu SMP Thu Jun 27 07:28:31 UTC 2019 x86_64
libc:glibc 2.27 NPTL 2.27 
rlimit: STACK 8192k, CORE 0k, NPROC 15535, NOFILE 4096, AS infinity, DATA infinity, FSIZE infinity
load average:1.34 1.79 2.62

/proc/meminfo:
MemTotal:        4039524 kB
MemFree:         1085004 kB
MemAvailable:    2594484 kB
Buffers:          121448 kB
Cached:          1614472 kB
SwapCached:            0 kB
Active:          1400120 kB
Inactive:        1299204 kB
Active(anon):     964404 kB
Inactive(anon):    85548 kB
Active(file):     435716 kB
Inactive(file):  1213656 kB
Unevictable:          32 kB
Mlocked:              32 kB
SwapTotal:       1471128 kB
SwapFree:        1471128 kB
Dirty:               320 kB
Writeback:             0 kB
AnonPages:        963532 kB
Mapped:           388316 kB
Shmem:             86476 kB
Slab:             159052 kB
SReclaimable:     125588 kB
SUnreclaim:        33464 kB
KernelStack:        7184 kB
PageTables:        33492 kB
NFS_Unstable:          0 kB
Bounce:                0 kB
WritebackTmp:          0 kB
CommitLimit:     3490888 kB
Committed_AS:    4068144 kB
VmallocTotal:   34359738367 kB
VmallocUsed:           0 kB
VmallocChunk:          0 kB
HardwareCorrupted:     0 kB
AnonHugePages:         0 kB
ShmemHugePages:        0 kB
ShmemPmdMapped:        0 kB
CmaTotal:              0 kB
CmaFree:               0 kB
HugePages_Total:       0
HugePages_Free:        0
HugePages_Rsvd:        0
HugePages_Surp:        0
Hugepagesize:       2048 kB
Hugetlb:               0 kB
DirectMap4k:      122816 kB
DirectMap2M:     4071424 kB


/proc/sys/kernel/threads-max (system-wide limit on the number of threads):
31070


/proc/sys/vm/max_map_count (maximum number of memory map areas a process may have):
65530


/proc/sys/kernel/pid_max (system-wide limit on number of process identifiers):
32768



container (cgroup) information:
container_type: cgroupv1
cpu_cpuset_cpus: 0
cpu_memory_nodes: 0
active_processor_count: 1
cpu_quota: -1
cpu_period: 100000
cpu_shares: -1
memory_limit_in_bytes: -1
memory_and_swap_limit_in_bytes: -2
memory_soft_limit_in_bytes: -1
memory_usage_in_bytes: 2764038144
memory_max_usage_in_bytes: 0


CPU:total 1 (initial active 1) (1 cores per cpu, 1 threads per core) family 6 model 142 stepping 10, cmov, cx8, fxsr, mmx, sse, sse2, sse3, ssse3, sse4.1, sse4.2, popcnt, avx, avx2, aes, clmul, 3dnowpref, lzcnt, tsc, tscinvbit
CPU Model and flags from /proc/cpuinfo:
model name	: Intel(R) Core(TM) i5-8250U CPU @ 1.60GHz
flags		: fpu vme de pse tsc msr pae mce cx8 apic sep mtrr pge mca cmov pat pse36 clflush mmx fxsr sse sse2 ht syscall nx rdtscp lm constant_tsc rep_good nopl xtopology nonstop_tsc cpuid tsc_known_freq pni pclmulqdq monitor ssse3 cx16 pcid sse4_1 sse4_2 x2apic movbe popcnt aes xsave avx rdrand hypervisor lahf_lm abm 3dnowprefetch invpcid_single pti fsgsbase avx2 invpcid rdseed clflushopt md_clear flush_l1d

Memory: 4k page, physical 4039524k(1085004k free), swap 1471128k(1471128k free)

vm_info: Java HotSpot(TM) 64-Bit Server VM (12.0.1+12) for linux-amd64 JRE (12.0.1+12), built on Apr  1 2019 23:46:14 by "mach5one" with gcc 7.3.0

END.
