#
# A fatal error has been detected by the Java Runtime Environment:
#
#  SIGSEGV (0xb) at pc=0x00007f04cc7706e2, pid=3346, tid=3364
#
# JRE version: Java(TM) SE Runtime Environment (12.0.1+12) (build 12.0.1+12)
# Java VM: Java HotSpot(TM) 64-Bit Server VM (12.0.1+12, mixed mode, sharing, tiered, compressed oops, serial gc, linux-amd64)
# Problematic frame:
# j  java.lang.String.valueOf(Ljava/lang/Object;)Ljava/lang/String;+10 java.base@12.0.1
#
# Core dump will be written. Default location: Core dumps may be processed with "/usr/share/apport/apport %p %s %c %d %P" (or dumping to /home/kiit/1905243/cnProject/CN-p2p-file-sharing/core.3346)
#
# If you would like to submit a bug report, please visit:
#   http://bugreport.java.com/bugreport/crash.jsp
#

---------------  S U M M A R Y ------------

Command Line: -Djava.library.path=. Gui

Host: Intel(R) Core(TM) i5-8250U CPU @ 1.60GHz, 1 cores, 3G, Ubuntu 18.04.2 LTS
Time: Sat Jan  1 21:47:33 2022 IST elapsed time: 9 seconds (0d 0h 0m 9s)

---------------  T H R E A D  ---------------

Current thread (0x00007f04c4025800):  JavaThread "AWT-EventQueue-0" [_thread_in_Java, id=3364, stack(0x00007f04a71dd000,0x00007f04a72de000)]

Stack: [0x00007f04a71dd000,0x00007f04a72de000],  sp=0x00007f04a72db780,  free space=1017k
Native frames: (J=compiled Java code, A=aot compiled Java code, j=interpreted, Vv=VM code, C=native code)
j  java.lang.String.valueOf(Ljava/lang/Object;)Ljava/lang/String;+10 java.base@12.0.1
j  java.io.PrintStream.print(Ljava/lang/String;)V+2 java.base@12.0.1
j  java.io.PrintStream.println(Ljava/lang/String;)V+6 java.base@12.0.1
j  Login.actionPerformed(Ljava/awt/event/ActionEvent;)V+48
j  javax.swing.AbstractButton.fireActionPerformed(Ljava/awt/event/ActionEvent;)V+83 java.desktop@12.0.1
j  javax.swing.AbstractButton$Handler.actionPerformed(Ljava/awt/event/ActionEvent;)V+5 java.desktop@12.0.1
j  javax.swing.DefaultButtonModel.fireActionPerformed(Ljava/awt/event/ActionEvent;)V+34 java.desktop@12.0.1
j  javax.swing.DefaultButtonModel.setPressed(Z)V+117 java.desktop@12.0.1
j  javax.swing.plaf.basic.BasicButtonListener.mouseReleased(Ljava/awt/event/MouseEvent;)V+35 java.desktop@12.0.1
j  java.awt.Component.processMouseEvent(Ljava/awt/event/MouseEvent;)V+64 java.desktop@12.0.1
j  javax.swing.JComponent.processMouseEvent(Ljava/awt/event/MouseEvent;)V+23 java.desktop@12.0.1
j  java.awt.Component.processEvent(Ljava/awt/AWTEvent;)V+81 java.desktop@12.0.1
j  java.awt.Container.processEvent(Ljava/awt/AWTEvent;)V+18 java.desktop@12.0.1
j  java.awt.Component.dispatchEventImpl(Ljava/awt/AWTEvent;)V+496 java.desktop@12.0.1
j  java.awt.Container.dispatchEventImpl(Ljava/awt/AWTEvent;)V+42 java.desktop@12.0.1
j  java.awt.Component.dispatchEvent(Ljava/awt/AWTEvent;)V+2 java.desktop@12.0.1
j  java.awt.LightweightDispatcher.retargetMouseEvent(Ljava/awt/Component;ILjava/awt/event/MouseEvent;)V+349 java.desktop@12.0.1
j  java.awt.LightweightDispatcher.processMouseEvent(Ljava/awt/event/MouseEvent;)Z+155 java.desktop@12.0.1
j  java.awt.LightweightDispatcher.dispatchEvent(Ljava/awt/AWTEvent;)Z+50 java.desktop@12.0.1
j  java.awt.Container.dispatchEventImpl(Ljava/awt/AWTEvent;)V+12 java.desktop@12.0.1
j  java.awt.Window.dispatchEventImpl(Ljava/awt/AWTEvent;)V+19 java.desktop@12.0.1
j  java.awt.Component.dispatchEvent(Ljava/awt/AWTEvent;)V+2 java.desktop@12.0.1
j  java.awt.EventQueue.dispatchEventImpl(Ljava/awt/AWTEvent;Ljava/lang/Object;)V+41 java.desktop@12.0.1
j  java.awt.EventQueue$4.run()Ljava/lang/Void;+32 java.desktop@12.0.1
j  java.awt.EventQueue$4.run()Ljava/lang/Object;+1 java.desktop@12.0.1
J 810 c1 java.security.AccessController.executePrivileged(Ljava/security/PrivilegedAction;Ljava/security/AccessControlContext;Ljava/lang/Class;)Ljava/lang/Object; java.base@12.0.1 (65 bytes) @ 0x00007f04cce2f0e4 [0x00007f04cce2ef80+0x0000000000000164]
j  java.security.AccessController.doPrivileged(Ljava/security/PrivilegedAction;Ljava/security/AccessControlContext;)Ljava/lang/Object;+13 java.base@12.0.1
j  java.security.ProtectionDomain$JavaSecurityAccessImpl.doIntersectionPrivilege(Ljava/security/PrivilegedAction;Ljava/security/AccessControlContext;Ljava/security/AccessControlContext;)Ljava/lang/Object;+18 java.base@12.0.1
j  java.security.ProtectionDomain$JavaSecurityAccessImpl.doIntersectionPrivilege(Ljava/security/PrivilegedAction;Ljava/security/AccessControlContext;)Ljava/lang/Object;+6 java.base@12.0.1
j  java.awt.EventQueue$5.run()Ljava/lang/Void;+11 java.desktop@12.0.1
j  java.awt.EventQueue$5.run()Ljava/lang/Object;+1 java.desktop@12.0.1
J 810 c1 java.security.AccessController.executePrivileged(Ljava/security/PrivilegedAction;Ljava/security/AccessControlContext;Ljava/lang/Class;)Ljava/lang/Object; java.base@12.0.1 (65 bytes) @ 0x00007f04cce2f0e4 [0x00007f04cce2ef80+0x0000000000000164]
j  java.security.AccessController.doPrivileged(Ljava/security/PrivilegedAction;Ljava/security/AccessControlContext;)Ljava/lang/Object;+13 java.base@12.0.1
j  java.security.ProtectionDomain$JavaSecurityAccessImpl.doIntersectionPrivilege(Ljava/security/PrivilegedAction;Ljava/security/AccessControlContext;Ljava/security/AccessControlContext;)Ljava/lang/Object;+18 java.base@12.0.1
j  java.awt.EventQueue.dispatchEvent(Ljava/awt/AWTEvent;)V+73 java.desktop@12.0.1
j  java.awt.EventDispatchThread.pumpOneEventForFilters(I)V+78 java.desktop@12.0.1
j  java.awt.EventDispatchThread.pumpEventsForFilter(ILjava/awt/Conditional;Ljava/awt/EventFilter;)V+35 java.desktop@12.0.1
j  java.awt.EventDispatchThread.pumpEventsForHierarchy(ILjava/awt/Conditional;Ljava/awt/Component;)V+11 java.desktop@12.0.1
j  java.awt.EventDispatchThread.pumpEvents(ILjava/awt/Conditional;)V+4 java.desktop@12.0.1
j  java.awt.EventDispatchThread.pumpEvents(Ljava/awt/Conditional;)V+3 java.desktop@12.0.1
j  java.awt.EventDispatchThread.run()V+9 java.desktop@12.0.1
v  ~StubRoutines::call_stub
V  [libjvm.so+0x86fc39]  JavaCalls::call_helper(JavaValue*, methodHandle const&, JavaCallArguments*, Thread*)+0x3c9
V  [libjvm.so+0x86dbcd]  JavaCalls::call_virtual(JavaValue*, Handle, Klass*, Symbol*, Symbol*, Thread*)+0x1ed
V  [libjvm.so+0x91ae9c]  thread_entry(JavaThread*, Thread*)+0x6c
V  [libjvm.so+0xdd533f]  JavaThread::thread_main_inner()+0x22f
V  [libjvm.so+0xdd21bf]  Thread::call_run()+0x16f
V  [libjvm.so+0xbfe94e]  thread_native_entry(Thread*)+0xee


siginfo: si_signo: 11 (SIGSEGV), si_code: 1 (SEGV_MAPERR), si_addr: 0x00000000676f4c08

Register to memory mapping:

RAX=0x0 is NULL
RBX=0x0000000000000002 is an unknown value
RCX=0x00000000676f4c00 is an unknown value
RDX=0x0000000080000001 is an unknown value
RSP=0x00007f04a72db780 is pointing into the stack for thread: 0x00007f04c4025800
RBP=0x00007f04a72db7d8 is pointing into the stack for thread: 0x00007f04c4025800
RSI=0x00007f04a72db860 is pointing into the stack for thread: 0x00007f04c4025800
RDI=0x00007f04c4026170 points into unknown readable memory: 03 00 00 00 1e 00 00 00
R8 ={method} {0x0000000800339428} 'println' '(Ljava/lang/String;)V' in 'java/io/PrintStream'
R9 =0x0000000000000004 is an unknown value
R10=0x00007f04ea7a3d80: <offset 0x00000000014ced80> in /usr/lib/jvm/jdk-12.0.1/lib/server/libjvm.so at 0x00007f04e92d5000
R11=0x00007f04e400c9e0 points into unknown readable memory: 00 00 00 00 00 00 00 00
R12=0x0 is NULL
R13=0x00000008009cd0ba is pointing into metadata
R14=0x00007f04a72db7e8 is pointing into the stack for thread: 0x00007f04c4025800
R15=0x00007f04c4025800 is a thread


Registers:
RAX=0x0000000000000000, RBX=0x0000000000000002, RCX=0x00000000676f4c00, RDX=0x0000000080000001
RSP=0x00007f04a72db780, RBP=0x00007f04a72db7d8, RSI=0x00007f04a72db860, RDI=0x00007f04c4026170
R8 =0x0000000800339428, R9 =0x0000000000000004, R10=0x00007f04ea7a3d80, R11=0x00007f04e400c9e0
R12=0x0000000000000000, R13=0x00000008009cd0ba, R14=0x00007f04a72db7e8, R15=0x00007f04c4025800
RIP=0x00007f04cc7706e2, EFLAGS=0x0000000000010246, CSGSFS=0x002b000000000033, ERR=0x0000000000000004
  TRAPNO=0x000000000000000e

Top of Stack: (sp=0x00007f04a72db780)
0x00007f04a72db780:   00007f04cc75ca00 00000000676f4c00
0x00007f04a72db790:   00007f04a72db790 00000008009cd0ba
0x00007f04a72db7a0:   00007f04a72db7e8 0000000800359a88
0x00007f04a72db7b0:   00007f04cbb4b468 00000000c2400b30 

Instructions: (pc=0x00007f04cc7706e2)
0x00007f04cc7706c2:   10 4c 8b 68 d8 41 83 ed 04 41 c1 e5 03 49 03 c5
0x00007f04cc7706d2:   48 89 45 d8 4c 8d 6c 24 08 4c 89 6d f0 ff 63 48
0x00007f04cc7706e2:   8b 41 08 48 c1 e0 03 49 bc 00 00 00 00 08 00 00
0x00007f04cc7706f2:   00 49 03 c4 4d 33 e4 4c 8b 75 d8 4d 85 f6 0f 84 

Stack slot to memory mapping:
stack at sp + 0 slots: 0x00007f04cc75ca00 is at code_begin+1664 in an Interpreter codelet
invoke return entry points  [0x00007f04cc75c380, 0x00007f04cc75cda0]  2592 bytes
stack at sp + 1 slots: 0x00000000676f4c00 is an unknown value
stack at sp + 2 slots: 0x00007f04a72db790 is pointing into the stack for thread: 0x00007f04c4025800
stack at sp + 3 slots: 0x00000008009cd0ba is pointing into metadata
stack at sp + 4 slots: 0x00007f04a72db7e8 is pointing into the stack for thread: 0x00007f04c4025800
stack at sp + 5 slots: 0x0000000800359a88 is pointing into metadata
stack at sp + 6 slots: 0x00007f04cbb4b468 is pointing into metadata
stack at sp + 7 slots: 0x00000000c2400b30 points into unknown readable memory: 01 41 3a 2b 45 00 00 00

invokevirtual  182 invokevirtual  [0x00007f04cc770400, 0x00007f04cc770920]  1312 bytes

---------------  P R O C E S S  ---------------

Threads class SMR info:
_java_thread_list=0x000000000168f7c0, length=14, elements={
0x00007f04e4059800, 0x00007f04e405b800, 0x00007f04e4062000, 0x00007f04e4064000,
0x00007f04e4066000, 0x00007f04e4068000, 0x00007f04e40aa800, 0x00007f04e40b4000,
0x00007f04e41e4000, 0x00007f04e420b000, 0x00007f04e42b5000, 0x00007f04c4025800,
0x00007f04e4011000, 0x000000000168e000
}

Java Threads: ( => current thread )
  0x00007f04e4059800 JavaThread "Reference Handler" daemon [_thread_blocked, id=3349, stack(0x00007f04cb7c0000,0x00007f04cb8c1000)]
  0x00007f04e405b800 JavaThread "Finalizer" daemon [_thread_blocked, id=3350, stack(0x00007f04cb6bf000,0x00007f04cb7c0000)]
  0x00007f04e4062000 JavaThread "Signal Dispatcher" daemon [_thread_blocked, id=3351, stack(0x00007f04cabef000,0x00007f04cacf0000)]
  0x00007f04e4064000 JavaThread "C2 CompilerThread0" daemon [_thread_blocked, id=3352, stack(0x00007f04caaee000,0x00007f04cabef000)]
  0x00007f04e4066000 JavaThread "C1 CompilerThread0" daemon [_thread_blocked, id=3353, stack(0x00007f04ca9ed000,0x00007f04caaee000)]
  0x00007f04e4068000 JavaThread "Sweeper thread" daemon [_thread_blocked, id=3354, stack(0x00007f04ca8ec000,0x00007f04ca9ed000)]
  0x00007f04e40aa800 JavaThread "Service Thread" daemon [_thread_blocked, id=3355, stack(0x00007f04ca7eb000,0x00007f04ca8ec000)]
  0x00007f04e40b4000 JavaThread "Common-Cleaner" daemon [_thread_blocked, id=3357, stack(0x00007f04ca5e8000,0x00007f04ca6e9000)]
  0x00007f04e41e4000 JavaThread "Java2D Disposer" daemon [_thread_blocked, id=3361, stack(0x00007f04c8061000,0x00007f04c8162000)]
  0x00007f04e420b000 JavaThread "AWT-XAWT" daemon [_thread_in_native, id=3362, stack(0x00007f04aa050000,0x00007f04aa151000)]
  0x00007f04e42b5000 JavaThread "AWT-Shutdown" [_thread_blocked, id=3363, stack(0x00007f04a9f4f000,0x00007f04aa050000)]
=>0x00007f04c4025800 JavaThread "AWT-EventQueue-0" [_thread_in_Java, id=3364, stack(0x00007f04a71dd000,0x00007f04a72de000)]
  0x00007f04e4011000 JavaThread "DestroyJavaVM" [_thread_blocked, id=3347, stack(0x00007f04eb504000,0x00007f04eb605000)]
  0x000000000168e000 JavaThread "TimerQueue" daemon [_thread_blocked, id=3365, stack(0x00007f04a6edc000,0x00007f04a6fdd000)]

Other Threads:
  0x00007f04e4056800 VMThread "VM Thread" [stack: 0x00007f04cb8c3000,0x00007f04cb9c3000] [id=3348]
  0x00007f04e40b1000 WatcherThread [stack: 0x00007f04ca6eb000,0x00007f04ca7eb000] [id=3356]

Threads with active compile tasks:

VM state:not at safepoint (normal execution)

VM Mutex/Monitor currently owned by a thread: None

Heap address: 0x00000000c2400000, size: 988 MB, Compressed Oops mode: 32-bit
Narrow klass base: 0x0000000800000000, Narrow klass shift: 3
Compressed class space size: 1073741824 Address: 0x0000000801129000

Heap:
 def new generation   total 19008K, used 8793K [0x00000000c2400000, 0x00000000c38a0000, 0x00000000d6d50000)
  eden space 16896K,  52% used [0x00000000c2400000, 0x00000000c2c964e0, 0x00000000c3480000)
  from space 2112K,   0% used [0x00000000c3480000, 0x00000000c3480000, 0x00000000c3690000)
  to   space 2112K,   0% used [0x00000000c3690000, 0x00000000c3690000, 0x00000000c38a0000)
 tenured generation   total 42368K, used 0K [0x00000000d6d50000, 0x00000000d96b0000, 0x0000000100000000)
   the space 42368K,   0% used [0x00000000d6d50000, 0x00000000d6d50000, 0x00000000d6d50200, 0x00000000d96b0000)
 Metaspace       used 9785K, capacity 10194K, committed 10496K, reserved 1058816K
  class space    used 1094K, capacity 1257K, committed 1280K, reserved 1048576K

Card table byte_map: [0x00007f04cc38e000,0x00007f04cc57d000] _byte_map_base: 0x00007f04cbd7c000

Polling page: 0x00007f04eb61c000

Metaspace:

Usage:
  Non-class:      8.73 MB capacity,     8.49 MB ( 97%) used,   213.11 KB (  2%) free+waste,    33.38 KB ( <1%) overhead. 
      Class:      1.23 MB capacity,     1.07 MB ( 87%) used,   142.97 KB ( 11%) free+waste,    19.44 KB (  2%) overhead. 
       Both:      9.96 MB capacity,     9.56 MB ( 96%) used,   356.08 KB (  3%) free+waste,    52.81 KB ( <1%) overhead. 

Virtual space:
  Non-class space:       10.00 MB reserved,       9.00 MB ( 90%) committed 
      Class space:        1.00 GB reserved,       1.25 MB ( <1%) committed 
             Both:        1.01 GB reserved,      10.25 MB ( <1%) committed 

Chunk freelists:
   Non-Class:  4.38 KB
       Class:  2.38 KB
        Both:  6.75 KB

CodeHeap 'non-profiled nmethods': size=120036Kb used=301Kb max_used=301Kb free=119734Kb
 bounds [0x00007f04d421a000, 0x00007f04d448a000, 0x00007f04db753000]
CodeHeap 'profiled nmethods': size=120032Kb used=1556Kb max_used=1556Kb free=118475Kb
 bounds [0x00007f04ccce2000, 0x00007f04ccf52000, 0x00007f04d421a000]
CodeHeap 'non-nmethods': size=5692Kb used=1250Kb max_used=1267Kb free=4441Kb
 bounds [0x00007f04cc753000, 0x00007f04cc9c3000, 0x00007f04ccce2000]
 total_blobs=1728 nmethods=964 adapters=560
 compilation: enabled
              stopped_count=0, restarted_count=0
 full_count=0

Compilation events (10 events):
Event: 9.281 Thread 0x00007f04e4066000  960       3       javax.swing.JComponent::getFontMetrics (6 bytes)
Event: 9.288 Thread 0x00007f04e4066000 nmethod 960 0x00007f04cce63d10 code [0x00007f04cce63ee0, 0x00007f04cce64158]
Event: 9.293 Thread 0x00007f04e4066000  961       3       java.lang.invoke.MethodHandles::argumentsWithCombinerChecks (189 bytes)
Event: 9.310 Thread 0x00007f04e4066000 nmethod 961 0x00007f04cce64290 code [0x00007f04cce64720, 0x00007f04cce66558]
Event: 9.310 Thread 0x00007f04e4066000  962       1       javax.swing.RepaintManager::isDoubleBufferingEnabled (5 bytes)
Event: 9.310 Thread 0x00007f04e4066000 nmethod 962 0x00007f04d4264c10 code [0x00007f04d4264dc0, 0x00007f04d4264ef0]
Event: 9.310 Thread 0x00007f04e4066000  963       1       sun.java2d.xr.XRSurfaceData::getPicture (5 bytes)
Event: 9.311 Thread 0x00007f04e4066000 nmethod 963 0x00007f04d4264f90 code [0x00007f04d4265140, 0x00007f04d4265270]
Event: 9.311 Thread 0x00007f04e4066000  964       1       sun.java2d.xr.MaskTile::getRects (5 bytes)
Event: 9.311 Thread 0x00007f04e4066000 nmethod 964 0x00007f04d4265310 code [0x00007f04d42654c0, 0x00007f04d42655f0]

GC Heap History (0 events):
No events

Deoptimization events (5 events):
Event: 0.363 Thread 0x00007f04e4011000 Uncommon trap: reason=unstable_if action=reinterpret pc=0x00007f04d421ecd4 method=java.lang.String.hashCode()I @ 14 c2
Event: 6.065 Thread 0x00007f04c4025800 Uncommon trap: reason=class_check action=maybe_recompile pc=0x00007f04d4231fe8 method=java.lang.String.equals(Ljava/lang/Object;)Z @ 8 c2
Event: 6.065 Thread 0x00007f04c4025800 Uncommon trap: reason=class_check action=maybe_recompile pc=0x00007f04d4231fe8 method=java.lang.String.equals(Ljava/lang/Object;)Z @ 8 c2
Event: 8.503 Thread 0x00007f04c4025800 Uncommon trap: reason=class_check action=maybe_recompile pc=0x00007f04d4231fe8 method=java.lang.String.equals(Ljava/lang/Object;)Z @ 8 c2
Event: 8.503 Thread 0x00007f04c4025800 Uncommon trap: reason=class_check action=maybe_recompile pc=0x00007f04d4231fe8 method=java.lang.String.equals(Ljava/lang/Object;)Z @ 8 c2

Classes redefined (0 events):
No events

Internal exceptions (10 events):
Event: 3.168 Thread 0x00007f04e4011000 Exception <a 'java/lang/NoSuchMethodError'{0x00000000c29de578}: java.lang.invoke.DirectMethodHandle$Holder.invokeStatic(Ljava/lang/Object;Ljava/lang/Object;Ljava/lang/Object;Ljava/lang/Object;Ljava/lang/Object;Ljava/lang/Object;Ljava/lang/Object;Ljava/lan
Event: 3.181 Thread 0x00007f04e4011000 Exception <a 'java/lang/NoSuchMethodError'{0x00000000c29eab08}: java.lang.invoke.DirectMethodHandle$Holder.invokeSpecial(Ljava/lang/Object;Ljava/lang/Object;JLjava/lang/Object;Ljava/lang/Object;Ljava/lang/Object;Ljava/lang/Object;Ljava/lang/Object;)Ljava/
Event: 3.182 Thread 0x00007f04e4011000 Exception <a 'java/lang/NoSuchMethodError'{0x00000000c29ee188}: java.lang.invoke.DelegatingMethodHandle$Holder.reinvoke_L(Ljava/lang/Object;JLjava/lang/Object;Ljava/lang/Object;Ljava/lang/Object;Ljava/lang/Object;Ljava/lang/Object;)Ljava/lang/Object;> (0x
Event: 3.200 Thread 0x00007f04e4011000 Exception <a 'java/lang/NoSuchMethodError'{0x00000000c2a02840}: java.lang.invoke.DirectMethodHandle$Holder.invokeStatic(Ljava/lang/Object;Ljava/lang/Object;Ljava/lang/Object;Ljava/lang/Object;Ljava/lang/Object;J)Ljava/lang/Object;> (0x00000000c2a02840) th
Event: 3.211 Thread 0x00007f04e4011000 Exception <a 'java/lang/NoSuchMethodError'{0x00000000c2a1fc08}: java.lang.invoke.Invokers$Holder.linkToTargetMethod(Ljava/lang/Object;Ljava/lang/Object;Ljava/lang/Object;Ljava/lang/Object;Ljava/lang/Object;Ljava/lang/Object;)Ljava/lang/Object;> (0x0000000
Event: 3.251 Thread 0x00007f04e4011000 Exception <a 'java/lang/NoSuchMethodError'{0x00000000c2a57de0}: java.lang.invoke.DirectMethodHandle$Holder.invokeSpecial(Ljava/lang/Object;Ljava/lang/Object;JLjava/lang/Object;Ljava/lang/Object;Ljava/lang/Object;Ljava/lang/Object;)Ljava/lang/Object;> (0x0
Event: 3.256 Thread 0x00007f04e4011000 Exception <a 'java/lang/NoSuchMethodError'{0x00000000c2a5b218}: java.lang.invoke.DelegatingMethodHandle$Holder.reinvoke_L(Ljava/lang/Object;JLjava/lang/Object;Ljava/lang/Object;Ljava/lang/Object;Ljava/lang/Object;)Ljava/lang/Object;> (0x00000000c2a5b218) 
Event: 3.268 Thread 0x00007f04e4011000 Exception <a 'java/lang/NoSuchMethodError'{0x00000000c2a729c0}: java.lang.invoke.DirectMethodHandle$Holder.invokeStatic(Ljava/lang/Object;Ljava/lang/Object;Ljava/lang/Object;Ljava/lang/Object;Ljava/lang/Object;Ljava/lang/Object;J)Ljava/lang/Object;> (0x00
Event: 3.276 Thread 0x00007f04e4011000 Exception <a 'java/lang/NoSuchMethodError'{0x00000000c2a89350}: java.lang.invoke.DirectMethodHandle$Holder.invokeStatic(Ljava/lang/Object;Ljava/lang/Object;Ljava/lang/Object;Ljava/lang/Object;Ljava/lang/Object;Ljava/lang/Object;JLjava/lang/Object;)Ljava/l
Event: 4.125 Thread 0x00007f04c4025800 Exception <a 'java/lang/UnsupportedOperationException'{0x00000000c2bbc880}: > (0x00000000c2bbc880) thrown at [/scratch/opt/mach5/mesos/work_dir/slaves/2dd962d0-8988-479b-a804-57ab764ada59-S77524/frameworks/1735e8a2-a1db-478c-8104-60c8b0af87dd-0196/executo

Events (10 events):
Event: 7.301 loading class javax/swing/Autoscroller
Event: 7.301 loading class javax/swing/Autoscroller done
Event: 8.503 Thread 0x00007f04c4025800 Uncommon trap: trap_request=0xffffffde fr.pc=0x00007f04d4231fe8 relative=0x00000000000001c8
Event: 8.503 Thread 0x00007f04c4025800 DEOPT PACKING pc=0x00007f04d4231fe8 sp=0x00007f04a72db660
Event: 8.503 Thread 0x00007f04c4025800 DEOPT UNPACKING pc=0x00007f04cc77b825 sp=0x00007f04a72db628 mode 2
Event: 8.503 Thread 0x00007f04c4025800 Uncommon trap: trap_request=0xffffffde fr.pc=0x00007f04d4231fe8 relative=0x00000000000001c8
Event: 8.503 Thread 0x00007f04c4025800 DEOPT PACKING pc=0x00007f04d4231fe8 sp=0x00007f04a72db660
Event: 8.503 Thread 0x00007f04c4025800 DEOPT UNPACKING pc=0x00007f04cc77b825 sp=0x00007f04a72db628 mode 2
Event: 8.503 Executing VM operation: RevokeBias
Event: 8.503 Executing VM operation: RevokeBias done


Dynamic libraries:
00400000-00401000 r-xp 00000000 08:01 937687                             /usr/lib/jvm/jdk-12.0.1/bin/java
00600000-00601000 r--p 00000000 08:01 937687                             /usr/lib/jvm/jdk-12.0.1/bin/java
00601000-00602000 rw-p 00001000 08:01 937687                             /usr/lib/jvm/jdk-12.0.1/bin/java
01662000-016ca000 rw-p 00000000 00:00 0                                  [heap]
c2400000-c38a0000 rw-p 00000000 00:00 0 
c38a0000-d6d50000 ---p 00000000 00:00 0 
d6d50000-d96b0000 rw-p 00000000 00:00 0 
d96b0000-100000000 ---p 00000000 00:00 0 
800000000-800003000 rwxp 00001000 08:01 937604                           /usr/lib/jvm/jdk-12.0.1/lib/server/classes.jsa
800003000-8003d9000 rw-p 00004000 08:01 937604                           /usr/lib/jvm/jdk-12.0.1/lib/server/classes.jsa
8003d9000-800ae3000 r--p 003da000 08:01 937604                           /usr/lib/jvm/jdk-12.0.1/lib/server/classes.jsa
800ae3000-800ae4000 rw-p 00ae4000 08:01 937604                           /usr/lib/jvm/jdk-12.0.1/lib/server/classes.jsa
800ae4000-801129000 r--p 00ae5000 08:01 937604                           /usr/lib/jvm/jdk-12.0.1/lib/server/classes.jsa
801129000-801269000 rw-p 00000000 00:00 0 
801269000-841129000 ---p 00000000 00:00 0 
7f04a6b50000-7f04a6edc000 rw-p 00000000 00:00 0 
7f04a6edc000-7f04a6ee0000 ---p 00000000 00:00 0 
7f04a6ee0000-7f04a70dd000 rw-p 00000000 00:00 0 
7f04a70dd000-7f04a71dd000 ---p 00000000 00:00 0 
7f04a71dd000-7f04a71e1000 ---p 00000000 00:00 0 
7f04a71e1000-7f04a72de000 rw-p 00000000 00:00 0 
7f04a72de000-7f04a72e3000 r-xp 00000000 08:01 1845464                    /usr/lib/x86_64-linux-gnu/libXfixes.so.3.1.0
7f04a72e3000-7f04a74e2000 ---p 00005000 08:01 1845464                    /usr/lib/x86_64-linux-gnu/libXfixes.so.3.1.0
7f04a74e2000-7f04a74e3000 r--p 00004000 08:01 1845464                    /usr/lib/x86_64-linux-gnu/libXfixes.so.3.1.0
7f04a74e3000-7f04a74e4000 rw-p 00005000 08:01 1845464                    /usr/lib/x86_64-linux-gnu/libXfixes.so.3.1.0
7f04a74e4000-7f04a74ed000 r-xp 00000000 08:01 1845456                    /usr/lib/x86_64-linux-gnu/libXcursor.so.1.0.2
7f04a74ed000-7f04a76ec000 ---p 00009000 08:01 1845456                    /usr/lib/x86_64-linux-gnu/libXcursor.so.1.0.2
7f04a76ec000-7f04a76ed000 r--p 00008000 08:01 1845456                    /usr/lib/x86_64-linux-gnu/libXcursor.so.1.0.2
7f04a76ed000-7f04a76ee000 rw-p 00009000 08:01 1845456                    /usr/lib/x86_64-linux-gnu/libXcursor.so.1.0.2
7f04a76ee000-7f04a76ef000 ---p 00000000 00:00 0 
7f04a76ef000-7f04a7eef000 rw-p 00000000 00:00 0 
7f04a7eef000-7f04a7f20000 r-xp 00000000 08:01 397877                     /usr/lib/x86_64-linux-gnu/gio/modules/libgvfsdbus.so
7f04a7f20000-7f04a8120000 ---p 00031000 08:01 397877                     /usr/lib/x86_64-linux-gnu/gio/modules/libgvfsdbus.so
7f04a8120000-7f04a8122000 r--p 00031000 08:01 397877                     /usr/lib/x86_64-linux-gnu/gio/modules/libgvfsdbus.so
7f04a8122000-7f04a8123000 rw-p 00033000 08:01 397877                     /usr/lib/x86_64-linux-gnu/gio/modules/libgvfsdbus.so
7f04a8123000-7f04a812f000 r-xp 00000000 08:01 397872                     /usr/lib/x86_64-linux-gnu/gio/modules/libdconfsettings.so
7f04a812f000-7f04a832e000 ---p 0000c000 08:01 397872                     /usr/lib/x86_64-linux-gnu/gio/modules/libdconfsettings.so
7f04a832e000-7f04a832f000 r--p 0000b000 08:01 397872                     /usr/lib/x86_64-linux-gnu/gio/modules/libdconfsettings.so
7f04a832f000-7f04a8330000 rw-p 0000c000 08:01 397872                     /usr/lib/x86_64-linux-gnu/gio/modules/libdconfsettings.so
7f04a8330000-7f04a8331000 ---p 00000000 00:00 0 
7f04a8331000-7f04a8b31000 rw-p 00000000 00:00 0 
7f04a8b31000-7f04a8b32000 ---p 00000000 00:00 0 
7f04a8b32000-7f04a9332000 rw-p 00000000 00:00 0 
7f04a9332000-7f04a9368000 r-xp 00000000 08:01 398181                     /usr/lib/x86_64-linux-gnu/gvfs/libgvfscommon.so
7f04a9368000-7f04a9568000 ---p 00036000 08:01 398181                     /usr/lib/x86_64-linux-gnu/gvfs/libgvfscommon.so
7f04a9568000-7f04a956e000 r--p 00036000 08:01 398181                     /usr/lib/x86_64-linux-gnu/gvfs/libgvfscommon.so
7f04a956e000-7f04a956f000 rw-p 0003c000 08:01 398181                     /usr/lib/x86_64-linux-gnu/gvfs/libgvfscommon.so
7f04a956f000-7f04a9589000 r-xp 00000000 08:01 397876                     /usr/lib/x86_64-linux-gnu/gio/modules/libgioremote-volume-monitor.so
7f04a9589000-7f04a9788000 ---p 0001a000 08:01 397876                     /usr/lib/x86_64-linux-gnu/gio/modules/libgioremote-volume-monitor.so
7f04a9788000-7f04a978b000 r--p 00019000 08:01 397876                     /usr/lib/x86_64-linux-gnu/gio/modules/libgioremote-volume-monitor.so
7f04a978b000-7f04a978c000 rw-p 0001c000 08:01 397876                     /usr/lib/x86_64-linux-gnu/gio/modules/libgioremote-volume-monitor.so
7f04a978c000-7f04a97a3000 r-xp 00000000 08:01 136771                     /lib/x86_64-linux-gnu/libgcc_s.so.1
7f04a97a3000-7f04a99a2000 ---p 00017000 08:01 136771                     /lib/x86_64-linux-gnu/libgcc_s.so.1
7f04a99a2000-7f04a99a3000 r--p 00016000 08:01 136771                     /lib/x86_64-linux-gnu/libgcc_s.so.1
7f04a99a3000-7f04a99a4000 rw-p 00017000 08:01 136771                     /lib/x86_64-linux-gnu/libgcc_s.so.1
7f04a99a4000-7f04a9b1d000 r-xp 00000000 08:01 1845922                    /usr/lib/x86_64-linux-gnu/libstdc++.so.6.0.25
7f04a9b1d000-7f04a9d1d000 ---p 00179000 08:01 1845922                    /usr/lib/x86_64-linux-gnu/libstdc++.so.6.0.25
7f04a9d1d000-7f04a9d27000 r--p 00179000 08:01 1845922                    /usr/lib/x86_64-linux-gnu/libstdc++.so.6.0.25
7f04a9d27000-7f04a9d29000 rw-p 00183000 08:01 1845922                    /usr/lib/x86_64-linux-gnu/libstdc++.so.6.0.25
7f04a9d29000-7f04a9d2d000 rw-p 00000000 00:00 0 
7f04a9d2d000-7f04a9d4b000 r-xp 00000000 08:01 1846335                    /usr/lib/x86_64-linux-gnu/libproxy.so.1.0.0
7f04a9d4b000-7f04a9f4b000 ---p 0001e000 08:01 1846335                    /usr/lib/x86_64-linux-gnu/libproxy.so.1.0.0
7f04a9f4b000-7f04a9f4c000 r--p 0001e000 08:01 1846335                    /usr/lib/x86_64-linux-gnu/libproxy.so.1.0.0
7f04a9f4c000-7f04a9f4d000 rw-p 0001f000 08:01 1846335                    /usr/lib/x86_64-linux-gnu/libproxy.so.1.0.0
7f04a9f4f000-7f04a9f53000 ---p 00000000 00:00 0 
7f04a9f53000-7f04aa050000 rw-p 00000000 00:00 0 
7f04aa050000-7f04aa054000 ---p 00000000 00:00 0 
7f04aa054000-7f04aa151000 rw-p 00000000 00:00 0 
7f04aa151000-7f04aa157000 r-xp 00000000 08:01 137130                     /lib/x86_64-linux-gnu/libuuid.so.1.3.0
7f04aa157000-7f04aa356000 ---p 00006000 08:01 137130                     /lib/x86_64-linux-gnu/libuuid.so.1.3.0
7f04aa356000-7f04aa357000 r--p 00005000 08:01 137130                     /lib/x86_64-linux-gnu/libuuid.so.1.3.0
7f04aa357000-7f04aa358000 rw-p 00006000 08:01 137130                     /lib/x86_64-linux-gnu/libuuid.so.1.3.0
7f04aa358000-7f04aa39f000 r-xp 00000000 08:01 136954                     /lib/x86_64-linux-gnu/libblkid.so.1.1.0
7f04aa39f000-7f04aa59f000 ---p 00047000 08:01 136954                     /lib/x86_64-linux-gnu/libblkid.so.1.1.0
7f04aa59f000-7f04aa5a3000 r--p 00047000 08:01 136954                     /lib/x86_64-linux-gnu/libblkid.so.1.1.0
7f04aa5a3000-7f04aa5a4000 rw-p 0004b000 08:01 136954                     /lib/x86_64-linux-gnu/libblkid.so.1.1.0
7f04aa5a4000-7f04aa5a5000 rw-p 00000000 00:00 0 
7f04aa5a5000-7f04aa615000 r-xp 00000000 08:01 137084                     /lib/x86_64-linux-gnu/libpcre.so.3.13.3
7f04aa615000-7f04aa815000 ---p 00070000 08:01 137084                     /lib/x86_64-linux-gnu/libpcre.so.3.13.3
7f04aa815000-7f04aa816000 r--p 00070000 08:01 137084                     /lib/x86_64-linux-gnu/libpcre.so.3.13.3
7f04aa816000-7f04aa817000 rw-p 00071000 08:01 137084                     /lib/x86_64-linux-gnu/libpcre.so.3.13.3
7f04aa817000-7f04aa81e000 r-xp 00000000 08:01 1845797                    /usr/lib/x86_64-linux-gnu/libffi.so.6.0.4
7f04aa81e000-7f04aaa1d000 ---p 00007000 08:01 1845797                    /usr/lib/x86_64-linux-gnu/libffi.so.6.0.4
7f04aaa1d000-7f04aaa1e000 r--p 00006000 08:01 1845797                    /usr/lib/x86_64-linux-gnu/libffi.so.6.0.4
7f04aaa1e000-7f04aaa1f000 rw-p 00007000 08:01 1845797                    /usr/lib/x86_64-linux-gnu/libffi.so.6.0.4
7f04aaa1f000-7f04aaa70000 r-xp 00000000 08:01 137031                     /lib/x86_64-linux-gnu/libmount.so.1.1.0
7f04aaa70000-7f04aac6f000 ---p 00051000 08:01 137031                     /lib/x86_64-linux-gnu/libmount.so.1.1.0
7f04aac6f000-7f04aac71000 r--p 00050000 08:01 137031                     /lib/x86_64-linux-gnu/libmount.so.1.1.0
7f04aac71000-7f04aac72000 rw-p 00052000 08:01 137031                     /lib/x86_64-linux-gnu/libmount.so.1.1.0
7f04aac72000-7f04aac73000 rw-p 00000000 00:00 0 
7f04aac73000-7f04aac8a000 r-xp 00000000 08:01 137101                     /lib/x86_64-linux-gnu/libresolv-2.27.so
7f04aac8a000-7f04aae8a000 ---p 00017000 08:01 137101                     /lib/x86_64-linux-gnu/libresolv-2.27.so
7f04aae8a000-7f04aae8b000 r--p 00017000 08:01 137101                     /lib/x86_64-linux-gnu/libresolv-2.27.so
7f04aae8b000-7f04aae8c000 rw-p 00018000 08:01 137101                     /lib/x86_64-linux-gnu/libresolv-2.27.so
7f04aae8c000-7f04aae8e000 rw-p 00000000 00:00 0 
7f04aae8e000-7f04aaeb3000 r-xp 00000000 08:01 137107                     /lib/x86_64-linux-gnu/libselinux.so.1
7f04aaeb3000-7f04ab0b2000 ---p 00025000 08:01 137107                     /lib/x86_64-linux-gnu/libselinux.so.1
7f04ab0b2000-7f04ab0b3000 r--p 00024000 08:01 137107                     /lib/x86_64-linux-gnu/libselinux.so.1
7f04ab0b3000-7f04ab0b4000 rw-p 00025000 08:01 137107                     /lib/x86_64-linux-gnu/libselinux.so.1
7f04ab0b4000-7f04ab0b6000 rw-p 00000000 00:00 0 
7f04ab0b6000-7f04ab1c9000 r-xp 00000000 08:01 1845891                    /usr/lib/x86_64-linux-gnu/libglib-2.0.so.0.5600.3
7f04ab1c9000-7f04ab3c9000 ---p 00113000 08:01 1845891                    /usr/lib/x86_64-linux-gnu/libglib-2.0.so.0.5600.3
7f04ab3c9000-7f04ab3ca000 r--p 00113000 08:01 1845891                    /usr/lib/x86_64-linux-gnu/libglib-2.0.so.0.5600.3
7f04ab3ca000-7f04ab3cb000 rw-p 00114000 08:01 1845891                    /usr/lib/x86_64-linux-gnu/libglib-2.0.so.0.5600.3
7f04ab3cb000-7f04ab3cc000 rw-p 00000000 00:00 0 
7f04ab3cc000-7f04ab3cf000 r-xp 00000000 08:01 1845895                    /usr/lib/x86_64-linux-gnu/libgmodule-2.0.so.0.5600.3
7f04ab3cf000-7f04ab5ce000 ---p 00003000 08:01 1845895                    /usr/lib/x86_64-linux-gnu/libgmodule-2.0.so.0.5600.3
7f04ab5ce000-7f04ab5cf000 r--p 00002000 08:01 1845895                    /usr/lib/x86_64-linux-gnu/libgmodule-2.0.so.0.5600.3
7f04ab5cf000-7f04ab5d0000 rw-p 00003000 08:01 1845895                    /usr/lib/x86_64-linux-gnu/libgmodule-2.0.so.0.5600.3
7f04ab5d0000-7f04ab622000 r-xp 00000000 08:01 1845919                    /usr/lib/x86_64-linux-gnu/libgobject-2.0.so.0.5600.3
7f04ab622000-7f04ab822000 ---p 00052000 08:01 1845919                    /usr/lib/x86_64-linux-gnu/libgobject-2.0.so.0.5600.3
7f04ab822000-7f04ab823000 r--p 00052000 08:01 1845919                    /usr/lib/x86_64-linux-gnu/libgobject-2.0.so.0.5600.3
7f04ab823000-7f04ab824000 rw-p 00053000 08:01 1845919                    /usr/lib/x86_64-linux-gnu/libgobject-2.0.so.0.5600.3
7f04ab824000-7f04ab9b9000 r-xp 00000000 08:01 1845885                    /usr/lib/x86_64-linux-gnu/libgio-2.0.so.0.5600.3
7f04ab9b9000-7f04abbb9000 ---p 00195000 08:01 1845885                    /usr/lib/x86_64-linux-gnu/libgio-2.0.so.0.5600.3
7f04abbb9000-7f04abbc0000 r--p 00195000 08:01 1845885                    /usr/lib/x86_64-linux-gnu/libgio-2.0.so.0.5600.3
7f04abbc0000-7f04abbc1000 rw-p 0019c000 08:01 1845885                    /usr/lib/x86_64-linux-gnu/libgio-2.0.so.0.5600.3
7f04abbc1000-7f04abbc3000 rw-p 00000000 00:00 0 
7f04abbc3000-7f04abbcd000 r-xp 00000000 08:01 1845480                    /usr/lib/x86_64-linux-gnu/libXrandr.so.2.2.0
7f04abbcd000-7f04abdcc000 ---p 0000a000 08:01 1845480                    /usr/lib/x86_64-linux-gnu/libXrandr.so.2.2.0
7f04abdcc000-7f04abdcd000 r--p 00009000 08:01 1845480                    /usr/lib/x86_64-linux-gnu/libXrandr.so.2.2.0
7f04abdcd000-7f04abdce000 rw-p 0000a000 08:01 1845480                    /usr/lib/x86_64-linux-gnu/libXrandr.so.2.2.0
7f04abdce000-7f04abdff000 r-xp 00000000 08:01 1846319                    /usr/lib/x86_64-linux-gnu/libpng16.so.16.34.0
7f04abdff000-7f04abffe000 ---p 00031000 08:01 1846319                    /usr/lib/x86_64-linux-gnu/libpng16.so.16.34.0
7f04abffe000-7f04abfff000 r--p 00030000 08:01 1846319                    /usr/lib/x86_64-linux-gnu/libpng16.so.16.34.0
7f04abfff000-7f04ac000000 rw-p 00031000 08:01 1846319                    /usr/lib/x86_64-linux-gnu/libpng16.so.16.34.0
7f04ac000000-7f04ac35c000 rw-p 00000000 00:00 0 
7f04ac35c000-7f04b0000000 ---p 00000000 00:00 0 
7f04b0000000-7f04b0021000 rw-p 00000000 00:00 0 
7f04b0021000-7f04b4000000 ---p 00000000 00:00 0 
7f04b4000000-7f04b4021000 rw-p 00000000 00:00 0 
7f04b4021000-7f04b8000000 ---p 00000000 00:00 0 
7f04b8000000-7f04b871b000 rw-p 00000000 00:00 0 
7f04b871b000-7f04bc000000 ---p 00000000 00:00 0 
7f04bc000000-7f04bc021000 rw-p 00000000 00:00 0 
7f04bc021000-7f04c0000000 ---p 00000000 00:00 0 
7f04c0000000-7f04c0021000 rw-p 00000000 00:00 0 
7f04c0021000-7f04c4000000 ---p 00000000 00:00 0 
7f04c4000000-7f04c402d000 rw-p 00000000 00:00 0 
7f04c402d000-7f04c8000000 ---p 00000000 00:00 0 
7f04c8061000-7f04c8065000 ---p 00000000 00:00 0 
7f04c8065000-7f04c8162000 rw-p 00000000 00:00 0 
7f04c8162000-7f04c820f000 r-xp 00000000 08:01 1845829                    /usr/lib/x86_64-linux-gnu/libfreetype.so.6.15.0
7f04c820f000-7f04c840e000 ---p 000ad000 08:01 1845829                    /usr/lib/x86_64-linux-gnu/libfreetype.so.6.15.0
7f04c840e000-7f04c8415000 r--p 000ac000 08:01 1845829                    /usr/lib/x86_64-linux-gnu/libfreetype.so.6.15.0
7f04c8415000-7f04c8416000 rw-p 000b3000 08:01 1845829                    /usr/lib/x86_64-linux-gnu/libfreetype.so.6.15.0
7f04c8416000-7f04c84d3000 r-xp 00000000 08:01 790477                     /usr/lib/jvm/jdk-12.0.1/lib/libfontmanager.so
7f04c84d3000-7f04c86d2000 ---p 000bd000 08:01 790477                     /usr/lib/jvm/jdk-12.0.1/lib/libfontmanager.so
7f04c86d2000-7f04c86d4000 r--p 000bc000 08:01 790477                     /usr/lib/jvm/jdk-12.0.1/lib/libfontmanager.so
7f04c86d4000-7f04c86d5000 rw-p 000be000 08:01 790477                     /usr/lib/jvm/jdk-12.0.1/lib/libfontmanager.so
7f04c86d5000-7f04c86d6000 rw-p 00000000 00:00 0 
7f04c86d6000-7f04c86d8000 r-xp 00000000 08:01 1709133                    /home/kiit/1905243/cnProject/CN-p2p-file-sharing/libnative.so
7f04c86d8000-7f04c88d7000 ---p 00002000 08:01 1709133                    /home/kiit/1905243/cnProject/CN-p2p-file-sharing/libnative.so
7f04c88d7000-7f04c88d8000 r--p 00001000 08:01 1709133                    /home/kiit/1905243/cnProject/CN-p2p-file-sharing/libnative.so
7f04c88d8000-7f04c88d9000 rw-p 00002000 08:01 1709133                    /home/kiit/1905243/cnProject/CN-p2p-file-sharing/libnative.so
7f04c88d9000-7f04c88ec000 r-xp 00000000 08:01 136819                     /lib/x86_64-linux-gnu/libbsd.so.0.8.7
7f04c88ec000-7f04c8aeb000 ---p 00013000 08:01 136819                     /lib/x86_64-linux-gnu/libbsd.so.0.8.7
7f04c8aeb000-7f04c8aec000 r--p 00012000 08:01 136819                     /lib/x86_64-linux-gnu/libbsd.so.0.8.7
7f04c8aec000-7f04c8aed000 rw-p 00013000 08:01 136819                     /lib/x86_64-linux-gnu/libbsd.so.0.8.7
7f04c8aed000-7f04c8aee000 rw-p 00000000 00:00 0 
7f04c8aee000-7f04c8af3000 r-xp 00000000 08:01 1845460                    /usr/lib/x86_64-linux-gnu/libXdmcp.so.6.0.0
7f04c8af3000-7f04c8cf2000 ---p 00005000 08:01 1845460                    /usr/lib/x86_64-linux-gnu/libXdmcp.so.6.0.0
7f04c8cf2000-7f04c8cf3000 r--p 00004000 08:01 1845460                    /usr/lib/x86_64-linux-gnu/libXdmcp.so.6.0.0
7f04c8cf3000-7f04c8cf4000 rw-p 00005000 08:01 1845460                    /usr/lib/x86_64-linux-gnu/libXdmcp.so.6.0.0
7f04c8cf4000-7f04c8cf6000 r-xp 00000000 08:01 1855880                    /usr/lib/x86_64-linux-gnu/libXau.so.6.0.0
7f04c8cf6000-7f04c8ef6000 ---p 00002000 08:01 1855880                    /usr/lib/x86_64-linux-gnu/libXau.so.6.0.0
7f04c8ef6000-7f04c8ef7000 r--p 00002000 08:01 1855880                    /usr/lib/x86_64-linux-gnu/libXau.so.6.0.0
7f04c8ef7000-7f04c8ef8000 rw-p 00003000 08:01 1855880                    /usr/lib/x86_64-linux-gnu/libXau.so.6.0.0
7f04c8ef8000-7f04c8f1e000 r-xp 00000000 08:01 1845448                    /usr/lib/x86_64-linux-gnu/libxcb.so.1.1.0
7f04c8f1e000-7f04c911e000 ---p 00026000 08:01 1845448                    /usr/lib/x86_64-linux-gnu/libxcb.so.1.1.0
7f04c911e000-7f04c911f000 r--p 00026000 08:01 1845448                    /usr/lib/x86_64-linux-gnu/libxcb.so.1.1.0
7f04c911f000-7f04c9120000 rw-p 00027000 08:01 1845448                    /usr/lib/x86_64-linux-gnu/libxcb.so.1.1.0
7f04c9120000-7f04c912f000 r-xp 00000000 08:01 1845470                    /usr/lib/x86_64-linux-gnu/libXi.so.6.1.0
7f04c912f000-7f04c932e000 ---p 0000f000 08:01 1845470                    /usr/lib/x86_64-linux-gnu/libXi.so.6.1.0
7f04c932e000-7f04c932f000 r--p 0000e000 08:01 1845470                    /usr/lib/x86_64-linux-gnu/libXi.so.6.1.0
7f04c932f000-7f04c9330000 rw-p 0000f000 08:01 1845470                    /usr/lib/x86_64-linux-gnu/libXi.so.6.1.0
7f04c9330000-7f04c9335000 r-xp 00000000 08:01 1845488                    /usr/lib/x86_64-linux-gnu/libXtst.so.6.1.0
7f04c9335000-7f04c9534000 ---p 00005000 08:01 1845488                    /usr/lib/x86_64-linux-gnu/libXtst.so.6.1.0
7f04c9534000-7f04c9535000 r--p 00004000 08:01 1845488                    /usr/lib/x86_64-linux-gnu/libXtst.so.6.1.0
7f04c9535000-7f04c9536000 rw-p 00005000 08:01 1845488                    /usr/lib/x86_64-linux-gnu/libXtst.so.6.1.0
7f04c9536000-7f04c953f000 r-xp 00000000 08:01 1845482                    /usr/lib/x86_64-linux-gnu/libXrender.so.1.3.0
7f04c953f000-7f04c973e000 ---p 00009000 08:01 1845482                    /usr/lib/x86_64-linux-gnu/libXrender.so.1.3.0
7f04c973e000-7f04c973f000 r--p 00008000 08:01 1845482                    /usr/lib/x86_64-linux-gnu/libXrender.so.1.3.0
7f04c973f000-7f04c9740000 rw-p 00009000 08:01 1845482                    /usr/lib/x86_64-linux-gnu/libXrender.so.1.3.0
7f04c9740000-7f04c9873000 r-xp 00000000 08:01 1846661                    /usr/lib/x86_64-linux-gnu/libX11.so.6.3.0
7f04c9873000-7f04c9a73000 ---p 00133000 08:01 1846661                    /usr/lib/x86_64-linux-gnu/libX11.so.6.3.0
7f04c9a73000-7f04c9a74000 r--p 00133000 08:01 1846661                    /usr/lib/x86_64-linux-gnu/libX11.so.6.3.0
7f04c9a74000-7f04c9a78000 rw-p 00134000 08:01 1846661                    /usr/lib/x86_64-linux-gnu/libX11.so.6.3.0
7f04c9a78000-7f04c9a89000 r-xp 00000000 08:01 1845462                    /usr/lib/x86_64-linux-gnu/libXext.so.6.4.0
7f04c9a89000-7f04c9c88000 ---p 00011000 08:01 1845462                    /usr/lib/x86_64-linux-gnu/libXext.so.6.4.0
7f04c9c88000-7f04c9c89000 r--p 00010000 08:01 1845462                    /usr/lib/x86_64-linux-gnu/libXext.so.6.4.0
7f04c9c89000-7f04c9c8a000 rw-p 00011000 08:01 1845462                    /usr/lib/x86_64-linux-gnu/libXext.so.6.4.0
7f04c9c8a000-7f04c9ce8000 r-xp 00000000 08:01 790494                     /usr/lib/jvm/jdk-12.0.1/lib/libawt_xawt.so
7f04c9ce8000-7f04c9ee7000 ---p 0005e000 08:01 790494                     /usr/lib/jvm/jdk-12.0.1/lib/libawt_xawt.so
7f04c9ee7000-7f04c9ee8000 r--p 0005d000 08:01 790494                     /usr/lib/jvm/jdk-12.0.1/lib/libawt_xawt.so
7f04c9ee8000-7f04c9eeb000 rw-p 0005e000 08:01 790494                     /usr/lib/jvm/jdk-12.0.1/lib/libawt_xawt.so
7f04c9eeb000-7f04c9eed000 rw-p 00000000 00:00 0 
7f04c9eed000-7f04c9f8d000 r-xp 00000000 08:01 790495                     /usr/lib/jvm/jdk-12.0.1/lib/libawt.so
7f04c9f8d000-7f04ca18d000 ---p 000a0000 08:01 790495                     /usr/lib/jvm/jdk-12.0.1/lib/libawt.so
7f04ca18d000-7f04ca18e000 r--p 000a0000 08:01 790495                     /usr/lib/jvm/jdk-12.0.1/lib/libawt.so
7f04ca18e000-7f04ca199000 rw-p 000a1000 08:01 790495                     /usr/lib/jvm/jdk-12.0.1/lib/libawt.so
7f04ca199000-7f04ca1be000 rw-p 00000000 00:00 0 
7f04ca1be000-7f04ca1d4000 r-xp 00000000 08:01 796432                     /usr/lib/jvm/jdk-12.0.1/lib/libnet.so
7f04ca1d4000-7f04ca3d4000 ---p 00016000 08:01 796432                     /usr/lib/jvm/jdk-12.0.1/lib/libnet.so
7f04ca3d4000-7f04ca3d5000 r--p 00016000 08:01 796432                     /usr/lib/jvm/jdk-12.0.1/lib/libnet.so
7f04ca3d5000-7f04ca3d6000 rw-p 00017000 08:01 796432                     /usr/lib/jvm/jdk-12.0.1/lib/libnet.so
7f04ca3d6000-7f04ca3e7000 r-xp 00000000 08:01 796429                     /usr/lib/jvm/jdk-12.0.1/lib/libnio.so
7f04ca3e7000-7f04ca5e6000 ---p 00011000 08:01 796429                     /usr/lib/jvm/jdk-12.0.1/lib/libnio.so
7f04ca5e6000-7f04ca5e7000 r--p 00010000 08:01 796429                     /usr/lib/jvm/jdk-12.0.1/lib/libnio.so
7f04ca5e7000-7f04ca5e8000 rw-p 00011000 08:01 796429                     /usr/lib/jvm/jdk-12.0.1/lib/libnio.so
7f04ca5e8000-7f04ca5ec000 ---p 00000000 00:00 0 
7f04ca5ec000-7f04ca6e9000 rw-p 00000000 00:00 0 
7f04ca6e9000-7f04ca6ea000 ---p 00000000 00:00 0 
7f04ca6ea000-7f04ca7eb000 rw-p 00000000 00:00 0 
7f04ca7eb000-7f04ca7ef000 ---p 00000000 00:00 0 
7f04ca7ef000-7f04ca8ec000 rw-p 00000000 00:00 0 
7f04ca8ec000-7f04ca8f0000 ---p 00000000 00:00 0 
7f04ca8f0000-7f04ca9ed000 rw-p 00000000 00:00 0 
7f04ca9ed000-7f04ca9f1000 ---p 00000000 00:00 0 
7f04ca9f1000-7f04caaee000 rw-p 00000000 00:00 0 
7f04caaee000-7f04caaf2000 ---p 00000000 00:00 0 
7f04caaf2000-7f04cabef000 rw-p 00000000 00:00 0 
7f04cabef000-7f04cabf3000 ---p 00000000 00:00 0 
7f04cabf3000-7f04cacf0000 rw-p 00000000 00:00 0 
7f04cacf0000-7f04cb6bf000 r--p 00000000 08:01 1841870                    /usr/lib/locale/locale-archive
7f04cb6bf000-7f04cb6c3000 ---p 00000000 00:00 0 
7f04cb6c3000-7f04cb7c0000 rw-p 00000000 00:00 0 
7f04cb7c0000-7f04cb7c4000 ---p 00000000 00:00 0 
7f04cb7c4000-7f04cb8c1000 rw-p 00000000 00:00 0 
7f04cb8c1000-7f04cb8c2000 ---p 00000000 00:00 0 
7f04cb8c2000-7f04cc259000 rw-p 00000000 00:00 0 
7f04cc259000-7f04cc38e000 ---p 00000000 00:00 0 
7f04cc38e000-7f04cc399000 rw-p 00000000 00:00 0 
7f04cc399000-7f04cc432000 ---p 00000000 00:00 0 
7f04cc432000-7f04cc448000 rw-p 00000000 00:00 0 
7f04cc448000-7f04cc57c000 ---p 00000000 00:00 0 
7f04cc57c000-7f04cc582000 rw-p 00000000 00:00 0 
7f04cc582000-7f04cc668000 ---p 00000000 00:00 0 
7f04cc668000-7f04cc66d000 rw-p 00000000 00:00 0 
7f04cc66d000-7f04cc753000 ---p 00000000 00:00 0 
7f04cc753000-7f04cc9c3000 rwxp 00000000 00:00 0 
7f04cc9c3000-7f04ccce2000 ---p 00000000 00:00 0 
7f04ccce2000-7f04ccf52000 rwxp 00000000 00:00 0 
7f04ccf52000-7f04d421a000 ---p 00000000 00:00 0 
7f04d421a000-7f04d448a000 rwxp 00000000 00:00 0 
7f04d448a000-7f04db753000 ---p 00000000 00:00 0 
7f04db753000-7f04e3bdb000 r--s 00000000 08:01 790479                     /usr/lib/jvm/jdk-12.0.1/lib/modules
7f04e3bdb000-7f04e3bf6000 r-xp 00000000 08:01 790509                     /usr/lib/jvm/jdk-12.0.1/lib/libjimage.so
7f04e3bf6000-7f04e3df5000 ---p 0001b000 08:01 790509                     /usr/lib/jvm/jdk-12.0.1/lib/libjimage.so
7f04e3df5000-7f04e3df7000 r--p 0001a000 08:01 790509                     /usr/lib/jvm/jdk-12.0.1/lib/libjimage.so
7f04e3df7000-7f04e3df8000 rw-p 0001c000 08:01 790509                     /usr/lib/jvm/jdk-12.0.1/lib/libjimage.so
7f04e3df8000-7f04e3dff000 r-xp 00000000 08:01 790511                     /usr/lib/jvm/jdk-12.0.1/lib/libzip.so
7f04e3dff000-7f04e3ffe000 ---p 00007000 08:01 790511                     /usr/lib/jvm/jdk-12.0.1/lib/libzip.so
7f04e3ffe000-7f04e3fff000 r--p 00006000 08:01 790511                     /usr/lib/jvm/jdk-12.0.1/lib/libzip.so
7f04e3fff000-7f04e4000000 rw-p 00007000 08:01 790511                     /usr/lib/jvm/jdk-12.0.1/lib/libzip.so
7f04e4000000-7f04e434d000 rw-p 00000000 00:00 0 
7f04e434d000-7f04e8000000 ---p 00000000 00:00 0 
7f04e802c000-7f04e8059000 r--p 00000000 08:01 264999                     /usr/share/glib-2.0/schemas/gschemas.compiled
7f04e8059000-7f04e80b4000 rw-p 00000000 00:00 0 
7f04e80b4000-7f04e80bf000 r-xp 00000000 08:01 137052                     /lib/x86_64-linux-gnu/libnss_files-2.27.so
7f04e80bf000-7f04e82be000 ---p 0000b000 08:01 137052                     /lib/x86_64-linux-gnu/libnss_files-2.27.so
7f04e82be000-7f04e82bf000 r--p 0000a000 08:01 137052                     /lib/x86_64-linux-gnu/libnss_files-2.27.so
7f04e82bf000-7f04e82c0000 rw-p 0000b000 08:01 137052                     /lib/x86_64-linux-gnu/libnss_files-2.27.so
7f04e82c0000-7f04e82c6000 rw-p 00000000 00:00 0 
7f04e82c6000-7f04e82dd000 r-xp 00000000 08:01 137046                     /lib/x86_64-linux-gnu/libnsl-2.27.so
7f04e82dd000-7f04e84dc000 ---p 00017000 08:01 137046                     /lib/x86_64-linux-gnu/libnsl-2.27.so
7f04e84dc000-7f04e84dd000 r--p 00016000 08:01 137046                     /lib/x86_64-linux-gnu/libnsl-2.27.so
7f04e84dd000-7f04e84de000 rw-p 00017000 08:01 137046                     /lib/x86_64-linux-gnu/libnsl-2.27.so
7f04e84de000-7f04e84e0000 rw-p 00000000 00:00 0 
7f04e84e0000-7f04e84eb000 r-xp 00000000 08:01 137063                     /lib/x86_64-linux-gnu/libnss_nis-2.27.so
7f04e84eb000-7f04e86ea000 ---p 0000b000 08:01 137063                     /lib/x86_64-linux-gnu/libnss_nis-2.27.so
7f04e86ea000-7f04e86eb000 r--p 0000a000 08:01 137063                     /lib/x86_64-linux-gnu/libnss_nis-2.27.so
7f04e86eb000-7f04e86ec000 rw-p 0000b000 08:01 137063                     /lib/x86_64-linux-gnu/libnss_nis-2.27.so
7f04e86ec000-7f04e86f4000 r-xp 00000000 08:01 137048                     /lib/x86_64-linux-gnu/libnss_compat-2.27.so
7f04e86f4000-7f04e88f4000 ---p 00008000 08:01 137048                     /lib/x86_64-linux-gnu/libnss_compat-2.27.so
7f04e88f4000-7f04e88f5000 r--p 00008000 08:01 137048                     /lib/x86_64-linux-gnu/libnss_compat-2.27.so
7f04e88f5000-7f04e88f6000 rw-p 00009000 08:01 137048                     /lib/x86_64-linux-gnu/libnss_compat-2.27.so
7f04e88f6000-7f04e891e000 r-xp 00000000 08:01 790481                     /usr/lib/jvm/jdk-12.0.1/lib/libjava.so
7f04e891e000-7f04e8b1d000 ---p 00028000 08:01 790481                     /usr/lib/jvm/jdk-12.0.1/lib/libjava.so
7f04e8b1d000-7f04e8b1e000 r--p 00027000 08:01 790481                     /usr/lib/jvm/jdk-12.0.1/lib/libjava.so
7f04e8b1e000-7f04e8b20000 rw-p 00028000 08:01 790481                     /usr/lib/jvm/jdk-12.0.1/lib/libjava.so
7f04e8b20000-7f04e8b2d000 r-xp 00000000 08:01 796437                     /usr/lib/jvm/jdk-12.0.1/lib/libverify.so
7f04e8b2d000-7f04e8d2c000 ---p 0000d000 08:01 796437                     /usr/lib/jvm/jdk-12.0.1/lib/libverify.so
7f04e8d2c000-7f04e8d2e000 r--p 0000c000 08:01 796437                     /usr/lib/jvm/jdk-12.0.1/lib/libverify.so
7f04e8d2e000-7f04e8d2f000 rw-p 0000e000 08:01 796437                     /usr/lib/jvm/jdk-12.0.1/lib/libverify.so
7f04e8d2f000-7f04e8d36000 r-xp 00000000 08:01 137103                     /lib/x86_64-linux-gnu/librt-2.27.so
7f04e8d36000-7f04e8f35000 ---p 00007000 08:01 137103                     /lib/x86_64-linux-gnu/librt-2.27.so
7f04e8f35000-7f04e8f36000 r--p 00006000 08:01 137103                     /lib/x86_64-linux-gnu/librt-2.27.so
7f04e8f36000-7f04e8f37000 rw-p 00007000 08:01 137103                     /lib/x86_64-linux-gnu/librt-2.27.so
7f04e8f37000-7f04e90d4000 r-xp 00000000 08:01 137025                     /lib/x86_64-linux-gnu/libm-2.27.so
7f04e90d4000-7f04e92d3000 ---p 0019d000 08:01 137025                     /lib/x86_64-linux-gnu/libm-2.27.so
7f04e92d3000-7f04e92d4000 r--p 0019c000 08:01 137025                     /lib/x86_64-linux-gnu/libm-2.27.so
7f04e92d4000-7f04e92d5000 rw-p 0019d000 08:01 137025                     /lib/x86_64-linux-gnu/libm-2.27.so
7f04e92d5000-7f04ea439000 r-xp 00000000 08:01 937605                     /usr/lib/jvm/jdk-12.0.1/lib/server/libjvm.so
7f04ea439000-7f04ea639000 ---p 01164000 08:01 937605                     /usr/lib/jvm/jdk-12.0.1/lib/server/libjvm.so
7f04ea639000-7f04ea6fa000 r--p 01164000 08:01 937605                     /usr/lib/jvm/jdk-12.0.1/lib/server/libjvm.so
7f04ea6fa000-7f04ea733000 rw-p 01225000 08:01 937605                     /usr/lib/jvm/jdk-12.0.1/lib/server/libjvm.so
7f04ea733000-7f04ea7b6000 rw-p 00000000 00:00 0 
7f04ea7b6000-7f04ea99d000 r-xp 00000000 08:01 136962                     /lib/x86_64-linux-gnu/libc-2.27.so
7f04ea99d000-7f04eab9d000 ---p 001e7000 08:01 136962                     /lib/x86_64-linux-gnu/libc-2.27.so
7f04eab9d000-7f04eaba1000 r--p 001e7000 08:01 136962                     /lib/x86_64-linux-gnu/libc-2.27.so
7f04eaba1000-7f04eaba3000 rw-p 001eb000 08:01 136962                     /lib/x86_64-linux-gnu/libc-2.27.so
7f04eaba3000-7f04eaba7000 rw-p 00000000 00:00 0 
7f04eaba7000-7f04eabaa000 r-xp 00000000 08:01 136985                     /lib/x86_64-linux-gnu/libdl-2.27.so
7f04eabaa000-7f04eada9000 ---p 00003000 08:01 136985                     /lib/x86_64-linux-gnu/libdl-2.27.so
7f04eada9000-7f04eadaa000 r--p 00002000 08:01 136985                     /lib/x86_64-linux-gnu/libdl-2.27.so
7f04eadaa000-7f04eadab000 rw-p 00003000 08:01 136985                     /lib/x86_64-linux-gnu/libdl-2.27.so
7f04eadab000-7f04eadc5000 r-xp 00000000 08:01 137095                     /lib/x86_64-linux-gnu/libpthread-2.27.so
7f04eadc5000-7f04eafc4000 ---p 0001a000 08:01 137095                     /lib/x86_64-linux-gnu/libpthread-2.27.so
7f04eafc4000-7f04eafc5000 r--p 00019000 08:01 137095                     /lib/x86_64-linux-gnu/libpthread-2.27.so
7f04eafc5000-7f04eafc6000 rw-p 0001a000 08:01 137095                     /lib/x86_64-linux-gnu/libpthread-2.27.so
7f04eafc6000-7f04eafca000 rw-p 00000000 00:00 0 
7f04eafca000-7f04eafda000 r-xp 00000000 08:01 790513                     /usr/lib/jvm/jdk-12.0.1/lib/libjli.so
7f04eafda000-7f04eb1d9000 ---p 00010000 08:01 790513                     /usr/lib/jvm/jdk-12.0.1/lib/libjli.so
7f04eb1d9000-7f04eb1da000 r--p 0000f000 08:01 790513                     /usr/lib/jvm/jdk-12.0.1/lib/libjli.so
7f04eb1da000-7f04eb1db000 rw-p 00010000 08:01 790513                     /usr/lib/jvm/jdk-12.0.1/lib/libjli.so
7f04eb1db000-7f04eb1f7000 r-xp 00000000 08:01 137134                     /lib/x86_64-linux-gnu/libz.so.1.2.11
7f04eb1f7000-7f04eb3f6000 ---p 0001c000 08:01 137134                     /lib/x86_64-linux-gnu/libz.so.1.2.11
7f04eb3f6000-7f04eb3f7000 r--p 0001b000 08:01 137134                     /lib/x86_64-linux-gnu/libz.so.1.2.11
7f04eb3f7000-7f04eb3f8000 rw-p 0001c000 08:01 137134                     /lib/x86_64-linux-gnu/libz.so.1.2.11
7f04eb3f8000-7f04eb41f000 r-xp 00000000 08:01 136934                     /lib/x86_64-linux-gnu/ld-2.27.so
7f04eb444000-7f04eb4fd000 rw-p 00000000 00:00 0 
7f04eb4fd000-7f04eb504000 ---p 00000000 00:00 0 
7f04eb504000-7f04eb508000 ---p 00000000 00:00 0 
7f04eb508000-7f04eb609000 rw-p 00000000 00:00 0 
7f04eb60f000-7f04eb613000 r--p 00000000 08:01 1574428                    /home/kiit/.config/dconf/user
7f04eb613000-7f04eb614000 r--s 00000000 00:2e 35                         /run/user/1000/dconf/user
7f04eb614000-7f04eb61c000 rw-s 00000000 08:01 790427                     /tmp/hsperfdata_kiit/3346
7f04eb61c000-7f04eb61d000 ---p 00000000 00:00 0 
7f04eb61d000-7f04eb61e000 r--p 00000000 00:00 0 
7f04eb61e000-7f04eb61f000 ---p 00000000 00:00 0 
7f04eb61f000-7f04eb620000 r--p 00027000 08:01 136934                     /lib/x86_64-linux-gnu/ld-2.27.so
7f04eb620000-7f04eb621000 rw-p 00028000 08:01 136934                     /lib/x86_64-linux-gnu/ld-2.27.so
7f04eb621000-7f04eb622000 rw-p 00000000 00:00 0 
7ffccda70000-7ffccda91000 rw-p 00000000 00:00 0                          [stack]
7ffccdafd000-7ffccdb00000 r--p 00000000 00:00 0                          [vvar]
7ffccdb00000-7ffccdb02000 r-xp 00000000 00:00 0                          [vdso]
ffffffffff600000-ffffffffff601000 r-xp 00000000 00:00 0                  [vsyscall]


VM Arguments:
jvm_args: -Djava.library.path=. 
java_command: Gui
java_class_path (initial): .
Launcher Type: SUN_STANDARD

[Global flags]
     intx CICompilerCount                          = 2                                         {product} {ergonomic}
   size_t InitialHeapSize                          = 65011712                                  {product} {ergonomic}
   size_t MaxHeapSize                              = 1035993088                                {product} {ergonomic}
   size_t MaxNewSize                               = 345309184                                 {product} {ergonomic}
   size_t MinHeapDeltaBytes                        = 196608                                    {product} {ergonomic}
   size_t NewSize                                  = 21626880                                  {product} {ergonomic}
    uintx NonNMethodCodeHeapSize                   = 5825164                                {pd product} {ergonomic}
    uintx NonProfiledCodeHeapSize                  = 122916538                              {pd product} {ergonomic}
   size_t OldSize                                  = 43384832                                  {product} {ergonomic}
    uintx ProfiledCodeHeapSize                     = 122916538                              {pd product} {ergonomic}
    uintx ReservedCodeCacheSize                    = 251658240                              {pd product} {ergonomic}
     bool SegmentedCodeCache                       = true                                      {product} {ergonomic}
     bool UseCompressedClassPointers               = true                                 {lp64_product} {ergonomic}
     bool UseCompressedOops                        = true                                 {lp64_product} {ergonomic}
     bool UseSerialGC                              = true                                      {product} {ergonomic}

Logging:
Log output configuration:
 #0: stdout all=warning uptime,level,tags
 #1: stderr all=off uptime,level,tags

Environment Variables:
JAVA_HOME=/usr/lib/jvm/jdk-12.0.1
PATH=/usr/local/sbin:/usr/local/bin:/usr/sbin:/usr/bin:/sbin:/bin:/usr/games:/usr/local/games:/snap/bin:/usr/lib/jvm/jdk-12.0.1/bin
USERNAME=kiit
SHELL=/bin/bash
DISPLAY=:0

Signal Handlers:
SIGSEGV: [libjvm.so+0xe45640], sa_mask[0]=11111111011111111101111111111110, sa_flags=SA_RESTART|SA_SIGINFO
SIGBUS: [libjvm.so+0xe45640], sa_mask[0]=11111111011111111101111111111110, sa_flags=SA_RESTART|SA_SIGINFO
SIGFPE: [libjvm.so+0xe45640], sa_mask[0]=11111111011111111101111111111110, sa_flags=SA_RESTART|SA_SIGINFO
SIGPIPE: SIG_IGN, sa_mask[0]=00000000000010000000000000000000, sa_flags=SA_RESTART
SIGXFSZ: [libjvm.so+0xbf4b50], sa_mask[0]=11111111011111111101111111111110, sa_flags=SA_RESTART|SA_SIGINFO
SIGILL: [libjvm.so+0xe45640], sa_mask[0]=11111111011111111101111111111110, sa_flags=SA_RESTART|SA_SIGINFO
SIGUSR2: [libjvm.so+0xbf49f0], sa_mask[0]=00000000000000000000000000000000, sa_flags=SA_RESTART|SA_SIGINFO
SIGHUP: [libjvm.so+0xbf4d50], sa_mask[0]=11111111011111111101111111111110, sa_flags=SA_RESTART|SA_SIGINFO
SIGINT: [libjvm.so+0xbf4d50], sa_mask[0]=11111111011111111101111111111110, sa_flags=SA_RESTART|SA_SIGINFO
SIGTERM: [libjvm.so+0xbf4d50], sa_mask[0]=11111111011111111101111111111110, sa_flags=SA_RESTART|SA_SIGINFO
SIGQUIT: [libjvm.so+0xbf4d50], sa_mask[0]=11111111011111111101111111111110, sa_flags=SA_RESTART|SA_SIGINFO


---------------  S Y S T E M  ---------------

OS:DISTRIB_ID=Ubuntu
DISTRIB_RELEASE=18.04
DISTRIB_CODENAME=bionic
DISTRIB_DESCRIPTION="Ubuntu 18.04.2 LTS"
uname:Linux 4.18.0-25-generic #26~18.04.1-Ubuntu SMP Thu Jun 27 07:28:31 UTC 2019 x86_64
libc:glibc 2.27 NPTL 2.27 
rlimit: STACK 8192k, CORE 0k, NPROC 15535, NOFILE 4096, AS infinity, DATA infinity, FSIZE infinity
load average:0.59 0.57 0.54

/proc/meminfo:
MemTotal:        4039524 kB
MemFree:         1081524 kB
MemAvailable:    2613688 kB
Buffers:          123452 kB
Cached:          1650884 kB
SwapCached:            0 kB
Active:          1462700 kB
Inactive:        1238640 kB
Active(anon):     928008 kB
Inactive(anon):   102184 kB
Active(file):     534692 kB
Inactive(file):  1136456 kB
Unevictable:          32 kB
Mlocked:              32 kB
SwapTotal:       1471128 kB
SwapFree:        1471128 kB
Dirty:               200 kB
Writeback:             0 kB
AnonPages:        927148 kB
Mapped:           342808 kB
Shmem:            103116 kB
Slab:             160972 kB
SReclaimable:     127372 kB
SUnreclaim:        33600 kB
KernelStack:        7152 kB
PageTables:        33000 kB
NFS_Unstable:          0 kB
Bounce:                0 kB
WritebackTmp:          0 kB
CommitLimit:     3490888 kB
Committed_AS:    3974136 kB
VmallocTotal:   34359738367 kB
VmallocUsed:           0 kB
VmallocChunk:          0 kB
HardwareCorrupted:     0 kB
AnonHugePages:         0 kB
ShmemHugePages:        0 kB
ShmemPmdMapped:        0 kB
CmaTotal:              0 kB
CmaFree:               0 kB
HugePages_Total:       0
HugePages_Free:        0
HugePages_Rsvd:        0
HugePages_Surp:        0
Hugepagesize:       2048 kB
Hugetlb:               0 kB
DirectMap4k:      122816 kB
DirectMap2M:     4071424 kB


/proc/sys/kernel/threads-max (system-wide limit on the number of threads):
31070


/proc/sys/vm/max_map_count (maximum number of memory map areas a process may have):
65530


/proc/sys/kernel/pid_max (system-wide limit on number of process identifiers):
32768



container (cgroup) information:
container_type: cgroupv1
cpu_cpuset_cpus: 0
cpu_memory_nodes: 0
active_processor_count: 1
cpu_quota: -1
cpu_period: 100000
cpu_shares: -1
memory_limit_in_bytes: -1
memory_and_swap_limit_in_bytes: -2
memory_soft_limit_in_bytes: -1
memory_usage_in_bytes: 2766184448
memory_max_usage_in_bytes: 0


CPU:total 1 (initial active 1) (1 cores per cpu, 1 threads per core) family 6 model 142 stepping 10, cmov, cx8, fxsr, mmx, sse, sse2, sse3, ssse3, sse4.1, sse4.2, popcnt, avx, avx2, aes, clmul, 3dnowpref, lzcnt, tsc, tscinvbit
CPU Model and flags from /proc/cpuinfo:
model name	: Intel(R) Core(TM) i5-8250U CPU @ 1.60GHz
flags		: fpu vme de pse tsc msr pae mce cx8 apic sep mtrr pge mca cmov pat pse36 clflush mmx fxsr sse sse2 ht syscall nx rdtscp lm constant_tsc rep_good nopl xtopology nonstop_tsc cpuid tsc_known_freq pni pclmulqdq monitor ssse3 cx16 pcid sse4_1 sse4_2 x2apic movbe popcnt aes xsave avx rdrand hypervisor lahf_lm abm 3dnowprefetch invpcid_single pti fsgsbase avx2 invpcid rdseed clflushopt md_clear flush_l1d

Memory: 4k page, physical 4039524k(1081524k free), swap 1471128k(1471128k free)

vm_info: Java HotSpot(TM) 64-Bit Server VM (12.0.1+12) for linux-amd64 JRE (12.0.1+12), built on Apr  1 2019 23:46:14 by "mach5one" with gcc 7.3.0

END.
