#
# A fatal error has been detected by the Java Runtime Environment:
#
#  SIGSEGV (0xb) at pc=0x00007f52d8b956e2, pid=3308, tid=3326
#
# JRE version: Java(TM) SE Runtime Environment (12.0.1+12) (build 12.0.1+12)
# Java VM: Java HotSpot(TM) 64-Bit Server VM (12.0.1+12, mixed mode, sharing, tiered, compressed oops, serial gc, linux-amd64)
# Problematic frame:
# j  java.lang.String.valueOf(Ljava/lang/Object;)Ljava/lang/String;+10 java.base@12.0.1
#
# Core dump will be written. Default location: Core dumps may be processed with "/usr/share/apport/apport %p %s %c %d %P" (or dumping to /home/kiit/1905243/cnProject/CN-p2p-file-sharing/core.3308)
#
# If you would like to submit a bug report, please visit:
#   http://bugreport.java.com/bugreport/crash.jsp
#

---------------  S U M M A R Y ------------

Command Line: -Djava.library.path=. Gui

Host: Intel(R) Core(TM) i5-8250U CPU @ 1.60GHz, 1 cores, 3G, Ubuntu 18.04.2 LTS
Time: Sat Jan  1 21:45:08 2022 IST elapsed time: 16 seconds (0d 0h 0m 16s)

---------------  T H R E A D  ---------------

Current thread (0x00007f52d4005800):  JavaThread "AWT-EventQueue-0" [_thread_in_Java, id=3326, stack(0x00007f52b55b4000,0x00007f52b56b5000)]

Stack: [0x00007f52b55b4000,0x00007f52b56b5000],  sp=0x00007f52b56b2860,  free space=1018k
Native frames: (J=compiled Java code, A=aot compiled Java code, j=interpreted, Vv=VM code, C=native code)
j  java.lang.String.valueOf(Ljava/lang/Object;)Ljava/lang/String;+10 java.base@12.0.1
j  java.io.PrintStream.print(Ljava/lang/String;)V+2 java.base@12.0.1
j  java.io.PrintStream.println(Ljava/lang/String;)V+6 java.base@12.0.1
j  Login.actionPerformed(Ljava/awt/event/ActionEvent;)V+48
j  javax.swing.AbstractButton.fireActionPerformed(Ljava/awt/event/ActionEvent;)V+83 java.desktop@12.0.1
j  javax.swing.AbstractButton$Handler.actionPerformed(Ljava/awt/event/ActionEvent;)V+5 java.desktop@12.0.1
j  javax.swing.DefaultButtonModel.fireActionPerformed(Ljava/awt/event/ActionEvent;)V+34 java.desktop@12.0.1
j  javax.swing.DefaultButtonModel.setPressed(Z)V+117 java.desktop@12.0.1
j  javax.swing.plaf.basic.BasicButtonListener.mouseReleased(Ljava/awt/event/MouseEvent;)V+35 java.desktop@12.0.1
j  java.awt.Component.processMouseEvent(Ljava/awt/event/MouseEvent;)V+64 java.desktop@12.0.1
j  javax.swing.JComponent.processMouseEvent(Ljava/awt/event/MouseEvent;)V+23 java.desktop@12.0.1
j  java.awt.Component.processEvent(Ljava/awt/AWTEvent;)V+81 java.desktop@12.0.1
j  java.awt.Container.processEvent(Ljava/awt/AWTEvent;)V+18 java.desktop@12.0.1
j  java.awt.Component.dispatchEventImpl(Ljava/awt/AWTEvent;)V+496 java.desktop@12.0.1
j  java.awt.Container.dispatchEventImpl(Ljava/awt/AWTEvent;)V+42 java.desktop@12.0.1
j  java.awt.Component.dispatchEvent(Ljava/awt/AWTEvent;)V+2 java.desktop@12.0.1
j  java.awt.LightweightDispatcher.retargetMouseEvent(Ljava/awt/Component;ILjava/awt/event/MouseEvent;)V+349 java.desktop@12.0.1
j  java.awt.LightweightDispatcher.processMouseEvent(Ljava/awt/event/MouseEvent;)Z+155 java.desktop@12.0.1
j  java.awt.LightweightDispatcher.dispatchEvent(Ljava/awt/AWTEvent;)Z+50 java.desktop@12.0.1
j  java.awt.Container.dispatchEventImpl(Ljava/awt/AWTEvent;)V+12 java.desktop@12.0.1
j  java.awt.Window.dispatchEventImpl(Ljava/awt/AWTEvent;)V+19 java.desktop@12.0.1
j  java.awt.Component.dispatchEvent(Ljava/awt/AWTEvent;)V+2 java.desktop@12.0.1
j  java.awt.EventQueue.dispatchEventImpl(Ljava/awt/AWTEvent;Ljava/lang/Object;)V+41 java.desktop@12.0.1
j  java.awt.EventQueue$4.run()Ljava/lang/Void;+32 java.desktop@12.0.1
j  java.awt.EventQueue$4.run()Ljava/lang/Object;+1 java.desktop@12.0.1
J 981 c1 java.security.ProtectionDomain$JavaSecurityAccessImpl.doIntersectionPrivilege(Ljava/security/PrivilegedAction;Ljava/security/AccessControlContext;Ljava/security/AccessControlContext;)Ljava/lang/Object; java.base@12.0.1 (22 bytes) @ 0x00007f52d92911ec [0x00007f52d9290d00+0x00000000000004ec]
j  java.security.ProtectionDomain$JavaSecurityAccessImpl.doIntersectionPrivilege(Ljava/security/PrivilegedAction;Ljava/security/AccessControlContext;)Ljava/lang/Object;+6 java.base@12.0.1
j  java.awt.EventQueue$5.run()Ljava/lang/Void;+11 java.desktop@12.0.1
j  java.awt.EventQueue$5.run()Ljava/lang/Object;+1 java.desktop@12.0.1
J 981 c1 java.security.ProtectionDomain$JavaSecurityAccessImpl.doIntersectionPrivilege(Ljava/security/PrivilegedAction;Ljava/security/AccessControlContext;Ljava/security/AccessControlContext;)Ljava/lang/Object; java.base@12.0.1 (22 bytes) @ 0x00007f52d92911ec [0x00007f52d9290d00+0x00000000000004ec]
j  java.awt.EventQueue.dispatchEvent(Ljava/awt/AWTEvent;)V+73 java.desktop@12.0.1
j  java.awt.EventDispatchThread.pumpOneEventForFilters(I)V+78 java.desktop@12.0.1
j  java.awt.EventDispatchThread.pumpEventsForFilter(ILjava/awt/Conditional;Ljava/awt/EventFilter;)V+35 java.desktop@12.0.1
j  java.awt.EventDispatchThread.pumpEventsForHierarchy(ILjava/awt/Conditional;Ljava/awt/Component;)V+11 java.desktop@12.0.1
j  java.awt.EventDispatchThread.pumpEvents(ILjava/awt/Conditional;)V+4 java.desktop@12.0.1
j  java.awt.EventDispatchThread.pumpEvents(Ljava/awt/Conditional;)V+3 java.desktop@12.0.1
j  java.awt.EventDispatchThread.run()V+9 java.desktop@12.0.1
v  ~StubRoutines::call_stub
V  [libjvm.so+0x86fc39]  JavaCalls::call_helper(JavaValue*, methodHandle const&, JavaCallArguments*, Thread*)+0x3c9
V  [libjvm.so+0x86dbcd]  JavaCalls::call_virtual(JavaValue*, Handle, Klass*, Symbol*, Symbol*, Thread*)+0x1ed
V  [libjvm.so+0x91ae9c]  thread_entry(JavaThread*, Thread*)+0x6c
V  [libjvm.so+0xdd533f]  JavaThread::thread_main_inner()+0x22f
V  [libjvm.so+0xdd21bf]  Thread::call_run()+0x16f
V  [libjvm.so+0xbfe94e]  thread_native_entry(Thread*)+0xee


siginfo: si_signo: 11 (SIGSEGV), si_code: 1 (SEGV_MAPERR), si_addr: 0x00000000676f4c08

Register to memory mapping:

RAX=0x0 is NULL
RBX=0x0000000000000002 is an unknown value
RCX=0x00000000676f4c00 is an unknown value
RDX=0x0000000080000001 is an unknown value
RSP=0x00007f52b56b2860 is pointing into the stack for thread: 0x00007f52d4005800
RBP=0x00007f52b56b28b8 is pointing into the stack for thread: 0x00007f52d4005800
RSI=0x00007f52b56b2940 is pointing into the stack for thread: 0x00007f52d4005800
RDI=0x00007f52d40061e0 points into unknown readable memory: 03 00 00 00 1e 00 00 00
R8 ={method} {0x0000000800339428} 'println' '(Ljava/lang/String;)V' in 'java/io/PrintStream'
R9 =0x0000000000000004 is an unknown value
R10=0x00007f52f8b61d80: <offset 0x00000000014ced80> in /usr/lib/jvm/jdk-12.0.1/lib/server/libjvm.so at 0x00007f52f7693000
R11=0x00007f52f000c9e0 points into unknown readable memory: 00 00 00 00 00 00 00 00
R12=0x0 is NULL
R13=0x00000008009cd0ba is pointing into metadata
R14=0x00007f52b56b28c8 is pointing into the stack for thread: 0x00007f52d4005800
R15=0x00007f52d4005800 is a thread


Registers:
RAX=0x0000000000000000, RBX=0x0000000000000002, RCX=0x00000000676f4c00, RDX=0x0000000080000001
RSP=0x00007f52b56b2860, RBP=0x00007f52b56b28b8, RSI=0x00007f52b56b2940, RDI=0x00007f52d40061e0
R8 =0x0000000800339428, R9 =0x0000000000000004, R10=0x00007f52f8b61d80, R11=0x00007f52f000c9e0
R12=0x0000000000000000, R13=0x00000008009cd0ba, R14=0x00007f52b56b28c8, R15=0x00007f52d4005800
RIP=0x00007f52d8b956e2, EFLAGS=0x0000000000010246, CSGSFS=0x002b000000000033, ERR=0x0000000000000004
  TRAPNO=0x000000000000000e

Top of Stack: (sp=0x00007f52b56b2860)
0x00007f52b56b2860:   00007f52d8b81a00 00000000676f4c00
0x00007f52b56b2870:   00007f52b56b2870 00000008009cd0ba
0x00007f52b56b2880:   00007f52b56b28c8 0000000800359a88
0x00007f52b56b2890:   00007f52f543ccc0 00000000c2400b30 

Instructions: (pc=0x00007f52d8b956e2)
0x00007f52d8b956c2:   10 4c 8b 68 d8 41 83 ed 04 41 c1 e5 03 49 03 c5
0x00007f52d8b956d2:   48 89 45 d8 4c 8d 6c 24 08 4c 89 6d f0 ff 63 48
0x00007f52d8b956e2:   8b 41 08 48 c1 e0 03 49 bc 00 00 00 00 08 00 00
0x00007f52d8b956f2:   00 49 03 c4 4d 33 e4 4c 8b 75 d8 4d 85 f6 0f 84 

Stack slot to memory mapping:
stack at sp + 0 slots: 0x00007f52d8b81a00 is at code_begin+1664 in an Interpreter codelet
invoke return entry points  [0x00007f52d8b81380, 0x00007f52d8b81da0]  2592 bytes
stack at sp + 1 slots: 0x00000000676f4c00 is an unknown value
stack at sp + 2 slots: 0x00007f52b56b2870 is pointing into the stack for thread: 0x00007f52d4005800
stack at sp + 3 slots: 0x00000008009cd0ba is pointing into metadata
stack at sp + 4 slots: 0x00007f52b56b28c8 is pointing into the stack for thread: 0x00007f52d4005800
stack at sp + 5 slots: 0x0000000800359a88 is pointing into metadata
stack at sp + 6 slots: 0x00007f52f543ccc0 is pointing into metadata
stack at sp + 7 slots: 0x00000000c2400b30 points into unknown readable memory: 01 41 3a 2b 45 00 00 00

invokevirtual  182 invokevirtual  [0x00007f52d8b95400, 0x00007f52d8b95920]  1312 bytes

---------------  P R O C E S S  ---------------

Threads class SMR info:
_java_thread_list=0x000000000079b880, length=14, elements={
0x00007f52f0059800, 0x00007f52f005b800, 0x00007f52f0062000, 0x00007f52f0064000,
0x00007f52f0066000, 0x00007f52f0068000, 0x00007f52f00aa800, 0x00007f52f00b4000,
0x00007f52f01e6000, 0x00007f52f020c800, 0x00007f52f02be000, 0x00007f52d4005800,
0x00007f52f0011000, 0x000000000079a000
}

Java Threads: ( => current thread )
  0x00007f52f0059800 JavaThread "Reference Handler" daemon [_thread_blocked, id=3311, stack(0x00007f52f505f000,0x00007f52f5160000)]
  0x00007f52f005b800 JavaThread "Finalizer" daemon [_thread_blocked, id=3312, stack(0x00007f52f4f5e000,0x00007f52f505f000)]
  0x00007f52f0062000 JavaThread "Signal Dispatcher" daemon [_thread_blocked, id=3313, stack(0x00007f52f448e000,0x00007f52f458f000)]
  0x00007f52f0064000 JavaThread "C2 CompilerThread0" daemon [_thread_blocked, id=3314, stack(0x00007f52f438d000,0x00007f52f448e000)]
  0x00007f52f0066000 JavaThread "C1 CompilerThread0" daemon [_thread_in_native, id=3315, stack(0x00007f52f428c000,0x00007f52f438d000)]
  0x00007f52f0068000 JavaThread "Sweeper thread" daemon [_thread_blocked, id=3316, stack(0x00007f52f418b000,0x00007f52f428c000)]
  0x00007f52f00aa800 JavaThread "Service Thread" daemon [_thread_blocked, id=3317, stack(0x00007f52f408a000,0x00007f52f418b000)]
  0x00007f52f00b4000 JavaThread "Common-Cleaner" daemon [_thread_blocked, id=3319, stack(0x00007f52d8975000,0x00007f52d8a76000)]
  0x00007f52f01e6000 JavaThread "Java2D Disposer" daemon [_thread_blocked, id=3323, stack(0x00007f52b8528000,0x00007f52b8629000)]
  0x00007f52f020c800 JavaThread "AWT-XAWT" daemon [_thread_in_native, id=3324, stack(0x00007f52b8427000,0x00007f52b8528000)]
  0x00007f52f02be000 JavaThread "AWT-Shutdown" [_thread_blocked, id=3325, stack(0x00007f52b56b5000,0x00007f52b57b6000)]
=>0x00007f52d4005800 JavaThread "AWT-EventQueue-0" [_thread_in_Java, id=3326, stack(0x00007f52b55b4000,0x00007f52b56b5000)]
  0x00007f52f0011000 JavaThread "DestroyJavaVM" [_thread_blocked, id=3309, stack(0x00007f52f98c2000,0x00007f52f99c3000)]
  0x000000000079a000 JavaThread "TimerQueue" daemon [_thread_blocked, id=3327, stack(0x00007f52b52b3000,0x00007f52b53b4000)]

Other Threads:
  0x00007f52f0056800 VMThread "VM Thread" [stack: 0x00007f52f5162000,0x00007f52f5262000] [id=3310]
  0x00007f52f00b1000 WatcherThread [stack: 0x00007f52d8a78000,0x00007f52d8b78000] [id=3318]

Threads with active compile tasks:

VM state:not at safepoint (normal execution)

VM Mutex/Monitor currently owned by a thread: None

Heap address: 0x00000000c2400000, size: 988 MB, Compressed Oops mode: 32-bit
Narrow klass base: 0x0000000800000000, Narrow klass shift: 3
Compressed class space size: 1073741824 Address: 0x0000000801129000

Heap:
 def new generation   total 19008K, used 8793K [0x00000000c2400000, 0x00000000c38a0000, 0x00000000d6d50000)
  eden space 16896K,  52% used [0x00000000c2400000, 0x00000000c2c965a8, 0x00000000c3480000)
  from space 2112K,   0% used [0x00000000c3480000, 0x00000000c3480000, 0x00000000c3690000)
  to   space 2112K,   0% used [0x00000000c3690000, 0x00000000c3690000, 0x00000000c38a0000)
 tenured generation   total 42368K, used 0K [0x00000000d6d50000, 0x00000000d96b0000, 0x0000000100000000)
   the space 42368K,   0% used [0x00000000d6d50000, 0x00000000d6d50000, 0x00000000d6d50200, 0x00000000d96b0000)
 Metaspace       used 9925K, capacity 10342K, committed 10624K, reserved 1058816K
  class space    used 1106K, capacity 1289K, committed 1408K, reserved 1048576K

Card table byte_map: [0x00007f52f5c88000,0x00007f52f5e77000] _byte_map_base: 0x00007f52f5676000

Polling page: 0x00007f52f99da000

Metaspace:

Usage:
  Non-class:      8.84 MB capacity,     8.61 MB ( 97%) used,   200.72 KB (  2%) free+waste,    33.31 KB ( <1%) overhead. 
      Class:      1.26 MB capacity,     1.08 MB ( 86%) used,   162.88 KB ( 13%) free+waste,    19.50 KB (  2%) overhead. 
       Both:     10.10 MB capacity,     9.69 MB ( 96%) used,   363.59 KB (  4%) free+waste,    52.81 KB ( <1%) overhead. 

Virtual space:
  Non-class space:       10.00 MB reserved,       9.00 MB ( 90%) committed 
      Class space:        1.00 GB reserved,       1.38 MB ( <1%) committed 
             Both:        1.01 GB reserved,      10.38 MB (  1%) committed 

Chunk freelists:
   Non-Class:  18.38 KB
       Class:  2.38 KB
        Both:  20.75 KB

CodeHeap 'non-profiled nmethods': size=120036Kb used=326Kb max_used=326Kb free=119709Kb
 bounds [0x00007f52e063f000, 0x00007f52e08af000, 0x00007f52e7b78000]
CodeHeap 'profiled nmethods': size=120032Kb used=1754Kb max_used=1754Kb free=118277Kb
 bounds [0x00007f52d9107000, 0x00007f52d9377000, 0x00007f52e063f000]
CodeHeap 'non-nmethods': size=5692Kb used=1248Kb max_used=1264Kb free=4443Kb
 bounds [0x00007f52d8b78000, 0x00007f52d8de8000, 0x00007f52d9107000]
 total_blobs=1833 nmethods=1073 adapters=560
 compilation: enabled
              stopped_count=0, restarted_count=0
 full_count=0

Compilation events (10 events):
Event: 16.230 Thread 0x00007f52f0066000 1071       3       sun.swing.SwingUtilities2::getFRCProperty (38 bytes)
Event: 16.231 Thread 0x00007f52f0066000 nmethod 1071 0x00007f52d92b8190 code [0x00007f52d92b8380, 0x00007f52d92b87c8]
Event: 16.231 Thread 0x00007f52f0066000 1069       3       jdk.internal.misc.Unsafe::getAddress (7 bytes)
Event: 16.232 Thread 0x00007f52f0066000 nmethod 1069 0x00007f52d92b8910 code [0x00007f52d92b8ac0, 0x00007f52d92b8d30]
Event: 16.232 Thread 0x00007f52f0066000 1068       3       java.lang.invoke.ClassSpecializer$SpeciesData::getterFunction (78 bytes)
Event: 16.237 Thread 0x00007f52f0066000 nmethod 1068 0x00007f52d92b8e10 code [0x00007f52d92b8fe0, 0x00007f52d92b9368]
Event: 16.244 Thread 0x00007f52f0066000 1072       3       java.lang.invoke.MethodHandles::argumentsWithCombinerChecks (189 bytes)
Event: 16.255 Thread 0x00007f52f0066000 nmethod 1072 0x00007f52d92b9490 code [0x00007f52d92b9920, 0x00007f52d92bb758]
Event: 16.256 Thread 0x00007f52f0066000 1073       3       sun.java2d.xr.XRUtils::intToULong (14 bytes)
Event: 16.256 Thread 0x00007f52f0066000 nmethod 1073 0x00007f52d92bc390 code [0x00007f52d92bc540, 0x00007f52d92bc6d0]

GC Heap History (0 events):
No events

Deoptimization events (5 events):
Event: 0.286 Thread 0x00007f52f0011000 Uncommon trap: reason=unstable_if action=reinterpret pc=0x00007f52e06438e0 method=java.lang.String.hashCode()I @ 14 c2
Event: 4.910 Thread 0x00007f52d4005800 Uncommon trap: reason=class_check action=maybe_recompile pc=0x00007f52e0657268 method=java.lang.String.equals(Ljava/lang/Object;)Z @ 8 c2
Event: 4.910 Thread 0x00007f52d4005800 Uncommon trap: reason=class_check action=maybe_recompile pc=0x00007f52e0657268 method=java.lang.String.equals(Ljava/lang/Object;)Z @ 8 c2
Event: 11.076 Thread 0x00007f52d4005800 Uncommon trap: reason=class_check action=maybe_recompile pc=0x00007f52e0657268 method=java.lang.String.equals(Ljava/lang/Object;)Z @ 8 c2
Event: 11.076 Thread 0x00007f52d4005800 Uncommon trap: reason=class_check action=maybe_recompile pc=0x00007f52e0657268 method=java.lang.String.equals(Ljava/lang/Object;)Z @ 8 c2

Classes redefined (0 events):
No events

Internal exceptions (10 events):
Event: 1.703 Thread 0x00007f52f0011000 Exception <a 'java/lang/NoSuchMethodError'{0x00000000c29de560}: java.lang.invoke.DirectMethodHandle$Holder.invokeStatic(Ljava/lang/Object;Ljava/lang/Object;Ljava/lang/Object;Ljava/lang/Object;Ljava/lang/Object;Ljava/lang/Object;Ljava/lang/Object;Ljava/lan
Event: 1.713 Thread 0x00007f52f0011000 Exception <a 'java/lang/NoSuchMethodError'{0x00000000c29eaaf0}: java.lang.invoke.DirectMethodHandle$Holder.invokeSpecial(Ljava/lang/Object;Ljava/lang/Object;JLjava/lang/Object;Ljava/lang/Object;Ljava/lang/Object;Ljava/lang/Object;Ljava/lang/Object;)Ljava/
Event: 1.713 Thread 0x00007f52f0011000 Exception <a 'java/lang/NoSuchMethodError'{0x00000000c29ee170}: java.lang.invoke.DelegatingMethodHandle$Holder.reinvoke_L(Ljava/lang/Object;JLjava/lang/Object;Ljava/lang/Object;Ljava/lang/Object;Ljava/lang/Object;Ljava/lang/Object;)Ljava/lang/Object;> (0x
Event: 1.721 Thread 0x00007f52f0011000 Exception <a 'java/lang/NoSuchMethodError'{0x00000000c2a02830}: java.lang.invoke.DirectMethodHandle$Holder.invokeStatic(Ljava/lang/Object;Ljava/lang/Object;Ljava/lang/Object;Ljava/lang/Object;Ljava/lang/Object;J)Ljava/lang/Object;> (0x00000000c2a02830) th
Event: 1.729 Thread 0x00007f52f0011000 Exception <a 'java/lang/NoSuchMethodError'{0x00000000c2a1fbf8}: java.lang.invoke.Invokers$Holder.linkToTargetMethod(Ljava/lang/Object;Ljava/lang/Object;Ljava/lang/Object;Ljava/lang/Object;Ljava/lang/Object;Ljava/lang/Object;)Ljava/lang/Object;> (0x0000000
Event: 1.750 Thread 0x00007f52f0011000 Exception <a 'java/lang/NoSuchMethodError'{0x00000000c2a57dd8}: java.lang.invoke.DirectMethodHandle$Holder.invokeSpecial(Ljava/lang/Object;Ljava/lang/Object;JLjava/lang/Object;Ljava/lang/Object;Ljava/lang/Object;Ljava/lang/Object;)Ljava/lang/Object;> (0x0
Event: 1.750 Thread 0x00007f52f0011000 Exception <a 'java/lang/NoSuchMethodError'{0x00000000c2a5b210}: java.lang.invoke.DelegatingMethodHandle$Holder.reinvoke_L(Ljava/lang/Object;JLjava/lang/Object;Ljava/lang/Object;Ljava/lang/Object;Ljava/lang/Object;)Ljava/lang/Object;> (0x00000000c2a5b210) 
Event: 1.761 Thread 0x00007f52f0011000 Exception <a 'java/lang/NoSuchMethodError'{0x00000000c2a729b8}: java.lang.invoke.DirectMethodHandle$Holder.invokeStatic(Ljava/lang/Object;Ljava/lang/Object;Ljava/lang/Object;Ljava/lang/Object;Ljava/lang/Object;Ljava/lang/Object;J)Ljava/lang/Object;> (0x00
Event: 1.771 Thread 0x00007f52f0011000 Exception <a 'java/lang/NoSuchMethodError'{0x00000000c2a89348}: java.lang.invoke.DirectMethodHandle$Holder.invokeStatic(Ljava/lang/Object;Ljava/lang/Object;Ljava/lang/Object;Ljava/lang/Object;Ljava/lang/Object;Ljava/lang/Object;JLjava/lang/Object;)Ljava/l
Event: 2.575 Thread 0x00007f52d4005800 Exception <a 'java/lang/UnsupportedOperationException'{0x00000000c2bbeff0}: > (0x00000000c2bbeff0) thrown at [/scratch/opt/mach5/mesos/work_dir/slaves/2dd962d0-8988-479b-a804-57ab764ada59-S77524/frameworks/1735e8a2-a1db-478c-8104-60c8b0af87dd-0196/executo

Events (10 events):
Event: 11.076 Thread 0x00007f52d4005800 DEOPT PACKING pc=0x00007f52e0657268 sp=0x00007f52b56b2660
Event: 11.076 Thread 0x00007f52d4005800 DEOPT UNPACKING pc=0x00007f52d8ba0825 sp=0x00007f52b56b2628 mode 2
Event: 12.526 loading class java/awt/Canvas
Event: 12.526 loading class java/awt/Canvas done
Event: 12.526 loading class java/awt/Scrollbar
Event: 12.526 loading class java/awt/Adjustable
Event: 12.526 loading class java/awt/Adjustable done
Event: 12.526 loading class java/awt/Scrollbar done
Event: 15.008 Executing VM operation: RevokeBias
Event: 15.008 Executing VM operation: RevokeBias done


Dynamic libraries:
00400000-00401000 r-xp 00000000 08:01 937687                             /usr/lib/jvm/jdk-12.0.1/bin/java
00600000-00601000 r--p 00000000 08:01 937687                             /usr/lib/jvm/jdk-12.0.1/bin/java
00601000-00602000 rw-p 00001000 08:01 937687                             /usr/lib/jvm/jdk-12.0.1/bin/java
0076e000-007d6000 rw-p 00000000 00:00 0                                  [heap]
c2400000-c38a0000 rw-p 00000000 00:00 0 
c38a0000-d6d50000 ---p 00000000 00:00 0 
d6d50000-d96b0000 rw-p 00000000 00:00 0 
d96b0000-100000000 ---p 00000000 00:00 0 
800000000-800003000 rwxp 00001000 08:01 937604                           /usr/lib/jvm/jdk-12.0.1/lib/server/classes.jsa
800003000-8003d9000 rw-p 00004000 08:01 937604                           /usr/lib/jvm/jdk-12.0.1/lib/server/classes.jsa
8003d9000-800ae3000 r--p 003da000 08:01 937604                           /usr/lib/jvm/jdk-12.0.1/lib/server/classes.jsa
800ae3000-800ae4000 rw-p 00ae4000 08:01 937604                           /usr/lib/jvm/jdk-12.0.1/lib/server/classes.jsa
800ae4000-801129000 r--p 00ae5000 08:01 937604                           /usr/lib/jvm/jdk-12.0.1/lib/server/classes.jsa
801129000-801289000 rw-p 00000000 00:00 0 
801289000-841129000 ---p 00000000 00:00 0 
7f52b4f27000-7f52b52b3000 rw-p 00000000 00:00 0 
7f52b52b3000-7f52b52b7000 ---p 00000000 00:00 0 
7f52b52b7000-7f52b54b4000 rw-p 00000000 00:00 0 
7f52b54b4000-7f52b55b4000 ---p 00000000 00:00 0 
7f52b55b4000-7f52b55b8000 ---p 00000000 00:00 0 
7f52b55b8000-7f52b56b5000 rw-p 00000000 00:00 0 
7f52b56b5000-7f52b56b9000 ---p 00000000 00:00 0 
7f52b56b9000-7f52b57b6000 rw-p 00000000 00:00 0 
7f52b57b6000-7f52b57bb000 r-xp 00000000 08:01 1845464                    /usr/lib/x86_64-linux-gnu/libXfixes.so.3.1.0
7f52b57bb000-7f52b59ba000 ---p 00005000 08:01 1845464                    /usr/lib/x86_64-linux-gnu/libXfixes.so.3.1.0
7f52b59ba000-7f52b59bb000 r--p 00004000 08:01 1845464                    /usr/lib/x86_64-linux-gnu/libXfixes.so.3.1.0
7f52b59bb000-7f52b59bc000 rw-p 00005000 08:01 1845464                    /usr/lib/x86_64-linux-gnu/libXfixes.so.3.1.0
7f52b59bc000-7f52b59c5000 r-xp 00000000 08:01 1845456                    /usr/lib/x86_64-linux-gnu/libXcursor.so.1.0.2
7f52b59c5000-7f52b5bc4000 ---p 00009000 08:01 1845456                    /usr/lib/x86_64-linux-gnu/libXcursor.so.1.0.2
7f52b5bc4000-7f52b5bc5000 r--p 00008000 08:01 1845456                    /usr/lib/x86_64-linux-gnu/libXcursor.so.1.0.2
7f52b5bc5000-7f52b5bc6000 rw-p 00009000 08:01 1845456                    /usr/lib/x86_64-linux-gnu/libXcursor.so.1.0.2
7f52b5bc6000-7f52b5bc7000 ---p 00000000 00:00 0 
7f52b5bc7000-7f52b63c7000 rw-p 00000000 00:00 0 
7f52b63c7000-7f52b63f8000 r-xp 00000000 08:01 397877                     /usr/lib/x86_64-linux-gnu/gio/modules/libgvfsdbus.so
7f52b63f8000-7f52b65f8000 ---p 00031000 08:01 397877                     /usr/lib/x86_64-linux-gnu/gio/modules/libgvfsdbus.so
7f52b65f8000-7f52b65fa000 r--p 00031000 08:01 397877                     /usr/lib/x86_64-linux-gnu/gio/modules/libgvfsdbus.so
7f52b65fa000-7f52b65fb000 rw-p 00033000 08:01 397877                     /usr/lib/x86_64-linux-gnu/gio/modules/libgvfsdbus.so
7f52b65fb000-7f52b6607000 r-xp 00000000 08:01 397872                     /usr/lib/x86_64-linux-gnu/gio/modules/libdconfsettings.so
7f52b6607000-7f52b6806000 ---p 0000c000 08:01 397872                     /usr/lib/x86_64-linux-gnu/gio/modules/libdconfsettings.so
7f52b6806000-7f52b6807000 r--p 0000b000 08:01 397872                     /usr/lib/x86_64-linux-gnu/gio/modules/libdconfsettings.so
7f52b6807000-7f52b6808000 rw-p 0000c000 08:01 397872                     /usr/lib/x86_64-linux-gnu/gio/modules/libdconfsettings.so
7f52b6808000-7f52b6809000 ---p 00000000 00:00 0 
7f52b6809000-7f52b7009000 rw-p 00000000 00:00 0 
7f52b7009000-7f52b700a000 ---p 00000000 00:00 0 
7f52b700a000-7f52b780a000 rw-p 00000000 00:00 0 
7f52b780a000-7f52b7840000 r-xp 00000000 08:01 398181                     /usr/lib/x86_64-linux-gnu/gvfs/libgvfscommon.so
7f52b7840000-7f52b7a40000 ---p 00036000 08:01 398181                     /usr/lib/x86_64-linux-gnu/gvfs/libgvfscommon.so
7f52b7a40000-7f52b7a46000 r--p 00036000 08:01 398181                     /usr/lib/x86_64-linux-gnu/gvfs/libgvfscommon.so
7f52b7a46000-7f52b7a47000 rw-p 0003c000 08:01 398181                     /usr/lib/x86_64-linux-gnu/gvfs/libgvfscommon.so
7f52b7a47000-7f52b7a61000 r-xp 00000000 08:01 397876                     /usr/lib/x86_64-linux-gnu/gio/modules/libgioremote-volume-monitor.so
7f52b7a61000-7f52b7c60000 ---p 0001a000 08:01 397876                     /usr/lib/x86_64-linux-gnu/gio/modules/libgioremote-volume-monitor.so
7f52b7c60000-7f52b7c63000 r--p 00019000 08:01 397876                     /usr/lib/x86_64-linux-gnu/gio/modules/libgioremote-volume-monitor.so
7f52b7c63000-7f52b7c64000 rw-p 0001c000 08:01 397876                     /usr/lib/x86_64-linux-gnu/gio/modules/libgioremote-volume-monitor.so
7f52b7c64000-7f52b7c7b000 r-xp 00000000 08:01 136771                     /lib/x86_64-linux-gnu/libgcc_s.so.1
7f52b7c7b000-7f52b7e7a000 ---p 00017000 08:01 136771                     /lib/x86_64-linux-gnu/libgcc_s.so.1
7f52b7e7a000-7f52b7e7b000 r--p 00016000 08:01 136771                     /lib/x86_64-linux-gnu/libgcc_s.so.1
7f52b7e7b000-7f52b7e7c000 rw-p 00017000 08:01 136771                     /lib/x86_64-linux-gnu/libgcc_s.so.1
7f52b7e7c000-7f52b7ff5000 r-xp 00000000 08:01 1845922                    /usr/lib/x86_64-linux-gnu/libstdc++.so.6.0.25
7f52b7ff5000-7f52b81f5000 ---p 00179000 08:01 1845922                    /usr/lib/x86_64-linux-gnu/libstdc++.so.6.0.25
7f52b81f5000-7f52b81ff000 r--p 00179000 08:01 1845922                    /usr/lib/x86_64-linux-gnu/libstdc++.so.6.0.25
7f52b81ff000-7f52b8201000 rw-p 00183000 08:01 1845922                    /usr/lib/x86_64-linux-gnu/libstdc++.so.6.0.25
7f52b8201000-7f52b8205000 rw-p 00000000 00:00 0 
7f52b8205000-7f52b8223000 r-xp 00000000 08:01 1846335                    /usr/lib/x86_64-linux-gnu/libproxy.so.1.0.0
7f52b8223000-7f52b8423000 ---p 0001e000 08:01 1846335                    /usr/lib/x86_64-linux-gnu/libproxy.so.1.0.0
7f52b8423000-7f52b8424000 r--p 0001e000 08:01 1846335                    /usr/lib/x86_64-linux-gnu/libproxy.so.1.0.0
7f52b8424000-7f52b8425000 rw-p 0001f000 08:01 1846335                    /usr/lib/x86_64-linux-gnu/libproxy.so.1.0.0
7f52b8427000-7f52b842b000 ---p 00000000 00:00 0 
7f52b842b000-7f52b8528000 rw-p 00000000 00:00 0 
7f52b8528000-7f52b852c000 ---p 00000000 00:00 0 
7f52b852c000-7f52b8629000 rw-p 00000000 00:00 0 
7f52b8629000-7f52b862f000 r-xp 00000000 08:01 137130                     /lib/x86_64-linux-gnu/libuuid.so.1.3.0
7f52b862f000-7f52b882e000 ---p 00006000 08:01 137130                     /lib/x86_64-linux-gnu/libuuid.so.1.3.0
7f52b882e000-7f52b882f000 r--p 00005000 08:01 137130                     /lib/x86_64-linux-gnu/libuuid.so.1.3.0
7f52b882f000-7f52b8830000 rw-p 00006000 08:01 137130                     /lib/x86_64-linux-gnu/libuuid.so.1.3.0
7f52b8830000-7f52b8877000 r-xp 00000000 08:01 136954                     /lib/x86_64-linux-gnu/libblkid.so.1.1.0
7f52b8877000-7f52b8a77000 ---p 00047000 08:01 136954                     /lib/x86_64-linux-gnu/libblkid.so.1.1.0
7f52b8a77000-7f52b8a7b000 r--p 00047000 08:01 136954                     /lib/x86_64-linux-gnu/libblkid.so.1.1.0
7f52b8a7b000-7f52b8a7c000 rw-p 0004b000 08:01 136954                     /lib/x86_64-linux-gnu/libblkid.so.1.1.0
7f52b8a7c000-7f52b8a7d000 rw-p 00000000 00:00 0 
7f52b8a7d000-7f52b8aed000 r-xp 00000000 08:01 137084                     /lib/x86_64-linux-gnu/libpcre.so.3.13.3
7f52b8aed000-7f52b8ced000 ---p 00070000 08:01 137084                     /lib/x86_64-linux-gnu/libpcre.so.3.13.3
7f52b8ced000-7f52b8cee000 r--p 00070000 08:01 137084                     /lib/x86_64-linux-gnu/libpcre.so.3.13.3
7f52b8cee000-7f52b8cef000 rw-p 00071000 08:01 137084                     /lib/x86_64-linux-gnu/libpcre.so.3.13.3
7f52b8cef000-7f52b8cf6000 r-xp 00000000 08:01 1845797                    /usr/lib/x86_64-linux-gnu/libffi.so.6.0.4
7f52b8cf6000-7f52b8ef5000 ---p 00007000 08:01 1845797                    /usr/lib/x86_64-linux-gnu/libffi.so.6.0.4
7f52b8ef5000-7f52b8ef6000 r--p 00006000 08:01 1845797                    /usr/lib/x86_64-linux-gnu/libffi.so.6.0.4
7f52b8ef6000-7f52b8ef7000 rw-p 00007000 08:01 1845797                    /usr/lib/x86_64-linux-gnu/libffi.so.6.0.4
7f52b8ef7000-7f52b8f48000 r-xp 00000000 08:01 137031                     /lib/x86_64-linux-gnu/libmount.so.1.1.0
7f52b8f48000-7f52b9147000 ---p 00051000 08:01 137031                     /lib/x86_64-linux-gnu/libmount.so.1.1.0
7f52b9147000-7f52b9149000 r--p 00050000 08:01 137031                     /lib/x86_64-linux-gnu/libmount.so.1.1.0
7f52b9149000-7f52b914a000 rw-p 00052000 08:01 137031                     /lib/x86_64-linux-gnu/libmount.so.1.1.0
7f52b914a000-7f52b914b000 rw-p 00000000 00:00 0 
7f52b914b000-7f52b9162000 r-xp 00000000 08:01 137101                     /lib/x86_64-linux-gnu/libresolv-2.27.so
7f52b9162000-7f52b9362000 ---p 00017000 08:01 137101                     /lib/x86_64-linux-gnu/libresolv-2.27.so
7f52b9362000-7f52b9363000 r--p 00017000 08:01 137101                     /lib/x86_64-linux-gnu/libresolv-2.27.so
7f52b9363000-7f52b9364000 rw-p 00018000 08:01 137101                     /lib/x86_64-linux-gnu/libresolv-2.27.so
7f52b9364000-7f52b9366000 rw-p 00000000 00:00 0 
7f52b9366000-7f52b938b000 r-xp 00000000 08:01 137107                     /lib/x86_64-linux-gnu/libselinux.so.1
7f52b938b000-7f52b958a000 ---p 00025000 08:01 137107                     /lib/x86_64-linux-gnu/libselinux.so.1
7f52b958a000-7f52b958b000 r--p 00024000 08:01 137107                     /lib/x86_64-linux-gnu/libselinux.so.1
7f52b958b000-7f52b958c000 rw-p 00025000 08:01 137107                     /lib/x86_64-linux-gnu/libselinux.so.1
7f52b958c000-7f52b958e000 rw-p 00000000 00:00 0 
7f52b958e000-7f52b96a1000 r-xp 00000000 08:01 1845891                    /usr/lib/x86_64-linux-gnu/libglib-2.0.so.0.5600.3
7f52b96a1000-7f52b98a1000 ---p 00113000 08:01 1845891                    /usr/lib/x86_64-linux-gnu/libglib-2.0.so.0.5600.3
7f52b98a1000-7f52b98a2000 r--p 00113000 08:01 1845891                    /usr/lib/x86_64-linux-gnu/libglib-2.0.so.0.5600.3
7f52b98a2000-7f52b98a3000 rw-p 00114000 08:01 1845891                    /usr/lib/x86_64-linux-gnu/libglib-2.0.so.0.5600.3
7f52b98a3000-7f52b98a4000 rw-p 00000000 00:00 0 
7f52b98a4000-7f52b98a7000 r-xp 00000000 08:01 1845895                    /usr/lib/x86_64-linux-gnu/libgmodule-2.0.so.0.5600.3
7f52b98a7000-7f52b9aa6000 ---p 00003000 08:01 1845895                    /usr/lib/x86_64-linux-gnu/libgmodule-2.0.so.0.5600.3
7f52b9aa6000-7f52b9aa7000 r--p 00002000 08:01 1845895                    /usr/lib/x86_64-linux-gnu/libgmodule-2.0.so.0.5600.3
7f52b9aa7000-7f52b9aa8000 rw-p 00003000 08:01 1845895                    /usr/lib/x86_64-linux-gnu/libgmodule-2.0.so.0.5600.3
7f52b9aa8000-7f52b9afa000 r-xp 00000000 08:01 1845919                    /usr/lib/x86_64-linux-gnu/libgobject-2.0.so.0.5600.3
7f52b9afa000-7f52b9cfa000 ---p 00052000 08:01 1845919                    /usr/lib/x86_64-linux-gnu/libgobject-2.0.so.0.5600.3
7f52b9cfa000-7f52b9cfb000 r--p 00052000 08:01 1845919                    /usr/lib/x86_64-linux-gnu/libgobject-2.0.so.0.5600.3
7f52b9cfb000-7f52b9cfc000 rw-p 00053000 08:01 1845919                    /usr/lib/x86_64-linux-gnu/libgobject-2.0.so.0.5600.3
7f52b9cfc000-7f52b9e91000 r-xp 00000000 08:01 1845885                    /usr/lib/x86_64-linux-gnu/libgio-2.0.so.0.5600.3
7f52b9e91000-7f52ba091000 ---p 00195000 08:01 1845885                    /usr/lib/x86_64-linux-gnu/libgio-2.0.so.0.5600.3
7f52ba091000-7f52ba098000 r--p 00195000 08:01 1845885                    /usr/lib/x86_64-linux-gnu/libgio-2.0.so.0.5600.3
7f52ba098000-7f52ba099000 rw-p 0019c000 08:01 1845885                    /usr/lib/x86_64-linux-gnu/libgio-2.0.so.0.5600.3
7f52ba099000-7f52ba09b000 rw-p 00000000 00:00 0 
7f52ba09b000-7f52ba0a5000 r-xp 00000000 08:01 1845480                    /usr/lib/x86_64-linux-gnu/libXrandr.so.2.2.0
7f52ba0a5000-7f52ba2a4000 ---p 0000a000 08:01 1845480                    /usr/lib/x86_64-linux-gnu/libXrandr.so.2.2.0
7f52ba2a4000-7f52ba2a5000 r--p 00009000 08:01 1845480                    /usr/lib/x86_64-linux-gnu/libXrandr.so.2.2.0
7f52ba2a5000-7f52ba2a6000 rw-p 0000a000 08:01 1845480                    /usr/lib/x86_64-linux-gnu/libXrandr.so.2.2.0
7f52ba2a6000-7f52ba2d7000 r-xp 00000000 08:01 1846319                    /usr/lib/x86_64-linux-gnu/libpng16.so.16.34.0
7f52ba2d7000-7f52ba4d6000 ---p 00031000 08:01 1846319                    /usr/lib/x86_64-linux-gnu/libpng16.so.16.34.0
7f52ba4d6000-7f52ba4d7000 r--p 00030000 08:01 1846319                    /usr/lib/x86_64-linux-gnu/libpng16.so.16.34.0
7f52ba4d7000-7f52ba4d8000 rw-p 00031000 08:01 1846319                    /usr/lib/x86_64-linux-gnu/libpng16.so.16.34.0
7f52ba4d8000-7f52ba585000 r-xp 00000000 08:01 1845829                    /usr/lib/x86_64-linux-gnu/libfreetype.so.6.15.0
7f52ba585000-7f52ba784000 ---p 000ad000 08:01 1845829                    /usr/lib/x86_64-linux-gnu/libfreetype.so.6.15.0
7f52ba784000-7f52ba78b000 r--p 000ac000 08:01 1845829                    /usr/lib/x86_64-linux-gnu/libfreetype.so.6.15.0
7f52ba78b000-7f52ba78c000 rw-p 000b3000 08:01 1845829                    /usr/lib/x86_64-linux-gnu/libfreetype.so.6.15.0
7f52ba78c000-7f52ba849000 r-xp 00000000 08:01 790477                     /usr/lib/jvm/jdk-12.0.1/lib/libfontmanager.so
7f52ba849000-7f52baa48000 ---p 000bd000 08:01 790477                     /usr/lib/jvm/jdk-12.0.1/lib/libfontmanager.so
7f52baa48000-7f52baa4a000 r--p 000bc000 08:01 790477                     /usr/lib/jvm/jdk-12.0.1/lib/libfontmanager.so
7f52baa4a000-7f52baa4b000 rw-p 000be000 08:01 790477                     /usr/lib/jvm/jdk-12.0.1/lib/libfontmanager.so
7f52baa4b000-7f52baa4c000 rw-p 00000000 00:00 0 
7f52baa4c000-7f52baa4e000 r-xp 00000000 08:01 1709133                    /home/kiit/1905243/cnProject/CN-p2p-file-sharing/libnative.so
7f52baa4e000-7f52bac4d000 ---p 00002000 08:01 1709133                    /home/kiit/1905243/cnProject/CN-p2p-file-sharing/libnative.so
7f52bac4d000-7f52bac4e000 r--p 00001000 08:01 1709133                    /home/kiit/1905243/cnProject/CN-p2p-file-sharing/libnative.so
7f52bac4e000-7f52bac4f000 rw-p 00002000 08:01 1709133                    /home/kiit/1905243/cnProject/CN-p2p-file-sharing/libnative.so
7f52bac4f000-7f52bac62000 r-xp 00000000 08:01 136819                     /lib/x86_64-linux-gnu/libbsd.so.0.8.7
7f52bac62000-7f52bae61000 ---p 00013000 08:01 136819                     /lib/x86_64-linux-gnu/libbsd.so.0.8.7
7f52bae61000-7f52bae62000 r--p 00012000 08:01 136819                     /lib/x86_64-linux-gnu/libbsd.so.0.8.7
7f52bae62000-7f52bae63000 rw-p 00013000 08:01 136819                     /lib/x86_64-linux-gnu/libbsd.so.0.8.7
7f52bae63000-7f52bae64000 rw-p 00000000 00:00 0 
7f52bae64000-7f52bae69000 r-xp 00000000 08:01 1845460                    /usr/lib/x86_64-linux-gnu/libXdmcp.so.6.0.0
7f52bae69000-7f52bb068000 ---p 00005000 08:01 1845460                    /usr/lib/x86_64-linux-gnu/libXdmcp.so.6.0.0
7f52bb068000-7f52bb069000 r--p 00004000 08:01 1845460                    /usr/lib/x86_64-linux-gnu/libXdmcp.so.6.0.0
7f52bb069000-7f52bb06a000 rw-p 00005000 08:01 1845460                    /usr/lib/x86_64-linux-gnu/libXdmcp.so.6.0.0
7f52bb06a000-7f52bb06c000 r-xp 00000000 08:01 1855880                    /usr/lib/x86_64-linux-gnu/libXau.so.6.0.0
7f52bb06c000-7f52bb26c000 ---p 00002000 08:01 1855880                    /usr/lib/x86_64-linux-gnu/libXau.so.6.0.0
7f52bb26c000-7f52bb26d000 r--p 00002000 08:01 1855880                    /usr/lib/x86_64-linux-gnu/libXau.so.6.0.0
7f52bb26d000-7f52bb26e000 rw-p 00003000 08:01 1855880                    /usr/lib/x86_64-linux-gnu/libXau.so.6.0.0
7f52bb26e000-7f52bb294000 r-xp 00000000 08:01 1845448                    /usr/lib/x86_64-linux-gnu/libxcb.so.1.1.0
7f52bb294000-7f52bb494000 ---p 00026000 08:01 1845448                    /usr/lib/x86_64-linux-gnu/libxcb.so.1.1.0
7f52bb494000-7f52bb495000 r--p 00026000 08:01 1845448                    /usr/lib/x86_64-linux-gnu/libxcb.so.1.1.0
7f52bb495000-7f52bb496000 rw-p 00027000 08:01 1845448                    /usr/lib/x86_64-linux-gnu/libxcb.so.1.1.0
7f52bb496000-7f52bb4a5000 r-xp 00000000 08:01 1845470                    /usr/lib/x86_64-linux-gnu/libXi.so.6.1.0
7f52bb4a5000-7f52bb6a4000 ---p 0000f000 08:01 1845470                    /usr/lib/x86_64-linux-gnu/libXi.so.6.1.0
7f52bb6a4000-7f52bb6a5000 r--p 0000e000 08:01 1845470                    /usr/lib/x86_64-linux-gnu/libXi.so.6.1.0
7f52bb6a5000-7f52bb6a6000 rw-p 0000f000 08:01 1845470                    /usr/lib/x86_64-linux-gnu/libXi.so.6.1.0
7f52bb6a6000-7f52bb6ab000 r-xp 00000000 08:01 1845488                    /usr/lib/x86_64-linux-gnu/libXtst.so.6.1.0
7f52bb6ab000-7f52bb8aa000 ---p 00005000 08:01 1845488                    /usr/lib/x86_64-linux-gnu/libXtst.so.6.1.0
7f52bb8aa000-7f52bb8ab000 r--p 00004000 08:01 1845488                    /usr/lib/x86_64-linux-gnu/libXtst.so.6.1.0
7f52bb8ab000-7f52bb8ac000 rw-p 00005000 08:01 1845488                    /usr/lib/x86_64-linux-gnu/libXtst.so.6.1.0
7f52bb8ac000-7f52bb8b5000 r-xp 00000000 08:01 1845482                    /usr/lib/x86_64-linux-gnu/libXrender.so.1.3.0
7f52bb8b5000-7f52bbab4000 ---p 00009000 08:01 1845482                    /usr/lib/x86_64-linux-gnu/libXrender.so.1.3.0
7f52bbab4000-7f52bbab5000 r--p 00008000 08:01 1845482                    /usr/lib/x86_64-linux-gnu/libXrender.so.1.3.0
7f52bbab5000-7f52bbab6000 rw-p 00009000 08:01 1845482                    /usr/lib/x86_64-linux-gnu/libXrender.so.1.3.0
7f52bbab6000-7f52bbbe9000 r-xp 00000000 08:01 1846661                    /usr/lib/x86_64-linux-gnu/libX11.so.6.3.0
7f52bbbe9000-7f52bbde9000 ---p 00133000 08:01 1846661                    /usr/lib/x86_64-linux-gnu/libX11.so.6.3.0
7f52bbde9000-7f52bbdea000 r--p 00133000 08:01 1846661                    /usr/lib/x86_64-linux-gnu/libX11.so.6.3.0
7f52bbdea000-7f52bbdee000 rw-p 00134000 08:01 1846661                    /usr/lib/x86_64-linux-gnu/libX11.so.6.3.0
7f52bbdee000-7f52bbdff000 r-xp 00000000 08:01 1845462                    /usr/lib/x86_64-linux-gnu/libXext.so.6.4.0
7f52bbdff000-7f52bbffe000 ---p 00011000 08:01 1845462                    /usr/lib/x86_64-linux-gnu/libXext.so.6.4.0
7f52bbffe000-7f52bbfff000 r--p 00010000 08:01 1845462                    /usr/lib/x86_64-linux-gnu/libXext.so.6.4.0
7f52bbfff000-7f52bc000000 rw-p 00011000 08:01 1845462                    /usr/lib/x86_64-linux-gnu/libXext.so.6.4.0
7f52bc000000-7f52bc49a000 rw-p 00000000 00:00 0 
7f52bc49a000-7f52c0000000 ---p 00000000 00:00 0 
7f52c0000000-7f52c0021000 rw-p 00000000 00:00 0 
7f52c0021000-7f52c4000000 ---p 00000000 00:00 0 
7f52c4000000-7f52c4021000 rw-p 00000000 00:00 0 
7f52c4021000-7f52c8000000 ---p 00000000 00:00 0 
7f52c8000000-7f52c85be000 rw-p 00000000 00:00 0 
7f52c85be000-7f52cc000000 ---p 00000000 00:00 0 
7f52cc000000-7f52cc021000 rw-p 00000000 00:00 0 
7f52cc021000-7f52d0000000 ---p 00000000 00:00 0 
7f52d0000000-7f52d0021000 rw-p 00000000 00:00 0 
7f52d0021000-7f52d4000000 ---p 00000000 00:00 0 
7f52d4000000-7f52d4021000 rw-p 00000000 00:00 0 
7f52d4021000-7f52d8000000 ---p 00000000 00:00 0 
7f52d8017000-7f52d8075000 r-xp 00000000 08:01 790494                     /usr/lib/jvm/jdk-12.0.1/lib/libawt_xawt.so
7f52d8075000-7f52d8274000 ---p 0005e000 08:01 790494                     /usr/lib/jvm/jdk-12.0.1/lib/libawt_xawt.so
7f52d8274000-7f52d8275000 r--p 0005d000 08:01 790494                     /usr/lib/jvm/jdk-12.0.1/lib/libawt_xawt.so
7f52d8275000-7f52d8278000 rw-p 0005e000 08:01 790494                     /usr/lib/jvm/jdk-12.0.1/lib/libawt_xawt.so
7f52d8278000-7f52d827a000 rw-p 00000000 00:00 0 
7f52d827a000-7f52d831a000 r-xp 00000000 08:01 790495                     /usr/lib/jvm/jdk-12.0.1/lib/libawt.so
7f52d831a000-7f52d851a000 ---p 000a0000 08:01 790495                     /usr/lib/jvm/jdk-12.0.1/lib/libawt.so
7f52d851a000-7f52d851b000 r--p 000a0000 08:01 790495                     /usr/lib/jvm/jdk-12.0.1/lib/libawt.so
7f52d851b000-7f52d8526000 rw-p 000a1000 08:01 790495                     /usr/lib/jvm/jdk-12.0.1/lib/libawt.so
7f52d8526000-7f52d854b000 rw-p 00000000 00:00 0 
7f52d854b000-7f52d8561000 r-xp 00000000 08:01 796432                     /usr/lib/jvm/jdk-12.0.1/lib/libnet.so
7f52d8561000-7f52d8761000 ---p 00016000 08:01 796432                     /usr/lib/jvm/jdk-12.0.1/lib/libnet.so
7f52d8761000-7f52d8762000 r--p 00016000 08:01 796432                     /usr/lib/jvm/jdk-12.0.1/lib/libnet.so
7f52d8762000-7f52d8763000 rw-p 00017000 08:01 796432                     /usr/lib/jvm/jdk-12.0.1/lib/libnet.so
7f52d8763000-7f52d8774000 r-xp 00000000 08:01 796429                     /usr/lib/jvm/jdk-12.0.1/lib/libnio.so
7f52d8774000-7f52d8973000 ---p 00011000 08:01 796429                     /usr/lib/jvm/jdk-12.0.1/lib/libnio.so
7f52d8973000-7f52d8974000 r--p 00010000 08:01 796429                     /usr/lib/jvm/jdk-12.0.1/lib/libnio.so
7f52d8974000-7f52d8975000 rw-p 00011000 08:01 796429                     /usr/lib/jvm/jdk-12.0.1/lib/libnio.so
7f52d8975000-7f52d8979000 ---p 00000000 00:00 0 
7f52d8979000-7f52d8a76000 rw-p 00000000 00:00 0 
7f52d8a76000-7f52d8a77000 ---p 00000000 00:00 0 
7f52d8a77000-7f52d8b78000 rw-p 00000000 00:00 0 
7f52d8b78000-7f52d8de8000 rwxp 00000000 00:00 0 
7f52d8de8000-7f52d9107000 ---p 00000000 00:00 0 
7f52d9107000-7f52d9377000 rwxp 00000000 00:00 0 
7f52d9377000-7f52e063f000 ---p 00000000 00:00 0 
7f52e063f000-7f52e08af000 rwxp 00000000 00:00 0 
7f52e08af000-7f52e7b78000 ---p 00000000 00:00 0 
7f52e7b78000-7f52f0000000 r--s 00000000 08:01 790479                     /usr/lib/jvm/jdk-12.0.1/lib/modules
7f52f0000000-7f52f037e000 rw-p 00000000 00:00 0 
7f52f037e000-7f52f4000000 ---p 00000000 00:00 0 
7f52f405d000-7f52f408a000 r--p 00000000 08:01 264999                     /usr/share/glib-2.0/schemas/gschemas.compiled
7f52f408a000-7f52f408e000 ---p 00000000 00:00 0 
7f52f408e000-7f52f418b000 rw-p 00000000 00:00 0 
7f52f418b000-7f52f418f000 ---p 00000000 00:00 0 
7f52f418f000-7f52f428c000 rw-p 00000000 00:00 0 
7f52f428c000-7f52f4290000 ---p 00000000 00:00 0 
7f52f4290000-7f52f438d000 rw-p 00000000 00:00 0 
7f52f438d000-7f52f4391000 ---p 00000000 00:00 0 
7f52f4391000-7f52f448e000 rw-p 00000000 00:00 0 
7f52f448e000-7f52f4492000 ---p 00000000 00:00 0 
7f52f4492000-7f52f458f000 rw-p 00000000 00:00 0 
7f52f458f000-7f52f4f5e000 r--p 00000000 08:01 1841870                    /usr/lib/locale/locale-archive
7f52f4f5e000-7f52f4f62000 ---p 00000000 00:00 0 
7f52f4f62000-7f52f505f000 rw-p 00000000 00:00 0 
7f52f505f000-7f52f5063000 ---p 00000000 00:00 0 
7f52f5063000-7f52f5160000 rw-p 00000000 00:00 0 
7f52f5160000-7f52f5161000 ---p 00000000 00:00 0 
7f52f5161000-7f52f5b53000 rw-p 00000000 00:00 0 
7f52f5b53000-7f52f5c88000 ---p 00000000 00:00 0 
7f52f5c88000-7f52f5c93000 rw-p 00000000 00:00 0 
7f52f5c93000-7f52f5d2c000 ---p 00000000 00:00 0 
7f52f5d2c000-7f52f5d42000 rw-p 00000000 00:00 0 
7f52f5d42000-7f52f5e76000 ---p 00000000 00:00 0 
7f52f5e76000-7f52f5e7c000 rw-p 00000000 00:00 0 
7f52f5e7c000-7f52f5f62000 ---p 00000000 00:00 0 
7f52f5f62000-7f52f5f67000 rw-p 00000000 00:00 0 
7f52f5f67000-7f52f604d000 ---p 00000000 00:00 0 
7f52f604d000-7f52f6068000 r-xp 00000000 08:01 790509                     /usr/lib/jvm/jdk-12.0.1/lib/libjimage.so
7f52f6068000-7f52f6267000 ---p 0001b000 08:01 790509                     /usr/lib/jvm/jdk-12.0.1/lib/libjimage.so
7f52f6267000-7f52f6269000 r--p 0001a000 08:01 790509                     /usr/lib/jvm/jdk-12.0.1/lib/libjimage.so
7f52f6269000-7f52f626a000 rw-p 0001c000 08:01 790509                     /usr/lib/jvm/jdk-12.0.1/lib/libjimage.so
7f52f626a000-7f52f6271000 r-xp 00000000 08:01 790511                     /usr/lib/jvm/jdk-12.0.1/lib/libzip.so
7f52f6271000-7f52f6470000 ---p 00007000 08:01 790511                     /usr/lib/jvm/jdk-12.0.1/lib/libzip.so
7f52f6470000-7f52f6471000 r--p 00006000 08:01 790511                     /usr/lib/jvm/jdk-12.0.1/lib/libzip.so
7f52f6471000-7f52f6472000 rw-p 00007000 08:01 790511                     /usr/lib/jvm/jdk-12.0.1/lib/libzip.so
7f52f6472000-7f52f647d000 r-xp 00000000 08:01 137052                     /lib/x86_64-linux-gnu/libnss_files-2.27.so
7f52f647d000-7f52f667c000 ---p 0000b000 08:01 137052                     /lib/x86_64-linux-gnu/libnss_files-2.27.so
7f52f667c000-7f52f667d000 r--p 0000a000 08:01 137052                     /lib/x86_64-linux-gnu/libnss_files-2.27.so
7f52f667d000-7f52f667e000 rw-p 0000b000 08:01 137052                     /lib/x86_64-linux-gnu/libnss_files-2.27.so
7f52f667e000-7f52f6684000 rw-p 00000000 00:00 0 
7f52f6684000-7f52f669b000 r-xp 00000000 08:01 137046                     /lib/x86_64-linux-gnu/libnsl-2.27.so
7f52f669b000-7f52f689a000 ---p 00017000 08:01 137046                     /lib/x86_64-linux-gnu/libnsl-2.27.so
7f52f689a000-7f52f689b000 r--p 00016000 08:01 137046                     /lib/x86_64-linux-gnu/libnsl-2.27.so
7f52f689b000-7f52f689c000 rw-p 00017000 08:01 137046                     /lib/x86_64-linux-gnu/libnsl-2.27.so
7f52f689c000-7f52f689e000 rw-p 00000000 00:00 0 
7f52f689e000-7f52f68a9000 r-xp 00000000 08:01 137063                     /lib/x86_64-linux-gnu/libnss_nis-2.27.so
7f52f68a9000-7f52f6aa8000 ---p 0000b000 08:01 137063                     /lib/x86_64-linux-gnu/libnss_nis-2.27.so
7f52f6aa8000-7f52f6aa9000 r--p 0000a000 08:01 137063                     /lib/x86_64-linux-gnu/libnss_nis-2.27.so
7f52f6aa9000-7f52f6aaa000 rw-p 0000b000 08:01 137063                     /lib/x86_64-linux-gnu/libnss_nis-2.27.so
7f52f6aaa000-7f52f6ab2000 r-xp 00000000 08:01 137048                     /lib/x86_64-linux-gnu/libnss_compat-2.27.so
7f52f6ab2000-7f52f6cb2000 ---p 00008000 08:01 137048                     /lib/x86_64-linux-gnu/libnss_compat-2.27.so
7f52f6cb2000-7f52f6cb3000 r--p 00008000 08:01 137048                     /lib/x86_64-linux-gnu/libnss_compat-2.27.so
7f52f6cb3000-7f52f6cb4000 rw-p 00009000 08:01 137048                     /lib/x86_64-linux-gnu/libnss_compat-2.27.so
7f52f6cb4000-7f52f6cdc000 r-xp 00000000 08:01 790481                     /usr/lib/jvm/jdk-12.0.1/lib/libjava.so
7f52f6cdc000-7f52f6edb000 ---p 00028000 08:01 790481                     /usr/lib/jvm/jdk-12.0.1/lib/libjava.so
7f52f6edb000-7f52f6edc000 r--p 00027000 08:01 790481                     /usr/lib/jvm/jdk-12.0.1/lib/libjava.so
7f52f6edc000-7f52f6ede000 rw-p 00028000 08:01 790481                     /usr/lib/jvm/jdk-12.0.1/lib/libjava.so
7f52f6ede000-7f52f6eeb000 r-xp 00000000 08:01 796437                     /usr/lib/jvm/jdk-12.0.1/lib/libverify.so
7f52f6eeb000-7f52f70ea000 ---p 0000d000 08:01 796437                     /usr/lib/jvm/jdk-12.0.1/lib/libverify.so
7f52f70ea000-7f52f70ec000 r--p 0000c000 08:01 796437                     /usr/lib/jvm/jdk-12.0.1/lib/libverify.so
7f52f70ec000-7f52f70ed000 rw-p 0000e000 08:01 796437                     /usr/lib/jvm/jdk-12.0.1/lib/libverify.so
7f52f70ed000-7f52f70f4000 r-xp 00000000 08:01 137103                     /lib/x86_64-linux-gnu/librt-2.27.so
7f52f70f4000-7f52f72f3000 ---p 00007000 08:01 137103                     /lib/x86_64-linux-gnu/librt-2.27.so
7f52f72f3000-7f52f72f4000 r--p 00006000 08:01 137103                     /lib/x86_64-linux-gnu/librt-2.27.so
7f52f72f4000-7f52f72f5000 rw-p 00007000 08:01 137103                     /lib/x86_64-linux-gnu/librt-2.27.so
7f52f72f5000-7f52f7492000 r-xp 00000000 08:01 137025                     /lib/x86_64-linux-gnu/libm-2.27.so
7f52f7492000-7f52f7691000 ---p 0019d000 08:01 137025                     /lib/x86_64-linux-gnu/libm-2.27.so
7f52f7691000-7f52f7692000 r--p 0019c000 08:01 137025                     /lib/x86_64-linux-gnu/libm-2.27.so
7f52f7692000-7f52f7693000 rw-p 0019d000 08:01 137025                     /lib/x86_64-linux-gnu/libm-2.27.so
7f52f7693000-7f52f87f7000 r-xp 00000000 08:01 937605                     /usr/lib/jvm/jdk-12.0.1/lib/server/libjvm.so
7f52f87f7000-7f52f89f7000 ---p 01164000 08:01 937605                     /usr/lib/jvm/jdk-12.0.1/lib/server/libjvm.so
7f52f89f7000-7f52f8ab8000 r--p 01164000 08:01 937605                     /usr/lib/jvm/jdk-12.0.1/lib/server/libjvm.so
7f52f8ab8000-7f52f8af1000 rw-p 01225000 08:01 937605                     /usr/lib/jvm/jdk-12.0.1/lib/server/libjvm.so
7f52f8af1000-7f52f8b74000 rw-p 00000000 00:00 0 
7f52f8b74000-7f52f8d5b000 r-xp 00000000 08:01 136962                     /lib/x86_64-linux-gnu/libc-2.27.so
7f52f8d5b000-7f52f8f5b000 ---p 001e7000 08:01 136962                     /lib/x86_64-linux-gnu/libc-2.27.so
7f52f8f5b000-7f52f8f5f000 r--p 001e7000 08:01 136962                     /lib/x86_64-linux-gnu/libc-2.27.so
7f52f8f5f000-7f52f8f61000 rw-p 001eb000 08:01 136962                     /lib/x86_64-linux-gnu/libc-2.27.so
7f52f8f61000-7f52f8f65000 rw-p 00000000 00:00 0 
7f52f8f65000-7f52f8f68000 r-xp 00000000 08:01 136985                     /lib/x86_64-linux-gnu/libdl-2.27.so
7f52f8f68000-7f52f9167000 ---p 00003000 08:01 136985                     /lib/x86_64-linux-gnu/libdl-2.27.so
7f52f9167000-7f52f9168000 r--p 00002000 08:01 136985                     /lib/x86_64-linux-gnu/libdl-2.27.so
7f52f9168000-7f52f9169000 rw-p 00003000 08:01 136985                     /lib/x86_64-linux-gnu/libdl-2.27.so
7f52f9169000-7f52f9183000 r-xp 00000000 08:01 137095                     /lib/x86_64-linux-gnu/libpthread-2.27.so
7f52f9183000-7f52f9382000 ---p 0001a000 08:01 137095                     /lib/x86_64-linux-gnu/libpthread-2.27.so
7f52f9382000-7f52f9383000 r--p 00019000 08:01 137095                     /lib/x86_64-linux-gnu/libpthread-2.27.so
7f52f9383000-7f52f9384000 rw-p 0001a000 08:01 137095                     /lib/x86_64-linux-gnu/libpthread-2.27.so
7f52f9384000-7f52f9388000 rw-p 00000000 00:00 0 
7f52f9388000-7f52f9398000 r-xp 00000000 08:01 790513                     /usr/lib/jvm/jdk-12.0.1/lib/libjli.so
7f52f9398000-7f52f9597000 ---p 00010000 08:01 790513                     /usr/lib/jvm/jdk-12.0.1/lib/libjli.so
7f52f9597000-7f52f9598000 r--p 0000f000 08:01 790513                     /usr/lib/jvm/jdk-12.0.1/lib/libjli.so
7f52f9598000-7f52f9599000 rw-p 00010000 08:01 790513                     /usr/lib/jvm/jdk-12.0.1/lib/libjli.so
7f52f9599000-7f52f95b5000 r-xp 00000000 08:01 137134                     /lib/x86_64-linux-gnu/libz.so.1.2.11
7f52f95b5000-7f52f97b4000 ---p 0001c000 08:01 137134                     /lib/x86_64-linux-gnu/libz.so.1.2.11
7f52f97b4000-7f52f97b5000 r--p 0001b000 08:01 137134                     /lib/x86_64-linux-gnu/libz.so.1.2.11
7f52f97b5000-7f52f97b6000 rw-p 0001c000 08:01 137134                     /lib/x86_64-linux-gnu/libz.so.1.2.11
7f52f97b6000-7f52f97dd000 r-xp 00000000 08:01 136934                     /lib/x86_64-linux-gnu/ld-2.27.so
7f52f9802000-7f52f98bb000 rw-p 00000000 00:00 0 
7f52f98bb000-7f52f98c2000 ---p 00000000 00:00 0 
7f52f98c2000-7f52f98c6000 ---p 00000000 00:00 0 
7f52f98c6000-7f52f99c7000 rw-p 00000000 00:00 0 
7f52f99cd000-7f52f99d1000 r--p 00000000 08:01 1574428                    /home/kiit/.config/dconf/user
7f52f99d1000-7f52f99d2000 r--s 00000000 00:2e 35                         /run/user/1000/dconf/user
7f52f99d2000-7f52f99da000 rw-s 00000000 08:01 790427                     /tmp/hsperfdata_kiit/3308
7f52f99da000-7f52f99db000 ---p 00000000 00:00 0 
7f52f99db000-7f52f99dc000 r--p 00000000 00:00 0 
7f52f99dc000-7f52f99dd000 ---p 00000000 00:00 0 
7f52f99dd000-7f52f99de000 r--p 00027000 08:01 136934                     /lib/x86_64-linux-gnu/ld-2.27.so
7f52f99de000-7f52f99df000 rw-p 00028000 08:01 136934                     /lib/x86_64-linux-gnu/ld-2.27.so
7f52f99df000-7f52f99e0000 rw-p 00000000 00:00 0 
7ffd5d2b5000-7ffd5d2d6000 rw-p 00000000 00:00 0                          [stack]
7ffd5d374000-7ffd5d377000 r--p 00000000 00:00 0                          [vvar]
7ffd5d377000-7ffd5d379000 r-xp 00000000 00:00 0                          [vdso]
ffffffffff600000-ffffffffff601000 r-xp 00000000 00:00 0                  [vsyscall]


VM Arguments:
jvm_args: -Djava.library.path=. 
java_command: Gui
java_class_path (initial): .
Launcher Type: SUN_STANDARD

[Global flags]
     intx CICompilerCount                          = 2                                         {product} {ergonomic}
   size_t InitialHeapSize                          = 65011712                                  {product} {ergonomic}
   size_t MaxHeapSize                              = 1035993088                                {product} {ergonomic}
   size_t MaxNewSize                               = 345309184                                 {product} {ergonomic}
   size_t MinHeapDeltaBytes                        = 196608                                    {product} {ergonomic}
   size_t NewSize                                  = 21626880                                  {product} {ergonomic}
    uintx NonNMethodCodeHeapSize                   = 5825164                                {pd product} {ergonomic}
    uintx NonProfiledCodeHeapSize                  = 122916538                              {pd product} {ergonomic}
   size_t OldSize                                  = 43384832                                  {product} {ergonomic}
    uintx ProfiledCodeHeapSize                     = 122916538                              {pd product} {ergonomic}
    uintx ReservedCodeCacheSize                    = 251658240                              {pd product} {ergonomic}
     bool SegmentedCodeCache                       = true                                      {product} {ergonomic}
     bool UseCompressedClassPointers               = true                                 {lp64_product} {ergonomic}
     bool UseCompressedOops                        = true                                 {lp64_product} {ergonomic}
     bool UseSerialGC                              = true                                      {product} {ergonomic}

Logging:
Log output configuration:
 #0: stdout all=warning uptime,level,tags
 #1: stderr all=off uptime,level,tags

Environment Variables:
JAVA_HOME=/usr/lib/jvm/jdk-12.0.1
PATH=/usr/local/sbin:/usr/local/bin:/usr/sbin:/usr/bin:/sbin:/bin:/usr/games:/usr/local/games:/snap/bin:/usr/lib/jvm/jdk-12.0.1/bin
USERNAME=kiit
SHELL=/bin/bash
DISPLAY=:0

Signal Handlers:
SIGSEGV: [libjvm.so+0xe45640], sa_mask[0]=11111111011111111101111111111110, sa_flags=SA_RESTART|SA_SIGINFO
SIGBUS: [libjvm.so+0xe45640], sa_mask[0]=11111111011111111101111111111110, sa_flags=SA_RESTART|SA_SIGINFO
SIGFPE: [libjvm.so+0xe45640], sa_mask[0]=11111111011111111101111111111110, sa_flags=SA_RESTART|SA_SIGINFO
SIGPIPE: SIG_IGN, sa_mask[0]=00000000000010000000000000000000, sa_flags=SA_RESTART
SIGXFSZ: [libjvm.so+0xbf4b50], sa_mask[0]=11111111011111111101111111111110, sa_flags=SA_RESTART|SA_SIGINFO
SIGILL: [libjvm.so+0xe45640], sa_mask[0]=11111111011111111101111111111110, sa_flags=SA_RESTART|SA_SIGINFO
SIGUSR2: [libjvm.so+0xbf49f0], sa_mask[0]=00000000000000000000000000000000, sa_flags=SA_RESTART|SA_SIGINFO
SIGHUP: [libjvm.so+0xbf4d50], sa_mask[0]=11111111011111111101111111111110, sa_flags=SA_RESTART|SA_SIGINFO
SIGINT: [libjvm.so+0xbf4d50], sa_mask[0]=11111111011111111101111111111110, sa_flags=SA_RESTART|SA_SIGINFO
SIGTERM: [libjvm.so+0xbf4d50], sa_mask[0]=11111111011111111101111111111110, sa_flags=SA_RESTART|SA_SIGINFO
SIGQUIT: [libjvm.so+0xbf4d50], sa_mask[0]=11111111011111111101111111111110, sa_flags=SA_RESTART|SA_SIGINFO


---------------  S Y S T E M  ---------------

OS:DISTRIB_ID=Ubuntu
DISTRIB_RELEASE=18.04
DISTRIB_CODENAME=bionic
DISTRIB_DESCRIPTION="Ubuntu 18.04.2 LTS"
uname:Linux 4.18.0-25-generic #26~18.04.1-Ubuntu SMP Thu Jun 27 07:28:31 UTC 2019 x86_64
libc:glibc 2.27 NPTL 2.27 
rlimit: STACK 8192k, CORE 0k, NPROC 15535, NOFILE 4096, AS infinity, DATA infinity, FSIZE infinity
load average:0.65 0.34 0.46

/proc/meminfo:
MemTotal:        4039524 kB
MemFree:         1079316 kB
MemAvailable:    2610112 kB
Buffers:          123328 kB
Cached:          1648292 kB
SwapCached:            0 kB
Active:          1467348 kB
Inactive:        1236140 kB
Active(anon):     932820 kB
Inactive(anon):   100888 kB
Active(file):     534528 kB
Inactive(file):  1135252 kB
Unevictable:          32 kB
Mlocked:              32 kB
SwapTotal:       1471128 kB
SwapFree:        1471128 kB
Dirty:                92 kB
Writeback:             0 kB
AnonPages:        931968 kB
Mapped:           340952 kB
Shmem:            101820 kB
Slab:             160980 kB
SReclaimable:     127372 kB
SUnreclaim:        33608 kB
KernelStack:        7184 kB
PageTables:        33012 kB
NFS_Unstable:          0 kB
Bounce:                0 kB
WritebackTmp:          0 kB
CommitLimit:     3490888 kB
Committed_AS:    3980404 kB
VmallocTotal:   34359738367 kB
VmallocUsed:           0 kB
VmallocChunk:          0 kB
HardwareCorrupted:     0 kB
AnonHugePages:         0 kB
ShmemHugePages:        0 kB
ShmemPmdMapped:        0 kB
CmaTotal:              0 kB
CmaFree:               0 kB
HugePages_Total:       0
HugePages_Free:        0
HugePages_Rsvd:        0
HugePages_Surp:        0
Hugepagesize:       2048 kB
Hugetlb:               0 kB
DirectMap4k:      122816 kB
DirectMap2M:     4071424 kB


/proc/sys/kernel/threads-max (system-wide limit on the number of threads):
31070


/proc/sys/vm/max_map_count (maximum number of memory map areas a process may have):
65530


/proc/sys/kernel/pid_max (system-wide limit on number of process identifiers):
32768



container (cgroup) information:
container_type: cgroupv1
cpu_cpuset_cpus: 0
cpu_memory_nodes: 0
active_processor_count: 1
cpu_quota: -1
cpu_period: 100000
cpu_shares: -1
memory_limit_in_bytes: -1
memory_and_swap_limit_in_bytes: -2
memory_soft_limit_in_bytes: -1
memory_usage_in_bytes: 2768400384
memory_max_usage_in_bytes: 0


CPU:total 1 (initial active 1) (1 cores per cpu, 1 threads per core) family 6 model 142 stepping 10, cmov, cx8, fxsr, mmx, sse, sse2, sse3, ssse3, sse4.1, sse4.2, popcnt, avx, avx2, aes, clmul, 3dnowpref, lzcnt, tsc, tscinvbit
CPU Model and flags from /proc/cpuinfo:
model name	: Intel(R) Core(TM) i5-8250U CPU @ 1.60GHz
flags		: fpu vme de pse tsc msr pae mce cx8 apic sep mtrr pge mca cmov pat pse36 clflush mmx fxsr sse sse2 ht syscall nx rdtscp lm constant_tsc rep_good nopl xtopology nonstop_tsc cpuid tsc_known_freq pni pclmulqdq monitor ssse3 cx16 pcid sse4_1 sse4_2 x2apic movbe popcnt aes xsave avx rdrand hypervisor lahf_lm abm 3dnowprefetch invpcid_single pti fsgsbase avx2 invpcid rdseed clflushopt md_clear flush_l1d

Memory: 4k page, physical 4039524k(1079316k free), swap 1471128k(1471128k free)

vm_info: Java HotSpot(TM) 64-Bit Server VM (12.0.1+12) for linux-amd64 JRE (12.0.1+12), built on Apr  1 2019 23:46:14 by "mach5one" with gcc 7.3.0

END.
