#
# A fatal error has been detected by the Java Runtime Environment:
#
#  SIGSEGV (0xb) at pc=0x00007fb7f0b956e2, pid=3432, tid=3450
#
# JRE version: Java(TM) SE Runtime Environment (12.0.1+12) (build 12.0.1+12)
# Java VM: Java HotSpot(TM) 64-Bit Server VM (12.0.1+12, mixed mode, sharing, tiered, compressed oops, serial gc, linux-amd64)
# Problematic frame:
# j  java.lang.String.valueOf(Ljava/lang/Object;)Ljava/lang/String;+10 java.base@12.0.1
#
# Core dump will be written. Default location: Core dumps may be processed with "/usr/share/apport/apport %p %s %c %d %P" (or dumping to /home/kiit/1905243/cnProject/CN-p2p-file-sharing/core.3432)
#
# If you would like to submit a bug report, please visit:
#   http://bugreport.java.com/bugreport/crash.jsp
#

---------------  S U M M A R Y ------------

Command Line: -Djava.library.path=. Gui

Host: Intel(R) Core(TM) i5-8250U CPU @ 1.60GHz, 1 cores, 3G, Ubuntu 18.04.2 LTS
Time: Sat Jan  1 21:54:53 2022 IST elapsed time: 8 seconds (0d 0h 0m 8s)

---------------  T H R E A D  ---------------

Current thread (0x00007fb7ec005800):  JavaThread "AWT-EventQueue-0" [_thread_in_Java, id=3450, stack(0x00007fb7cd9d0000,0x00007fb7cdad1000)]

Stack: [0x00007fb7cd9d0000,0x00007fb7cdad1000],  sp=0x00007fb7cdace780,  free space=1017k
Native frames: (J=compiled Java code, A=aot compiled Java code, j=interpreted, Vv=VM code, C=native code)
j  java.lang.String.valueOf(Ljava/lang/Object;)Ljava/lang/String;+10 java.base@12.0.1
j  java.io.PrintStream.print(Ljava/lang/String;)V+2 java.base@12.0.1
j  java.io.PrintStream.println(Ljava/lang/String;)V+6 java.base@12.0.1
j  Login.actionPerformed(Ljava/awt/event/ActionEvent;)V+48
j  javax.swing.AbstractButton.fireActionPerformed(Ljava/awt/event/ActionEvent;)V+83 java.desktop@12.0.1
j  javax.swing.AbstractButton$Handler.actionPerformed(Ljava/awt/event/ActionEvent;)V+5 java.desktop@12.0.1
j  javax.swing.DefaultButtonModel.fireActionPerformed(Ljava/awt/event/ActionEvent;)V+34 java.desktop@12.0.1
j  javax.swing.DefaultButtonModel.setPressed(Z)V+117 java.desktop@12.0.1
j  javax.swing.plaf.basic.BasicButtonListener.mouseReleased(Ljava/awt/event/MouseEvent;)V+35 java.desktop@12.0.1
j  java.awt.Component.processMouseEvent(Ljava/awt/event/MouseEvent;)V+64 java.desktop@12.0.1
j  javax.swing.JComponent.processMouseEvent(Ljava/awt/event/MouseEvent;)V+23 java.desktop@12.0.1
j  java.awt.Component.processEvent(Ljava/awt/AWTEvent;)V+81 java.desktop@12.0.1
j  java.awt.Container.processEvent(Ljava/awt/AWTEvent;)V+18 java.desktop@12.0.1
j  java.awt.Component.dispatchEventImpl(Ljava/awt/AWTEvent;)V+496 java.desktop@12.0.1
j  java.awt.Container.dispatchEventImpl(Ljava/awt/AWTEvent;)V+42 java.desktop@12.0.1
j  java.awt.Component.dispatchEvent(Ljava/awt/AWTEvent;)V+2 java.desktop@12.0.1
j  java.awt.LightweightDispatcher.retargetMouseEvent(Ljava/awt/Component;ILjava/awt/event/MouseEvent;)V+349 java.desktop@12.0.1
j  java.awt.LightweightDispatcher.processMouseEvent(Ljava/awt/event/MouseEvent;)Z+155 java.desktop@12.0.1
j  java.awt.LightweightDispatcher.dispatchEvent(Ljava/awt/AWTEvent;)Z+50 java.desktop@12.0.1
j  java.awt.Container.dispatchEventImpl(Ljava/awt/AWTEvent;)V+12 java.desktop@12.0.1
j  java.awt.Window.dispatchEventImpl(Ljava/awt/AWTEvent;)V+19 java.desktop@12.0.1
j  java.awt.Component.dispatchEvent(Ljava/awt/AWTEvent;)V+2 java.desktop@12.0.1
j  java.awt.EventQueue.dispatchEventImpl(Ljava/awt/AWTEvent;Ljava/lang/Object;)V+41 java.desktop@12.0.1
j  java.awt.EventQueue$4.run()Ljava/lang/Void;+32 java.desktop@12.0.1
j  java.awt.EventQueue$4.run()Ljava/lang/Object;+1 java.desktop@12.0.1
J 796 c1 java.security.AccessController.executePrivileged(Ljava/security/PrivilegedAction;Ljava/security/AccessControlContext;Ljava/lang/Class;)Ljava/lang/Object; java.base@12.0.1 (65 bytes) @ 0x00007fb7f124b1e4 [0x00007fb7f124b080+0x0000000000000164]
j  java.security.AccessController.doPrivileged(Ljava/security/PrivilegedAction;Ljava/security/AccessControlContext;)Ljava/lang/Object;+13 java.base@12.0.1
j  java.security.ProtectionDomain$JavaSecurityAccessImpl.doIntersectionPrivilege(Ljava/security/PrivilegedAction;Ljava/security/AccessControlContext;Ljava/security/AccessControlContext;)Ljava/lang/Object;+18 java.base@12.0.1
j  java.security.ProtectionDomain$JavaSecurityAccessImpl.doIntersectionPrivilege(Ljava/security/PrivilegedAction;Ljava/security/AccessControlContext;)Ljava/lang/Object;+6 java.base@12.0.1
j  java.awt.EventQueue$5.run()Ljava/lang/Void;+11 java.desktop@12.0.1
j  java.awt.EventQueue$5.run()Ljava/lang/Object;+1 java.desktop@12.0.1
J 796 c1 java.security.AccessController.executePrivileged(Ljava/security/PrivilegedAction;Ljava/security/AccessControlContext;Ljava/lang/Class;)Ljava/lang/Object; java.base@12.0.1 (65 bytes) @ 0x00007fb7f124b1e4 [0x00007fb7f124b080+0x0000000000000164]
j  java.security.AccessController.doPrivileged(Ljava/security/PrivilegedAction;Ljava/security/AccessControlContext;)Ljava/lang/Object;+13 java.base@12.0.1
j  java.security.ProtectionDomain$JavaSecurityAccessImpl.doIntersectionPrivilege(Ljava/security/PrivilegedAction;Ljava/security/AccessControlContext;Ljava/security/AccessControlContext;)Ljava/lang/Object;+18 java.base@12.0.1
j  java.awt.EventQueue.dispatchEvent(Ljava/awt/AWTEvent;)V+73 java.desktop@12.0.1
j  java.awt.EventDispatchThread.pumpOneEventForFilters(I)V+78 java.desktop@12.0.1
j  java.awt.EventDispatchThread.pumpEventsForFilter(ILjava/awt/Conditional;Ljava/awt/EventFilter;)V+35 java.desktop@12.0.1
j  java.awt.EventDispatchThread.pumpEventsForHierarchy(ILjava/awt/Conditional;Ljava/awt/Component;)V+11 java.desktop@12.0.1
j  java.awt.EventDispatchThread.pumpEvents(ILjava/awt/Conditional;)V+4 java.desktop@12.0.1
j  java.awt.EventDispatchThread.pumpEvents(Ljava/awt/Conditional;)V+3 java.desktop@12.0.1
j  java.awt.EventDispatchThread.run()V+9 java.desktop@12.0.1
v  ~StubRoutines::call_stub
V  [libjvm.so+0x86fc39]  JavaCalls::call_helper(JavaValue*, methodHandle const&, JavaCallArguments*, Thread*)+0x3c9
V  [libjvm.so+0x86dbcd]  JavaCalls::call_virtual(JavaValue*, Handle, Klass*, Symbol*, Symbol*, Thread*)+0x1ed
V  [libjvm.so+0x91ae9c]  thread_entry(JavaThread*, Thread*)+0x6c
V  [libjvm.so+0xdd533f]  JavaThread::thread_main_inner()+0x22f
V  [libjvm.so+0xdd21bf]  Thread::call_run()+0x16f
V  [libjvm.so+0xbfe94e]  thread_native_entry(Thread*)+0xee


siginfo: si_signo: 11 (SIGSEGV), si_code: 1 (SEGV_MAPERR), si_addr: 0x00000000676f4c08

Register to memory mapping:

RAX=0x0 is NULL
RBX=0x0000000000000002 is an unknown value
RCX=0x00000000676f4c00 is an unknown value
RDX=0x0000000080000001 is an unknown value
RSP=0x00007fb7cdace780 is pointing into the stack for thread: 0x00007fb7ec005800
RBP=0x00007fb7cdace7d8 is pointing into the stack for thread: 0x00007fb7ec005800
RSI=0x00007fb7cdace860 is pointing into the stack for thread: 0x00007fb7ec005800
RDI=0x00007fb7ec0061d0 points into unknown readable memory: 03 00 00 00 1e 00 00 00
R8 ={method} {0x0000000800339428} 'println' '(Ljava/lang/String;)V' in 'java/io/PrintStream'
R9 =0x0000000000000004 is an unknown value
R10=0x00007fb810f4ad80: <offset 0x00000000014ced80> in /usr/lib/jvm/jdk-12.0.1/lib/server/libjvm.so at 0x00007fb80fa7c000
R11=0x00007fb80800c9e0 points into unknown readable memory: 00 00 00 00 00 00 00 00
R12=0x0 is NULL
R13=0x00000008009cd0ba is pointing into metadata
R14=0x00007fb7cdace7e8 is pointing into the stack for thread: 0x00007fb7ec005800
R15=0x00007fb7ec005800 is a thread


Registers:
RAX=0x0000000000000000, RBX=0x0000000000000002, RCX=0x00000000676f4c00, RDX=0x0000000080000001
RSP=0x00007fb7cdace780, RBP=0x00007fb7cdace7d8, RSI=0x00007fb7cdace860, RDI=0x00007fb7ec0061d0
R8 =0x0000000800339428, R9 =0x0000000000000004, R10=0x00007fb810f4ad80, R11=0x00007fb80800c9e0
R12=0x0000000000000000, R13=0x00000008009cd0ba, R14=0x00007fb7cdace7e8, R15=0x00007fb7ec005800
RIP=0x00007fb7f0b956e2, EFLAGS=0x0000000000010246, CSGSFS=0x002b000000000033, ERR=0x0000000000000004
  TRAPNO=0x000000000000000e

Top of Stack: (sp=0x00007fb7cdace780)
0x00007fb7cdace780:   00007fb7f0b81a00 00000000676f4c00
0x00007fb7cdace790:   00007fb7cdace790 00000008009cd0ba
0x00007fb7cdace7a0:   00007fb7cdace7e8 0000000800359a88
0x00007fb7cdace7b0:   00007fb80d829db0 00000000c2400b30 

Instructions: (pc=0x00007fb7f0b956e2)
0x00007fb7f0b956c2:   10 4c 8b 68 d8 41 83 ed 04 41 c1 e5 03 49 03 c5
0x00007fb7f0b956d2:   48 89 45 d8 4c 8d 6c 24 08 4c 89 6d f0 ff 63 48
0x00007fb7f0b956e2:   8b 41 08 48 c1 e0 03 49 bc 00 00 00 00 08 00 00
0x00007fb7f0b956f2:   00 49 03 c4 4d 33 e4 4c 8b 75 d8 4d 85 f6 0f 84 

Stack slot to memory mapping:
stack at sp + 0 slots: 0x00007fb7f0b81a00 is at code_begin+1664 in an Interpreter codelet
invoke return entry points  [0x00007fb7f0b81380, 0x00007fb7f0b81da0]  2592 bytes
stack at sp + 1 slots: 0x00000000676f4c00 is an unknown value
stack at sp + 2 slots: 0x00007fb7cdace790 is pointing into the stack for thread: 0x00007fb7ec005800
stack at sp + 3 slots: 0x00000008009cd0ba is pointing into metadata
stack at sp + 4 slots: 0x00007fb7cdace7e8 is pointing into the stack for thread: 0x00007fb7ec005800
stack at sp + 5 slots: 0x0000000800359a88 is pointing into metadata
stack at sp + 6 slots: 0x00007fb80d829db0 is pointing into metadata
stack at sp + 7 slots: 0x00000000c2400b30 points into unknown readable memory: 01 41 3a 2b 45 00 00 00

invokevirtual  182 invokevirtual  [0x00007fb7f0b95400, 0x00007fb7f0b95920]  1312 bytes

---------------  P R O C E S S  ---------------

Threads class SMR info:
_java_thread_list=0x00000000014377e0, length=14, elements={
0x00007fb808059800, 0x00007fb80805b800, 0x00007fb808062000, 0x00007fb808064000,
0x00007fb808066000, 0x00007fb808068000, 0x00007fb8080a2000, 0x00007fb8080ab800,
0x00007fb8081ec000, 0x00007fb808213000, 0x00007fb8082b5800, 0x00007fb7ec005800,
0x00007fb808011000, 0x0000000001436000
}

Java Threads: ( => current thread )
  0x00007fb808059800 JavaThread "Reference Handler" daemon [_thread_blocked, id=3435, stack(0x00007fb80d448000,0x00007fb80d549000)]
  0x00007fb80805b800 JavaThread "Finalizer" daemon [_thread_blocked, id=3436, stack(0x00007fb80d347000,0x00007fb80d448000)]
  0x00007fb808062000 JavaThread "Signal Dispatcher" daemon [_thread_blocked, id=3437, stack(0x00007fb80c877000,0x00007fb80c978000)]
  0x00007fb808064000 JavaThread "C2 CompilerThread0" daemon [_thread_blocked, id=3438, stack(0x00007fb80c776000,0x00007fb80c877000)]
  0x00007fb808066000 JavaThread "C1 CompilerThread0" daemon [_thread_blocked, id=3439, stack(0x00007fb80c675000,0x00007fb80c776000)]
  0x00007fb808068000 JavaThread "Sweeper thread" daemon [_thread_blocked, id=3440, stack(0x00007fb80c574000,0x00007fb80c675000)]
  0x00007fb8080a2000 JavaThread "Service Thread" daemon [_thread_blocked, id=3441, stack(0x00007fb80c473000,0x00007fb80c574000)]
  0x00007fb8080ab800 JavaThread "Common-Cleaner" daemon [_thread_blocked, id=3443, stack(0x00007fb80c270000,0x00007fb80c371000)]
  0x00007fb8081ec000 JavaThread "Java2D Disposer" daemon [_thread_blocked, id=3447, stack(0x00007fb7d0944000,0x00007fb7d0a45000)]
  0x00007fb808213000 JavaThread "AWT-XAWT" daemon [_thread_in_native, id=3448, stack(0x00007fb7d0843000,0x00007fb7d0944000)]
  0x00007fb8082b5800 JavaThread "AWT-Shutdown" [_thread_blocked, id=3449, stack(0x00007fb7cdad1000,0x00007fb7cdbd2000)]
=>0x00007fb7ec005800 JavaThread "AWT-EventQueue-0" [_thread_in_Java, id=3450, stack(0x00007fb7cd9d0000,0x00007fb7cdad1000)]
  0x00007fb808011000 JavaThread "DestroyJavaVM" [_thread_blocked, id=3433, stack(0x00007fb811cab000,0x00007fb811dac000)]
  0x0000000001436000 JavaThread "TimerQueue" daemon [_thread_blocked, id=3451, stack(0x00007fb7cd6cf000,0x00007fb7cd7d0000)]

Other Threads:
  0x00007fb808056800 VMThread "VM Thread" [stack: 0x00007fb80d54b000,0x00007fb80d64b000] [id=3434]
  0x00007fb8080a8800 WatcherThread [stack: 0x00007fb80c373000,0x00007fb80c473000] [id=3442]

Threads with active compile tasks:

VM state:not at safepoint (normal execution)

VM Mutex/Monitor currently owned by a thread: None

Heap address: 0x00000000c2400000, size: 988 MB, Compressed Oops mode: 32-bit
Narrow klass base: 0x0000000800000000, Narrow klass shift: 3
Compressed class space size: 1073741824 Address: 0x0000000801129000

Heap:
 def new generation   total 19008K, used 8793K [0x00000000c2400000, 0x00000000c38a0000, 0x00000000d6d50000)
  eden space 16896K,  52% used [0x00000000c2400000, 0x00000000c2c967e8, 0x00000000c3480000)
  from space 2112K,   0% used [0x00000000c3480000, 0x00000000c3480000, 0x00000000c3690000)
  to   space 2112K,   0% used [0x00000000c3690000, 0x00000000c3690000, 0x00000000c38a0000)
 tenured generation   total 42368K, used 0K [0x00000000d6d50000, 0x00000000d96b0000, 0x0000000100000000)
   the space 42368K,   0% used [0x00000000d6d50000, 0x00000000d6d50000, 0x00000000d6d50200, 0x00000000d96b0000)
 Metaspace       used 9761K, capacity 10162K, committed 10368K, reserved 1058816K
  class space    used 1096K, capacity 1289K, committed 1408K, reserved 1048576K

Card table byte_map: [0x00007fb80e071000,0x00007fb80e260000] _byte_map_base: 0x00007fb80da5f000

Polling page: 0x00007fb811dc3000

Metaspace:

Usage:
  Non-class:      8.67 MB capacity,     8.46 MB ( 98%) used,   174.52 KB (  2%) free+waste,    33.31 KB ( <1%) overhead. 
      Class:      1.26 MB capacity,     1.07 MB ( 85%) used,   172.73 KB ( 13%) free+waste,    19.50 KB (  2%) overhead. 
       Both:      9.92 MB capacity,     9.53 MB ( 96%) used,   347.26 KB (  3%) free+waste,    52.81 KB ( <1%) overhead. 

Virtual space:
  Non-class space:       10.00 MB reserved,       8.75 MB ( 88%) committed 
      Class space:        1.00 GB reserved,       1.38 MB ( <1%) committed 
             Both:        1.01 GB reserved,      10.12 MB ( <1%) committed 

Chunk freelists:
   Non-Class:  10.88 KB
       Class:  2.38 KB
        Both:  13.25 KB

CodeHeap 'non-profiled nmethods': size=120036Kb used=270Kb max_used=270Kb free=119766Kb
 bounds [0x00007fb7f863f000, 0x00007fb7f88af000, 0x00007fb7ffb78000]
CodeHeap 'profiled nmethods': size=120032Kb used=1483Kb max_used=1483Kb free=118548Kb
 bounds [0x00007fb7f1107000, 0x00007fb7f1377000, 0x00007fb7f863f000]
CodeHeap 'non-nmethods': size=5692Kb used=1250Kb max_used=1266Kb free=4441Kb
 bounds [0x00007fb7f0b78000, 0x00007fb7f0de8000, 0x00007fb7f1107000]
 total_blobs=1674 nmethods=926 adapters=560
 compilation: enabled
              stopped_count=0, restarted_count=0
 full_count=0

Compilation events (10 events):
Event: 8.742 Thread 0x00007fb808066000  920       3       java.awt.EventQueue::eventToCacheIndex (80 bytes)
Event: 8.743 Thread 0x00007fb808066000 nmethod 920 0x00007fb7f1275c10 code [0x00007fb7f1275de0, 0x00007fb7f12763b0]
Event: 8.748 Thread 0x00007fb808066000  922       3       java.lang.invoke.ClassSpecializer$SpeciesData::getterFunction (78 bytes)
Event: 8.748 Thread 0x00007fb808066000 nmethod 922 0x00007fb7f1276490 code [0x00007fb7f1276660, 0x00007fb7f12769e8]
Event: 8.764 Thread 0x00007fb808066000  923       3       java.lang.invoke.MethodHandles::argumentsWithCombinerChecks (189 bytes)
Event: 8.780 Thread 0x00007fb808066000 nmethod 923 0x00007fb7f1276b10 code [0x00007fb7f1276fa0, 0x00007fb7f1278dd8]
Event: 8.794 Thread 0x00007fb808066000  924       3       sun.java2d.xr.XRUtils::isMaskEvaluated (56 bytes)
Event: 8.794 Thread 0x00007fb808066000 nmethod 924 0x00007fb7f1279a10 code [0x00007fb7f1279bc0, 0x00007fb7f1279e10]
Event: 8.795 Thread 0x00007fb808066000  925       1       sun.font.XRGlyphCacheEntry::getGlyphSet (5 bytes)
Event: 8.795 Thread 0x00007fb808066000 nmethod 925 0x00007fb7f8681d90 code [0x00007fb7f8681f40, 0x00007fb7f8682070]

GC Heap History (0 events):
No events

Deoptimization events (5 events):
Event: 0.457 Thread 0x00007fb808011000 Uncommon trap: reason=unstable_if action=reinterpret pc=0x00007fb7f8642dd4 method=java.lang.String.hashCode()I @ 14 c2
Event: 6.116 Thread 0x00007fb7ec005800 Uncommon trap: reason=class_check action=maybe_recompile pc=0x00007fb7f8656fe8 method=java.lang.String.equals(Ljava/lang/Object;)Z @ 8 c2
Event: 6.116 Thread 0x00007fb7ec005800 Uncommon trap: reason=class_check action=maybe_recompile pc=0x00007fb7f8656fe8 method=java.lang.String.equals(Ljava/lang/Object;)Z @ 8 c2
Event: 7.934 Thread 0x00007fb7ec005800 Uncommon trap: reason=class_check action=maybe_recompile pc=0x00007fb7f8656fe8 method=java.lang.String.equals(Ljava/lang/Object;)Z @ 8 c2
Event: 7.934 Thread 0x00007fb7ec005800 Uncommon trap: reason=class_check action=maybe_recompile pc=0x00007fb7f8656fe8 method=java.lang.String.equals(Ljava/lang/Object;)Z @ 8 c2

Classes redefined (0 events):
No events

Internal exceptions (10 events):
Event: 2.283 Thread 0x00007fb808011000 Exception <a 'java/lang/NoSuchMethodError'{0x00000000c29dea80}: java.lang.invoke.DirectMethodHandle$Holder.invokeStatic(Ljava/lang/Object;Ljava/lang/Object;Ljava/lang/Object;Ljava/lang/Object;Ljava/lang/Object;Ljava/lang/Object;Ljava/lang/Object;Ljava/lan
Event: 2.296 Thread 0x00007fb808011000 Exception <a 'java/lang/NoSuchMethodError'{0x00000000c29eb010}: java.lang.invoke.DirectMethodHandle$Holder.invokeSpecial(Ljava/lang/Object;Ljava/lang/Object;JLjava/lang/Object;Ljava/lang/Object;Ljava/lang/Object;Ljava/lang/Object;Ljava/lang/Object;)Ljava/
Event: 2.297 Thread 0x00007fb808011000 Exception <a 'java/lang/NoSuchMethodError'{0x00000000c29ee690}: java.lang.invoke.DelegatingMethodHandle$Holder.reinvoke_L(Ljava/lang/Object;JLjava/lang/Object;Ljava/lang/Object;Ljava/lang/Object;Ljava/lang/Object;Ljava/lang/Object;)Ljava/lang/Object;> (0x
Event: 2.307 Thread 0x00007fb808011000 Exception <a 'java/lang/NoSuchMethodError'{0x00000000c2a02fb8}: java.lang.invoke.DirectMethodHandle$Holder.invokeStatic(Ljava/lang/Object;Ljava/lang/Object;Ljava/lang/Object;Ljava/lang/Object;Ljava/lang/Object;J)Ljava/lang/Object;> (0x00000000c2a02fb8) th
Event: 2.338 Thread 0x00007fb808011000 Exception <a 'java/lang/NoSuchMethodError'{0x00000000c2a20380}: java.lang.invoke.Invokers$Holder.linkToTargetMethod(Ljava/lang/Object;Ljava/lang/Object;Ljava/lang/Object;Ljava/lang/Object;Ljava/lang/Object;Ljava/lang/Object;)Ljava/lang/Object;> (0x0000000
Event: 2.352 Thread 0x00007fb808011000 Exception <a 'java/lang/NoSuchMethodError'{0x00000000c2a58580}: java.lang.invoke.DirectMethodHandle$Holder.invokeSpecial(Ljava/lang/Object;Ljava/lang/Object;JLjava/lang/Object;Ljava/lang/Object;Ljava/lang/Object;Ljava/lang/Object;)Ljava/lang/Object;> (0x0
Event: 2.353 Thread 0x00007fb808011000 Exception <a 'java/lang/NoSuchMethodError'{0x00000000c2a5b9b8}: java.lang.invoke.DelegatingMethodHandle$Holder.reinvoke_L(Ljava/lang/Object;JLjava/lang/Object;Ljava/lang/Object;Ljava/lang/Object;Ljava/lang/Object;)Ljava/lang/Object;> (0x00000000c2a5b9b8) 
Event: 2.373 Thread 0x00007fb808011000 Exception <a 'java/lang/NoSuchMethodError'{0x00000000c2a73160}: java.lang.invoke.DirectMethodHandle$Holder.invokeStatic(Ljava/lang/Object;Ljava/lang/Object;Ljava/lang/Object;Ljava/lang/Object;Ljava/lang/Object;Ljava/lang/Object;J)Ljava/lang/Object;> (0x00
Event: 2.381 Thread 0x00007fb808011000 Exception <a 'java/lang/NoSuchMethodError'{0x00000000c2a89af0}: java.lang.invoke.DirectMethodHandle$Holder.invokeStatic(Ljava/lang/Object;Ljava/lang/Object;Ljava/lang/Object;Ljava/lang/Object;Ljava/lang/Object;Ljava/lang/Object;JLjava/lang/Object;)Ljava/l
Event: 3.133 Thread 0x00007fb7ec005800 Exception <a 'java/lang/UnsupportedOperationException'{0x00000000c2bc1a88}: > (0x00000000c2bc1a88) thrown at [/scratch/opt/mach5/mesos/work_dir/slaves/2dd962d0-8988-479b-a804-57ab764ada59-S77524/frameworks/1735e8a2-a1db-478c-8104-60c8b0af87dd-0196/executo

Events (10 events):
Event: 6.913 loading class javax/swing/Autoscroller
Event: 6.913 loading class javax/swing/Autoscroller done
Event: 7.934 Thread 0x00007fb7ec005800 Uncommon trap: trap_request=0xffffffde fr.pc=0x00007fb7f8656fe8 relative=0x00000000000001c8
Event: 7.934 Thread 0x00007fb7ec005800 DEOPT PACKING pc=0x00007fb7f8656fe8 sp=0x00007fb7cdace660
Event: 7.934 Thread 0x00007fb7ec005800 DEOPT UNPACKING pc=0x00007fb7f0ba0825 sp=0x00007fb7cdace628 mode 2
Event: 7.934 Thread 0x00007fb7ec005800 Uncommon trap: trap_request=0xffffffde fr.pc=0x00007fb7f8656fe8 relative=0x00000000000001c8
Event: 7.934 Thread 0x00007fb7ec005800 DEOPT PACKING pc=0x00007fb7f8656fe8 sp=0x00007fb7cdace660
Event: 7.934 Thread 0x00007fb7ec005800 DEOPT UNPACKING pc=0x00007fb7f0ba0825 sp=0x00007fb7cdace628 mode 2
Event: 7.934 Executing VM operation: RevokeBias
Event: 7.934 Executing VM operation: RevokeBias done


Dynamic libraries:
00400000-00401000 r-xp 00000000 08:01 937687                             /usr/lib/jvm/jdk-12.0.1/bin/java
00600000-00601000 r--p 00000000 08:01 937687                             /usr/lib/jvm/jdk-12.0.1/bin/java
00601000-00602000 rw-p 00001000 08:01 937687                             /usr/lib/jvm/jdk-12.0.1/bin/java
013da000-01443000 rw-p 00000000 00:00 0                                  [heap]
c2400000-c38a0000 rw-p 00000000 00:00 0 
c38a0000-d6d50000 ---p 00000000 00:00 0 
d6d50000-d96b0000 rw-p 00000000 00:00 0 
d96b0000-100000000 ---p 00000000 00:00 0 
800000000-800003000 rwxp 00001000 08:01 937604                           /usr/lib/jvm/jdk-12.0.1/lib/server/classes.jsa
800003000-8003d9000 rw-p 00004000 08:01 937604                           /usr/lib/jvm/jdk-12.0.1/lib/server/classes.jsa
8003d9000-800ae3000 r--p 003da000 08:01 937604                           /usr/lib/jvm/jdk-12.0.1/lib/server/classes.jsa
800ae3000-800ae4000 rw-p 00ae4000 08:01 937604                           /usr/lib/jvm/jdk-12.0.1/lib/server/classes.jsa
800ae4000-801129000 r--p 00ae5000 08:01 937604                           /usr/lib/jvm/jdk-12.0.1/lib/server/classes.jsa
801129000-801289000 rw-p 00000000 00:00 0 
801289000-841129000 ---p 00000000 00:00 0 
7fb7cd343000-7fb7cd6cf000 rw-p 00000000 00:00 0 
7fb7cd6cf000-7fb7cd6d3000 ---p 00000000 00:00 0 
7fb7cd6d3000-7fb7cd890000 rw-p 00000000 00:00 0 
7fb7cd890000-7fb7cd9d0000 ---p 00000000 00:00 0 
7fb7cd9d0000-7fb7cd9d4000 ---p 00000000 00:00 0 
7fb7cd9d4000-7fb7cdad1000 rw-p 00000000 00:00 0 
7fb7cdad1000-7fb7cdad5000 ---p 00000000 00:00 0 
7fb7cdad5000-7fb7cdbd2000 rw-p 00000000 00:00 0 
7fb7cdbd2000-7fb7cdbd7000 r-xp 00000000 08:01 1845464                    /usr/lib/x86_64-linux-gnu/libXfixes.so.3.1.0
7fb7cdbd7000-7fb7cddd6000 ---p 00005000 08:01 1845464                    /usr/lib/x86_64-linux-gnu/libXfixes.so.3.1.0
7fb7cddd6000-7fb7cddd7000 r--p 00004000 08:01 1845464                    /usr/lib/x86_64-linux-gnu/libXfixes.so.3.1.0
7fb7cddd7000-7fb7cddd8000 rw-p 00005000 08:01 1845464                    /usr/lib/x86_64-linux-gnu/libXfixes.so.3.1.0
7fb7cddd8000-7fb7cdde1000 r-xp 00000000 08:01 1845456                    /usr/lib/x86_64-linux-gnu/libXcursor.so.1.0.2
7fb7cdde1000-7fb7cdfe0000 ---p 00009000 08:01 1845456                    /usr/lib/x86_64-linux-gnu/libXcursor.so.1.0.2
7fb7cdfe0000-7fb7cdfe1000 r--p 00008000 08:01 1845456                    /usr/lib/x86_64-linux-gnu/libXcursor.so.1.0.2
7fb7cdfe1000-7fb7cdfe2000 rw-p 00009000 08:01 1845456                    /usr/lib/x86_64-linux-gnu/libXcursor.so.1.0.2
7fb7cdfe2000-7fb7cdfe3000 ---p 00000000 00:00 0 
7fb7cdfe3000-7fb7ce7e3000 rw-p 00000000 00:00 0 
7fb7ce7e3000-7fb7ce814000 r-xp 00000000 08:01 397877                     /usr/lib/x86_64-linux-gnu/gio/modules/libgvfsdbus.so
7fb7ce814000-7fb7cea14000 ---p 00031000 08:01 397877                     /usr/lib/x86_64-linux-gnu/gio/modules/libgvfsdbus.so
7fb7cea14000-7fb7cea16000 r--p 00031000 08:01 397877                     /usr/lib/x86_64-linux-gnu/gio/modules/libgvfsdbus.so
7fb7cea16000-7fb7cea17000 rw-p 00033000 08:01 397877                     /usr/lib/x86_64-linux-gnu/gio/modules/libgvfsdbus.so
7fb7cea17000-7fb7cea23000 r-xp 00000000 08:01 397872                     /usr/lib/x86_64-linux-gnu/gio/modules/libdconfsettings.so
7fb7cea23000-7fb7cec22000 ---p 0000c000 08:01 397872                     /usr/lib/x86_64-linux-gnu/gio/modules/libdconfsettings.so
7fb7cec22000-7fb7cec23000 r--p 0000b000 08:01 397872                     /usr/lib/x86_64-linux-gnu/gio/modules/libdconfsettings.so
7fb7cec23000-7fb7cec24000 rw-p 0000c000 08:01 397872                     /usr/lib/x86_64-linux-gnu/gio/modules/libdconfsettings.so
7fb7cec24000-7fb7cec25000 ---p 00000000 00:00 0 
7fb7cec25000-7fb7cf425000 rw-p 00000000 00:00 0 
7fb7cf425000-7fb7cf426000 ---p 00000000 00:00 0 
7fb7cf426000-7fb7cfc26000 rw-p 00000000 00:00 0 
7fb7cfc26000-7fb7cfc5c000 r-xp 00000000 08:01 398181                     /usr/lib/x86_64-linux-gnu/gvfs/libgvfscommon.so
7fb7cfc5c000-7fb7cfe5c000 ---p 00036000 08:01 398181                     /usr/lib/x86_64-linux-gnu/gvfs/libgvfscommon.so
7fb7cfe5c000-7fb7cfe62000 r--p 00036000 08:01 398181                     /usr/lib/x86_64-linux-gnu/gvfs/libgvfscommon.so
7fb7cfe62000-7fb7cfe63000 rw-p 0003c000 08:01 398181                     /usr/lib/x86_64-linux-gnu/gvfs/libgvfscommon.so
7fb7cfe63000-7fb7cfe7d000 r-xp 00000000 08:01 397876                     /usr/lib/x86_64-linux-gnu/gio/modules/libgioremote-volume-monitor.so
7fb7cfe7d000-7fb7d007c000 ---p 0001a000 08:01 397876                     /usr/lib/x86_64-linux-gnu/gio/modules/libgioremote-volume-monitor.so
7fb7d007c000-7fb7d007f000 r--p 00019000 08:01 397876                     /usr/lib/x86_64-linux-gnu/gio/modules/libgioremote-volume-monitor.so
7fb7d007f000-7fb7d0080000 rw-p 0001c000 08:01 397876                     /usr/lib/x86_64-linux-gnu/gio/modules/libgioremote-volume-monitor.so
7fb7d0080000-7fb7d0097000 r-xp 00000000 08:01 136771                     /lib/x86_64-linux-gnu/libgcc_s.so.1
7fb7d0097000-7fb7d0296000 ---p 00017000 08:01 136771                     /lib/x86_64-linux-gnu/libgcc_s.so.1
7fb7d0296000-7fb7d0297000 r--p 00016000 08:01 136771                     /lib/x86_64-linux-gnu/libgcc_s.so.1
7fb7d0297000-7fb7d0298000 rw-p 00017000 08:01 136771                     /lib/x86_64-linux-gnu/libgcc_s.so.1
7fb7d0298000-7fb7d0411000 r-xp 00000000 08:01 1845922                    /usr/lib/x86_64-linux-gnu/libstdc++.so.6.0.25
7fb7d0411000-7fb7d0611000 ---p 00179000 08:01 1845922                    /usr/lib/x86_64-linux-gnu/libstdc++.so.6.0.25
7fb7d0611000-7fb7d061b000 r--p 00179000 08:01 1845922                    /usr/lib/x86_64-linux-gnu/libstdc++.so.6.0.25
7fb7d061b000-7fb7d061d000 rw-p 00183000 08:01 1845922                    /usr/lib/x86_64-linux-gnu/libstdc++.so.6.0.25
7fb7d061d000-7fb7d0621000 rw-p 00000000 00:00 0 
7fb7d0621000-7fb7d063f000 r-xp 00000000 08:01 1846335                    /usr/lib/x86_64-linux-gnu/libproxy.so.1.0.0
7fb7d063f000-7fb7d083f000 ---p 0001e000 08:01 1846335                    /usr/lib/x86_64-linux-gnu/libproxy.so.1.0.0
7fb7d083f000-7fb7d0840000 r--p 0001e000 08:01 1846335                    /usr/lib/x86_64-linux-gnu/libproxy.so.1.0.0
7fb7d0840000-7fb7d0841000 rw-p 0001f000 08:01 1846335                    /usr/lib/x86_64-linux-gnu/libproxy.so.1.0.0
7fb7d0843000-7fb7d0847000 ---p 00000000 00:00 0 
7fb7d0847000-7fb7d0944000 rw-p 00000000 00:00 0 
7fb7d0944000-7fb7d0948000 ---p 00000000 00:00 0 
7fb7d0948000-7fb7d0a45000 rw-p 00000000 00:00 0 
7fb7d0a45000-7fb7d0a4b000 r-xp 00000000 08:01 137130                     /lib/x86_64-linux-gnu/libuuid.so.1.3.0
7fb7d0a4b000-7fb7d0c4a000 ---p 00006000 08:01 137130                     /lib/x86_64-linux-gnu/libuuid.so.1.3.0
7fb7d0c4a000-7fb7d0c4b000 r--p 00005000 08:01 137130                     /lib/x86_64-linux-gnu/libuuid.so.1.3.0
7fb7d0c4b000-7fb7d0c4c000 rw-p 00006000 08:01 137130                     /lib/x86_64-linux-gnu/libuuid.so.1.3.0
7fb7d0c4c000-7fb7d0c93000 r-xp 00000000 08:01 136954                     /lib/x86_64-linux-gnu/libblkid.so.1.1.0
7fb7d0c93000-7fb7d0e93000 ---p 00047000 08:01 136954                     /lib/x86_64-linux-gnu/libblkid.so.1.1.0
7fb7d0e93000-7fb7d0e97000 r--p 00047000 08:01 136954                     /lib/x86_64-linux-gnu/libblkid.so.1.1.0
7fb7d0e97000-7fb7d0e98000 rw-p 0004b000 08:01 136954                     /lib/x86_64-linux-gnu/libblkid.so.1.1.0
7fb7d0e98000-7fb7d0e99000 rw-p 00000000 00:00 0 
7fb7d0e99000-7fb7d0f09000 r-xp 00000000 08:01 137084                     /lib/x86_64-linux-gnu/libpcre.so.3.13.3
7fb7d0f09000-7fb7d1109000 ---p 00070000 08:01 137084                     /lib/x86_64-linux-gnu/libpcre.so.3.13.3
7fb7d1109000-7fb7d110a000 r--p 00070000 08:01 137084                     /lib/x86_64-linux-gnu/libpcre.so.3.13.3
7fb7d110a000-7fb7d110b000 rw-p 00071000 08:01 137084                     /lib/x86_64-linux-gnu/libpcre.so.3.13.3
7fb7d110b000-7fb7d1112000 r-xp 00000000 08:01 1845797                    /usr/lib/x86_64-linux-gnu/libffi.so.6.0.4
7fb7d1112000-7fb7d1311000 ---p 00007000 08:01 1845797                    /usr/lib/x86_64-linux-gnu/libffi.so.6.0.4
7fb7d1311000-7fb7d1312000 r--p 00006000 08:01 1845797                    /usr/lib/x86_64-linux-gnu/libffi.so.6.0.4
7fb7d1312000-7fb7d1313000 rw-p 00007000 08:01 1845797                    /usr/lib/x86_64-linux-gnu/libffi.so.6.0.4
7fb7d1313000-7fb7d1364000 r-xp 00000000 08:01 137031                     /lib/x86_64-linux-gnu/libmount.so.1.1.0
7fb7d1364000-7fb7d1563000 ---p 00051000 08:01 137031                     /lib/x86_64-linux-gnu/libmount.so.1.1.0
7fb7d1563000-7fb7d1565000 r--p 00050000 08:01 137031                     /lib/x86_64-linux-gnu/libmount.so.1.1.0
7fb7d1565000-7fb7d1566000 rw-p 00052000 08:01 137031                     /lib/x86_64-linux-gnu/libmount.so.1.1.0
7fb7d1566000-7fb7d1567000 rw-p 00000000 00:00 0 
7fb7d1567000-7fb7d157e000 r-xp 00000000 08:01 137101                     /lib/x86_64-linux-gnu/libresolv-2.27.so
7fb7d157e000-7fb7d177e000 ---p 00017000 08:01 137101                     /lib/x86_64-linux-gnu/libresolv-2.27.so
7fb7d177e000-7fb7d177f000 r--p 00017000 08:01 137101                     /lib/x86_64-linux-gnu/libresolv-2.27.so
7fb7d177f000-7fb7d1780000 rw-p 00018000 08:01 137101                     /lib/x86_64-linux-gnu/libresolv-2.27.so
7fb7d1780000-7fb7d1782000 rw-p 00000000 00:00 0 
7fb7d1782000-7fb7d17a7000 r-xp 00000000 08:01 137107                     /lib/x86_64-linux-gnu/libselinux.so.1
7fb7d17a7000-7fb7d19a6000 ---p 00025000 08:01 137107                     /lib/x86_64-linux-gnu/libselinux.so.1
7fb7d19a6000-7fb7d19a7000 r--p 00024000 08:01 137107                     /lib/x86_64-linux-gnu/libselinux.so.1
7fb7d19a7000-7fb7d19a8000 rw-p 00025000 08:01 137107                     /lib/x86_64-linux-gnu/libselinux.so.1
7fb7d19a8000-7fb7d19aa000 rw-p 00000000 00:00 0 
7fb7d19aa000-7fb7d1abd000 r-xp 00000000 08:01 1845891                    /usr/lib/x86_64-linux-gnu/libglib-2.0.so.0.5600.3
7fb7d1abd000-7fb7d1cbd000 ---p 00113000 08:01 1845891                    /usr/lib/x86_64-linux-gnu/libglib-2.0.so.0.5600.3
7fb7d1cbd000-7fb7d1cbe000 r--p 00113000 08:01 1845891                    /usr/lib/x86_64-linux-gnu/libglib-2.0.so.0.5600.3
7fb7d1cbe000-7fb7d1cbf000 rw-p 00114000 08:01 1845891                    /usr/lib/x86_64-linux-gnu/libglib-2.0.so.0.5600.3
7fb7d1cbf000-7fb7d1cc0000 rw-p 00000000 00:00 0 
7fb7d1cc0000-7fb7d1cc3000 r-xp 00000000 08:01 1845895                    /usr/lib/x86_64-linux-gnu/libgmodule-2.0.so.0.5600.3
7fb7d1cc3000-7fb7d1ec2000 ---p 00003000 08:01 1845895                    /usr/lib/x86_64-linux-gnu/libgmodule-2.0.so.0.5600.3
7fb7d1ec2000-7fb7d1ec3000 r--p 00002000 08:01 1845895                    /usr/lib/x86_64-linux-gnu/libgmodule-2.0.so.0.5600.3
7fb7d1ec3000-7fb7d1ec4000 rw-p 00003000 08:01 1845895                    /usr/lib/x86_64-linux-gnu/libgmodule-2.0.so.0.5600.3
7fb7d1ec4000-7fb7d1f16000 r-xp 00000000 08:01 1845919                    /usr/lib/x86_64-linux-gnu/libgobject-2.0.so.0.5600.3
7fb7d1f16000-7fb7d2116000 ---p 00052000 08:01 1845919                    /usr/lib/x86_64-linux-gnu/libgobject-2.0.so.0.5600.3
7fb7d2116000-7fb7d2117000 r--p 00052000 08:01 1845919                    /usr/lib/x86_64-linux-gnu/libgobject-2.0.so.0.5600.3
7fb7d2117000-7fb7d2118000 rw-p 00053000 08:01 1845919                    /usr/lib/x86_64-linux-gnu/libgobject-2.0.so.0.5600.3
7fb7d2118000-7fb7d22ad000 r-xp 00000000 08:01 1845885                    /usr/lib/x86_64-linux-gnu/libgio-2.0.so.0.5600.3
7fb7d22ad000-7fb7d24ad000 ---p 00195000 08:01 1845885                    /usr/lib/x86_64-linux-gnu/libgio-2.0.so.0.5600.3
7fb7d24ad000-7fb7d24b4000 r--p 00195000 08:01 1845885                    /usr/lib/x86_64-linux-gnu/libgio-2.0.so.0.5600.3
7fb7d24b4000-7fb7d24b5000 rw-p 0019c000 08:01 1845885                    /usr/lib/x86_64-linux-gnu/libgio-2.0.so.0.5600.3
7fb7d24b5000-7fb7d24b7000 rw-p 00000000 00:00 0 
7fb7d24b7000-7fb7d24c1000 r-xp 00000000 08:01 1845480                    /usr/lib/x86_64-linux-gnu/libXrandr.so.2.2.0
7fb7d24c1000-7fb7d26c0000 ---p 0000a000 08:01 1845480                    /usr/lib/x86_64-linux-gnu/libXrandr.so.2.2.0
7fb7d26c0000-7fb7d26c1000 r--p 00009000 08:01 1845480                    /usr/lib/x86_64-linux-gnu/libXrandr.so.2.2.0
7fb7d26c1000-7fb7d26c2000 rw-p 0000a000 08:01 1845480                    /usr/lib/x86_64-linux-gnu/libXrandr.so.2.2.0
7fb7d26c2000-7fb7d26f3000 r-xp 00000000 08:01 1846319                    /usr/lib/x86_64-linux-gnu/libpng16.so.16.34.0
7fb7d26f3000-7fb7d28f2000 ---p 00031000 08:01 1846319                    /usr/lib/x86_64-linux-gnu/libpng16.so.16.34.0
7fb7d28f2000-7fb7d28f3000 r--p 00030000 08:01 1846319                    /usr/lib/x86_64-linux-gnu/libpng16.so.16.34.0
7fb7d28f3000-7fb7d28f4000 rw-p 00031000 08:01 1846319                    /usr/lib/x86_64-linux-gnu/libpng16.so.16.34.0
7fb7d28f4000-7fb7d29a1000 r-xp 00000000 08:01 1845829                    /usr/lib/x86_64-linux-gnu/libfreetype.so.6.15.0
7fb7d29a1000-7fb7d2ba0000 ---p 000ad000 08:01 1845829                    /usr/lib/x86_64-linux-gnu/libfreetype.so.6.15.0
7fb7d2ba0000-7fb7d2ba7000 r--p 000ac000 08:01 1845829                    /usr/lib/x86_64-linux-gnu/libfreetype.so.6.15.0
7fb7d2ba7000-7fb7d2ba8000 rw-p 000b3000 08:01 1845829                    /usr/lib/x86_64-linux-gnu/libfreetype.so.6.15.0
7fb7d2ba8000-7fb7d2c65000 r-xp 00000000 08:01 790477                     /usr/lib/jvm/jdk-12.0.1/lib/libfontmanager.so
7fb7d2c65000-7fb7d2e64000 ---p 000bd000 08:01 790477                     /usr/lib/jvm/jdk-12.0.1/lib/libfontmanager.so
7fb7d2e64000-7fb7d2e66000 r--p 000bc000 08:01 790477                     /usr/lib/jvm/jdk-12.0.1/lib/libfontmanager.so
7fb7d2e66000-7fb7d2e67000 rw-p 000be000 08:01 790477                     /usr/lib/jvm/jdk-12.0.1/lib/libfontmanager.so
7fb7d2e67000-7fb7d2e68000 rw-p 00000000 00:00 0 
7fb7d2e68000-7fb7d2e6a000 r-xp 00000000 08:01 1709133                    /home/kiit/1905243/cnProject/CN-p2p-file-sharing/libnative.so
7fb7d2e6a000-7fb7d3069000 ---p 00002000 08:01 1709133                    /home/kiit/1905243/cnProject/CN-p2p-file-sharing/libnative.so
7fb7d3069000-7fb7d306a000 r--p 00001000 08:01 1709133                    /home/kiit/1905243/cnProject/CN-p2p-file-sharing/libnative.so
7fb7d306a000-7fb7d306b000 rw-p 00002000 08:01 1709133                    /home/kiit/1905243/cnProject/CN-p2p-file-sharing/libnative.so
7fb7d306b000-7fb7d307e000 r-xp 00000000 08:01 136819                     /lib/x86_64-linux-gnu/libbsd.so.0.8.7
7fb7d307e000-7fb7d327d000 ---p 00013000 08:01 136819                     /lib/x86_64-linux-gnu/libbsd.so.0.8.7
7fb7d327d000-7fb7d327e000 r--p 00012000 08:01 136819                     /lib/x86_64-linux-gnu/libbsd.so.0.8.7
7fb7d327e000-7fb7d327f000 rw-p 00013000 08:01 136819                     /lib/x86_64-linux-gnu/libbsd.so.0.8.7
7fb7d327f000-7fb7d3280000 rw-p 00000000 00:00 0 
7fb7d3280000-7fb7d3285000 r-xp 00000000 08:01 1845460                    /usr/lib/x86_64-linux-gnu/libXdmcp.so.6.0.0
7fb7d3285000-7fb7d3484000 ---p 00005000 08:01 1845460                    /usr/lib/x86_64-linux-gnu/libXdmcp.so.6.0.0
7fb7d3484000-7fb7d3485000 r--p 00004000 08:01 1845460                    /usr/lib/x86_64-linux-gnu/libXdmcp.so.6.0.0
7fb7d3485000-7fb7d3486000 rw-p 00005000 08:01 1845460                    /usr/lib/x86_64-linux-gnu/libXdmcp.so.6.0.0
7fb7d3486000-7fb7d3488000 r-xp 00000000 08:01 1855880                    /usr/lib/x86_64-linux-gnu/libXau.so.6.0.0
7fb7d3488000-7fb7d3688000 ---p 00002000 08:01 1855880                    /usr/lib/x86_64-linux-gnu/libXau.so.6.0.0
7fb7d3688000-7fb7d3689000 r--p 00002000 08:01 1855880                    /usr/lib/x86_64-linux-gnu/libXau.so.6.0.0
7fb7d3689000-7fb7d368a000 rw-p 00003000 08:01 1855880                    /usr/lib/x86_64-linux-gnu/libXau.so.6.0.0
7fb7d368a000-7fb7d36b0000 r-xp 00000000 08:01 1845448                    /usr/lib/x86_64-linux-gnu/libxcb.so.1.1.0
7fb7d36b0000-7fb7d38b0000 ---p 00026000 08:01 1845448                    /usr/lib/x86_64-linux-gnu/libxcb.so.1.1.0
7fb7d38b0000-7fb7d38b1000 r--p 00026000 08:01 1845448                    /usr/lib/x86_64-linux-gnu/libxcb.so.1.1.0
7fb7d38b1000-7fb7d38b2000 rw-p 00027000 08:01 1845448                    /usr/lib/x86_64-linux-gnu/libxcb.so.1.1.0
7fb7d38b2000-7fb7d38c1000 r-xp 00000000 08:01 1845470                    /usr/lib/x86_64-linux-gnu/libXi.so.6.1.0
7fb7d38c1000-7fb7d3ac0000 ---p 0000f000 08:01 1845470                    /usr/lib/x86_64-linux-gnu/libXi.so.6.1.0
7fb7d3ac0000-7fb7d3ac1000 r--p 0000e000 08:01 1845470                    /usr/lib/x86_64-linux-gnu/libXi.so.6.1.0
7fb7d3ac1000-7fb7d3ac2000 rw-p 0000f000 08:01 1845470                    /usr/lib/x86_64-linux-gnu/libXi.so.6.1.0
7fb7d3ac2000-7fb7d3ac7000 r-xp 00000000 08:01 1845488                    /usr/lib/x86_64-linux-gnu/libXtst.so.6.1.0
7fb7d3ac7000-7fb7d3cc6000 ---p 00005000 08:01 1845488                    /usr/lib/x86_64-linux-gnu/libXtst.so.6.1.0
7fb7d3cc6000-7fb7d3cc7000 r--p 00004000 08:01 1845488                    /usr/lib/x86_64-linux-gnu/libXtst.so.6.1.0
7fb7d3cc7000-7fb7d3cc8000 rw-p 00005000 08:01 1845488                    /usr/lib/x86_64-linux-gnu/libXtst.so.6.1.0
7fb7d3cc8000-7fb7d3dfb000 r-xp 00000000 08:01 1846661                    /usr/lib/x86_64-linux-gnu/libX11.so.6.3.0
7fb7d3dfb000-7fb7d3ffb000 ---p 00133000 08:01 1846661                    /usr/lib/x86_64-linux-gnu/libX11.so.6.3.0
7fb7d3ffb000-7fb7d3ffc000 r--p 00133000 08:01 1846661                    /usr/lib/x86_64-linux-gnu/libX11.so.6.3.0
7fb7d3ffc000-7fb7d4000000 rw-p 00134000 08:01 1846661                    /usr/lib/x86_64-linux-gnu/libX11.so.6.3.0
7fb7d4000000-7fb7d4601000 rw-p 00000000 00:00 0 
7fb7d4601000-7fb7d8000000 ---p 00000000 00:00 0 
7fb7d8000000-7fb7d8021000 rw-p 00000000 00:00 0 
7fb7d8021000-7fb7dc000000 ---p 00000000 00:00 0 
7fb7dc000000-7fb7dc021000 rw-p 00000000 00:00 0 
7fb7dc021000-7fb7e0000000 ---p 00000000 00:00 0 
7fb7e0000000-7fb7e0407000 rw-p 00000000 00:00 0 
7fb7e0407000-7fb7e4000000 ---p 00000000 00:00 0 
7fb7e4000000-7fb7e4021000 rw-p 00000000 00:00 0 
7fb7e4021000-7fb7e8000000 ---p 00000000 00:00 0 
7fb7e8000000-7fb7e8021000 rw-p 00000000 00:00 0 
7fb7e8021000-7fb7ec000000 ---p 00000000 00:00 0 
7fb7ec000000-7fb7ec034000 rw-p 00000000 00:00 0 
7fb7ec034000-7fb7f0000000 ---p 00000000 00:00 0 
7fb7f0010000-7fb7f0019000 r-xp 00000000 08:01 1845482                    /usr/lib/x86_64-linux-gnu/libXrender.so.1.3.0
7fb7f0019000-7fb7f0218000 ---p 00009000 08:01 1845482                    /usr/lib/x86_64-linux-gnu/libXrender.so.1.3.0
7fb7f0218000-7fb7f0219000 r--p 00008000 08:01 1845482                    /usr/lib/x86_64-linux-gnu/libXrender.so.1.3.0
7fb7f0219000-7fb7f021a000 rw-p 00009000 08:01 1845482                    /usr/lib/x86_64-linux-gnu/libXrender.so.1.3.0
7fb7f021a000-7fb7f022b000 r-xp 00000000 08:01 1845462                    /usr/lib/x86_64-linux-gnu/libXext.so.6.4.0
7fb7f022b000-7fb7f042a000 ---p 00011000 08:01 1845462                    /usr/lib/x86_64-linux-gnu/libXext.so.6.4.0
7fb7f042a000-7fb7f042b000 r--p 00010000 08:01 1845462                    /usr/lib/x86_64-linux-gnu/libXext.so.6.4.0
7fb7f042b000-7fb7f042c000 rw-p 00011000 08:01 1845462                    /usr/lib/x86_64-linux-gnu/libXext.so.6.4.0
7fb7f042c000-7fb7f048a000 r-xp 00000000 08:01 790494                     /usr/lib/jvm/jdk-12.0.1/lib/libawt_xawt.so
7fb7f048a000-7fb7f0689000 ---p 0005e000 08:01 790494                     /usr/lib/jvm/jdk-12.0.1/lib/libawt_xawt.so
7fb7f0689000-7fb7f068a000 r--p 0005d000 08:01 790494                     /usr/lib/jvm/jdk-12.0.1/lib/libawt_xawt.so
7fb7f068a000-7fb7f068d000 rw-p 0005e000 08:01 790494                     /usr/lib/jvm/jdk-12.0.1/lib/libawt_xawt.so
7fb7f068d000-7fb7f068f000 rw-p 00000000 00:00 0 
7fb7f068f000-7fb7f072f000 r-xp 00000000 08:01 790495                     /usr/lib/jvm/jdk-12.0.1/lib/libawt.so
7fb7f072f000-7fb7f092f000 ---p 000a0000 08:01 790495                     /usr/lib/jvm/jdk-12.0.1/lib/libawt.so
7fb7f092f000-7fb7f0930000 r--p 000a0000 08:01 790495                     /usr/lib/jvm/jdk-12.0.1/lib/libawt.so
7fb7f0930000-7fb7f093b000 rw-p 000a1000 08:01 790495                     /usr/lib/jvm/jdk-12.0.1/lib/libawt.so
7fb7f093b000-7fb7f0960000 rw-p 00000000 00:00 0 
7fb7f0960000-7fb7f0976000 r-xp 00000000 08:01 796432                     /usr/lib/jvm/jdk-12.0.1/lib/libnet.so
7fb7f0976000-7fb7f0b76000 ---p 00016000 08:01 796432                     /usr/lib/jvm/jdk-12.0.1/lib/libnet.so
7fb7f0b76000-7fb7f0b77000 r--p 00016000 08:01 796432                     /usr/lib/jvm/jdk-12.0.1/lib/libnet.so
7fb7f0b77000-7fb7f0b78000 rw-p 00017000 08:01 796432                     /usr/lib/jvm/jdk-12.0.1/lib/libnet.so
7fb7f0b78000-7fb7f0de8000 rwxp 00000000 00:00 0 
7fb7f0de8000-7fb7f1107000 ---p 00000000 00:00 0 
7fb7f1107000-7fb7f1377000 rwxp 00000000 00:00 0 
7fb7f1377000-7fb7f863f000 ---p 00000000 00:00 0 
7fb7f863f000-7fb7f88af000 rwxp 00000000 00:00 0 
7fb7f88af000-7fb7ffb78000 ---p 00000000 00:00 0 
7fb7ffb78000-7fb808000000 r--s 00000000 08:01 790479                     /usr/lib/jvm/jdk-12.0.1/lib/modules
7fb808000000-7fb80836e000 rw-p 00000000 00:00 0 
7fb80836e000-7fb80c000000 ---p 00000000 00:00 0 
7fb80c031000-7fb80c05e000 r--p 00000000 08:01 264999                     /usr/share/glib-2.0/schemas/gschemas.compiled
7fb80c05e000-7fb80c06f000 r-xp 00000000 08:01 796429                     /usr/lib/jvm/jdk-12.0.1/lib/libnio.so
7fb80c06f000-7fb80c26e000 ---p 00011000 08:01 796429                     /usr/lib/jvm/jdk-12.0.1/lib/libnio.so
7fb80c26e000-7fb80c26f000 r--p 00010000 08:01 796429                     /usr/lib/jvm/jdk-12.0.1/lib/libnio.so
7fb80c26f000-7fb80c270000 rw-p 00011000 08:01 796429                     /usr/lib/jvm/jdk-12.0.1/lib/libnio.so
7fb80c270000-7fb80c274000 ---p 00000000 00:00 0 
7fb80c274000-7fb80c371000 rw-p 00000000 00:00 0 
7fb80c371000-7fb80c372000 ---p 00000000 00:00 0 
7fb80c372000-7fb80c473000 rw-p 00000000 00:00 0 
7fb80c473000-7fb80c477000 ---p 00000000 00:00 0 
7fb80c477000-7fb80c574000 rw-p 00000000 00:00 0 
7fb80c574000-7fb80c578000 ---p 00000000 00:00 0 
7fb80c578000-7fb80c675000 rw-p 00000000 00:00 0 
7fb80c675000-7fb80c679000 ---p 00000000 00:00 0 
7fb80c679000-7fb80c776000 rw-p 00000000 00:00 0 
7fb80c776000-7fb80c77a000 ---p 00000000 00:00 0 
7fb80c77a000-7fb80c877000 rw-p 00000000 00:00 0 
7fb80c877000-7fb80c87b000 ---p 00000000 00:00 0 
7fb80c87b000-7fb80c978000 rw-p 00000000 00:00 0 
7fb80c978000-7fb80d347000 r--p 00000000 08:01 1841870                    /usr/lib/locale/locale-archive
7fb80d347000-7fb80d34b000 ---p 00000000 00:00 0 
7fb80d34b000-7fb80d448000 rw-p 00000000 00:00 0 
7fb80d448000-7fb80d44c000 ---p 00000000 00:00 0 
7fb80d44c000-7fb80d549000 rw-p 00000000 00:00 0 
7fb80d549000-7fb80d54a000 ---p 00000000 00:00 0 
7fb80d54a000-7fb80df3c000 rw-p 00000000 00:00 0 
7fb80df3c000-7fb80e071000 ---p 00000000 00:00 0 
7fb80e071000-7fb80e07c000 rw-p 00000000 00:00 0 
7fb80e07c000-7fb80e115000 ---p 00000000 00:00 0 
7fb80e115000-7fb80e12b000 rw-p 00000000 00:00 0 
7fb80e12b000-7fb80e25f000 ---p 00000000 00:00 0 
7fb80e25f000-7fb80e265000 rw-p 00000000 00:00 0 
7fb80e265000-7fb80e34b000 ---p 00000000 00:00 0 
7fb80e34b000-7fb80e350000 rw-p 00000000 00:00 0 
7fb80e350000-7fb80e436000 ---p 00000000 00:00 0 
7fb80e436000-7fb80e451000 r-xp 00000000 08:01 790509                     /usr/lib/jvm/jdk-12.0.1/lib/libjimage.so
7fb80e451000-7fb80e650000 ---p 0001b000 08:01 790509                     /usr/lib/jvm/jdk-12.0.1/lib/libjimage.so
7fb80e650000-7fb80e652000 r--p 0001a000 08:01 790509                     /usr/lib/jvm/jdk-12.0.1/lib/libjimage.so
7fb80e652000-7fb80e653000 rw-p 0001c000 08:01 790509                     /usr/lib/jvm/jdk-12.0.1/lib/libjimage.so
7fb80e653000-7fb80e65a000 r-xp 00000000 08:01 790511                     /usr/lib/jvm/jdk-12.0.1/lib/libzip.so
7fb80e65a000-7fb80e859000 ---p 00007000 08:01 790511                     /usr/lib/jvm/jdk-12.0.1/lib/libzip.so
7fb80e859000-7fb80e85a000 r--p 00006000 08:01 790511                     /usr/lib/jvm/jdk-12.0.1/lib/libzip.so
7fb80e85a000-7fb80e85b000 rw-p 00007000 08:01 790511                     /usr/lib/jvm/jdk-12.0.1/lib/libzip.so
7fb80e85b000-7fb80e866000 r-xp 00000000 08:01 137052                     /lib/x86_64-linux-gnu/libnss_files-2.27.so
7fb80e866000-7fb80ea65000 ---p 0000b000 08:01 137052                     /lib/x86_64-linux-gnu/libnss_files-2.27.so
7fb80ea65000-7fb80ea66000 r--p 0000a000 08:01 137052                     /lib/x86_64-linux-gnu/libnss_files-2.27.so
7fb80ea66000-7fb80ea67000 rw-p 0000b000 08:01 137052                     /lib/x86_64-linux-gnu/libnss_files-2.27.so
7fb80ea67000-7fb80ea6d000 rw-p 00000000 00:00 0 
7fb80ea6d000-7fb80ea84000 r-xp 00000000 08:01 137046                     /lib/x86_64-linux-gnu/libnsl-2.27.so
7fb80ea84000-7fb80ec83000 ---p 00017000 08:01 137046                     /lib/x86_64-linux-gnu/libnsl-2.27.so
7fb80ec83000-7fb80ec84000 r--p 00016000 08:01 137046                     /lib/x86_64-linux-gnu/libnsl-2.27.so
7fb80ec84000-7fb80ec85000 rw-p 00017000 08:01 137046                     /lib/x86_64-linux-gnu/libnsl-2.27.so
7fb80ec85000-7fb80ec87000 rw-p 00000000 00:00 0 
7fb80ec87000-7fb80ec92000 r-xp 00000000 08:01 137063                     /lib/x86_64-linux-gnu/libnss_nis-2.27.so
7fb80ec92000-7fb80ee91000 ---p 0000b000 08:01 137063                     /lib/x86_64-linux-gnu/libnss_nis-2.27.so
7fb80ee91000-7fb80ee92000 r--p 0000a000 08:01 137063                     /lib/x86_64-linux-gnu/libnss_nis-2.27.so
7fb80ee92000-7fb80ee93000 rw-p 0000b000 08:01 137063                     /lib/x86_64-linux-gnu/libnss_nis-2.27.so
7fb80ee93000-7fb80ee9b000 r-xp 00000000 08:01 137048                     /lib/x86_64-linux-gnu/libnss_compat-2.27.so
7fb80ee9b000-7fb80f09b000 ---p 00008000 08:01 137048                     /lib/x86_64-linux-gnu/libnss_compat-2.27.so
7fb80f09b000-7fb80f09c000 r--p 00008000 08:01 137048                     /lib/x86_64-linux-gnu/libnss_compat-2.27.so
7fb80f09c000-7fb80f09d000 rw-p 00009000 08:01 137048                     /lib/x86_64-linux-gnu/libnss_compat-2.27.so
7fb80f09d000-7fb80f0c5000 r-xp 00000000 08:01 790481                     /usr/lib/jvm/jdk-12.0.1/lib/libjava.so
7fb80f0c5000-7fb80f2c4000 ---p 00028000 08:01 790481                     /usr/lib/jvm/jdk-12.0.1/lib/libjava.so
7fb80f2c4000-7fb80f2c5000 r--p 00027000 08:01 790481                     /usr/lib/jvm/jdk-12.0.1/lib/libjava.so
7fb80f2c5000-7fb80f2c7000 rw-p 00028000 08:01 790481                     /usr/lib/jvm/jdk-12.0.1/lib/libjava.so
7fb80f2c7000-7fb80f2d4000 r-xp 00000000 08:01 796437                     /usr/lib/jvm/jdk-12.0.1/lib/libverify.so
7fb80f2d4000-7fb80f4d3000 ---p 0000d000 08:01 796437                     /usr/lib/jvm/jdk-12.0.1/lib/libverify.so
7fb80f4d3000-7fb80f4d5000 r--p 0000c000 08:01 796437                     /usr/lib/jvm/jdk-12.0.1/lib/libverify.so
7fb80f4d5000-7fb80f4d6000 rw-p 0000e000 08:01 796437                     /usr/lib/jvm/jdk-12.0.1/lib/libverify.so
7fb80f4d6000-7fb80f4dd000 r-xp 00000000 08:01 137103                     /lib/x86_64-linux-gnu/librt-2.27.so
7fb80f4dd000-7fb80f6dc000 ---p 00007000 08:01 137103                     /lib/x86_64-linux-gnu/librt-2.27.so
7fb80f6dc000-7fb80f6dd000 r--p 00006000 08:01 137103                     /lib/x86_64-linux-gnu/librt-2.27.so
7fb80f6dd000-7fb80f6de000 rw-p 00007000 08:01 137103                     /lib/x86_64-linux-gnu/librt-2.27.so
7fb80f6de000-7fb80f87b000 r-xp 00000000 08:01 137025                     /lib/x86_64-linux-gnu/libm-2.27.so
7fb80f87b000-7fb80fa7a000 ---p 0019d000 08:01 137025                     /lib/x86_64-linux-gnu/libm-2.27.so
7fb80fa7a000-7fb80fa7b000 r--p 0019c000 08:01 137025                     /lib/x86_64-linux-gnu/libm-2.27.so
7fb80fa7b000-7fb80fa7c000 rw-p 0019d000 08:01 137025                     /lib/x86_64-linux-gnu/libm-2.27.so
7fb80fa7c000-7fb810be0000 r-xp 00000000 08:01 937605                     /usr/lib/jvm/jdk-12.0.1/lib/server/libjvm.so
7fb810be0000-7fb810de0000 ---p 01164000 08:01 937605                     /usr/lib/jvm/jdk-12.0.1/lib/server/libjvm.so
7fb810de0000-7fb810ea1000 r--p 01164000 08:01 937605                     /usr/lib/jvm/jdk-12.0.1/lib/server/libjvm.so
7fb810ea1000-7fb810eda000 rw-p 01225000 08:01 937605                     /usr/lib/jvm/jdk-12.0.1/lib/server/libjvm.so
7fb810eda000-7fb810f5d000 rw-p 00000000 00:00 0 
7fb810f5d000-7fb811144000 r-xp 00000000 08:01 136962                     /lib/x86_64-linux-gnu/libc-2.27.so
7fb811144000-7fb811344000 ---p 001e7000 08:01 136962                     /lib/x86_64-linux-gnu/libc-2.27.so
7fb811344000-7fb811348000 r--p 001e7000 08:01 136962                     /lib/x86_64-linux-gnu/libc-2.27.so
7fb811348000-7fb81134a000 rw-p 001eb000 08:01 136962                     /lib/x86_64-linux-gnu/libc-2.27.so
7fb81134a000-7fb81134e000 rw-p 00000000 00:00 0 
7fb81134e000-7fb811351000 r-xp 00000000 08:01 136985                     /lib/x86_64-linux-gnu/libdl-2.27.so
7fb811351000-7fb811550000 ---p 00003000 08:01 136985                     /lib/x86_64-linux-gnu/libdl-2.27.so
7fb811550000-7fb811551000 r--p 00002000 08:01 136985                     /lib/x86_64-linux-gnu/libdl-2.27.so
7fb811551000-7fb811552000 rw-p 00003000 08:01 136985                     /lib/x86_64-linux-gnu/libdl-2.27.so
7fb811552000-7fb81156c000 r-xp 00000000 08:01 137095                     /lib/x86_64-linux-gnu/libpthread-2.27.so
7fb81156c000-7fb81176b000 ---p 0001a000 08:01 137095                     /lib/x86_64-linux-gnu/libpthread-2.27.so
7fb81176b000-7fb81176c000 r--p 00019000 08:01 137095                     /lib/x86_64-linux-gnu/libpthread-2.27.so
7fb81176c000-7fb81176d000 rw-p 0001a000 08:01 137095                     /lib/x86_64-linux-gnu/libpthread-2.27.so
7fb81176d000-7fb811771000 rw-p 00000000 00:00 0 
7fb811771000-7fb811781000 r-xp 00000000 08:01 790513                     /usr/lib/jvm/jdk-12.0.1/lib/libjli.so
7fb811781000-7fb811980000 ---p 00010000 08:01 790513                     /usr/lib/jvm/jdk-12.0.1/lib/libjli.so
7fb811980000-7fb811981000 r--p 0000f000 08:01 790513                     /usr/lib/jvm/jdk-12.0.1/lib/libjli.so
7fb811981000-7fb811982000 rw-p 00010000 08:01 790513                     /usr/lib/jvm/jdk-12.0.1/lib/libjli.so
7fb811982000-7fb81199e000 r-xp 00000000 08:01 137134                     /lib/x86_64-linux-gnu/libz.so.1.2.11
7fb81199e000-7fb811b9d000 ---p 0001c000 08:01 137134                     /lib/x86_64-linux-gnu/libz.so.1.2.11
7fb811b9d000-7fb811b9e000 r--p 0001b000 08:01 137134                     /lib/x86_64-linux-gnu/libz.so.1.2.11
7fb811b9e000-7fb811b9f000 rw-p 0001c000 08:01 137134                     /lib/x86_64-linux-gnu/libz.so.1.2.11
7fb811b9f000-7fb811bc6000 r-xp 00000000 08:01 136934                     /lib/x86_64-linux-gnu/ld-2.27.so
7fb811beb000-7fb811ca4000 rw-p 00000000 00:00 0 
7fb811ca4000-7fb811cab000 ---p 00000000 00:00 0 
7fb811cab000-7fb811caf000 ---p 00000000 00:00 0 
7fb811caf000-7fb811db0000 rw-p 00000000 00:00 0 
7fb811db6000-7fb811dba000 r--p 00000000 08:01 1574428                    /home/kiit/.config/dconf/user
7fb811dba000-7fb811dbb000 r--s 00000000 00:2e 35                         /run/user/1000/dconf/user
7fb811dbb000-7fb811dc3000 rw-s 00000000 08:01 790427                     /tmp/hsperfdata_kiit/3432
7fb811dc3000-7fb811dc4000 ---p 00000000 00:00 0 
7fb811dc4000-7fb811dc5000 r--p 00000000 00:00 0 
7fb811dc5000-7fb811dc6000 ---p 00000000 00:00 0 
7fb811dc6000-7fb811dc7000 r--p 00027000 08:01 136934                     /lib/x86_64-linux-gnu/ld-2.27.so
7fb811dc7000-7fb811dc8000 rw-p 00028000 08:01 136934                     /lib/x86_64-linux-gnu/ld-2.27.so
7fb811dc8000-7fb811dc9000 rw-p 00000000 00:00 0 
7ffcc5231000-7ffcc5252000 rw-p 00000000 00:00 0                          [stack]
7ffcc531f000-7ffcc5322000 r--p 00000000 00:00 0                          [vvar]
7ffcc5322000-7ffcc5324000 r-xp 00000000 00:00 0                          [vdso]
ffffffffff600000-ffffffffff601000 r-xp 00000000 00:00 0                  [vsyscall]


VM Arguments:
jvm_args: -Djava.library.path=. 
java_command: Gui
java_class_path (initial): .
Launcher Type: SUN_STANDARD

[Global flags]
     intx CICompilerCount                          = 2                                         {product} {ergonomic}
   size_t InitialHeapSize                          = 65011712                                  {product} {ergonomic}
   size_t MaxHeapSize                              = 1035993088                                {product} {ergonomic}
   size_t MaxNewSize                               = 345309184                                 {product} {ergonomic}
   size_t MinHeapDeltaBytes                        = 196608                                    {product} {ergonomic}
   size_t NewSize                                  = 21626880                                  {product} {ergonomic}
    uintx NonNMethodCodeHeapSize                   = 5825164                                {pd product} {ergonomic}
    uintx NonProfiledCodeHeapSize                  = 122916538                              {pd product} {ergonomic}
   size_t OldSize                                  = 43384832                                  {product} {ergonomic}
    uintx ProfiledCodeHeapSize                     = 122916538                              {pd product} {ergonomic}
    uintx ReservedCodeCacheSize                    = 251658240                              {pd product} {ergonomic}
     bool SegmentedCodeCache                       = true                                      {product} {ergonomic}
     bool UseCompressedClassPointers               = true                                 {lp64_product} {ergonomic}
     bool UseCompressedOops                        = true                                 {lp64_product} {ergonomic}
     bool UseSerialGC                              = true                                      {product} {ergonomic}

Logging:
Log output configuration:
 #0: stdout all=warning uptime,level,tags
 #1: stderr all=off uptime,level,tags

Environment Variables:
JAVA_HOME=/usr/lib/jvm/jdk-12.0.1
PATH=/usr/local/sbin:/usr/local/bin:/usr/sbin:/usr/bin:/sbin:/bin:/usr/games:/usr/local/games:/snap/bin:/usr/lib/jvm/jdk-12.0.1/bin
USERNAME=kiit
SHELL=/bin/bash
DISPLAY=:0

Signal Handlers:
SIGSEGV: [libjvm.so+0xe45640], sa_mask[0]=11111111011111111101111111111110, sa_flags=SA_RESTART|SA_SIGINFO
SIGBUS: [libjvm.so+0xe45640], sa_mask[0]=11111111011111111101111111111110, sa_flags=SA_RESTART|SA_SIGINFO
SIGFPE: [libjvm.so+0xe45640], sa_mask[0]=11111111011111111101111111111110, sa_flags=SA_RESTART|SA_SIGINFO
SIGPIPE: SIG_IGN, sa_mask[0]=00000000000010000000000000000000, sa_flags=SA_RESTART
SIGXFSZ: [libjvm.so+0xbf4b50], sa_mask[0]=11111111011111111101111111111110, sa_flags=SA_RESTART|SA_SIGINFO
SIGILL: [libjvm.so+0xe45640], sa_mask[0]=11111111011111111101111111111110, sa_flags=SA_RESTART|SA_SIGINFO
SIGUSR2: [libjvm.so+0xbf49f0], sa_mask[0]=00000000000000000000000000000000, sa_flags=SA_RESTART|SA_SIGINFO
SIGHUP: [libjvm.so+0xbf4d50], sa_mask[0]=11111111011111111101111111111110, sa_flags=SA_RESTART|SA_SIGINFO
SIGINT: [libjvm.so+0xbf4d50], sa_mask[0]=11111111011111111101111111111110, sa_flags=SA_RESTART|SA_SIGINFO
SIGTERM: [libjvm.so+0xbf4d50], sa_mask[0]=11111111011111111101111111111110, sa_flags=SA_RESTART|SA_SIGINFO
SIGQUIT: [libjvm.so+0xbf4d50], sa_mask[0]=11111111011111111101111111111110, sa_flags=SA_RESTART|SA_SIGINFO


---------------  S Y S T E M  ---------------

OS:DISTRIB_ID=Ubuntu
DISTRIB_RELEASE=18.04
DISTRIB_CODENAME=bionic
DISTRIB_DESCRIPTION="Ubuntu 18.04.2 LTS"
uname:Linux 4.18.0-25-generic #26~18.04.1-Ubuntu SMP Thu Jun 27 07:28:31 UTC 2019 x86_64
libc:glibc 2.27 NPTL 2.27 
rlimit: STACK 8192k, CORE 0k, NPROC 15535, NOFILE 4096, AS infinity, DATA infinity, FSIZE infinity
load average:0.33 0.51 0.53

/proc/meminfo:
MemTotal:        4039524 kB
MemFree:         1076892 kB
MemAvailable:    2609572 kB
Buffers:          123652 kB
Cached:          1653728 kB
SwapCached:            0 kB
Active:          1464544 kB
Inactive:        1241392 kB
Active(anon):     929508 kB
Inactive(anon):   104776 kB
Active(file):     535036 kB
Inactive(file):  1136616 kB
Unevictable:          32 kB
Mlocked:              32 kB
SwapTotal:       1471128 kB
SwapFree:        1471128 kB
Dirty:               324 kB
Writeback:             0 kB
AnonPages:        928628 kB
Mapped:           344428 kB
Shmem:            105708 kB
Slab:             160920 kB
SReclaimable:     127392 kB
SUnreclaim:        33528 kB
KernelStack:        7136 kB
PageTables:        32952 kB
NFS_Unstable:          0 kB
Bounce:                0 kB
WritebackTmp:          0 kB
CommitLimit:     3490888 kB
Committed_AS:    3976292 kB
VmallocTotal:   34359738367 kB
VmallocUsed:           0 kB
VmallocChunk:          0 kB
HardwareCorrupted:     0 kB
AnonHugePages:         0 kB
ShmemHugePages:        0 kB
ShmemPmdMapped:        0 kB
CmaTotal:              0 kB
CmaFree:               0 kB
HugePages_Total:       0
HugePages_Free:        0
HugePages_Rsvd:        0
HugePages_Surp:        0
Hugepagesize:       2048 kB
Hugetlb:               0 kB
DirectMap4k:      122816 kB
DirectMap2M:     4071424 kB


/proc/sys/kernel/threads-max (system-wide limit on the number of threads):
31070


/proc/sys/vm/max_map_count (maximum number of memory map areas a process may have):
65530


/proc/sys/kernel/pid_max (system-wide limit on number of process identifiers):
32768



container (cgroup) information:
container_type: cgroupv1
cpu_cpuset_cpus: 0
cpu_memory_nodes: 0
active_processor_count: 1
cpu_quota: -1
cpu_period: 100000
cpu_shares: -1
memory_limit_in_bytes: -1
memory_and_swap_limit_in_bytes: -2
memory_soft_limit_in_bytes: -1
memory_usage_in_bytes: 2770866176
memory_max_usage_in_bytes: 0


CPU:total 1 (initial active 1) (1 cores per cpu, 1 threads per core) family 6 model 142 stepping 10, cmov, cx8, fxsr, mmx, sse, sse2, sse3, ssse3, sse4.1, sse4.2, popcnt, avx, avx2, aes, clmul, 3dnowpref, lzcnt, tsc, tscinvbit
CPU Model and flags from /proc/cpuinfo:
model name	: Intel(R) Core(TM) i5-8250U CPU @ 1.60GHz
flags		: fpu vme de pse tsc msr pae mce cx8 apic sep mtrr pge mca cmov pat pse36 clflush mmx fxsr sse sse2 ht syscall nx rdtscp lm constant_tsc rep_good nopl xtopology nonstop_tsc cpuid tsc_known_freq pni pclmulqdq monitor ssse3 cx16 pcid sse4_1 sse4_2 x2apic movbe popcnt aes xsave avx rdrand hypervisor lahf_lm abm 3dnowprefetch invpcid_single pti fsgsbase avx2 invpcid rdseed clflushopt md_clear flush_l1d

Memory: 4k page, physical 4039524k(1076892k free), swap 1471128k(1471128k free)

vm_info: Java HotSpot(TM) 64-Bit Server VM (12.0.1+12) for linux-amd64 JRE (12.0.1+12), built on Apr  1 2019 23:46:14 by "mach5one" with gcc 7.3.0

END.
