#
# A fatal error has been detected by the Java Runtime Environment:
#
#  SIGSEGV (0xb) at pc=0x00007f0d6c8df675, pid=2177, tid=2196
#
# JRE version: Java(TM) SE Runtime Environment (12.0.2+10) (build 12.0.2+10)
# Java VM: Java HotSpot(TM) 64-Bit Server VM (12.0.2+10, mixed mode, sharing, tiered, compressed oops, serial gc, linux-amd64)
# Problematic frame:
# C  [libc.so.6+0x18b675]
#
# Core dump will be written. Default location: Core dumps may be processed with "/usr/share/apport/apport %p %s %c %d %P %E" (or dumping to /home/virtualpanda/1905228/p2p/core.2177)
#
# If you would like to submit a bug report, please visit:
#   http://bugreport.java.com/bugreport/crash.jsp
# The crash happened outside the Java Virtual Machine in native code.
# See problematic frame for where to report the bug.
#

---------------  S U M M A R Y ------------

Command Line: -Djava.library.path=. Gui

Host: Intel(R) Core(TM) i5-8250U CPU @ 1.60GHz, 1 cores, 3G, Ubuntu 20.04.3 LTS
Time: Mon Jan 17 19:13:56 2022 IST elapsed time: 72 seconds (0d 0h 1m 12s)

---------------  T H R E A D  ---------------

Current thread (0x00007f0d48005800):  JavaThread "AWT-EventQueue-0" [_thread_in_native, id=2196, stack(0x00007f0d2d731000,0x00007f0d2d832000)]

Stack: [0x00007f0d2d731000,0x00007f0d2d832000],  sp=0x00007f0d2d82f1c8,  free space=1016k
Native frames: (J=compiled Java code, A=aot compiled Java code, j=interpreted, Vv=VM code, C=native code)
C  [libc.so.6+0x18b675]
C  [libc.so.6+0x64ebf]  _IO_printf+0xaf
j  Gui.Files(Ljava/lang/String;Ljava/lang/String;III)Ljava/lang/String;+0
j  Home.actionPerformed(Ljava/awt/event/ActionEvent;)V+304
j  javax.swing.AbstractButton.fireActionPerformed(Ljava/awt/event/ActionEvent;)V+83 java.desktop@12.0.2
j  javax.swing.AbstractButton$Handler.actionPerformed(Ljava/awt/event/ActionEvent;)V+5 java.desktop@12.0.2
j  javax.swing.DefaultButtonModel.fireActionPerformed(Ljava/awt/event/ActionEvent;)V+34 java.desktop@12.0.2
j  javax.swing.DefaultButtonModel.setPressed(Z)V+117 java.desktop@12.0.2
j  javax.swing.plaf.basic.BasicButtonListener.mouseReleased(Ljava/awt/event/MouseEvent;)V+35 java.desktop@12.0.2
j  java.awt.Component.processMouseEvent(Ljava/awt/event/MouseEvent;)V+64 java.desktop@12.0.2
j  javax.swing.JComponent.processMouseEvent(Ljava/awt/event/MouseEvent;)V+23 java.desktop@12.0.2
j  java.awt.Component.processEvent(Ljava/awt/AWTEvent;)V+81 java.desktop@12.0.2
j  java.awt.Container.processEvent(Ljava/awt/AWTEvent;)V+18 java.desktop@12.0.2
J 1193 c1 java.awt.Component.dispatchEventImpl(Ljava/awt/AWTEvent;)V java.desktop@12.0.2 (777 bytes) @ 0x00007f0d4d30a7ac [0x00007f0d4d306340+0x000000000000446c]
J 1274 c1 java.awt.Container.dispatchEventImpl(Ljava/awt/AWTEvent;)V java.desktop@12.0.2 (129 bytes) @ 0x00007f0d4d3722bc [0x00007f0d4d372160+0x000000000000015c]
J 1033 c1 java.awt.Component.dispatchEvent(Ljava/awt/AWTEvent;)V java.desktop@12.0.2 (6 bytes) @ 0x00007f0d4d2ba564 [0x00007f0d4d2ba440+0x0000000000000124]
j  java.awt.LightweightDispatcher.retargetMouseEvent(Ljava/awt/Component;ILjava/awt/event/MouseEvent;)V+349 java.desktop@12.0.2
j  java.awt.LightweightDispatcher.processMouseEvent(Ljava/awt/event/MouseEvent;)Z+155 java.desktop@12.0.2
j  java.awt.LightweightDispatcher.dispatchEvent(Ljava/awt/AWTEvent;)Z+50 java.desktop@12.0.2
J 1274 c1 java.awt.Container.dispatchEventImpl(Ljava/awt/AWTEvent;)V java.desktop@12.0.2 (129 bytes) @ 0x00007f0d4d37225c [0x00007f0d4d372160+0x00000000000000fc]
j  java.awt.Window.dispatchEventImpl(Ljava/awt/AWTEvent;)V+19 java.desktop@12.0.2
J 1239 c1 java.awt.EventQueue.dispatchEventImpl(Ljava/awt/AWTEvent;Ljava/lang/Object;)V java.desktop@12.0.2 (136 bytes) @ 0x00007f0d4d35d9c4 [0x00007f0d4d35d4a0+0x0000000000000524]
J 1238 c1 java.awt.EventQueue$4.run()Ljava/lang/Void; java.desktop@12.0.2 (60 bytes) @ 0x00007f0d4d35cd44 [0x00007f0d4d35cc00+0x0000000000000144]
J 1061 c1 java.awt.EventQueue$4.run()Ljava/lang/Object; java.desktop@12.0.2 (5 bytes) @ 0x00007f0d4d2c6764 [0x00007f0d4d2c66c0+0x00000000000000a4]
J 929 c1 java.security.ProtectionDomain$JavaSecurityAccessImpl.doIntersectionPrivilege(Ljava/security/PrivilegedAction;Ljava/security/AccessControlContext;Ljava/security/AccessControlContext;)Ljava/lang/Object; java.base@12.0.2 (22 bytes) @ 0x00007f0d4d286f6c [0x00007f0d4d286a80+0x00000000000004ec]
J 1059 c1 java.awt.EventQueue.dispatchEvent(Ljava/awt/AWTEvent;)V java.desktop@12.0.2 (80 bytes) @ 0x00007f0d4d2c45e4 [0x00007f0d4d2c3660+0x0000000000000f84]
J 1252 c1 java.awt.EventDispatchThread.pumpOneEventForFilters(I)V java.desktop@12.0.2 (113 bytes) @ 0x00007f0d4d3669a4 [0x00007f0d4d366220+0x0000000000000784]
j  java.awt.EventDispatchThread.pumpEventsForFilter(ILjava/awt/Conditional;Ljava/awt/EventFilter;)V+35 java.desktop@12.0.2
j  java.awt.EventDispatchThread.pumpEventsForHierarchy(ILjava/awt/Conditional;Ljava/awt/Component;)V+11 java.desktop@12.0.2
j  java.awt.EventDispatchThread.pumpEvents(ILjava/awt/Conditional;)V+4 java.desktop@12.0.2
j  java.awt.EventDispatchThread.pumpEvents(Ljava/awt/Conditional;)V+3 java.desktop@12.0.2
j  java.awt.EventDispatchThread.run()V+9 java.desktop@12.0.2
v  ~StubRoutines::call_stub
V  [libjvm.so+0x86ec99]  JavaCalls::call_helper(JavaValue*, methodHandle const&, JavaCallArguments*, Thread*)+0x3c9
V  [libjvm.so+0x86cc2d]  JavaCalls::call_virtual(JavaValue*, Handle, Klass*, Symbol*, Symbol*, Thread*)+0x1ed
V  [libjvm.so+0x91a29c]  thread_entry(JavaThread*, Thread*)+0x6c
V  [libjvm.so+0xdd3d0f]  JavaThread::thread_main_inner()+0x22f
V  [libjvm.so+0xdd0b8f]  Thread::call_run()+0x16f
V  [libjvm.so+0xbfdc6e]  thread_native_entry(Thread*)+0xee

Java frames: (J=compiled Java code, j=interpreted, Vv=VM code)
j  Gui.Files(Ljava/lang/String;Ljava/lang/String;III)Ljava/lang/String;+0
j  Home.actionPerformed(Ljava/awt/event/ActionEvent;)V+304
j  javax.swing.AbstractButton.fireActionPerformed(Ljava/awt/event/ActionEvent;)V+83 java.desktop@12.0.2
j  javax.swing.AbstractButton$Handler.actionPerformed(Ljava/awt/event/ActionEvent;)V+5 java.desktop@12.0.2
j  javax.swing.DefaultButtonModel.fireActionPerformed(Ljava/awt/event/ActionEvent;)V+34 java.desktop@12.0.2
j  javax.swing.DefaultButtonModel.setPressed(Z)V+117 java.desktop@12.0.2
j  javax.swing.plaf.basic.BasicButtonListener.mouseReleased(Ljava/awt/event/MouseEvent;)V+35 java.desktop@12.0.2
j  java.awt.Component.processMouseEvent(Ljava/awt/event/MouseEvent;)V+64 java.desktop@12.0.2
j  javax.swing.JComponent.processMouseEvent(Ljava/awt/event/MouseEvent;)V+23 java.desktop@12.0.2
j  java.awt.Component.processEvent(Ljava/awt/AWTEvent;)V+81 java.desktop@12.0.2
j  java.awt.Container.processEvent(Ljava/awt/AWTEvent;)V+18 java.desktop@12.0.2
J 1193 c1 java.awt.Component.dispatchEventImpl(Ljava/awt/AWTEvent;)V java.desktop@12.0.2 (777 bytes) @ 0x00007f0d4d30a7ac [0x00007f0d4d306340+0x000000000000446c]
J 1274 c1 java.awt.Container.dispatchEventImpl(Ljava/awt/AWTEvent;)V java.desktop@12.0.2 (129 bytes) @ 0x00007f0d4d3722bc [0x00007f0d4d372160+0x000000000000015c]
J 1033 c1 java.awt.Component.dispatchEvent(Ljava/awt/AWTEvent;)V java.desktop@12.0.2 (6 bytes) @ 0x00007f0d4d2ba564 [0x00007f0d4d2ba440+0x0000000000000124]
j  java.awt.LightweightDispatcher.retargetMouseEvent(Ljava/awt/Component;ILjava/awt/event/MouseEvent;)V+349 java.desktop@12.0.2
j  java.awt.LightweightDispatcher.processMouseEvent(Ljava/awt/event/MouseEvent;)Z+155 java.desktop@12.0.2
j  java.awt.LightweightDispatcher.dispatchEvent(Ljava/awt/AWTEvent;)Z+50 java.desktop@12.0.2
J 1274 c1 java.awt.Container.dispatchEventImpl(Ljava/awt/AWTEvent;)V java.desktop@12.0.2 (129 bytes) @ 0x00007f0d4d37225c [0x00007f0d4d372160+0x00000000000000fc]
j  java.awt.Window.dispatchEventImpl(Ljava/awt/AWTEvent;)V+19 java.desktop@12.0.2
J 1239 c1 java.awt.EventQueue.dispatchEventImpl(Ljava/awt/AWTEvent;Ljava/lang/Object;)V java.desktop@12.0.2 (136 bytes) @ 0x00007f0d4d35d9c4 [0x00007f0d4d35d4a0+0x0000000000000524]
J 1238 c1 java.awt.EventQueue$4.run()Ljava/lang/Void; java.desktop@12.0.2 (60 bytes) @ 0x00007f0d4d35cd44 [0x00007f0d4d35cc00+0x0000000000000144]
J 1061 c1 java.awt.EventQueue$4.run()Ljava/lang/Object; java.desktop@12.0.2 (5 bytes) @ 0x00007f0d4d2c6764 [0x00007f0d4d2c66c0+0x00000000000000a4]
J 929 c1 java.security.ProtectionDomain$JavaSecurityAccessImpl.doIntersectionPrivilege(Ljava/security/PrivilegedAction;Ljava/security/AccessControlContext;Ljava/security/AccessControlContext;)Ljava/lang/Object; java.base@12.0.2 (22 bytes) @ 0x00007f0d4d286f6c [0x00007f0d4d286a80+0x00000000000004ec]
J 1059 c1 java.awt.EventQueue.dispatchEvent(Ljava/awt/AWTEvent;)V java.desktop@12.0.2 (80 bytes) @ 0x00007f0d4d2c45e4 [0x00007f0d4d2c3660+0x0000000000000f84]
J 1252 c1 java.awt.EventDispatchThread.pumpOneEventForFilters(I)V java.desktop@12.0.2 (113 bytes) @ 0x00007f0d4d3669a4 [0x00007f0d4d366220+0x0000000000000784]
j  java.awt.EventDispatchThread.pumpEventsForFilter(ILjava/awt/Conditional;Ljava/awt/EventFilter;)V+35 java.desktop@12.0.2
j  java.awt.EventDispatchThread.pumpEventsForHierarchy(ILjava/awt/Conditional;Ljava/awt/Component;)V+11 java.desktop@12.0.2
j  java.awt.EventDispatchThread.pumpEvents(ILjava/awt/Conditional;)V+4 java.desktop@12.0.2
j  java.awt.EventDispatchThread.pumpEvents(Ljava/awt/Conditional;)V+3 java.desktop@12.0.2
j  java.awt.EventDispatchThread.run()V+9 java.desktop@12.0.2
v  ~StubRoutines::call_stub

siginfo: si_signo: 11 (SIGSEGV), si_code: 1 (SEGV_MAPERR), si_addr: 0x0000000000000001

Register to memory mapping:

RAX=0x0000000000000018 is an unknown value
RBX=0x00007f0d6c7cdc93: <offset 0x0000000000079c93> in /lib/x86_64-linux-gnu/libc.so.6 at 0x00007f0d6c754000
RCX=0x0000000000000001 is an unknown value
RDX=0x0000000000000001 is an unknown value
RSP=0x00007f0d2d82f1c8 is pointing into the stack for thread: 0x00007f0d48005800
RBP=0x00007f0d2d82f740 is pointing into the stack for thread: 0x00007f0d48005800
RSI=0x00007f0d2d82f708 is pointing into the stack for thread: 0x00007f0d48005800
RDI=0x0000000000000001 is an unknown value
R8 =0x00000000ffffffff is an unallocated location in the heap
R9 =0x0000000000000021 is an unknown value
R10=0x00007f0d6abcf0b8: <offset 0x00000000000020b8> in /home/virtualpanda/1905228/p2p/libnative.so at 0x00007f0d6abcd000
R11=0x0000000000000001 is an unknown value
R12=0x00007f0d6c9406a0: _IO_2_1_stdout_+0x0000000000000000 in /lib/x86_64-linux-gnu/libc.so.6 at 0x00007f0d6c754000
R13=0x00007f0d6abcf098: <offset 0x0000000000002098> in /home/virtualpanda/1905228/p2p/libnative.so at 0x00007f0d6abcd000
R14=0x00007f0d2d82f750 is pointing into the stack for thread: 0x00007f0d48005800
R15=0x0000000000000073 is an unknown value


Registers:
RAX=0x0000000000000018, RBX=0x00007f0d6c7cdc93, RCX=0x0000000000000001, RDX=0x0000000000000001
RSP=0x00007f0d2d82f1c8, RBP=0x00007f0d2d82f740, RSI=0x00007f0d2d82f708, RDI=0x0000000000000001
R8 =0x00000000ffffffff, R9 =0x0000000000000021, R10=0x00007f0d6abcf0b8, R11=0x0000000000000001
R12=0x00007f0d6c9406a0, R13=0x00007f0d6abcf098, R14=0x00007f0d2d82f750, R15=0x0000000000000073
RIP=0x00007f0d6c8df675, EFLAGS=0x0000000000010287, CSGSFS=0x002b000000000033, ERR=0x0000000000000004
  TRAPNO=0x000000000000000e

Top of Stack: (sp=0x00007f0d2d82f1c8)
0x00007f0d2d82f1c8:   00007f0d6c7cfe95 ffffffffffffff00
0x00007f0d2d82f1d8:   00007f0d6c5e7380 0000000000000000
0x00007f0d2d82f1e8:   0000000000000000 0000000000000000
0x00007f0d2d82f1f8:   0000000000000000 0000000000000000 

Instructions: (pc=0x00007f0d6c8df675)
0x00007f0d6c8df575:   83 c7 20 c5 dd 74 d9 c5 fd d7 ca c5 fd d7 c3 09
0x00007f0d6c8df585:   c1 75 38 c5 fd 6f 0f c5 fd 74 d1 48 83 c7 20 c5
0x00007f0d6c8df595:   dd 74 d9 c5 fd d7 ca c5 fd d7 c3 09 c1 75 1c c5
0x00007f0d6c8df5a5:   fd 6f 0f c5 fd 74 d1 48 83 c7 20 c5 dd 74 d9 c5
0x00007f0d6c8df5b5:   fd d7 ca c5 fd d7 c3 09 c1 74 90 85 c0 75 1c 85
0x00007f0d6c8df5c5:   d2 0f 84 84 00 00 00 89 d0 48 89 f7 0f bd c0 48
0x00007f0d6c8df5d5:   8d 44 07 e0 c5 f8 77 c3 0f 1f 00 c5 fd d7 ca 85
0x00007f0d6c8df5e5:   c9 75 18 89 c2 48 89 fe e9 5e ff ff ff 66 66 2e
0x00007f0d6c8df5f5:   0f 1f 84 00 00 00 00 00 0f 1f 00 41 89 c8 41 83
0x00007f0d6c8df605:   e8 01 41 31 c8 44 21 c0 85 c0 74 b3 0f bd c0 48
0x00007f0d6c8df615:   8d 44 07 e0 c5 f8 77 c3 0f 1f 00 48 01 cf 89 d1
0x00007f0d6c8df625:   41 89 c8 41 83 e8 01 41 31 c8 44 21 c0 85 c0 74
0x00007f0d6c8df635:   1a 0f bd c0 48 8d 44 07 e0 c5 f8 77 c3 66 66 2e
0x00007f0d6c8df645:   0f 1f 84 00 00 00 00 00 0f 1f 00 31 c0 c5 f8 77
0x00007f0d6c8df655:   c3 66 2e 0f 1f 84 00 00 00 00 00 f3 0f 1e fa 89
0x00007f0d6c8df665:   f9 48 89 fa c5 f9 ef c0 83 e1 3f 83 f9 20 77 2b
0x00007f0d6c8df675:   c5 fd 74 0f c5 fd d7 c1 85 c0 0f 85 eb 00 00 00
0x00007f0d6c8df685:   48 83 c7 20 83 e1 1f 48 83 e7 e0 eb 42 66 66 2e
0x00007f0d6c8df695:   0f 1f 84 00 00 00 00 00 0f 1f 00 83 e1 1f 48 83
0x00007f0d6c8df6a5:   e7 e0 c5 fd 74 0f c5 fd d7 c1 d3 f8 85 c0 74 1b
0x00007f0d6c8df6b5:   f3 0f bc c0 48 01 f8 48 01 c8 48 29 d0 c5 f8 77
0x00007f0d6c8df6c5:   c3 66 2e 0f 1f 84 00 00 00 00 00 48 83 c7 20 c5
0x00007f0d6c8df6d5:   fd 74 0f c5 fd d7 c1 85 c0 0f 85 8c 00 00 00 c5
0x00007f0d6c8df6e5:   fd 74 4f 20 c5 fd d7 c1 85 c0 0f 85 8b 00 00 00
0x00007f0d6c8df6f5:   c5 fd 74 4f 40 c5 fd d7 c1 85 c0 0f 85 9a 00 00
0x00007f0d6c8df705:   00 c5 fd 74 4f 60 c5 fd d7 c1 85 c0 0f 85 d5 00
0x00007f0d6c8df715:   00 00 48 81 c7 80 00 00 00 48 89 f9 83 e1 7f 48
0x00007f0d6c8df725:   83 e7 80 0f 1f 84 00 00 00 00 00 c5 fd 6f 0f c5
0x00007f0d6c8df735:   fd 6f 57 20 c5 fd 6f 5f 40 c5 fd 6f 67 60 c5 ed
0x00007f0d6c8df745:   da e9 c5 dd da f3 c5 cd da ed c5 fd 74 ed c5 fd
0x00007f0d6c8df755:   d7 c5 85 c0 75 65 48 81 c7 80 00 00 00 eb cc 66
0x00007f0d6c8df765:   66 2e 0f 1f 84 00 00 00 00 00 90 f3 0f bc c0 48 


Stack slot to memory mapping:
stack at sp + 0 slots: 0x00007f0d6c7cfe95: <offset 0x000000000007be95> in /lib/x86_64-linux-gnu/libc.so.6 at 0x00007f0d6c754000
stack at sp + 1 slots: 0xffffffffffffff00 is an unknown value
stack at sp + 2 slots: 0x00007f0d6c5e7380: <offset 0x0000000001375380> in /usr/lib/jvm/jdk-12.0.2/lib/server/libjvm.so at 0x00007f0d6b272000
stack at sp + 3 slots: 0x0 is NULL
stack at sp + 4 slots: 0x0 is NULL
stack at sp + 5 slots: 0x0 is NULL
stack at sp + 6 slots: 0x0 is NULL
stack at sp + 7 slots: 0x0 is NULL


---------------  P R O C E S S  ---------------

Threads class SMR info:
_java_thread_list=0x00000000015bb7d0, length=14, elements={
0x00007f0d64058800, 0x00007f0d6405a800, 0x00007f0d64060800, 0x00007f0d64062800,
0x00007f0d64064800, 0x00007f0d64066800, 0x00007f0d640a9800, 0x00007f0d640b2800,
0x00007f0d641ba000, 0x00007f0d641e1800, 0x00007f0d642a0800, 0x00007f0d48005800,
0x00007f0d64010800, 0x0000000001444800
}

Java Threads: ( => current thread )
  0x00007f0d64058800 JavaThread "Reference Handler" daemon [_thread_blocked, id=2180, stack(0x00007f0d69726000,0x00007f0d69827000)]
  0x00007f0d6405a800 JavaThread "Finalizer" daemon [_thread_blocked, id=2181, stack(0x00007f0d69625000,0x00007f0d69726000)]
  0x00007f0d64060800 JavaThread "Signal Dispatcher" daemon [_thread_blocked, id=2182, stack(0x00007f0d68746000,0x00007f0d68847000)]
  0x00007f0d64062800 JavaThread "C2 CompilerThread0" daemon [_thread_blocked, id=2183, stack(0x00007f0d68645000,0x00007f0d68746000)]
  0x00007f0d64064800 JavaThread "C1 CompilerThread0" daemon [_thread_blocked, id=2184, stack(0x00007f0d68544000,0x00007f0d68645000)]
  0x00007f0d64066800 JavaThread "Sweeper thread" daemon [_thread_blocked, id=2185, stack(0x00007f0d68443000,0x00007f0d68544000)]
  0x00007f0d640a9800 JavaThread "Service Thread" daemon [_thread_blocked, id=2186, stack(0x00007f0d68342000,0x00007f0d68443000)]
  0x00007f0d640b2800 JavaThread "Common-Cleaner" daemon [_thread_blocked, id=2188, stack(0x00007f0d6813f000,0x00007f0d68240000)]
  0x00007f0d641ba000 JavaThread "Java2D Disposer" daemon [_thread_blocked, id=2192, stack(0x00007f0d2da34000,0x00007f0d2db35000)]
  0x00007f0d641e1800 JavaThread "AWT-XAWT" daemon [_thread_in_native, id=2193, stack(0x00007f0d2d933000,0x00007f0d2da34000)]
  0x00007f0d642a0800 JavaThread "AWT-Shutdown" [_thread_blocked, id=2195, stack(0x00007f0d2d832000,0x00007f0d2d933000)]
=>0x00007f0d48005800 JavaThread "AWT-EventQueue-0" [_thread_in_native, id=2196, stack(0x00007f0d2d731000,0x00007f0d2d832000)]
  0x00007f0d64010800 JavaThread "DestroyJavaVM" [_thread_blocked, id=2178, stack(0x00007f0d6b022000,0x00007f0d6b123000)]
  0x0000000001444800 JavaThread "TimerQueue" daemon [_thread_blocked, id=2197, stack(0x00007f0d2d430000,0x00007f0d2d531000)]

Other Threads:
  0x00007f0d64055000 VMThread "VM Thread" [stack: 0x00007f0d69829000,0x00007f0d69929000] [id=2179]
  0x00007f0d640b0000 WatcherThread [stack: 0x00007f0d68242000,0x00007f0d68342000] [id=2187]

Threads with active compile tasks:

VM state:not at safepoint (normal execution)

VM Mutex/Monitor currently owned by a thread: None

Heap address: 0x00000000c2800000, size: 984 MB, Compressed Oops mode: 32-bit
Narrow klass base: 0x0000000800000000, Narrow klass shift: 3
Compressed class space size: 1073741824 Address: 0x000000080110c000

Heap:
 def new generation   total 19008K, used 15564K [0x00000000c2800000, 0x00000000c3ca0000, 0x00000000d7000000)
  eden space 16896K,  92% used [0x00000000c2800000, 0x00000000c37332c0, 0x00000000c3880000)
  from space 2112K,   0% used [0x00000000c3880000, 0x00000000c3880000, 0x00000000c3a90000)
  to   space 2112K,   0% used [0x00000000c3a90000, 0x00000000c3a90000, 0x00000000c3ca0000)
 tenured generation   total 42368K, used 0K [0x00000000d7000000, 0x00000000d9960000, 0x0000000100000000)
   the space 42368K,   0% used [0x00000000d7000000, 0x00000000d7000000, 0x00000000d7000200, 0x00000000d9960000)
 Metaspace       used 13743K, capacity 14190K, committed 14592K, reserved 1062912K
  class space    used 1553K, capacity 1751K, committed 1792K, reserved 1048576K

Card table byte_map: [0x00007f0d6a3d1000,0x00007f0d6a5be000] _byte_map_base: 0x00007f0d69dbd000

Polling page: 0x00007f0d6cbad000

Metaspace:

Usage:
  Non-class:     12.15 MB capacity,    11.90 MB ( 98%) used,   209.47 KB (  2%) free+waste,    39.44 KB ( <1%) overhead. 
      Class:      1.71 MB capacity,     1.52 MB ( 89%) used,   176.54 KB ( 10%) free+waste,    21.44 KB (  1%) overhead. 
       Both:     13.86 MB capacity,    13.42 MB ( 97%) used,   386.01 KB (  3%) free+waste,    60.88 KB ( <1%) overhead. 

Virtual space:
  Non-class space:       14.00 MB reserved,      12.50 MB ( 89%) committed 
      Class space:        1.00 GB reserved,       1.75 MB ( <1%) committed 
             Both:        1.01 GB reserved,      14.25 MB (  1%) committed 

Chunk freelists:
   Non-Class:  14.62 KB
       Class:  3.12 KB
        Both:  17.75 KB

CodeHeap 'non-profiled nmethods': size=120036Kb used=550Kb max_used=550Kb free=119485Kb
 bounds [0x00007f0d54644000, 0x00007f0d548b4000, 0x00007f0d5bb7d000]
CodeHeap 'profiled nmethods': size=120032Kb used=4349Kb max_used=4349Kb free=115682Kb
 bounds [0x00007f0d4d10c000, 0x00007f0d4d54c000, 0x00007f0d54644000]
CodeHeap 'non-nmethods': size=5692Kb used=1276Kb max_used=1292Kb free=4416Kb
 bounds [0x00007f0d4cb7d000, 0x00007f0d4cded000, 0x00007f0d4d10c000]
 total_blobs=2877 nmethods=1955 adapters=594
 compilation: enabled
              stopped_count=0, restarted_count=0
 full_count=0

Compilation events (10 events):
Event: 71.975 Thread 0x00007f0d64064800 1950       3       java.util.WeakHashMap::maskNull (12 bytes)
Event: 71.975 Thread 0x00007f0d64064800 nmethod 1950 0x00007f0d4d547810 code [0x00007f0d4d5479c0, 0x00007f0d4d547b50]
Event: 71.976 Thread 0x00007f0d64064800 1951       3       java.util.WeakHashMap::hash (28 bytes)
Event: 71.976 Thread 0x00007f0d64064800 nmethod 1951 0x00007f0d4d547c10 code [0x00007f0d4d547de0, 0x00007f0d4d548048]
Event: 71.977 Thread 0x00007f0d64064800 1952       3       java.util.concurrent.locks.AbstractQueuedSynchronizer$Node::<init> (20 bytes)
Event: 71.979 Thread 0x00007f0d64064800 nmethod 1952 0x00007f0d4d548110 code [0x00007f0d4d548380, 0x00007f0d4d548c78]
Event: 71.986 Thread 0x00007f0d64064800 1953       3       java.util.AbstractSequentialList::iterator (5 bytes)
Event: 71.986 Thread 0x00007f0d64064800 nmethod 1953 0x00007f0d4d548f90 code [0x00007f0d4d549160, 0x00007f0d4d549488]
Event: 71.996 Thread 0x00007f0d64064800 1954       3       java.lang.invoke.MethodType::dropParameterTypes (162 bytes)
Event: 71.998 Thread 0x00007f0d64064800 nmethod 1954 0x00007f0d4d549590 code [0x00007f0d4d5498c0, 0x00007f0d4d54aac8]

GC Heap History (0 events):
No events

Deoptimization events (10 events):
Event: 22.157 Thread 0x00007f0d48005800 Uncommon trap: reason=class_check action=maybe_recompile pc=0x00007f0d5465c668 method=java.lang.String.equals(Ljava/lang/Object;)Z @ 8 c2
Event: 56.464 Thread 0x00007f0d48005800 Uncommon trap: reason=bimorphic_or_optimized_type_check action=maybe_recompile pc=0x00007f0d546a8518 method=java.util.HashMap.putVal(ILjava/lang/Object;Ljava/lang/Object;ZZ)Ljava/lang/Object; @ 253 c2
Event: 56.483 Thread 0x00007f0d48005800 Uncommon trap: reason=bimorphic_or_optimized_type_check action=maybe_recompile pc=0x00007f0d546a8518 method=java.util.HashMap.putVal(ILjava/lang/Object;Ljava/lang/Object;ZZ)Ljava/lang/Object; @ 253 c2
Event: 56.498 Thread 0x00007f0d48005800 Uncommon trap: reason=bimorphic_or_optimized_type_check action=maybe_recompile pc=0x00007f0d546a8518 method=java.util.HashMap.putVal(ILjava/lang/Object;Ljava/lang/Object;ZZ)Ljava/lang/Object; @ 253 c2
Event: 56.507 Thread 0x00007f0d48005800 Uncommon trap: reason=bimorphic_or_optimized_type_check action=maybe_recompile pc=0x00007f0d546a8518 method=java.util.HashMap.putVal(ILjava/lang/Object;Ljava/lang/Object;ZZ)Ljava/lang/Object; @ 253 c2
Event: 60.093 Thread 0x00007f0d48005800 Uncommon trap: reason=class_check action=maybe_recompile pc=0x00007f0d546b5f2c method=java.util.HashMap.putVal(ILjava/lang/Object;Ljava/lang/Object;ZZ)Ljava/lang/Object; @ 203 c2
Event: 60.093 Thread 0x00007f0d48005800 Uncommon trap: reason=class_check action=maybe_recompile pc=0x00007f0d546b5f2c method=java.util.HashMap.putVal(ILjava/lang/Object;Ljava/lang/Object;ZZ)Ljava/lang/Object; @ 203 c2
Event: 60.093 Thread 0x00007f0d48005800 Uncommon trap: reason=class_check action=maybe_recompile pc=0x00007f0d546b5f2c method=java.util.HashMap.putVal(ILjava/lang/Object;Ljava/lang/Object;ZZ)Ljava/lang/Object; @ 203 c2
Event: 60.093 Thread 0x00007f0d48005800 Uncommon trap: reason=class_check action=maybe_recompile pc=0x00007f0d546b5f2c method=java.util.HashMap.putVal(ILjava/lang/Object;Ljava/lang/Object;ZZ)Ljava/lang/Object; @ 203 c2
Event: 71.182 Thread 0x00007f0d48005800 Uncommon trap: reason=unstable_if action=reinterpret pc=0x00007f0d546c7a9c method=java.awt.Container$MouseEventTargetFilter.accept(Ljava/awt/Component;)Z @ 57 c2

Classes redefined (0 events):
No events

Internal exceptions (10 events):
Event: 1.626 Thread 0x00007f0d64010800 Exception <a 'java/lang/NoSuchMethodError'{0x00000000c2de2c40}: java.lang.invoke.DirectMethodHandle$Holder.invokeSpecial(Ljava/lang/Object;Ljava/lang/Object;JLjava/lang/Object;Ljava/lang/Object;Ljava/lang/Object;Ljava/lang/Object;Ljava/lang/Object;)Ljava/
Event: 1.627 Thread 0x00007f0d64010800 Exception <a 'java/lang/NoSuchMethodError'{0x00000000c2de62c8}: java.lang.invoke.DelegatingMethodHandle$Holder.reinvoke_L(Ljava/lang/Object;JLjava/lang/Object;Ljava/lang/Object;Ljava/lang/Object;Ljava/lang/Object;Ljava/lang/Object;)Ljava/lang/Object;> (0x
Event: 1.637 Thread 0x00007f0d64010800 Exception <a 'java/lang/NoSuchMethodError'{0x00000000c2dfa9a0}: java.lang.invoke.DirectMethodHandle$Holder.invokeStatic(Ljava/lang/Object;Ljava/lang/Object;Ljava/lang/Object;Ljava/lang/Object;Ljava/lang/Object;J)Ljava/lang/Object;> (0x00000000c2dfa9a0) th
Event: 1.647 Thread 0x00007f0d64010800 Exception <a 'java/lang/NoSuchMethodError'{0x00000000c2e17d90}: java.lang.invoke.Invokers$Holder.linkToTargetMethod(Ljava/lang/Object;Ljava/lang/Object;Ljava/lang/Object;Ljava/lang/Object;Ljava/lang/Object;Ljava/lang/Object;)Ljava/lang/Object;> (0x0000000
Event: 1.666 Thread 0x00007f0d64010800 Exception <a 'java/lang/NoSuchMethodError'{0x00000000c2e50050}: java.lang.invoke.DirectMethodHandle$Holder.invokeSpecial(Ljava/lang/Object;Ljava/lang/Object;JLjava/lang/Object;Ljava/lang/Object;Ljava/lang/Object;Ljava/lang/Object;)Ljava/lang/Object;> (0x0
Event: 1.667 Thread 0x00007f0d64010800 Exception <a 'java/lang/NoSuchMethodError'{0x00000000c2e53490}: java.lang.invoke.DelegatingMethodHandle$Holder.reinvoke_L(Ljava/lang/Object;JLjava/lang/Object;Ljava/lang/Object;Ljava/lang/Object;Ljava/lang/Object;)Ljava/lang/Object;> (0x00000000c2e53490) 
Event: 1.677 Thread 0x00007f0d64010800 Exception <a 'java/lang/NoSuchMethodError'{0x00000000c2e6ac58}: java.lang.invoke.DirectMethodHandle$Holder.invokeStatic(Ljava/lang/Object;Ljava/lang/Object;Ljava/lang/Object;Ljava/lang/Object;Ljava/lang/Object;Ljava/lang/Object;J)Ljava/lang/Object;> (0x00
Event: 1.688 Thread 0x00007f0d64010800 Exception <a 'java/lang/NoSuchMethodError'{0x00000000c2e81600}: java.lang.invoke.DirectMethodHandle$Holder.invokeStatic(Ljava/lang/Object;Ljava/lang/Object;Ljava/lang/Object;Ljava/lang/Object;Ljava/lang/Object;Ljava/lang/Object;JLjava/lang/Object;)Ljava/l
Event: 2.381 Thread 0x00007f0d48005800 Exception <a 'java/lang/UnsupportedOperationException'{0x00000000c2fbd1d8}: > (0x00000000c2fbd1d8) thrown at [/scratch/opt/mach5/mesos/work_dir/slaves/dd0bab7c-a530-4905-bb6b-daa7153eb2c1-S122/frameworks/1735e8a2-a1db-478c-8104-60c8b0af87dd-0196/executors
Event: 49.881 Thread 0x00007f0d48005800 Exception <a 'java/lang/UnsupportedOperationException'{0x00000000c3336e98}: > (0x00000000c3336e98) thrown at [/scratch/opt/mach5/mesos/work_dir/slaves/dd0bab7c-a530-4905-bb6b-daa7153eb2c1-S122/frameworks/1735e8a2-a1db-478c-8104-60c8b0af87dd-0196/executors

Events (10 events):
Event: 71.182 Thread 0x00007f0d48005800 DEOPT PACKING pc=0x00007f0d546c7a9c sp=0x00007f0d2d82eca0
Event: 71.182 Thread 0x00007f0d48005800 DEOPT UNPACKING pc=0x00007f0d4cba5825 sp=0x00007f0d2d82e9e0 mode 2
Event: 71.913 loading class sun/awt/X11/XUnmapEvent
Event: 71.957 loading class sun/awt/X11/XUnmapEvent done
Event: 71.985 loading class java/awt/Window$1DisposeAction
Event: 71.985 loading class java/awt/Window$1DisposeAction done
Event: 71.985 loading class java/awt/Component$FlipBufferStrategy
Event: 71.988 loading class java/awt/Component$FlipBufferStrategy done
Event: 71.992 loading class sun/awt/X11/XErrorEvent
Event: 71.993 loading class sun/awt/X11/XErrorEvent done


Dynamic libraries:
00400000-00401000 r-xp 00000000 08:05 140359                             /usr/lib/jvm/jdk-12.0.2/bin/java
00600000-00601000 r--p 00000000 08:05 140359                             /usr/lib/jvm/jdk-12.0.2/bin/java
00601000-00602000 rw-p 00001000 08:05 140359                             /usr/lib/jvm/jdk-12.0.2/bin/java
01410000-01617000 rw-p 00000000 00:00 0                                  [heap]
c2800000-c3ca0000 rw-p 00000000 00:00 0 
c3ca0000-d7000000 ---p 00000000 00:00 0 
d7000000-d9960000 rw-p 00000000 00:00 0 
d9960000-100000000 ---p 00000000 00:00 0 
800000000-800003000 rwxp 00001000 08:05 144986                           /usr/lib/jvm/jdk-12.0.2/lib/server/classes.jsa
800003000-8003d0000 rw-p 00004000 08:05 144986                           /usr/lib/jvm/jdk-12.0.2/lib/server/classes.jsa
8003d0000-800ad0000 r--p 003d1000 08:05 144986                           /usr/lib/jvm/jdk-12.0.2/lib/server/classes.jsa
800ad0000-800ad1000 rw-p 00ad1000 08:05 144986                           /usr/lib/jvm/jdk-12.0.2/lib/server/classes.jsa
800ad1000-80110c000 r--p 00ad2000 08:05 144986                           /usr/lib/jvm/jdk-12.0.2/lib/server/classes.jsa
80110c000-8012cc000 rw-p 00000000 00:00 0 
8012cc000-84110c000 ---p 00000000 00:00 0 
7f0d2c9a0000-7f0d2cdad000 rw-p 00000000 00:00 0 
7f0d2cdad000-7f0d2cf31000 ---p 00000000 00:00 0 
7f0d2cf31000-7f0d2d22e000 rw-p 00000000 00:00 0 
7f0d2d22e000-7f0d2d232000 ---p 00000000 00:00 0 
7f0d2d232000-7f0d2d32f000 rw-p 00000000 00:00 0 
7f0d2d32f000-7f0d2d333000 ---p 00000000 00:00 0 
7f0d2d333000-7f0d2d430000 rw-p 00000000 00:00 0 
7f0d2d430000-7f0d2d434000 ---p 00000000 00:00 0 
7f0d2d434000-7f0d2d731000 rw-p 00000000 00:00 0 
7f0d2d731000-7f0d2d735000 ---p 00000000 00:00 0 
7f0d2d735000-7f0d2d832000 rw-p 00000000 00:00 0 
7f0d2d832000-7f0d2d836000 ---p 00000000 00:00 0 
7f0d2d836000-7f0d2d933000 rw-p 00000000 00:00 0 
7f0d2d933000-7f0d2d937000 ---p 00000000 00:00 0 
7f0d2d937000-7f0d2da34000 rw-p 00000000 00:00 0 
7f0d2da34000-7f0d2da38000 ---p 00000000 00:00 0 
7f0d2da38000-7f0d2db35000 rw-p 00000000 00:00 0 
7f0d2db35000-7f0d2db36000 ---p 00000000 00:00 0 
7f0d2db36000-7f0d2e336000 rw-p 00000000 00:00 0 
7f0d2e336000-7f0d2e337000 ---p 00000000 00:00 0 
7f0d2e337000-7f0d2eb37000 rw-p 00000000 00:00 0 
7f0d2eb37000-7f0d2eb38000 ---p 00000000 00:00 0 
7f0d2eb38000-7f0d2f338000 rw-p 00000000 00:00 0 
7f0d2f338000-7f0d2f33c000 r--p 00000000 08:05 399167                     /usr/lib/x86_64-linux-gnu/gio/modules/libdconfsettings.so
7f0d2f33c000-7f0d2f344000 r-xp 00004000 08:05 399167                     /usr/lib/x86_64-linux-gnu/gio/modules/libdconfsettings.so
7f0d2f344000-7f0d2f347000 r--p 0000c000 08:05 399167                     /usr/lib/x86_64-linux-gnu/gio/modules/libdconfsettings.so
7f0d2f347000-7f0d2f348000 ---p 0000f000 08:05 399167                     /usr/lib/x86_64-linux-gnu/gio/modules/libdconfsettings.so
7f0d2f348000-7f0d2f349000 r--p 0000f000 08:05 399167                     /usr/lib/x86_64-linux-gnu/gio/modules/libdconfsettings.so
7f0d2f349000-7f0d2f34a000 rw-p 00010000 08:05 399167                     /usr/lib/x86_64-linux-gnu/gio/modules/libdconfsettings.so
7f0d2f34a000-7f0d2f37c000 r--p 00000000 08:05 525131                     /usr/share/glib-2.0/schemas/gschemas.compiled
7f0d2f37c000-7f0d2f37e000 r--p 00000000 08:05 144494                     /usr/lib/x86_64-linux-gnu/libpcre2-8.so.0.9.0
7f0d2f37e000-7f0d2f3e2000 r-xp 00002000 08:05 144494                     /usr/lib/x86_64-linux-gnu/libpcre2-8.so.0.9.0
7f0d2f3e2000-7f0d2f40a000 r--p 00066000 08:05 144494                     /usr/lib/x86_64-linux-gnu/libpcre2-8.so.0.9.0
7f0d2f40a000-7f0d2f40b000 r--p 0008d000 08:05 144494                     /usr/lib/x86_64-linux-gnu/libpcre2-8.so.0.9.0
7f0d2f40b000-7f0d2f40c000 rw-p 0008e000 08:05 144494                     /usr/lib/x86_64-linux-gnu/libpcre2-8.so.0.9.0
7f0d2f40c000-7f0d2f416000 r--p 00000000 08:05 143621                     /usr/lib/x86_64-linux-gnu/libblkid.so.1.1.0
7f0d2f416000-7f0d2f44c000 r-xp 0000a000 08:05 143621                     /usr/lib/x86_64-linux-gnu/libblkid.so.1.1.0
7f0d2f44c000-7f0d2f45c000 r--p 00040000 08:05 143621                     /usr/lib/x86_64-linux-gnu/libblkid.so.1.1.0
7f0d2f45c000-7f0d2f45d000 ---p 00050000 08:05 143621                     /usr/lib/x86_64-linux-gnu/libblkid.so.1.1.0
7f0d2f45d000-7f0d2f462000 r--p 00050000 08:05 143621                     /usr/lib/x86_64-linux-gnu/libblkid.so.1.1.0
7f0d2f462000-7f0d2f463000 rw-p 00055000 08:05 143621                     /usr/lib/x86_64-linux-gnu/libblkid.so.1.1.0
7f0d2f463000-7f0d2f465000 r--p 00000000 08:05 144490                     /usr/lib/x86_64-linux-gnu/libpcre.so.3.13.3
7f0d2f465000-7f0d2f4b6000 r-xp 00002000 08:05 144490                     /usr/lib/x86_64-linux-gnu/libpcre.so.3.13.3
7f0d2f4b6000-7f0d2f4d4000 r--p 00053000 08:05 144490                     /usr/lib/x86_64-linux-gnu/libpcre.so.3.13.3
7f0d2f4d4000-7f0d2f4d5000 r--p 00070000 08:05 144490                     /usr/lib/x86_64-linux-gnu/libpcre.so.3.13.3
7f0d2f4d5000-7f0d2f4d6000 rw-p 00071000 08:05 144490                     /usr/lib/x86_64-linux-gnu/libpcre.so.3.13.3
7f0d2f4d6000-7f0d2f4e1000 r--p 00000000 08:05 144311                     /usr/lib/x86_64-linux-gnu/libmount.so.1.1.0
7f0d2f4e1000-7f0d2f51f000 r-xp 0000b000 08:05 144311                     /usr/lib/x86_64-linux-gnu/libmount.so.1.1.0
7f0d2f51f000-7f0d2f532000 r--p 00049000 08:05 144311                     /usr/lib/x86_64-linux-gnu/libmount.so.1.1.0
7f0d2f532000-7f0d2f535000 r--p 0005b000 08:05 144311                     /usr/lib/x86_64-linux-gnu/libmount.so.1.1.0
7f0d2f535000-7f0d2f536000 rw-p 0005e000 08:05 144311                     /usr/lib/x86_64-linux-gnu/libmount.so.1.1.0
7f0d2f536000-7f0d2f544000 r--p 00000000 08:05 134266                     /usr/lib/x86_64-linux-gnu/libgobject-2.0.so.0.6400.6
7f0d2f544000-7f0d2f57a000 r-xp 0000e000 08:05 134266                     /usr/lib/x86_64-linux-gnu/libgobject-2.0.so.0.6400.6
7f0d2f57a000-7f0d2f592000 r--p 00044000 08:05 134266                     /usr/lib/x86_64-linux-gnu/libgobject-2.0.so.0.6400.6
7f0d2f592000-7f0d2f595000 r--p 0005b000 08:05 134266                     /usr/lib/x86_64-linux-gnu/libgobject-2.0.so.0.6400.6
7f0d2f595000-7f0d2f596000 rw-p 0005e000 08:05 134266                     /usr/lib/x86_64-linux-gnu/libgobject-2.0.so.0.6400.6
7f0d2f596000-7f0d2f5b2000 r--p 00000000 08:05 134243                     /usr/lib/x86_64-linux-gnu/libglib-2.0.so.0.6400.6
7f0d2f5b2000-7f0d2f636000 r-xp 0001c000 08:05 134243                     /usr/lib/x86_64-linux-gnu/libglib-2.0.so.0.6400.6
7f0d2f636000-7f0d2f6bc000 r--p 000a0000 08:05 134243                     /usr/lib/x86_64-linux-gnu/libglib-2.0.so.0.6400.6
7f0d2f6bc000-7f0d2f6bd000 r--p 00125000 08:05 134243                     /usr/lib/x86_64-linux-gnu/libglib-2.0.so.0.6400.6
7f0d2f6bd000-7f0d2f6be000 rw-p 00126000 08:05 134243                     /usr/lib/x86_64-linux-gnu/libglib-2.0.so.0.6400.6
7f0d2f6be000-7f0d2f6bf000 rw-p 00000000 00:00 0 
7f0d2f6bf000-7f0d2f6f7000 r--p 00000000 08:05 134234                     /usr/lib/x86_64-linux-gnu/libgio-2.0.so.0.6400.6
7f0d2f6f7000-7f0d2f80a000 r-xp 00038000 08:05 134234                     /usr/lib/x86_64-linux-gnu/libgio-2.0.so.0.6400.6
7f0d2f80a000-7f0d2f894000 r--p 0014b000 08:05 134234                     /usr/lib/x86_64-linux-gnu/libgio-2.0.so.0.6400.6
7f0d2f894000-7f0d2f89d000 r--p 001d4000 08:05 134234                     /usr/lib/x86_64-linux-gnu/libgio-2.0.so.0.6400.6
7f0d2f89d000-7f0d2f89e000 rw-p 001dd000 08:05 134234                     /usr/lib/x86_64-linux-gnu/libgio-2.0.so.0.6400.6
7f0d2f89e000-7f0d2f8a0000 rw-p 00000000 00:00 0 
7f0d2f8a0000-7f0d2f9e9000 r-xp 00000000 08:05 144730                     /usr/lib/jvm/jdk-12.0.2/lib/libfontmanager.so
7f0d2f9e9000-7f0d2fbe9000 ---p 00149000 08:05 144730                     /usr/lib/jvm/jdk-12.0.2/lib/libfontmanager.so
7f0d2fbe9000-7f0d2fbeb000 r--p 00149000 08:05 144730                     /usr/lib/jvm/jdk-12.0.2/lib/libfontmanager.so
7f0d2fbeb000-7f0d2fbec000 rw-p 0014b000 08:05 144730                     /usr/lib/jvm/jdk-12.0.2/lib/libfontmanager.so
7f0d2fbec000-7f0d2fbf0000 rw-p 00000000 00:00 0 
7f0d2fbf0000-7f0d2fbf5000 r-xp 00000000 08:05 143512                     /usr/lib/x86_64-linux-gnu/libXtst.so.6.1.0
7f0d2fbf5000-7f0d2fdf4000 ---p 00005000 08:05 143512                     /usr/lib/x86_64-linux-gnu/libXtst.so.6.1.0
7f0d2fdf4000-7f0d2fdf5000 r--p 00004000 08:05 143512                     /usr/lib/x86_64-linux-gnu/libXtst.so.6.1.0
7f0d2fdf5000-7f0d2fdf6000 rw-p 00005000 08:05 143512                     /usr/lib/x86_64-linux-gnu/libXtst.so.6.1.0
7f0d2fdf6000-7f0d2fdff000 r-xp 00000000 08:05 143506                     /usr/lib/x86_64-linux-gnu/libXrender.so.1.3.0
7f0d2fdff000-7f0d2fffe000 ---p 00009000 08:05 143506                     /usr/lib/x86_64-linux-gnu/libXrender.so.1.3.0
7f0d2fffe000-7f0d2ffff000 r--p 00008000 08:05 143506                     /usr/lib/x86_64-linux-gnu/libXrender.so.1.3.0
7f0d2ffff000-7f0d30000000 rw-p 00009000 08:05 143506                     /usr/lib/x86_64-linux-gnu/libXrender.so.1.3.0
7f0d30000000-7f0d30715000 rw-p 00000000 00:00 0 
7f0d30715000-7f0d34000000 ---p 00000000 00:00 0 
7f0d34000000-7f0d34021000 rw-p 00000000 00:00 0 
7f0d34021000-7f0d38000000 ---p 00000000 00:00 0 
7f0d38000000-7f0d38021000 rw-p 00000000 00:00 0 
7f0d38021000-7f0d3c000000 ---p 00000000 00:00 0 
7f0d3c000000-7f0d3c540000 rw-p 00000000 00:00 0 
7f0d3c540000-7f0d40000000 ---p 00000000 00:00 0 
7f0d40000000-7f0d40021000 rw-p 00000000 00:00 0 
7f0d40021000-7f0d44000000 ---p 00000000 00:00 0 
7f0d44000000-7f0d44021000 rw-p 00000000 00:00 0 
7f0d44021000-7f0d48000000 ---p 00000000 00:00 0 
7f0d48000000-7f0d48045000 rw-p 00000000 00:00 0 
7f0d48045000-7f0d4c000000 ---p 00000000 00:00 0 
7f0d4c007000-7f0d4c00b000 r--p 00000000 08:05 144592                     /usr/lib/x86_64-linux-gnu/libresolv-2.31.so
7f0d4c00b000-7f0d4c01b000 r-xp 00004000 08:05 144592                     /usr/lib/x86_64-linux-gnu/libresolv-2.31.so
7f0d4c01b000-7f0d4c01e000 r--p 00014000 08:05 144592                     /usr/lib/x86_64-linux-gnu/libresolv-2.31.so
7f0d4c01e000-7f0d4c01f000 ---p 00017000 08:05 144592                     /usr/lib/x86_64-linux-gnu/libresolv-2.31.so
7f0d4c01f000-7f0d4c020000 r--p 00017000 08:05 144592                     /usr/lib/x86_64-linux-gnu/libresolv-2.31.so
7f0d4c020000-7f0d4c021000 rw-p 00018000 08:05 144592                     /usr/lib/x86_64-linux-gnu/libresolv-2.31.so
7f0d4c021000-7f0d4c023000 rw-p 00000000 00:00 0 
7f0d4c023000-7f0d4c02f000 r--p 00000000 08:05 143907                     /usr/lib/x86_64-linux-gnu/libfreetype.so.6.17.1
7f0d4c02f000-7f0d4c0af000 r-xp 0000c000 08:05 143907                     /usr/lib/x86_64-linux-gnu/libfreetype.so.6.17.1
7f0d4c0af000-7f0d4c0d9000 r--p 0008c000 08:05 143907                     /usr/lib/x86_64-linux-gnu/libfreetype.so.6.17.1
7f0d4c0d9000-7f0d4c0da000 ---p 000b6000 08:05 143907                     /usr/lib/x86_64-linux-gnu/libfreetype.so.6.17.1
7f0d4c0da000-7f0d4c0e1000 r--p 000b6000 08:05 143907                     /usr/lib/x86_64-linux-gnu/libfreetype.so.6.17.1
7f0d4c0e1000-7f0d4c0e2000 rw-p 000bd000 08:05 143907                     /usr/lib/x86_64-linux-gnu/libfreetype.so.6.17.1
7f0d4c0e2000-7f0d4c0fa000 r--p 00000000 08:05 145399                     /usr/lib/x86_64-linux-gnu/libX11.so.6.3.0
7f0d4c0fa000-7f0d4c185000 r-xp 00018000 08:05 145399                     /usr/lib/x86_64-linux-gnu/libX11.so.6.3.0
7f0d4c185000-7f0d4c219000 r--p 000a3000 08:05 145399                     /usr/lib/x86_64-linux-gnu/libX11.so.6.3.0
7f0d4c219000-7f0d4c21a000 ---p 00137000 08:05 145399                     /usr/lib/x86_64-linux-gnu/libX11.so.6.3.0
7f0d4c21a000-7f0d4c21b000 r--p 00137000 08:05 145399                     /usr/lib/x86_64-linux-gnu/libX11.so.6.3.0
7f0d4c21b000-7f0d4c21f000 rw-p 00138000 08:05 145399                     /usr/lib/x86_64-linux-gnu/libX11.so.6.3.0
7f0d4c21f000-7f0d4c27d000 r-xp 00000000 08:05 144983                     /usr/lib/jvm/jdk-12.0.2/lib/libawt_xawt.so
7f0d4c27d000-7f0d4c47c000 ---p 0005e000 08:05 144983                     /usr/lib/jvm/jdk-12.0.2/lib/libawt_xawt.so
7f0d4c47c000-7f0d4c47d000 r--p 0005d000 08:05 144983                     /usr/lib/jvm/jdk-12.0.2/lib/libawt_xawt.so
7f0d4c47d000-7f0d4c480000 rw-p 0005e000 08:05 144983                     /usr/lib/jvm/jdk-12.0.2/lib/libawt_xawt.so
7f0d4c480000-7f0d4c482000 rw-p 00000000 00:00 0 
7f0d4c482000-7f0d4c522000 r-xp 00000000 08:05 144877                     /usr/lib/jvm/jdk-12.0.2/lib/libawt.so
7f0d4c522000-7f0d4c722000 ---p 000a0000 08:05 144877                     /usr/lib/jvm/jdk-12.0.2/lib/libawt.so
7f0d4c722000-7f0d4c723000 r--p 000a0000 08:05 144877                     /usr/lib/jvm/jdk-12.0.2/lib/libawt.so
7f0d4c723000-7f0d4c72e000 rw-p 000a1000 08:05 144877                     /usr/lib/jvm/jdk-12.0.2/lib/libawt.so
7f0d4c72e000-7f0d4c753000 rw-p 00000000 00:00 0 
7f0d4c753000-7f0d4c769000 r-xp 00000000 08:05 144405                     /usr/lib/jvm/jdk-12.0.2/lib/libnet.so
7f0d4c769000-7f0d4c969000 ---p 00016000 08:05 144405                     /usr/lib/jvm/jdk-12.0.2/lib/libnet.so
7f0d4c969000-7f0d4c96a000 r--p 00016000 08:05 144405                     /usr/lib/jvm/jdk-12.0.2/lib/libnet.so
7f0d4c96a000-7f0d4c96b000 rw-p 00017000 08:05 144405                     /usr/lib/jvm/jdk-12.0.2/lib/libnet.so
7f0d4c96b000-7f0d4c97c000 r-xp 00000000 08:05 144424                     /usr/lib/jvm/jdk-12.0.2/lib/libnio.so
7f0d4c97c000-7f0d4cb7b000 ---p 00011000 08:05 144424                     /usr/lib/jvm/jdk-12.0.2/lib/libnio.so
7f0d4cb7b000-7f0d4cb7c000 r--p 00010000 08:05 144424                     /usr/lib/jvm/jdk-12.0.2/lib/libnio.so
7f0d4cb7c000-7f0d4cb7d000 rw-p 00011000 08:05 144424                     /usr/lib/jvm/jdk-12.0.2/lib/libnio.so
7f0d4cb7d000-7f0d4cded000 rwxp 00000000 00:00 0 
7f0d4cded000-7f0d4d10c000 ---p 00000000 00:00 0 
7f0d4d10c000-7f0d4d54c000 rwxp 00000000 00:00 0 
7f0d4d54c000-7f0d54644000 ---p 00000000 00:00 0 
7f0d54644000-7f0d548b4000 rwxp 00000000 00:00 0 
7f0d548b4000-7f0d5bb7d000 ---p 00000000 00:00 0 
7f0d5bb7d000-7f0d64000000 r--s 00000000 08:05 144873                     /usr/lib/jvm/jdk-12.0.2/lib/modules
7f0d64000000-7f0d64373000 rw-p 00000000 00:00 0 
7f0d64373000-7f0d68000000 ---p 00000000 00:00 0 
7f0d68000000-7f0d68002000 r--p 00000000 08:05 143488                     /usr/lib/x86_64-linux-gnu/libXfixes.so.3.1.0
7f0d68002000-7f0d68005000 r-xp 00002000 08:05 143488                     /usr/lib/x86_64-linux-gnu/libXfixes.so.3.1.0
7f0d68005000-7f0d68006000 r--p 00005000 08:05 143488                     /usr/lib/x86_64-linux-gnu/libXfixes.so.3.1.0
7f0d68006000-7f0d68007000 r--p 00005000 08:05 143488                     /usr/lib/x86_64-linux-gnu/libXfixes.so.3.1.0
7f0d68007000-7f0d68008000 rw-p 00006000 08:05 143488                     /usr/lib/x86_64-linux-gnu/libXfixes.so.3.1.0
7f0d68008000-7f0d6800a000 r--p 00000000 08:05 143874                     /usr/lib/x86_64-linux-gnu/libffi.so.7.1.0
7f0d6800a000-7f0d68010000 r-xp 00002000 08:05 143874                     /usr/lib/x86_64-linux-gnu/libffi.so.7.1.0
7f0d68010000-7f0d68011000 r--p 00008000 08:05 143874                     /usr/lib/x86_64-linux-gnu/libffi.so.7.1.0
7f0d68011000-7f0d68012000 ---p 00009000 08:05 143874                     /usr/lib/x86_64-linux-gnu/libffi.so.7.1.0
7f0d68012000-7f0d68013000 r--p 00009000 08:05 143874                     /usr/lib/x86_64-linux-gnu/libffi.so.7.1.0
7f0d68013000-7f0d68014000 rw-p 0000a000 08:05 143874                     /usr/lib/x86_64-linux-gnu/libffi.so.7.1.0
7f0d68014000-7f0d6801a000 r--p 00000000 08:05 144648                     /usr/lib/x86_64-linux-gnu/libselinux.so.1
7f0d6801a000-7f0d68033000 r-xp 00006000 08:05 144648                     /usr/lib/x86_64-linux-gnu/libselinux.so.1
7f0d68033000-7f0d6803a000 r--p 0001f000 08:05 144648                     /usr/lib/x86_64-linux-gnu/libselinux.so.1
7f0d6803a000-7f0d6803b000 ---p 00026000 08:05 144648                     /usr/lib/x86_64-linux-gnu/libselinux.so.1
7f0d6803b000-7f0d6803c000 r--p 00026000 08:05 144648                     /usr/lib/x86_64-linux-gnu/libselinux.so.1
7f0d6803c000-7f0d6803d000 rw-p 00027000 08:05 144648                     /usr/lib/x86_64-linux-gnu/libselinux.so.1
7f0d6803d000-7f0d6803f000 rw-p 00000000 00:00 0 
7f0d6803f000-7f0d68040000 r--p 00000000 08:05 134265                     /usr/lib/x86_64-linux-gnu/libgmodule-2.0.so.0.6400.6
7f0d68040000-7f0d68042000 r-xp 00001000 08:05 134265                     /usr/lib/x86_64-linux-gnu/libgmodule-2.0.so.0.6400.6
7f0d68042000-7f0d68043000 r--p 00003000 08:05 134265                     /usr/lib/x86_64-linux-gnu/libgmodule-2.0.so.0.6400.6
7f0d68043000-7f0d68044000 r--p 00003000 08:05 134265                     /usr/lib/x86_64-linux-gnu/libgmodule-2.0.so.0.6400.6
7f0d68044000-7f0d68045000 rw-p 00004000 08:05 134265                     /usr/lib/x86_64-linux-gnu/libgmodule-2.0.so.0.6400.6
7f0d68045000-7f0d68047000 r--p 00000000 08:05 143504                     /usr/lib/x86_64-linux-gnu/libXrandr.so.2.2.0
7f0d68047000-7f0d6804e000 r-xp 00002000 08:05 143504                     /usr/lib/x86_64-linux-gnu/libXrandr.so.2.2.0
7f0d6804e000-7f0d68050000 r--p 00009000 08:05 143504                     /usr/lib/x86_64-linux-gnu/libXrandr.so.2.2.0
7f0d68050000-7f0d68051000 r--p 0000a000 08:05 143504                     /usr/lib/x86_64-linux-gnu/libXrandr.so.2.2.0
7f0d68051000-7f0d68052000 rw-p 0000b000 08:05 143504                     /usr/lib/x86_64-linux-gnu/libXrandr.so.2.2.0
7f0d68052000-7f0d68057000 r--p 00000000 08:05 144528                     /usr/lib/x86_64-linux-gnu/libpng16.so.16.37.0
7f0d68057000-7f0d6807c000 r-xp 00005000 08:05 144528                     /usr/lib/x86_64-linux-gnu/libpng16.so.16.37.0
7f0d6807c000-7f0d68088000 r--p 0002a000 08:05 144528                     /usr/lib/x86_64-linux-gnu/libpng16.so.16.37.0
7f0d68088000-7f0d68089000 r--p 00035000 08:05 144528                     /usr/lib/x86_64-linux-gnu/libpng16.so.16.37.0
7f0d68089000-7f0d6808a000 rw-p 00036000 08:05 144528                     /usr/lib/x86_64-linux-gnu/libpng16.so.16.37.0
7f0d6808a000-7f0d6808e000 r--p 00000000 08:05 143640                     /usr/lib/x86_64-linux-gnu/libbsd.so.0.10.0
7f0d6808e000-7f0d6809d000 r-xp 00004000 08:05 143640                     /usr/lib/x86_64-linux-gnu/libbsd.so.0.10.0
7f0d6809d000-7f0d680a0000 r--p 00013000 08:05 143640                     /usr/lib/x86_64-linux-gnu/libbsd.so.0.10.0
7f0d680a0000-7f0d680a1000 ---p 00016000 08:05 143640                     /usr/lib/x86_64-linux-gnu/libbsd.so.0.10.0
7f0d680a1000-7f0d680a2000 r--p 00016000 08:05 143640                     /usr/lib/x86_64-linux-gnu/libbsd.so.0.10.0
7f0d680a2000-7f0d680a3000 rw-p 00017000 08:05 143640                     /usr/lib/x86_64-linux-gnu/libbsd.so.0.10.0
7f0d680a3000-7f0d680a4000 rw-p 00000000 00:00 0 
7f0d680a4000-7f0d680a6000 r--p 00000000 08:05 143484                     /usr/lib/x86_64-linux-gnu/libXdmcp.so.6.0.0
7f0d680a6000-7f0d680a8000 r-xp 00002000 08:05 143484                     /usr/lib/x86_64-linux-gnu/libXdmcp.so.6.0.0
7f0d680a8000-7f0d680aa000 r--p 00004000 08:05 143484                     /usr/lib/x86_64-linux-gnu/libXdmcp.so.6.0.0
7f0d680aa000-7f0d680ab000 r--p 00005000 08:05 143484                     /usr/lib/x86_64-linux-gnu/libXdmcp.so.6.0.0
7f0d680ab000-7f0d680ac000 rw-p 00006000 08:05 143484                     /usr/lib/x86_64-linux-gnu/libXdmcp.so.6.0.0
7f0d680ac000-7f0d680b7000 r--p 00000000 08:05 144946                     /usr/lib/x86_64-linux-gnu/libxcb.so.1.1.0
7f0d680b7000-7f0d680cb000 r-xp 0000b000 08:05 144946                     /usr/lib/x86_64-linux-gnu/libxcb.so.1.1.0
7f0d680cb000-7f0d680d4000 r--p 0001f000 08:05 144946                     /usr/lib/x86_64-linux-gnu/libxcb.so.1.1.0
7f0d680d4000-7f0d680d5000 r--p 00027000 08:05 144946                     /usr/lib/x86_64-linux-gnu/libxcb.so.1.1.0
7f0d680d5000-7f0d680d6000 rw-p 00028000 08:05 144946                     /usr/lib/x86_64-linux-gnu/libxcb.so.1.1.0
7f0d680d6000-7f0d680d8000 r--p 00000000 08:05 143494                     /usr/lib/x86_64-linux-gnu/libXi.so.6.1.0
7f0d680d8000-7f0d680e3000 r-xp 00002000 08:05 143494                     /usr/lib/x86_64-linux-gnu/libXi.so.6.1.0
7f0d680e3000-7f0d680e6000 r--p 0000d000 08:05 143494                     /usr/lib/x86_64-linux-gnu/libXi.so.6.1.0
7f0d680e6000-7f0d680e7000 r--p 0000f000 08:05 143494                     /usr/lib/x86_64-linux-gnu/libXi.so.6.1.0
7f0d680e7000-7f0d680e8000 rw-p 00010000 08:05 143494                     /usr/lib/x86_64-linux-gnu/libXi.so.6.1.0
7f0d680e8000-7f0d680ec000 r--p 00000000 08:05 143486                     /usr/lib/x86_64-linux-gnu/libXext.so.6.4.0
7f0d680ec000-7f0d680f7000 r-xp 00004000 08:05 143486                     /usr/lib/x86_64-linux-gnu/libXext.so.6.4.0
7f0d680f7000-7f0d680fb000 r--p 0000f000 08:05 143486                     /usr/lib/x86_64-linux-gnu/libXext.so.6.4.0
7f0d680fb000-7f0d680fc000 r--p 00012000 08:05 143486                     /usr/lib/x86_64-linux-gnu/libXext.so.6.4.0
7f0d680fc000-7f0d680fd000 rw-p 00013000 08:05 143486                     /usr/lib/x86_64-linux-gnu/libXext.so.6.4.0
7f0d680ff000-7f0d68102000 r--p 00000000 08:05 143480                     /usr/lib/x86_64-linux-gnu/libXcursor.so.1.0.2
7f0d68102000-7f0d68108000 r-xp 00003000 08:05 143480                     /usr/lib/x86_64-linux-gnu/libXcursor.so.1.0.2
7f0d68108000-7f0d6810a000 r--p 00009000 08:05 143480                     /usr/lib/x86_64-linux-gnu/libXcursor.so.1.0.2
7f0d6810a000-7f0d6810b000 r--p 0000a000 08:05 143480                     /usr/lib/x86_64-linux-gnu/libXcursor.so.1.0.2
7f0d6810b000-7f0d6810c000 rw-p 0000b000 08:05 143480                     /usr/lib/x86_64-linux-gnu/libXcursor.so.1.0.2
7f0d6810c000-7f0d6810e000 r--p 00000000 08:05 589                        /home/virtualpanda/.config/dconf/user
7f0d6810e000-7f0d6813f000 rw-p 00000000 00:00 0 
7f0d6813f000-7f0d68143000 ---p 00000000 00:00 0 
7f0d68143000-7f0d68240000 rw-p 00000000 00:00 0 
7f0d68240000-7f0d68241000 ---p 00000000 00:00 0 
7f0d68241000-7f0d68342000 rw-p 00000000 00:00 0 
7f0d68342000-7f0d68346000 ---p 00000000 00:00 0 
7f0d68346000-7f0d68443000 rw-p 00000000 00:00 0 
7f0d68443000-7f0d68447000 ---p 00000000 00:00 0 
7f0d68447000-7f0d68544000 rw-p 00000000 00:00 0 
7f0d68544000-7f0d68548000 ---p 00000000 00:00 0 
7f0d68548000-7f0d68645000 rw-p 00000000 00:00 0 
7f0d68645000-7f0d68649000 ---p 00000000 00:00 0 
7f0d68649000-7f0d68746000 rw-p 00000000 00:00 0 
7f0d68746000-7f0d6874a000 ---p 00000000 00:00 0 
7f0d6874a000-7f0d68847000 rw-p 00000000 00:00 0 
7f0d68847000-7f0d69625000 r--p 00000000 08:05 138328                     /usr/lib/locale/locale-archive
7f0d69625000-7f0d69629000 ---p 00000000 00:00 0 
7f0d69629000-7f0d69726000 rw-p 00000000 00:00 0 
7f0d69726000-7f0d6972a000 ---p 00000000 00:00 0 
7f0d6972a000-7f0d69827000 rw-p 00000000 00:00 0 
7f0d69827000-7f0d69828000 ---p 00000000 00:00 0 
7f0d69828000-7f0d6a246000 rw-p 00000000 00:00 0 
7f0d6a246000-7f0d6a29d000 rw-p 00000000 00:00 0 
7f0d6a29d000-7f0d6a3d1000 ---p 00000000 00:00 0 
7f0d6a3d1000-7f0d6a3dc000 rw-p 00000000 00:00 0 
7f0d6a3dc000-7f0d6a475000 ---p 00000000 00:00 0 
7f0d6a475000-7f0d6a48a000 rw-p 00000000 00:00 0 
7f0d6a48a000-7f0d6a5bd000 ---p 00000000 00:00 0 
7f0d6a5bd000-7f0d6a5c3000 rw-p 00000000 00:00 0 
7f0d6a5c3000-7f0d6a6a9000 ---p 00000000 00:00 0 
7f0d6a6a9000-7f0d6a6b2000 rw-p 00000000 00:00 0 
7f0d6a6b2000-7f0d6a794000 ---p 00000000 00:00 0 
7f0d6a794000-7f0d6a7af000 r-xp 00000000 08:05 144753                     /usr/lib/jvm/jdk-12.0.2/lib/libjimage.so
7f0d6a7af000-7f0d6a9ae000 ---p 0001b000 08:05 144753                     /usr/lib/jvm/jdk-12.0.2/lib/libjimage.so
7f0d6a9ae000-7f0d6a9b0000 r--p 0001a000 08:05 144753                     /usr/lib/jvm/jdk-12.0.2/lib/libjimage.so
7f0d6a9b0000-7f0d6a9b1000 rw-p 0001c000 08:05 144753                     /usr/lib/jvm/jdk-12.0.2/lib/libjimage.so
7f0d6a9b1000-7f0d6a9b8000 r-xp 00000000 08:05 144710                     /usr/lib/jvm/jdk-12.0.2/lib/libzip.so
7f0d6a9b8000-7f0d6abb7000 ---p 00007000 08:05 144710                     /usr/lib/jvm/jdk-12.0.2/lib/libzip.so
7f0d6abb7000-7f0d6abb8000 r--p 00006000 08:05 144710                     /usr/lib/jvm/jdk-12.0.2/lib/libzip.so
7f0d6abb8000-7f0d6abb9000 rw-p 00007000 08:05 144710                     /usr/lib/jvm/jdk-12.0.2/lib/libzip.so
7f0d6abb9000-7f0d6abbc000 r--p 00000000 08:05 144410                     /usr/lib/x86_64-linux-gnu/libnss_files-2.31.so
7f0d6abbc000-7f0d6abc3000 r-xp 00003000 08:05 144410                     /usr/lib/x86_64-linux-gnu/libnss_files-2.31.so
7f0d6abc3000-7f0d6abc5000 r--p 0000a000 08:05 144410                     /usr/lib/x86_64-linux-gnu/libnss_files-2.31.so
7f0d6abc5000-7f0d6abc6000 r--p 0000b000 08:05 144410                     /usr/lib/x86_64-linux-gnu/libnss_files-2.31.so
7f0d6abc6000-7f0d6abc7000 rw-p 0000c000 08:05 144410                     /usr/lib/x86_64-linux-gnu/libnss_files-2.31.so
7f0d6abc7000-7f0d6abcd000 rw-p 00000000 00:00 0 
7f0d6abcd000-7f0d6abce000 r--p 00000000 08:05 423                        /home/virtualpanda/1905228/p2p/libnative.so
7f0d6abce000-7f0d6abcf000 r-xp 00001000 08:05 423                        /home/virtualpanda/1905228/p2p/libnative.so
7f0d6abcf000-7f0d6abd0000 r--p 00002000 08:05 423                        /home/virtualpanda/1905228/p2p/libnative.so
7f0d6abd0000-7f0d6abd1000 r--p 00002000 08:05 423                        /home/virtualpanda/1905228/p2p/libnative.so
7f0d6abd1000-7f0d6abd2000 rw-p 00003000 08:05 423                        /home/virtualpanda/1905228/p2p/libnative.so
7f0d6abd2000-7f0d6abd7000 rw-p 00000000 00:00 0 
7f0d6abd7000-7f0d6abde000 ---p 00000000 00:00 0 
7f0d6abde000-7f0d6ac06000 r-xp 00000000 08:05 144981                     /usr/lib/jvm/jdk-12.0.2/lib/libjava.so
7f0d6ac06000-7f0d6ae05000 ---p 00028000 08:05 144981                     /usr/lib/jvm/jdk-12.0.2/lib/libjava.so
7f0d6ae05000-7f0d6ae06000 r--p 00027000 08:05 144981                     /usr/lib/jvm/jdk-12.0.2/lib/libjava.so
7f0d6ae06000-7f0d6ae08000 rw-p 00028000 08:05 144981                     /usr/lib/jvm/jdk-12.0.2/lib/libjava.so
7f0d6ae08000-7f0d6ae15000 r-xp 00000000 08:05 144956                     /usr/lib/jvm/jdk-12.0.2/lib/libverify.so
7f0d6ae15000-7f0d6b014000 ---p 0000d000 08:05 144956                     /usr/lib/jvm/jdk-12.0.2/lib/libverify.so
7f0d6b014000-7f0d6b016000 r--p 0000c000 08:05 144956                     /usr/lib/jvm/jdk-12.0.2/lib/libverify.so
7f0d6b016000-7f0d6b017000 rw-p 0000e000 08:05 144956                     /usr/lib/jvm/jdk-12.0.2/lib/libverify.so
7f0d6b017000-7f0d6b01a000 r--p 00000000 08:05 144612                     /usr/lib/x86_64-linux-gnu/librt-2.31.so
7f0d6b01a000-7f0d6b01e000 r-xp 00003000 08:05 144612                     /usr/lib/x86_64-linux-gnu/librt-2.31.so
7f0d6b01e000-7f0d6b01f000 r--p 00007000 08:05 144612                     /usr/lib/x86_64-linux-gnu/librt-2.31.so
7f0d6b01f000-7f0d6b020000 ---p 00008000 08:05 144612                     /usr/lib/x86_64-linux-gnu/librt-2.31.so
7f0d6b020000-7f0d6b021000 r--p 00008000 08:05 144612                     /usr/lib/x86_64-linux-gnu/librt-2.31.so
7f0d6b021000-7f0d6b022000 rw-p 00009000 08:05 144612                     /usr/lib/x86_64-linux-gnu/librt-2.31.so
7f0d6b022000-7f0d6b026000 ---p 00000000 00:00 0 
7f0d6b026000-7f0d6b123000 rw-p 00000000 00:00 0 
7f0d6b123000-7f0d6b132000 r--p 00000000 08:05 144286                     /usr/lib/x86_64-linux-gnu/libm-2.31.so
7f0d6b132000-7f0d6b1d9000 r-xp 0000f000 08:05 144286                     /usr/lib/x86_64-linux-gnu/libm-2.31.so
7f0d6b1d9000-7f0d6b270000 r--p 000b6000 08:05 144286                     /usr/lib/x86_64-linux-gnu/libm-2.31.so
7f0d6b270000-7f0d6b271000 r--p 0014c000 08:05 144286                     /usr/lib/x86_64-linux-gnu/libm-2.31.so
7f0d6b271000-7f0d6b272000 rw-p 0014d000 08:05 144286                     /usr/lib/x86_64-linux-gnu/libm-2.31.so
7f0d6b272000-7f0d6c3d5000 r-xp 00000000 08:05 144987                     /usr/lib/jvm/jdk-12.0.2/lib/server/libjvm.so
7f0d6c3d5000-7f0d6c5d5000 ---p 01163000 08:05 144987                     /usr/lib/jvm/jdk-12.0.2/lib/server/libjvm.so
7f0d6c5d5000-7f0d6c696000 r--p 01163000 08:05 144987                     /usr/lib/jvm/jdk-12.0.2/lib/server/libjvm.so
7f0d6c696000-7f0d6c6cf000 rw-p 01224000 08:05 144987                     /usr/lib/jvm/jdk-12.0.2/lib/server/libjvm.so
7f0d6c6cf000-7f0d6c754000 rw-p 00000000 00:00 0 
7f0d6c754000-7f0d6c779000 r--p 00000000 08:05 143644                     /usr/lib/x86_64-linux-gnu/libc-2.31.so
7f0d6c779000-7f0d6c8f1000 r-xp 00025000 08:05 143644                     /usr/lib/x86_64-linux-gnu/libc-2.31.so
7f0d6c8f1000-7f0d6c93b000 r--p 0019d000 08:05 143644                     /usr/lib/x86_64-linux-gnu/libc-2.31.so
7f0d6c93b000-7f0d6c93c000 ---p 001e7000 08:05 143644                     /usr/lib/x86_64-linux-gnu/libc-2.31.so
7f0d6c93c000-7f0d6c93f000 r--p 001e7000 08:05 143644                     /usr/lib/x86_64-linux-gnu/libc-2.31.so
7f0d6c93f000-7f0d6c942000 rw-p 001ea000 08:05 143644                     /usr/lib/x86_64-linux-gnu/libc-2.31.so
7f0d6c942000-7f0d6c946000 rw-p 00000000 00:00 0 
7f0d6c946000-7f0d6c947000 r--p 00000000 08:05 143779                     /usr/lib/x86_64-linux-gnu/libdl-2.31.so
7f0d6c947000-7f0d6c949000 r-xp 00001000 08:05 143779                     /usr/lib/x86_64-linux-gnu/libdl-2.31.so
7f0d6c949000-7f0d6c94a000 r--p 00003000 08:05 143779                     /usr/lib/x86_64-linux-gnu/libdl-2.31.so
7f0d6c94a000-7f0d6c94b000 r--p 00003000 08:05 143779                     /usr/lib/x86_64-linux-gnu/libdl-2.31.so
7f0d6c94b000-7f0d6c94c000 rw-p 00004000 08:05 143779                     /usr/lib/x86_64-linux-gnu/libdl-2.31.so
7f0d6c94c000-7f0d6c953000 r--p 00000000 08:05 144551                     /usr/lib/x86_64-linux-gnu/libpthread-2.31.so
7f0d6c953000-7f0d6c964000 r-xp 00007000 08:05 144551                     /usr/lib/x86_64-linux-gnu/libpthread-2.31.so
7f0d6c964000-7f0d6c969000 r--p 00018000 08:05 144551                     /usr/lib/x86_64-linux-gnu/libpthread-2.31.so
7f0d6c969000-7f0d6c96a000 r--p 0001c000 08:05 144551                     /usr/lib/x86_64-linux-gnu/libpthread-2.31.so
7f0d6c96a000-7f0d6c96b000 rw-p 0001d000 08:05 144551                     /usr/lib/x86_64-linux-gnu/libpthread-2.31.so
7f0d6c96b000-7f0d6c96f000 rw-p 00000000 00:00 0 
7f0d6c96f000-7f0d6c97f000 r-xp 00000000 08:05 144293                     /usr/lib/jvm/jdk-12.0.2/lib/libjli.so
7f0d6c97f000-7f0d6cb7e000 ---p 00010000 08:05 144293                     /usr/lib/jvm/jdk-12.0.2/lib/libjli.so
7f0d6cb7e000-7f0d6cb7f000 r--p 0000f000 08:05 144293                     /usr/lib/jvm/jdk-12.0.2/lib/libjli.so
7f0d6cb7f000-7f0d6cb80000 rw-p 00010000 08:05 144293                     /usr/lib/jvm/jdk-12.0.2/lib/libjli.so
7f0d6cb80000-7f0d6cb82000 r--p 00000000 08:05 144976                     /usr/lib/x86_64-linux-gnu/libz.so.1.2.11
7f0d6cb82000-7f0d6cb93000 r-xp 00002000 08:05 144976                     /usr/lib/x86_64-linux-gnu/libz.so.1.2.11
7f0d6cb93000-7f0d6cb99000 r--p 00013000 08:05 144976                     /usr/lib/x86_64-linux-gnu/libz.so.1.2.11
7f0d6cb99000-7f0d6cb9a000 ---p 00019000 08:05 144976                     /usr/lib/x86_64-linux-gnu/libz.so.1.2.11
7f0d6cb9a000-7f0d6cb9b000 r--p 00019000 08:05 144976                     /usr/lib/x86_64-linux-gnu/libz.so.1.2.11
7f0d6cb9b000-7f0d6cb9c000 rw-p 0001a000 08:05 144976                     /usr/lib/x86_64-linux-gnu/libz.so.1.2.11
7f0d6cb9c000-7f0d6cb9e000 rw-p 00000000 00:00 0 
7f0d6cb9e000-7f0d6cb9f000 r--s 00000000 00:35 37                         /run/user/1000/dconf/user
7f0d6cb9f000-7f0d6cba0000 r--p 00000000 08:05 143473                     /usr/lib/x86_64-linux-gnu/libXau.so.6.0.0
7f0d6cba0000-7f0d6cba2000 r-xp 00001000 08:05 143473                     /usr/lib/x86_64-linux-gnu/libXau.so.6.0.0
7f0d6cba2000-7f0d6cba3000 r--p 00003000 08:05 143473                     /usr/lib/x86_64-linux-gnu/libXau.so.6.0.0
7f0d6cba3000-7f0d6cba4000 r--p 00003000 08:05 143473                     /usr/lib/x86_64-linux-gnu/libXau.so.6.0.0
7f0d6cba4000-7f0d6cba5000 rw-p 00004000 08:05 143473                     /usr/lib/x86_64-linux-gnu/libXau.so.6.0.0
7f0d6cba5000-7f0d6cbad000 rw-s 00000000 08:05 131756                     /tmp/hsperfdata_virtualpanda/2177
7f0d6cbad000-7f0d6cbae000 ---p 00000000 00:00 0 
7f0d6cbae000-7f0d6cbaf000 r--p 00000000 00:00 0 
7f0d6cbaf000-7f0d6cbb0000 r--p 00000000 08:05 143428                     /usr/lib/x86_64-linux-gnu/ld-2.31.so
7f0d6cbb0000-7f0d6cbd3000 r-xp 00001000 08:05 143428                     /usr/lib/x86_64-linux-gnu/ld-2.31.so
7f0d6cbd3000-7f0d6cbdb000 r--p 00024000 08:05 143428                     /usr/lib/x86_64-linux-gnu/ld-2.31.so
7f0d6cbdb000-7f0d6cbdc000 ---p 00000000 00:00 0 
7f0d6cbdc000-7f0d6cbdd000 r--p 0002c000 08:05 143428                     /usr/lib/x86_64-linux-gnu/ld-2.31.so
7f0d6cbdd000-7f0d6cbde000 rw-p 0002d000 08:05 143428                     /usr/lib/x86_64-linux-gnu/ld-2.31.so
7f0d6cbde000-7f0d6cbdf000 rw-p 00000000 00:00 0 
7fff506c6000-7fff506e7000 rw-p 00000000 00:00 0                          [stack]
7fff506fa000-7fff506fe000 r--p 00000000 00:00 0                          [vvar]
7fff506fe000-7fff50700000 r-xp 00000000 00:00 0                          [vdso]
ffffffffff600000-ffffffffff601000 --xp 00000000 00:00 0                  [vsyscall]


VM Arguments:
jvm_args: -Djava.library.path=. 
java_command: Gui
java_class_path (initial): .
Launcher Type: SUN_STANDARD

[Global flags]
     intx CICompilerCount                          = 2                                         {product} {ergonomic}
   size_t InitialHeapSize                          = 65011712                                  {product} {ergonomic}
   size_t MaxHeapSize                              = 1031798784                                {product} {ergonomic}
   size_t MaxNewSize                               = 343932928                                 {product} {ergonomic}
   size_t MinHeapDeltaBytes                        = 196608                                    {product} {ergonomic}
   size_t NewSize                                  = 21626880                                  {product} {ergonomic}
    uintx NonNMethodCodeHeapSize                   = 5825164                                {pd product} {ergonomic}
    uintx NonProfiledCodeHeapSize                  = 122916538                              {pd product} {ergonomic}
   size_t OldSize                                  = 43384832                                  {product} {ergonomic}
    uintx ProfiledCodeHeapSize                     = 122916538                              {pd product} {ergonomic}
    uintx ReservedCodeCacheSize                    = 251658240                              {pd product} {ergonomic}
     bool SegmentedCodeCache                       = true                                      {product} {ergonomic}
     bool UseCompressedClassPointers               = true                                 {lp64_product} {ergonomic}
     bool UseCompressedOops                        = true                                 {lp64_product} {ergonomic}
     bool UseSerialGC                              = true                                      {product} {ergonomic}

Logging:
Log output configuration:
 #0: stdout all=warning uptime,level,tags
 #1: stderr all=off uptime,level,tags

Environment Variables:
JAVA_HOME=/usr/lib/jvm/jdk-12.0.2
PATH=/usr/local/sbin:/usr/local/bin:/usr/sbin:/usr/bin:/sbin:/bin:/usr/games:/usr/local/games:/snap/bin:/usr/lib/jvm/jdk-12.0.2/bin
USERNAME=virtualpanda
SHELL=/bin/bash
DISPLAY=:0

Signal Handlers:
SIGSEGV: [libjvm.so+0xe44380], sa_mask[0]=11111111011111111101111111111110, sa_flags=SA_RESTART|SA_SIGINFO
SIGBUS: [libjvm.so+0xe44380], sa_mask[0]=11111111011111111101111111111110, sa_flags=SA_RESTART|SA_SIGINFO
SIGFPE: [libjvm.so+0xe44380], sa_mask[0]=11111111011111111101111111111110, sa_flags=SA_RESTART|SA_SIGINFO
SIGPIPE: SIG_IGN, sa_mask[0]=00000000000010000000000000000000, sa_flags=SA_RESTART
SIGXFSZ: [libjvm.so+0xbf3e70], sa_mask[0]=11111111011111111101111111111110, sa_flags=SA_RESTART|SA_SIGINFO
SIGILL: [libjvm.so+0xe44380], sa_mask[0]=11111111011111111101111111111110, sa_flags=SA_RESTART|SA_SIGINFO
SIGUSR2: [libjvm.so+0xbf3d10], sa_mask[0]=00000000000000000000000000000000, sa_flags=SA_RESTART|SA_SIGINFO
SIGHUP: [libjvm.so+0xbf4070], sa_mask[0]=11111111011111111101111111111110, sa_flags=SA_RESTART|SA_SIGINFO
SIGINT: [libjvm.so+0xbf4070], sa_mask[0]=11111111011111111101111111111110, sa_flags=SA_RESTART|SA_SIGINFO
SIGTERM: [libjvm.so+0xbf4070], sa_mask[0]=11111111011111111101111111111110, sa_flags=SA_RESTART|SA_SIGINFO
SIGQUIT: [libjvm.so+0xbf4070], sa_mask[0]=11111111011111111101111111111110, sa_flags=SA_RESTART|SA_SIGINFO


---------------  S Y S T E M  ---------------

OS:DISTRIB_ID=Ubuntu
DISTRIB_RELEASE=20.04
DISTRIB_CODENAME=focal
DISTRIB_DESCRIPTION="Ubuntu 20.04.3 LTS"
uname:Linux 5.11.0-43-generic #47~20.04.2-Ubuntu SMP Mon Dec 13 11:06:56 UTC 2021 x86_64
libc:glibc 2.31 NPTL 2.31 
rlimit: STACK 8192k, CORE 0k, NPROC 15460, NOFILE 1048576, AS infinity, DATA infinity, FSIZE infinity
load average:0.82 0.82 0.61

/proc/meminfo:
MemTotal:        4023432 kB
MemFree:         2201660 kB
MemAvailable:    3054224 kB
Buffers:           46596 kB
Cached:           999088 kB
SwapCached:            0 kB
Active:           373980 kB
Inactive:        1280176 kB
Active(anon):       1320 kB
Inactive(anon):   624880 kB
Active(file):     372660 kB
Inactive(file):   655296 kB
Unevictable:           0 kB
Mlocked:               0 kB
SwapTotal:        459260 kB
SwapFree:         459260 kB
Dirty:               204 kB
Writeback:             0 kB
AnonPages:        608528 kB
Mapped:           284308 kB
Shmem:             21388 kB
KReclaimable:      55168 kB
Slab:             104684 kB
SReclaimable:      55168 kB
SUnreclaim:        49516 kB
KernelStack:        6912 kB
PageTables:        12900 kB
NFS_Unstable:          0 kB
Bounce:                0 kB
WritebackTmp:          0 kB
CommitLimit:     2470976 kB
Committed_AS:    3462064 kB
VmallocTotal:   34359738367 kB
VmallocUsed:       35976 kB
VmallocChunk:          0 kB
Percpu:              660 kB
HardwareCorrupted:     0 kB
AnonHugePages:         0 kB
ShmemHugePages:        0 kB
ShmemPmdMapped:        0 kB
FileHugePages:         0 kB
FilePmdMapped:         0 kB
HugePages_Total:       0
HugePages_Free:        0
HugePages_Rsvd:        0
HugePages_Surp:        0
Hugepagesize:       2048 kB
Hugetlb:               0 kB
DirectMap4k:      157632 kB
DirectMap2M:     4036608 kB


/proc/sys/kernel/threads-max (system-wide limit on the number of threads):
30921


/proc/sys/vm/max_map_count (maximum number of memory map areas a process may have):
65530


/proc/sys/kernel/pid_max (system-wide limit on number of process identifiers):
4194304



container (cgroup) information:
container_type: cgroupv1
cpu_cpuset_cpus: 0
cpu_memory_nodes: 0
active_processor_count: 1
cpu_quota: -1
cpu_period: 100000
cpu_shares: -1
memory_limit_in_bytes: -1
memory_and_swap_limit_in_bytes: -1
memory_soft_limit_in_bytes: -1
memory_usage_in_bytes: 726331392
memory_max_usage_in_bytes: 726331392


CPU:total 1 (initial active 1) (1 cores per cpu, 1 threads per core) family 6 model 142 stepping 10, cmov, cx8, fxsr, mmx, sse, sse2, sse3, ssse3, sse4.1, sse4.2, popcnt, avx, avx2, aes, clmul, 3dnowpref, lzcnt, tsc, tscinvbit
CPU Model and flags from /proc/cpuinfo:
model name	: Intel(R) Core(TM) i5-8250U CPU @ 1.60GHz
flags		: fpu vme de pse tsc msr pae mce cx8 apic sep mtrr pge mca cmov pat pse36 clflush mmx fxsr sse sse2 ht syscall nx rdtscp lm constant_tsc rep_good nopl xtopology nonstop_tsc cpuid tsc_known_freq pni pclmulqdq monitor ssse3 cx16 pcid sse4_1 sse4_2 x2apic movbe popcnt aes xsave avx rdrand hypervisor lahf_lm abm 3dnowprefetch invpcid_single pti fsgsbase avx2 invpcid rdseed clflushopt md_clear flush_l1d

Memory: 4k page, physical 4023432k(2201660k free), swap 459260k(459260k free)

vm_info: Java HotSpot(TM) 64-Bit Server VM (12.0.2+10) for linux-amd64 JRE (12.0.2+10), built on Jul 16 2019 00:56:35 by "mach5one" with gcc 7.3.0

END.
