#
# A fatal error has been detected by the Java Runtime Environment:
#
#  SIGSEGV (0xb) at pc=0x00007f7398b81a00, pid=3725, tid=3744
#
# JRE version: Java(TM) SE Runtime Environment (12.0.1+12) (build 12.0.1+12)
# Java VM: Java HotSpot(TM) 64-Bit Server VM (12.0.1+12, mixed mode, sharing, tiered, compressed oops, serial gc, linux-amd64)
# Problematic frame:
# 
[error occurred during error reporting (printing problematic frame), id 0xb, SIGSEGV (0xb) at pc=0x00007f73b7d8db42]

# Core dump will be written. Default location: Core dumps may be processed with "/usr/share/apport/apport %p %s %c %d %P" (or dumping to /home/kiit/1905243/cnProject/CN-p2p-file-sharing/core.3725)
#
# If you would like to submit a bug report, please visit:
#   http://bugreport.java.com/bugreport/crash.jsp
#

---------------  S U M M A R Y ------------

Command Line: -Djava.library.path=. Gui

Host: Intel(R) Core(TM) i5-8250U CPU @ 1.60GHz, 1 cores, 3G, Ubuntu 18.04.2 LTS
Time: Mon Jan 24 20:32:30 2022 IST elapsed time: 11 seconds (0d 0h 0m 11s)

---------------  T H R E A D  ---------------

Current thread (0x00007f7394005800):  JavaThread "AWT-EventQueue-0" [_thread_in_Java, id=3744, stack(0x00007f73755b4000,0x00007f73756b5000)]

Stack: [0x00007f73755b4000,0x00007f73756b5000],  sp=0x00007f73756b2a80,  free space=1018k
Native frames: (J=compiled Java code, A=aot compiled Java code, j=interpreted, Vv=VM code, C=native code)

[error occurred during error reporting (printing native stack), id 0xb, SIGSEGV (0xb) at pc=0x00007f73b7d8db42]


siginfo: si_signo: 11 (SIGSEGV), si_code: 1 (SEGV_MAPERR), si_addr: 0x0000003672657365

Register to memory mapping:

RAX=
[error occurred during error reporting (printing register info), id 0xb, SIGSEGV (0xb) at pc=0x00007f73b83672c6]

Registers:
RAX=0x00000000c2cff860, RBX=0x00007f73b5716b50, RCX=0x0000000000000000, RDX=0x00000000c25ee580
RSP=0x00007f73756b2a80, RBP=0x0000003672657375, RSI=0x00007f73b5c647fc, RDI=0x00007f7398b81a00
R8 =0x0000000000000001, R9 =0x0000000800000000, R10=0x0000000000000000, R11=0x00007f73756b2a80
R12=0x0000000000000000, R13=0x00007f73b5716b50, R14=0x00007f73756b2a80, R15=0x00007f7394005800
RIP=0x00007f7398b81a00, EFLAGS=0x0000000000010202, CSGSFS=0x002b000000000033, ERR=0x0000000000000004
  TRAPNO=0x000000000000000e

Top of Stack: (sp=0x00007f73756b2a80)
0x00007f73756b2a80:   00000000c25ee580 00007f73756b2a88
0x00007f73756b2a90:   00007f73b587284d 00007f73756b2b38
0x00007f73756b2aa0:   00007f73b5872be0 0000000000000000
0x00007f73756b2ab0:   00000000c2931cd8 00007f73b5872a88 

Instructions: (pc=0x00007f7398b81a00)
0x00007f7398b819e0:   e3 ff 00 00 00 48 8d 24 dc 41 0f b6 5d 05 49 83
0x00007f7398b819f0:   c5 05 49 ba c0 84 b3 b8 73 7f 00 00 41 ff 24 da
0x00007f7398b81a00:   48 8b 65 f0 48 c7 45 f0 00 00 00 00 4c 8b 6d c0
0x00007f7398b81a10:   4c 8b 75 c8 48 8b 5d d8 48 85 db 0f 84 94 00 00 

Stack slot to memory mapping:
stack at sp + 0 slots: 0x00000000c25ee580 is an oop: Gui 
{0x00000000c25ee580} - klass: 'Gui'
stack at sp + 1 slots: 0x00007f73756b2a88 is pointing into the stack for thread: 0x00007f7394005800
stack at sp + 2 slots: 0x00007f73b587284d is pointing into metadata
stack at sp + 3 slots: 0x00007f73756b2b38 is pointing into the stack for thread: 0x00007f7394005800
stack at sp + 4 slots: 0x00007f73b5872be0 is pointing into metadata
stack at sp + 5 slots: 0x0 is NULL
stack at sp + 6 slots: 
[error occurred during error reporting (inspecting top of stack), id 0xb, SIGSEGV (0xb) at pc=0x00007f73b83672c6]

invoke return entry points  [0x00007f7398b81380, 0x00007f7398b81da0]  2592 bytes

---------------  P R O C E S S  ---------------

Threads class SMR info:
_java_thread_list=0x00000000025e68d0, length=14, elements={
0x00007f73b0059800, 0x00007f73b005b800, 0x00007f73b0062000, 0x00007f73b0064000,
0x00007f73b0066000, 0x00007f73b0068000, 0x00007f73b00a2800, 0x00007f73b00ac000,
0x00007f73b01e2000, 0x00007f73b0208000, 0x00007f73b02e4800, 0x00007f7394005800,
0x00007f73b0011000, 0x00000000025e5000
}

Java Threads: ( => current thread )
  0x00007f73b0059800 JavaThread "Reference Handler" daemon [_thread_blocked, id=3728, stack(0x00007f73b5037000,0x00007f73b5138000)]
  0x00007f73b005b800 JavaThread "Finalizer" daemon [_thread_blocked, id=3729, stack(0x00007f73b4f36000,0x00007f73b5037000)]
  0x00007f73b0062000 JavaThread "Signal Dispatcher" daemon [_thread_blocked, id=3730, stack(0x00007f73b4466000,0x00007f73b4567000)]
  0x00007f73b0064000 JavaThread "C2 CompilerThread0" daemon [_thread_blocked, id=3731, stack(0x00007f73b4365000,0x00007f73b4466000)]
  0x00007f73b0066000 JavaThread "C1 CompilerThread0" daemon [_thread_blocked, id=3732, stack(0x00007f73b4264000,0x00007f73b4365000)]
  0x00007f73b0068000 JavaThread "Sweeper thread" daemon [_thread_blocked, id=3733, stack(0x00007f73b4163000,0x00007f73b4264000)]
  0x00007f73b00a2800 JavaThread "Service Thread" daemon [_thread_blocked, id=3734, stack(0x00007f73b4062000,0x00007f73b4163000)]
  0x00007f73b00ac000 JavaThread "Common-Cleaner" daemon [_thread_blocked, id=3736, stack(0x00007f7398975000,0x00007f7398a76000)]
  0x00007f73b01e2000 JavaThread "Java2D Disposer" daemon [_thread_blocked, id=3740, stack(0x00007f7378528000,0x00007f7378629000)]
  0x00007f73b0208000 JavaThread "AWT-XAWT" daemon [_thread_in_native, id=3741, stack(0x00007f7378427000,0x00007f7378528000)]
  0x00007f73b02e4800 JavaThread "AWT-Shutdown" [_thread_blocked, id=3743, stack(0x00007f73756b5000,0x00007f73757b6000)]
=>0x00007f7394005800 JavaThread "AWT-EventQueue-0" [_thread_in_Java, id=3744, stack(0x00007f73755b4000,0x00007f73756b5000)]
  0x00007f73b0011000 JavaThread "DestroyJavaVM" [_thread_blocked, id=3726, stack(0x00007f73b989a000,0x00007f73b999b000)]
  0x00000000025e5000 JavaThread "TimerQueue" daemon [_thread_blocked, id=3745, stack(0x00007f73752b3000,0x00007f73753b4000)]

Other Threads:
  0x00007f73b0056800 VMThread "VM Thread" [stack: 0x00007f73b513a000,0x00007f73b523a000] [id=3727]
  0x00007f73b00a9000 WatcherThread [stack: 0x00007f7398a78000,0x00007f7398b78000] [id=3735]

Threads with active compile tasks:

VM state:not at safepoint (normal execution)

VM Mutex/Monitor currently owned by a thread: None

Heap address: 0x00000000c2400000, size: 988 MB, Compressed Oops mode: 32-bit
Narrow klass base: 0x0000000800000000, Narrow klass shift: 3
Compressed class space size: 1073741824 Address: 0x0000000801129000

Heap:
 def new generation   total 19008K, used 9472K [0x00000000c2400000, 0x00000000c38a0000, 0x00000000d6d50000)
  eden space 16896K,  56% used [0x00000000c2400000, 0x00000000c2d40120, 0x00000000c3480000)
  from space 2112K,   0% used [0x00000000c3480000, 0x00000000c3480000, 0x00000000c3690000)
  to   space 2112K,   0% used [0x00000000c3690000, 0x00000000c3690000, 0x00000000c38a0000)
 tenured generation   total 42368K, used 0K [0x00000000d6d50000, 0x00000000d96b0000, 0x0000000100000000)
   the space 42368K,   0% used [0x00000000d6d50000, 0x00000000d6d50000, 0x00000000d6d50200, 0x00000000d96b0000)
 Metaspace       used 10066K, capacity 10480K, committed 10880K, reserved 1058816K
  class space    used 1109K, capacity 1283K, committed 1408K, reserved 1048576K

Card table byte_map: [0x00007f73b5c60000,0x00007f73b5e4f000] _byte_map_base: 0x00007f73b564e000

Polling page: 0x00007f73b99b2000

Metaspace:

Usage:
  Non-class:      8.98 MB capacity,     8.75 MB ( 97%) used,   206.65 KB (  2%) free+waste,    33.69 KB ( <1%) overhead. 
      Class:      1.25 MB capacity,     1.08 MB ( 86%) used,   154.27 KB ( 12%) free+waste,    19.31 KB (  2%) overhead. 
       Both:     10.23 MB capacity,     9.83 MB ( 96%) used,   360.92 KB (  3%) free+waste,    53.00 KB ( <1%) overhead. 

Virtual space:
  Non-class space:       10.00 MB reserved,       9.25 MB ( 92%) committed 
      Class space:        1.00 GB reserved,       1.38 MB ( <1%) committed 
             Both:        1.01 GB reserved,      10.62 MB (  1%) committed 

Chunk freelists:
   Non-Class:  16.38 KB
       Class:  3.12 KB
        Both:  19.50 KB

CodeHeap 'non-profiled nmethods': size=120036Kb used=332Kb max_used=332Kb free=119703Kb
 bounds [0x00007f73a063f000, 0x00007f73a08af000, 0x00007f73a7b78000]
CodeHeap 'profiled nmethods': size=120032Kb used=1900Kb max_used=1900Kb free=118131Kb
 bounds [0x00007f7399107000, 0x00007f7399377000, 0x00007f73a063f000]
CodeHeap 'non-nmethods': size=5692Kb used=1251Kb max_used=1264Kb free=4440Kb
 bounds [0x00007f7398b78000, 0x00007f7398de8000, 0x00007f7399107000]
 total_blobs=1918 nmethods=1138 adapters=562
 compilation: enabled
              stopped_count=0, restarted_count=0
 full_count=0

Compilation events (10 events):
Event: 10.969 Thread 0x00007f73b0066000 1137       3       sun.java2d.StateTrackableDelegate::markDirty (6 bytes)
Event: 10.969 Thread 0x00007f73b0066000 nmethod 1137 0x00007f73992e1110 code [0x00007f73992e12c0, 0x00007f73992e1450]
Event: 10.969 Thread 0x00007f73b0066000 1138       3       sun.java2d.SurfaceData::markDirty (8 bytes)
Event: 10.969 Thread 0x00007f73b0066000 nmethod 1138 0x00007f73992e1510 code [0x00007f73992e16c0, 0x00007f73992e18b0]
Event: 10.969 Thread 0x00007f73b0066000 1136       3       java.awt.Rectangle::isEmpty (20 bytes)
Event: 10.970 Thread 0x00007f73b0066000 nmethod 1136 0x00007f73992e1990 code [0x00007f73992e1b40, 0x00007f73992e1d50]
Event: 10.970 Thread 0x00007f73b0066000 1134       3       java.awt.Component$1::getPeer (5 bytes)
Event: 10.970 Thread 0x00007f73b0066000 nmethod 1134 0x00007f73992e1e10 code [0x00007f73992e1fc0, 0x00007f73992e2130]
Event: 10.970 Thread 0x00007f73b0066000 1135       1       java.util.IdentityHashMap::size (5 bytes)
Event: 10.970 Thread 0x00007f73b0066000 nmethod 1135 0x00007f73a0691d10 code [0x00007f73a0691ec0, 0x00007f73a0691ff0]

GC Heap History (0 events):
No events

Deoptimization events (5 events):
Event: 0.085 Thread 0x00007f73b0011000 Uncommon trap: reason=unstable_if action=reinterpret pc=0x00007f73a0643160 method=java.lang.String.hashCode()I @ 14 c2
Event: 2.966 Thread 0x00007f7394005800 Uncommon trap: reason=class_check action=maybe_recompile pc=0x00007f73a0656ee8 method=java.lang.String.equals(Ljava/lang/Object;)Z @ 8 c2
Event: 2.966 Thread 0x00007f7394005800 Uncommon trap: reason=class_check action=maybe_recompile pc=0x00007f73a0656ee8 method=java.lang.String.equals(Ljava/lang/Object;)Z @ 8 c2
Event: 3.309 Thread 0x00007f7394005800 Uncommon trap: reason=class_check action=maybe_recompile pc=0x00007f73a0656ee8 method=java.lang.String.equals(Ljava/lang/Object;)Z @ 8 c2
Event: 3.309 Thread 0x00007f7394005800 Uncommon trap: reason=class_check action=maybe_recompile pc=0x00007f73a0656ee8 method=java.lang.String.equals(Ljava/lang/Object;)Z @ 8 c2

Classes redefined (0 events):
No events

Internal exceptions (10 events):
Event: 0.937 Thread 0x00007f73b0011000 Exception <a 'java/lang/NoSuchMethodError'{0x00000000c29e7eb0}: java.lang.invoke.DirectMethodHandle$Holder.invokeStatic(Ljava/lang/Object;Ljava/lang/Object;Ljava/lang/Object;Ljava/lang/Object;Ljava/lang/Object;Ljava/lang/Object;Ljava/lang/Object;Ljava/lan
Event: 0.940 Thread 0x00007f73b0011000 Exception <a 'java/lang/NoSuchMethodError'{0x00000000c29f4778}: java.lang.invoke.DirectMethodHandle$Holder.invokeSpecial(Ljava/lang/Object;Ljava/lang/Object;JLjava/lang/Object;Ljava/lang/Object;Ljava/lang/Object;Ljava/lang/Object;Ljava/lang/Object;)Ljava/
Event: 0.940 Thread 0x00007f73b0011000 Exception <a 'java/lang/NoSuchMethodError'{0x00000000c29f7df8}: java.lang.invoke.DelegatingMethodHandle$Holder.reinvoke_L(Ljava/lang/Object;JLjava/lang/Object;Ljava/lang/Object;Ljava/lang/Object;Ljava/lang/Object;Ljava/lang/Object;)Ljava/lang/Object;> (0x
Event: 0.943 Thread 0x00007f73b0011000 Exception <a 'java/lang/NoSuchMethodError'{0x00000000c2a0c270}: java.lang.invoke.DirectMethodHandle$Holder.invokeStatic(Ljava/lang/Object;Ljava/lang/Object;Ljava/lang/Object;Ljava/lang/Object;Ljava/lang/Object;J)Ljava/lang/Object;> (0x00000000c2a0c270) th
Event: 0.949 Thread 0x00007f73b0011000 Exception <a 'java/lang/NoSuchMethodError'{0x00000000c2a29638}: java.lang.invoke.Invokers$Holder.linkToTargetMethod(Ljava/lang/Object;Ljava/lang/Object;Ljava/lang/Object;Ljava/lang/Object;Ljava/lang/Object;Ljava/lang/Object;)Ljava/lang/Object;> (0x0000000
Event: 0.962 Thread 0x00007f73b0011000 Exception <a 'java/lang/NoSuchMethodError'{0x00000000c2a61828}: java.lang.invoke.DirectMethodHandle$Holder.invokeSpecial(Ljava/lang/Object;Ljava/lang/Object;JLjava/lang/Object;Ljava/lang/Object;Ljava/lang/Object;Ljava/lang/Object;)Ljava/lang/Object;> (0x0
Event: 0.962 Thread 0x00007f73b0011000 Exception <a 'java/lang/NoSuchMethodError'{0x00000000c2a64c60}: java.lang.invoke.DelegatingMethodHandle$Holder.reinvoke_L(Ljava/lang/Object;JLjava/lang/Object;Ljava/lang/Object;Ljava/lang/Object;Ljava/lang/Object;)Ljava/lang/Object;> (0x00000000c2a64c60) 
Event: 0.966 Thread 0x00007f73b0011000 Exception <a 'java/lang/NoSuchMethodError'{0x00000000c2a7c408}: java.lang.invoke.DirectMethodHandle$Holder.invokeStatic(Ljava/lang/Object;Ljava/lang/Object;Ljava/lang/Object;Ljava/lang/Object;Ljava/lang/Object;Ljava/lang/Object;J)Ljava/lang/Object;> (0x00
Event: 0.974 Thread 0x00007f73b0011000 Exception <a 'java/lang/NoSuchMethodError'{0x00000000c2a92d98}: java.lang.invoke.DirectMethodHandle$Holder.invokeStatic(Ljava/lang/Object;Ljava/lang/Object;Ljava/lang/Object;Ljava/lang/Object;Ljava/lang/Object;Ljava/lang/Object;JLjava/lang/Object;)Ljava/l
Event: 1.307 Thread 0x00007f7394005800 Exception <a 'java/lang/UnsupportedOperationException'{0x00000000c2c131b0}: > (0x00000000c2c131b0) thrown at [/scratch/opt/mach5/mesos/work_dir/slaves/2dd962d0-8988-479b-a804-57ab764ada59-S77524/frameworks/1735e8a2-a1db-478c-8104-60c8b0af87dd-0196/executo

Events (10 events):
Event: 9.164 loading class java/awt/font/GlyphVector done
Event: 9.164 loading class sun/font/StandardGlyphVector done
Event: 9.164 loading class sun/font/FontSubstitution
Event: 9.164 loading class sun/font/FontSubstitution done
Event: 9.164 loading class sun/font/StandardGlyphVector$GlyphStrike
Event: 9.164 loading class sun/font/StandardGlyphVector$GlyphStrike done
Event: 9.187 Executing VM operation: RevokeBias
Event: 9.187 Executing VM operation: RevokeBias done
Event: 10.968 loading class sun/awt/im/CompositionArea
Event: 10.968 loading class sun/awt/im/CompositionArea done


Dynamic libraries:
00400000-00401000 r-xp 00000000 08:01 937687                             /usr/lib/jvm/jdk-12.0.1/bin/java
00600000-00601000 r--p 00000000 08:01 937687                             /usr/lib/jvm/jdk-12.0.1/bin/java
00601000-00602000 rw-p 00001000 08:01 937687                             /usr/lib/jvm/jdk-12.0.1/bin/java
025b9000-0261c000 rw-p 00000000 00:00 0                                  [heap]
c2400000-c38a0000 rw-p 00000000 00:00 0 
c38a0000-d6d50000 ---p 00000000 00:00 0 
d6d50000-d96b0000 rw-p 00000000 00:00 0 
d96b0000-100000000 ---p 00000000 00:00 0 
800000000-800003000 rwxp 00001000 08:01 937604                           /usr/lib/jvm/jdk-12.0.1/lib/server/classes.jsa
800003000-8003d9000 rw-p 00004000 08:01 937604                           /usr/lib/jvm/jdk-12.0.1/lib/server/classes.jsa
8003d9000-800ae3000 r--p 003da000 08:01 937604                           /usr/lib/jvm/jdk-12.0.1/lib/server/classes.jsa
800ae3000-800ae4000 rw-p 00ae4000 08:01 937604                           /usr/lib/jvm/jdk-12.0.1/lib/server/classes.jsa
800ae4000-801129000 r--p 00ae5000 08:01 937604                           /usr/lib/jvm/jdk-12.0.1/lib/server/classes.jsa
801129000-801289000 rw-p 00000000 00:00 0 
801289000-841129000 ---p 00000000 00:00 0 
7f73752b3000-7f73752b7000 ---p 00000000 00:00 0 
7f73752b7000-7f73754f4000 rw-p 00000000 00:00 0 
7f73754f4000-7f73755b4000 ---p 00000000 00:00 0 
7f73755b4000-7f73755b8000 ---p 00000000 00:00 0 
7f73755b8000-7f73756b5000 rw-p 00000000 00:00 0 
7f73756b5000-7f73756b9000 ---p 00000000 00:00 0 
7f73756b9000-7f73757b6000 rw-p 00000000 00:00 0 
7f73757b6000-7f73757bb000 r-xp 00000000 08:01 1845464                    /usr/lib/x86_64-linux-gnu/libXfixes.so.3.1.0
7f73757bb000-7f73759ba000 ---p 00005000 08:01 1845464                    /usr/lib/x86_64-linux-gnu/libXfixes.so.3.1.0
7f73759ba000-7f73759bb000 r--p 00004000 08:01 1845464                    /usr/lib/x86_64-linux-gnu/libXfixes.so.3.1.0
7f73759bb000-7f73759bc000 rw-p 00005000 08:01 1845464                    /usr/lib/x86_64-linux-gnu/libXfixes.so.3.1.0
7f73759bc000-7f73759c5000 r-xp 00000000 08:01 1845456                    /usr/lib/x86_64-linux-gnu/libXcursor.so.1.0.2
7f73759c5000-7f7375bc4000 ---p 00009000 08:01 1845456                    /usr/lib/x86_64-linux-gnu/libXcursor.so.1.0.2
7f7375bc4000-7f7375bc5000 r--p 00008000 08:01 1845456                    /usr/lib/x86_64-linux-gnu/libXcursor.so.1.0.2
7f7375bc5000-7f7375bc6000 rw-p 00009000 08:01 1845456                    /usr/lib/x86_64-linux-gnu/libXcursor.so.1.0.2
7f7375bc6000-7f7375bc7000 ---p 00000000 00:00 0 
7f7375bc7000-7f73763c7000 rw-p 00000000 00:00 0 
7f73763c7000-7f73763f8000 r-xp 00000000 08:01 397877                     /usr/lib/x86_64-linux-gnu/gio/modules/libgvfsdbus.so
7f73763f8000-7f73765f8000 ---p 00031000 08:01 397877                     /usr/lib/x86_64-linux-gnu/gio/modules/libgvfsdbus.so
7f73765f8000-7f73765fa000 r--p 00031000 08:01 397877                     /usr/lib/x86_64-linux-gnu/gio/modules/libgvfsdbus.so
7f73765fa000-7f73765fb000 rw-p 00033000 08:01 397877                     /usr/lib/x86_64-linux-gnu/gio/modules/libgvfsdbus.so
7f73765fb000-7f7376607000 r-xp 00000000 08:01 397872                     /usr/lib/x86_64-linux-gnu/gio/modules/libdconfsettings.so
7f7376607000-7f7376806000 ---p 0000c000 08:01 397872                     /usr/lib/x86_64-linux-gnu/gio/modules/libdconfsettings.so
7f7376806000-7f7376807000 r--p 0000b000 08:01 397872                     /usr/lib/x86_64-linux-gnu/gio/modules/libdconfsettings.so
7f7376807000-7f7376808000 rw-p 0000c000 08:01 397872                     /usr/lib/x86_64-linux-gnu/gio/modules/libdconfsettings.so
7f7376808000-7f7376809000 ---p 00000000 00:00 0 
7f7376809000-7f7377009000 rw-p 00000000 00:00 0 
7f7377009000-7f737700a000 ---p 00000000 00:00 0 
7f737700a000-7f737780a000 rw-p 00000000 00:00 0 
7f737780a000-7f7377840000 r-xp 00000000 08:01 398181                     /usr/lib/x86_64-linux-gnu/gvfs/libgvfscommon.so
7f7377840000-7f7377a40000 ---p 00036000 08:01 398181                     /usr/lib/x86_64-linux-gnu/gvfs/libgvfscommon.so
7f7377a40000-7f7377a46000 r--p 00036000 08:01 398181                     /usr/lib/x86_64-linux-gnu/gvfs/libgvfscommon.so
7f7377a46000-7f7377a47000 rw-p 0003c000 08:01 398181                     /usr/lib/x86_64-linux-gnu/gvfs/libgvfscommon.so
7f7377a47000-7f7377a61000 r-xp 00000000 08:01 397876                     /usr/lib/x86_64-linux-gnu/gio/modules/libgioremote-volume-monitor.so
7f7377a61000-7f7377c60000 ---p 0001a000 08:01 397876                     /usr/lib/x86_64-linux-gnu/gio/modules/libgioremote-volume-monitor.so
7f7377c60000-7f7377c63000 r--p 00019000 08:01 397876                     /usr/lib/x86_64-linux-gnu/gio/modules/libgioremote-volume-monitor.so
7f7377c63000-7f7377c64000 rw-p 0001c000 08:01 397876                     /usr/lib/x86_64-linux-gnu/gio/modules/libgioremote-volume-monitor.so
7f7377c64000-7f7377c7b000 r-xp 00000000 08:01 136771                     /lib/x86_64-linux-gnu/libgcc_s.so.1
7f7377c7b000-7f7377e7a000 ---p 00017000 08:01 136771                     /lib/x86_64-linux-gnu/libgcc_s.so.1
7f7377e7a000-7f7377e7b000 r--p 00016000 08:01 136771                     /lib/x86_64-linux-gnu/libgcc_s.so.1
7f7377e7b000-7f7377e7c000 rw-p 00017000 08:01 136771                     /lib/x86_64-linux-gnu/libgcc_s.so.1
7f7377e7c000-7f7377ff5000 r-xp 00000000 08:01 1845922                    /usr/lib/x86_64-linux-gnu/libstdc++.so.6.0.25
7f7377ff5000-7f73781f5000 ---p 00179000 08:01 1845922                    /usr/lib/x86_64-linux-gnu/libstdc++.so.6.0.25
7f73781f5000-7f73781ff000 r--p 00179000 08:01 1845922                    /usr/lib/x86_64-linux-gnu/libstdc++.so.6.0.25
7f73781ff000-7f7378201000 rw-p 00183000 08:01 1845922                    /usr/lib/x86_64-linux-gnu/libstdc++.so.6.0.25
7f7378201000-7f7378205000 rw-p 00000000 00:00 0 
7f7378205000-7f7378223000 r-xp 00000000 08:01 1846335                    /usr/lib/x86_64-linux-gnu/libproxy.so.1.0.0
7f7378223000-7f7378423000 ---p 0001e000 08:01 1846335                    /usr/lib/x86_64-linux-gnu/libproxy.so.1.0.0
7f7378423000-7f7378424000 r--p 0001e000 08:01 1846335                    /usr/lib/x86_64-linux-gnu/libproxy.so.1.0.0
7f7378424000-7f7378425000 rw-p 0001f000 08:01 1846335                    /usr/lib/x86_64-linux-gnu/libproxy.so.1.0.0
7f7378427000-7f737842b000 ---p 00000000 00:00 0 
7f737842b000-7f7378528000 rw-p 00000000 00:00 0 
7f7378528000-7f737852c000 ---p 00000000 00:00 0 
7f737852c000-7f7378629000 rw-p 00000000 00:00 0 
7f7378629000-7f737862f000 r-xp 00000000 08:01 137130                     /lib/x86_64-linux-gnu/libuuid.so.1.3.0
7f737862f000-7f737882e000 ---p 00006000 08:01 137130                     /lib/x86_64-linux-gnu/libuuid.so.1.3.0
7f737882e000-7f737882f000 r--p 00005000 08:01 137130                     /lib/x86_64-linux-gnu/libuuid.so.1.3.0
7f737882f000-7f7378830000 rw-p 00006000 08:01 137130                     /lib/x86_64-linux-gnu/libuuid.so.1.3.0
7f7378830000-7f7378877000 r-xp 00000000 08:01 136954                     /lib/x86_64-linux-gnu/libblkid.so.1.1.0
7f7378877000-7f7378a77000 ---p 00047000 08:01 136954                     /lib/x86_64-linux-gnu/libblkid.so.1.1.0
7f7378a77000-7f7378a7b000 r--p 00047000 08:01 136954                     /lib/x86_64-linux-gnu/libblkid.so.1.1.0
7f7378a7b000-7f7378a7c000 rw-p 0004b000 08:01 136954                     /lib/x86_64-linux-gnu/libblkid.so.1.1.0
7f7378a7c000-7f7378a7d000 rw-p 00000000 00:00 0 
7f7378a7d000-7f7378aed000 r-xp 00000000 08:01 137084                     /lib/x86_64-linux-gnu/libpcre.so.3.13.3
7f7378aed000-7f7378ced000 ---p 00070000 08:01 137084                     /lib/x86_64-linux-gnu/libpcre.so.3.13.3
7f7378ced000-7f7378cee000 r--p 00070000 08:01 137084                     /lib/x86_64-linux-gnu/libpcre.so.3.13.3
7f7378cee000-7f7378cef000 rw-p 00071000 08:01 137084                     /lib/x86_64-linux-gnu/libpcre.so.3.13.3
7f7378cef000-7f7378cf6000 r-xp 00000000 08:01 1845797                    /usr/lib/x86_64-linux-gnu/libffi.so.6.0.4
7f7378cf6000-7f7378ef5000 ---p 00007000 08:01 1845797                    /usr/lib/x86_64-linux-gnu/libffi.so.6.0.4
7f7378ef5000-7f7378ef6000 r--p 00006000 08:01 1845797                    /usr/lib/x86_64-linux-gnu/libffi.so.6.0.4
7f7378ef6000-7f7378ef7000 rw-p 00007000 08:01 1845797                    /usr/lib/x86_64-linux-gnu/libffi.so.6.0.4
7f7378ef7000-7f7378f48000 r-xp 00000000 08:01 137031                     /lib/x86_64-linux-gnu/libmount.so.1.1.0
7f7378f48000-7f7379147000 ---p 00051000 08:01 137031                     /lib/x86_64-linux-gnu/libmount.so.1.1.0
7f7379147000-7f7379149000 r--p 00050000 08:01 137031                     /lib/x86_64-linux-gnu/libmount.so.1.1.0
7f7379149000-7f737914a000 rw-p 00052000 08:01 137031                     /lib/x86_64-linux-gnu/libmount.so.1.1.0
7f737914a000-7f737914b000 rw-p 00000000 00:00 0 
7f737914b000-7f7379162000 r-xp 00000000 08:01 137101                     /lib/x86_64-linux-gnu/libresolv-2.27.so
7f7379162000-7f7379362000 ---p 00017000 08:01 137101                     /lib/x86_64-linux-gnu/libresolv-2.27.so
7f7379362000-7f7379363000 r--p 00017000 08:01 137101                     /lib/x86_64-linux-gnu/libresolv-2.27.so
7f7379363000-7f7379364000 rw-p 00018000 08:01 137101                     /lib/x86_64-linux-gnu/libresolv-2.27.so
7f7379364000-7f7379366000 rw-p 00000000 00:00 0 
7f7379366000-7f737938b000 r-xp 00000000 08:01 137107                     /lib/x86_64-linux-gnu/libselinux.so.1
7f737938b000-7f737958a000 ---p 00025000 08:01 137107                     /lib/x86_64-linux-gnu/libselinux.so.1
7f737958a000-7f737958b000 r--p 00024000 08:01 137107                     /lib/x86_64-linux-gnu/libselinux.so.1
7f737958b000-7f737958c000 rw-p 00025000 08:01 137107                     /lib/x86_64-linux-gnu/libselinux.so.1
7f737958c000-7f737958e000 rw-p 00000000 00:00 0 
7f737958e000-7f73796a1000 r-xp 00000000 08:01 1845891                    /usr/lib/x86_64-linux-gnu/libglib-2.0.so.0.5600.3
7f73796a1000-7f73798a1000 ---p 00113000 08:01 1845891                    /usr/lib/x86_64-linux-gnu/libglib-2.0.so.0.5600.3
7f73798a1000-7f73798a2000 r--p 00113000 08:01 1845891                    /usr/lib/x86_64-linux-gnu/libglib-2.0.so.0.5600.3
7f73798a2000-7f73798a3000 rw-p 00114000 08:01 1845891                    /usr/lib/x86_64-linux-gnu/libglib-2.0.so.0.5600.3
7f73798a3000-7f73798a4000 rw-p 00000000 00:00 0 
7f73798a4000-7f73798a7000 r-xp 00000000 08:01 1845895                    /usr/lib/x86_64-linux-gnu/libgmodule-2.0.so.0.5600.3
7f73798a7000-7f7379aa6000 ---p 00003000 08:01 1845895                    /usr/lib/x86_64-linux-gnu/libgmodule-2.0.so.0.5600.3
7f7379aa6000-7f7379aa7000 r--p 00002000 08:01 1845895                    /usr/lib/x86_64-linux-gnu/libgmodule-2.0.so.0.5600.3
7f7379aa7000-7f7379aa8000 rw-p 00003000 08:01 1845895                    /usr/lib/x86_64-linux-gnu/libgmodule-2.0.so.0.5600.3
7f7379aa8000-7f7379afa000 r-xp 00000000 08:01 1845919                    /usr/lib/x86_64-linux-gnu/libgobject-2.0.so.0.5600.3
7f7379afa000-7f7379cfa000 ---p 00052000 08:01 1845919                    /usr/lib/x86_64-linux-gnu/libgobject-2.0.so.0.5600.3
7f7379cfa000-7f7379cfb000 r--p 00052000 08:01 1845919                    /usr/lib/x86_64-linux-gnu/libgobject-2.0.so.0.5600.3
7f7379cfb000-7f7379cfc000 rw-p 00053000 08:01 1845919                    /usr/lib/x86_64-linux-gnu/libgobject-2.0.so.0.5600.3
7f7379cfc000-7f7379e91000 r-xp 00000000 08:01 1845885                    /usr/lib/x86_64-linux-gnu/libgio-2.0.so.0.5600.3
7f7379e91000-7f737a091000 ---p 00195000 08:01 1845885                    /usr/lib/x86_64-linux-gnu/libgio-2.0.so.0.5600.3
7f737a091000-7f737a098000 r--p 00195000 08:01 1845885                    /usr/lib/x86_64-linux-gnu/libgio-2.0.so.0.5600.3
7f737a098000-7f737a099000 rw-p 0019c000 08:01 1845885                    /usr/lib/x86_64-linux-gnu/libgio-2.0.so.0.5600.3
7f737a099000-7f737a09b000 rw-p 00000000 00:00 0 
7f737a09b000-7f737a0a5000 r-xp 00000000 08:01 1845480                    /usr/lib/x86_64-linux-gnu/libXrandr.so.2.2.0
7f737a0a5000-7f737a2a4000 ---p 0000a000 08:01 1845480                    /usr/lib/x86_64-linux-gnu/libXrandr.so.2.2.0
7f737a2a4000-7f737a2a5000 r--p 00009000 08:01 1845480                    /usr/lib/x86_64-linux-gnu/libXrandr.so.2.2.0
7f737a2a5000-7f737a2a6000 rw-p 0000a000 08:01 1845480                    /usr/lib/x86_64-linux-gnu/libXrandr.so.2.2.0
7f737a2a6000-7f737a2d7000 r-xp 00000000 08:01 1846319                    /usr/lib/x86_64-linux-gnu/libpng16.so.16.34.0
7f737a2d7000-7f737a4d6000 ---p 00031000 08:01 1846319                    /usr/lib/x86_64-linux-gnu/libpng16.so.16.34.0
7f737a4d6000-7f737a4d7000 r--p 00030000 08:01 1846319                    /usr/lib/x86_64-linux-gnu/libpng16.so.16.34.0
7f737a4d7000-7f737a4d8000 rw-p 00031000 08:01 1846319                    /usr/lib/x86_64-linux-gnu/libpng16.so.16.34.0
7f737a4d8000-7f737a585000 r-xp 00000000 08:01 1845829                    /usr/lib/x86_64-linux-gnu/libfreetype.so.6.15.0
7f737a585000-7f737a784000 ---p 000ad000 08:01 1845829                    /usr/lib/x86_64-linux-gnu/libfreetype.so.6.15.0
7f737a784000-7f737a78b000 r--p 000ac000 08:01 1845829                    /usr/lib/x86_64-linux-gnu/libfreetype.so.6.15.0
7f737a78b000-7f737a78c000 rw-p 000b3000 08:01 1845829                    /usr/lib/x86_64-linux-gnu/libfreetype.so.6.15.0
7f737a78c000-7f737a849000 r-xp 00000000 08:01 790477                     /usr/lib/jvm/jdk-12.0.1/lib/libfontmanager.so
7f737a849000-7f737aa48000 ---p 000bd000 08:01 790477                     /usr/lib/jvm/jdk-12.0.1/lib/libfontmanager.so
7f737aa48000-7f737aa4a000 r--p 000bc000 08:01 790477                     /usr/lib/jvm/jdk-12.0.1/lib/libfontmanager.so
7f737aa4a000-7f737aa4b000 rw-p 000be000 08:01 790477                     /usr/lib/jvm/jdk-12.0.1/lib/libfontmanager.so
7f737aa4b000-7f737aa4c000 rw-p 00000000 00:00 0 
7f737aa4c000-7f737aa4e000 r-xp 00000000 08:01 1708956                    /home/kiit/1905243/cnProject/CN-p2p-file-sharing/libnative.so
7f737aa4e000-7f737ac4d000 ---p 00002000 08:01 1708956                    /home/kiit/1905243/cnProject/CN-p2p-file-sharing/libnative.so
7f737ac4d000-7f737ac4e000 r--p 00001000 08:01 1708956                    /home/kiit/1905243/cnProject/CN-p2p-file-sharing/libnative.so
7f737ac4e000-7f737ac4f000 rw-p 00002000 08:01 1708956                    /home/kiit/1905243/cnProject/CN-p2p-file-sharing/libnative.so
7f737ac4f000-7f737ac62000 r-xp 00000000 08:01 136819                     /lib/x86_64-linux-gnu/libbsd.so.0.8.7
7f737ac62000-7f737ae61000 ---p 00013000 08:01 136819                     /lib/x86_64-linux-gnu/libbsd.so.0.8.7
7f737ae61000-7f737ae62000 r--p 00012000 08:01 136819                     /lib/x86_64-linux-gnu/libbsd.so.0.8.7
7f737ae62000-7f737ae63000 rw-p 00013000 08:01 136819                     /lib/x86_64-linux-gnu/libbsd.so.0.8.7
7f737ae63000-7f737ae64000 rw-p 00000000 00:00 0 
7f737ae64000-7f737ae69000 r-xp 00000000 08:01 1845460                    /usr/lib/x86_64-linux-gnu/libXdmcp.so.6.0.0
7f737ae69000-7f737b068000 ---p 00005000 08:01 1845460                    /usr/lib/x86_64-linux-gnu/libXdmcp.so.6.0.0
7f737b068000-7f737b069000 r--p 00004000 08:01 1845460                    /usr/lib/x86_64-linux-gnu/libXdmcp.so.6.0.0
7f737b069000-7f737b06a000 rw-p 00005000 08:01 1845460                    /usr/lib/x86_64-linux-gnu/libXdmcp.so.6.0.0
7f737b06a000-7f737b06c000 r-xp 00000000 08:01 1855880                    /usr/lib/x86_64-linux-gnu/libXau.so.6.0.0
7f737b06c000-7f737b26c000 ---p 00002000 08:01 1855880                    /usr/lib/x86_64-linux-gnu/libXau.so.6.0.0
7f737b26c000-7f737b26d000 r--p 00002000 08:01 1855880                    /usr/lib/x86_64-linux-gnu/libXau.so.6.0.0
7f737b26d000-7f737b26e000 rw-p 00003000 08:01 1855880                    /usr/lib/x86_64-linux-gnu/libXau.so.6.0.0
7f737b26e000-7f737b294000 r-xp 00000000 08:01 1845448                    /usr/lib/x86_64-linux-gnu/libxcb.so.1.1.0
7f737b294000-7f737b494000 ---p 00026000 08:01 1845448                    /usr/lib/x86_64-linux-gnu/libxcb.so.1.1.0
7f737b494000-7f737b495000 r--p 00026000 08:01 1845448                    /usr/lib/x86_64-linux-gnu/libxcb.so.1.1.0
7f737b495000-7f737b496000 rw-p 00027000 08:01 1845448                    /usr/lib/x86_64-linux-gnu/libxcb.so.1.1.0
7f737b496000-7f737b4a5000 r-xp 00000000 08:01 1845470                    /usr/lib/x86_64-linux-gnu/libXi.so.6.1.0
7f737b4a5000-7f737b6a4000 ---p 0000f000 08:01 1845470                    /usr/lib/x86_64-linux-gnu/libXi.so.6.1.0
7f737b6a4000-7f737b6a5000 r--p 0000e000 08:01 1845470                    /usr/lib/x86_64-linux-gnu/libXi.so.6.1.0
7f737b6a5000-7f737b6a6000 rw-p 0000f000 08:01 1845470                    /usr/lib/x86_64-linux-gnu/libXi.so.6.1.0
7f737b6a6000-7f737b6ab000 r-xp 00000000 08:01 1845488                    /usr/lib/x86_64-linux-gnu/libXtst.so.6.1.0
7f737b6ab000-7f737b8aa000 ---p 00005000 08:01 1845488                    /usr/lib/x86_64-linux-gnu/libXtst.so.6.1.0
7f737b8aa000-7f737b8ab000 r--p 00004000 08:01 1845488                    /usr/lib/x86_64-linux-gnu/libXtst.so.6.1.0
7f737b8ab000-7f737b8ac000 rw-p 00005000 08:01 1845488                    /usr/lib/x86_64-linux-gnu/libXtst.so.6.1.0
7f737b8ac000-7f737b8b5000 r-xp 00000000 08:01 1845482                    /usr/lib/x86_64-linux-gnu/libXrender.so.1.3.0
7f737b8b5000-7f737bab4000 ---p 00009000 08:01 1845482                    /usr/lib/x86_64-linux-gnu/libXrender.so.1.3.0
7f737bab4000-7f737bab5000 r--p 00008000 08:01 1845482                    /usr/lib/x86_64-linux-gnu/libXrender.so.1.3.0
7f737bab5000-7f737bab6000 rw-p 00009000 08:01 1845482                    /usr/lib/x86_64-linux-gnu/libXrender.so.1.3.0
7f737bab6000-7f737bbe9000 r-xp 00000000 08:01 1846661                    /usr/lib/x86_64-linux-gnu/libX11.so.6.3.0
7f737bbe9000-7f737bde9000 ---p 00133000 08:01 1846661                    /usr/lib/x86_64-linux-gnu/libX11.so.6.3.0
7f737bde9000-7f737bdea000 r--p 00133000 08:01 1846661                    /usr/lib/x86_64-linux-gnu/libX11.so.6.3.0
7f737bdea000-7f737bdee000 rw-p 00134000 08:01 1846661                    /usr/lib/x86_64-linux-gnu/libX11.so.6.3.0
7f737bdee000-7f737bdff000 r-xp 00000000 08:01 1845462                    /usr/lib/x86_64-linux-gnu/libXext.so.6.4.0
7f737bdff000-7f737bffe000 ---p 00011000 08:01 1845462                    /usr/lib/x86_64-linux-gnu/libXext.so.6.4.0
7f737bffe000-7f737bfff000 r--p 00010000 08:01 1845462                    /usr/lib/x86_64-linux-gnu/libXext.so.6.4.0
7f737bfff000-7f737c000000 rw-p 00011000 08:01 1845462                    /usr/lib/x86_64-linux-gnu/libXext.so.6.4.0
7f737c000000-7f737c3a6000 rw-p 00000000 00:00 0 
7f737c3a6000-7f7380000000 ---p 00000000 00:00 0 
7f7380000000-7f7380021000 rw-p 00000000 00:00 0 
7f7380021000-7f7384000000 ---p 00000000 00:00 0 
7f7384000000-7f7384021000 rw-p 00000000 00:00 0 
7f7384021000-7f7388000000 ---p 00000000 00:00 0 
7f7388000000-7f73886ed000 rw-p 00000000 00:00 0 
7f73886ed000-7f738c000000 ---p 00000000 00:00 0 
7f738c000000-7f738c021000 rw-p 00000000 00:00 0 
7f738c021000-7f7390000000 ---p 00000000 00:00 0 
7f7390000000-7f7390021000 rw-p 00000000 00:00 0 
7f7390021000-7f7394000000 ---p 00000000 00:00 0 
7f7394000000-7f7394021000 rw-p 00000000 00:00 0 
7f7394021000-7f7398000000 ---p 00000000 00:00 0 
7f7398017000-7f7398075000 r-xp 00000000 08:01 790494                     /usr/lib/jvm/jdk-12.0.1/lib/libawt_xawt.so
7f7398075000-7f7398274000 ---p 0005e000 08:01 790494                     /usr/lib/jvm/jdk-12.0.1/lib/libawt_xawt.so
7f7398274000-7f7398275000 r--p 0005d000 08:01 790494                     /usr/lib/jvm/jdk-12.0.1/lib/libawt_xawt.so
7f7398275000-7f7398278000 rw-p 0005e000 08:01 790494                     /usr/lib/jvm/jdk-12.0.1/lib/libawt_xawt.so
7f7398278000-7f739827a000 rw-p 00000000 00:00 0 
7f739827a000-7f739831a000 r-xp 00000000 08:01 790495                     /usr/lib/jvm/jdk-12.0.1/lib/libawt.so
7f739831a000-7f739851a000 ---p 000a0000 08:01 790495                     /usr/lib/jvm/jdk-12.0.1/lib/libawt.so
7f739851a000-7f739851b000 r--p 000a0000 08:01 790495                     /usr/lib/jvm/jdk-12.0.1/lib/libawt.so
7f739851b000-7f7398526000 rw-p 000a1000 08:01 790495                     /usr/lib/jvm/jdk-12.0.1/lib/libawt.so
7f7398526000-7f739854b000 rw-p 00000000 00:00 0 
7f739854b000-7f7398561000 r-xp 00000000 08:01 796432                     /usr/lib/jvm/jdk-12.0.1/lib/libnet.so
7f7398561000-7f7398761000 ---p 00016000 08:01 796432                     /usr/lib/jvm/jdk-12.0.1/lib/libnet.so
7f7398761000-7f7398762000 r--p 00016000 08:01 796432                     /usr/lib/jvm/jdk-12.0.1/lib/libnet.so
7f7398762000-7f7398763000 rw-p 00017000 08:01 796432                     /usr/lib/jvm/jdk-12.0.1/lib/libnet.so
7f7398763000-7f7398774000 r-xp 00000000 08:01 796429                     /usr/lib/jvm/jdk-12.0.1/lib/libnio.so
7f7398774000-7f7398973000 ---p 00011000 08:01 796429                     /usr/lib/jvm/jdk-12.0.1/lib/libnio.so
7f7398973000-7f7398974000 r--p 00010000 08:01 796429                     /usr/lib/jvm/jdk-12.0.1/lib/libnio.so
7f7398974000-7f7398975000 rw-p 00011000 08:01 796429                     /usr/lib/jvm/jdk-12.0.1/lib/libnio.so
7f7398975000-7f7398979000 ---p 00000000 00:00 0 
7f7398979000-7f7398a76000 rw-p 00000000 00:00 0 
7f7398a76000-7f7398a77000 ---p 00000000 00:00 0 
7f7398a77000-7f7398b78000 rw-p 00000000 00:00 0 
7f7398b78000-7f7398de8000 rwxp 00000000 00:00 0 
7f7398de8000-7f7399107000 ---p 00000000 00:00 0 
7f7399107000-7f7399377000 rwxp 00000000 00:00 0 
7f7399377000-7f73a063f000 ---p 00000000 00:00 0 
7f73a063f000-7f73a08af000 rwxp 00000000 00:00 0 
7f73a08af000-7f73a7b78000 ---p 00000000 00:00 0 
7f73a7b78000-7f73b0000000 r--s 00000000 08:01 790479                     /usr/lib/jvm/jdk-12.0.1/lib/modules
7f73b0000000-7f73b034f000 rw-p 00000000 00:00 0 
7f73b034f000-7f73b4000000 ---p 00000000 00:00 0 
7f73b4035000-7f73b4062000 r--p 00000000 08:01 264999                     /usr/share/glib-2.0/schemas/gschemas.compiled
7f73b4062000-7f73b4066000 ---p 00000000 00:00 0 
7f73b4066000-7f73b4163000 rw-p 00000000 00:00 0 
7f73b4163000-7f73b4167000 ---p 00000000 00:00 0 
7f73b4167000-7f73b4264000 rw-p 00000000 00:00 0 
7f73b4264000-7f73b4268000 ---p 00000000 00:00 0 
7f73b4268000-7f73b4365000 rw-p 00000000 00:00 0 
7f73b4365000-7f73b4369000 ---p 00000000 00:00 0 
7f73b4369000-7f73b4466000 rw-p 00000000 00:00 0 
7f73b4466000-7f73b446a000 ---p 00000000 00:00 0 
7f73b446a000-7f73b4567000 rw-p 00000000 00:00 0 
7f73b4567000-7f73b4f36000 r--p 00000000 08:01 1841870                    /usr/lib/locale/locale-archive
7f73b4f36000-7f73b4f3a000 ---p 00000000 00:00 0 
7f73b4f3a000-7f73b5037000 rw-p 00000000 00:00 0 
7f73b5037000-7f73b503b000 ---p 00000000 00:00 0 
7f73b503b000-7f73b5138000 rw-p 00000000 00:00 0 
7f73b5138000-7f73b5139000 ---p 00000000 00:00 0 
7f73b5139000-7f73b5b2b000 rw-p 00000000 00:00 0 
7f73b5b2b000-7f73b5c60000 ---p 00000000 00:00 0 
7f73b5c60000-7f73b5c6b000 rw-p 00000000 00:00 0 
7f73b5c6b000-7f73b5d04000 ---p 00000000 00:00 0 
7f73b5d04000-7f73b5d1a000 rw-p 00000000 00:00 0 
7f73b5d1a000-7f73b5e4e000 ---p 00000000 00:00 0 
7f73b5e4e000-7f73b5e54000 rw-p 00000000 00:00 0 
7f73b5e54000-7f73b5f3a000 ---p 00000000 00:00 0 
7f73b5f3a000-7f73b5f3f000 rw-p 00000000 00:00 0 
7f73b5f3f000-7f73b6025000 ---p 00000000 00:00 0 
7f73b6025000-7f73b6040000 r-xp 00000000 08:01 790509                     /usr/lib/jvm/jdk-12.0.1/lib/libjimage.so
7f73b6040000-7f73b623f000 ---p 0001b000 08:01 790509                     /usr/lib/jvm/jdk-12.0.1/lib/libjimage.so
7f73b623f000-7f73b6241000 r--p 0001a000 08:01 790509                     /usr/lib/jvm/jdk-12.0.1/lib/libjimage.so
7f73b6241000-7f73b6242000 rw-p 0001c000 08:01 790509                     /usr/lib/jvm/jdk-12.0.1/lib/libjimage.so
7f73b6242000-7f73b6249000 r-xp 00000000 08:01 790511                     /usr/lib/jvm/jdk-12.0.1/lib/libzip.so
7f73b6249000-7f73b6448000 ---p 00007000 08:01 790511                     /usr/lib/jvm/jdk-12.0.1/lib/libzip.so
7f73b6448000-7f73b6449000 r--p 00006000 08:01 790511                     /usr/lib/jvm/jdk-12.0.1/lib/libzip.so
7f73b6449000-7f73b644a000 rw-p 00007000 08:01 790511                     /usr/lib/jvm/jdk-12.0.1/lib/libzip.so
7f73b644a000-7f73b6455000 r-xp 00000000 08:01 137052                     /lib/x86_64-linux-gnu/libnss_files-2.27.so
7f73b6455000-7f73b6654000 ---p 0000b000 08:01 137052                     /lib/x86_64-linux-gnu/libnss_files-2.27.so
7f73b6654000-7f73b6655000 r--p 0000a000 08:01 137052                     /lib/x86_64-linux-gnu/libnss_files-2.27.so
7f73b6655000-7f73b6656000 rw-p 0000b000 08:01 137052                     /lib/x86_64-linux-gnu/libnss_files-2.27.so
7f73b6656000-7f73b665c000 rw-p 00000000 00:00 0 
7f73b665c000-7f73b6673000 r-xp 00000000 08:01 137046                     /lib/x86_64-linux-gnu/libnsl-2.27.so
7f73b6673000-7f73b6872000 ---p 00017000 08:01 137046                     /lib/x86_64-linux-gnu/libnsl-2.27.so
7f73b6872000-7f73b6873000 r--p 00016000 08:01 137046                     /lib/x86_64-linux-gnu/libnsl-2.27.so
7f73b6873000-7f73b6874000 rw-p 00017000 08:01 137046                     /lib/x86_64-linux-gnu/libnsl-2.27.so
7f73b6874000-7f73b6876000 rw-p 00000000 00:00 0 
7f73b6876000-7f73b6881000 r-xp 00000000 08:01 137063                     /lib/x86_64-linux-gnu/libnss_nis-2.27.so
7f73b6881000-7f73b6a80000 ---p 0000b000 08:01 137063                     /lib/x86_64-linux-gnu/libnss_nis-2.27.so
7f73b6a80000-7f73b6a81000 r--p 0000a000 08:01 137063                     /lib/x86_64-linux-gnu/libnss_nis-2.27.so
7f73b6a81000-7f73b6a82000 rw-p 0000b000 08:01 137063                     /lib/x86_64-linux-gnu/libnss_nis-2.27.so
7f73b6a82000-7f73b6a8a000 r-xp 00000000 08:01 137048                     /lib/x86_64-linux-gnu/libnss_compat-2.27.so
7f73b6a8a000-7f73b6c8a000 ---p 00008000 08:01 137048                     /lib/x86_64-linux-gnu/libnss_compat-2.27.so
7f73b6c8a000-7f73b6c8b000 r--p 00008000 08:01 137048                     /lib/x86_64-linux-gnu/libnss_compat-2.27.so
7f73b6c8b000-7f73b6c8c000 rw-p 00009000 08:01 137048                     /lib/x86_64-linux-gnu/libnss_compat-2.27.so
7f73b6c8c000-7f73b6cb4000 r-xp 00000000 08:01 790481                     /usr/lib/jvm/jdk-12.0.1/lib/libjava.so
7f73b6cb4000-7f73b6eb3000 ---p 00028000 08:01 790481                     /usr/lib/jvm/jdk-12.0.1/lib/libjava.so
7f73b6eb3000-7f73b6eb4000 r--p 00027000 08:01 790481                     /usr/lib/jvm/jdk-12.0.1/lib/libjava.so
7f73b6eb4000-7f73b6eb6000 rw-p 00028000 08:01 790481                     /usr/lib/jvm/jdk-12.0.1/lib/libjava.so
7f73b6eb6000-7f73b6ec3000 r-xp 00000000 08:01 796437                     /usr/lib/jvm/jdk-12.0.1/lib/libverify.so
7f73b6ec3000-7f73b70c2000 ---p 0000d000 08:01 796437                     /usr/lib/jvm/jdk-12.0.1/lib/libverify.so
7f73b70c2000-7f73b70c4000 r--p 0000c000 08:01 796437                     /usr/lib/jvm/jdk-12.0.1/lib/libverify.so
7f73b70c4000-7f73b70c5000 rw-p 0000e000 08:01 796437                     /usr/lib/jvm/jdk-12.0.1/lib/libverify.so
7f73b70c5000-7f73b70cc000 r-xp 00000000 08:01 137103                     /lib/x86_64-linux-gnu/librt-2.27.so
7f73b70cc000-7f73b72cb000 ---p 00007000 08:01 137103                     /lib/x86_64-linux-gnu/librt-2.27.so
7f73b72cb000-7f73b72cc000 r--p 00006000 08:01 137103                     /lib/x86_64-linux-gnu/librt-2.27.so
7f73b72cc000-7f73b72cd000 rw-p 00007000 08:01 137103                     /lib/x86_64-linux-gnu/librt-2.27.so
7f73b72cd000-7f73b746a000 r-xp 00000000 08:01 137025                     /lib/x86_64-linux-gnu/libm-2.27.so
7f73b746a000-7f73b7669000 ---p 0019d000 08:01 137025                     /lib/x86_64-linux-gnu/libm-2.27.so
7f73b7669000-7f73b766a000 r--p 0019c000 08:01 137025                     /lib/x86_64-linux-gnu/libm-2.27.so
7f73b766a000-7f73b766b000 rw-p 0019d000 08:01 137025                     /lib/x86_64-linux-gnu/libm-2.27.so
7f73b766b000-7f73b87cf000 r-xp 00000000 08:01 937605                     /usr/lib/jvm/jdk-12.0.1/lib/server/libjvm.so
7f73b87cf000-7f73b89cf000 ---p 01164000 08:01 937605                     /usr/lib/jvm/jdk-12.0.1/lib/server/libjvm.so
7f73b89cf000-7f73b8a90000 r--p 01164000 08:01 937605                     /usr/lib/jvm/jdk-12.0.1/lib/server/libjvm.so
7f73b8a90000-7f73b8ac9000 rw-p 01225000 08:01 937605                     /usr/lib/jvm/jdk-12.0.1/lib/server/libjvm.so
7f73b8ac9000-7f73b8b4c000 rw-p 00000000 00:00 0 
7f73b8b4c000-7f73b8d33000 r-xp 00000000 08:01 136962                     /lib/x86_64-linux-gnu/libc-2.27.so
7f73b8d33000-7f73b8f33000 ---p 001e7000 08:01 136962                     /lib/x86_64-linux-gnu/libc-2.27.so
7f73b8f33000-7f73b8f37000 r--p 001e7000 08:01 136962                     /lib/x86_64-linux-gnu/libc-2.27.so
7f73b8f37000-7f73b8f39000 rw-p 001eb000 08:01 136962                     /lib/x86_64-linux-gnu/libc-2.27.so
7f73b8f39000-7f73b8f3d000 rw-p 00000000 00:00 0 
7f73b8f3d000-7f73b8f40000 r-xp 00000000 08:01 136985                     /lib/x86_64-linux-gnu/libdl-2.27.so
7f73b8f40000-7f73b913f000 ---p 00003000 08:01 136985                     /lib/x86_64-linux-gnu/libdl-2.27.so
7f73b913f000-7f73b9140000 r--p 00002000 08:01 136985                     /lib/x86_64-linux-gnu/libdl-2.27.so
7f73b9140000-7f73b9141000 rw-p 00003000 08:01 136985                     /lib/x86_64-linux-gnu/libdl-2.27.so
7f73b9141000-7f73b915b000 r-xp 00000000 08:01 137095                     /lib/x86_64-linux-gnu/libpthread-2.27.so
7f73b915b000-7f73b935a000 ---p 0001a000 08:01 137095                     /lib/x86_64-linux-gnu/libpthread-2.27.so
7f73b935a000-7f73b935b000 r--p 00019000 08:01 137095                     /lib/x86_64-linux-gnu/libpthread-2.27.so
7f73b935b000-7f73b935c000 rw-p 0001a000 08:01 137095                     /lib/x86_64-linux-gnu/libpthread-2.27.so
7f73b935c000-7f73b9360000 rw-p 00000000 00:00 0 
7f73b9360000-7f73b9370000 r-xp 00000000 08:01 790513                     /usr/lib/jvm/jdk-12.0.1/lib/libjli.so
7f73b9370000-7f73b956f000 ---p 00010000 08:01 790513                     /usr/lib/jvm/jdk-12.0.1/lib/libjli.so
7f73b956f000-7f73b9570000 r--p 0000f000 08:01 790513                     /usr/lib/jvm/jdk-12.0.1/lib/libjli.so
7f73b9570000-7f73b9571000 rw-p 00010000 08:01 790513                     /usr/lib/jvm/jdk-12.0.1/lib/libjli.so
7f73b9571000-7f73b958d000 r-xp 00000000 08:01 137134                     /lib/x86_64-linux-gnu/libz.so.1.2.11
7f73b958d000-7f73b978c000 ---p 0001c000 08:01 137134                     /lib/x86_64-linux-gnu/libz.so.1.2.11
7f73b978c000-7f73b978d000 r--p 0001b000 08:01 137134                     /lib/x86_64-linux-gnu/libz.so.1.2.11
7f73b978d000-7f73b978e000 rw-p 0001c000 08:01 137134                     /lib/x86_64-linux-gnu/libz.so.1.2.11
7f73b978e000-7f73b97b5000 r-xp 00000000 08:01 136934                     /lib/x86_64-linux-gnu/ld-2.27.so
7f73b97da000-7f73b9893000 rw-p 00000000 00:00 0 
7f73b9893000-7f73b989a000 ---p 00000000 00:00 0 
7f73b989a000-7f73b989e000 ---p 00000000 00:00 0 
7f73b989e000-7f73b999f000 rw-p 00000000 00:00 0 
7f73b99a5000-7f73b99a9000 r--p 00000000 08:01 1584621                    /home/kiit/.config/dconf/user
7f73b99a9000-7f73b99aa000 r--s 00000000 00:2e 36                         /run/user/1000/dconf/user
7f73b99aa000-7f73b99b2000 rw-s 00000000 08:01 790429                     /tmp/hsperfdata_kiit/3725
7f73b99b2000-7f73b99b3000 ---p 00000000 00:00 0 
7f73b99b3000-7f73b99b4000 r--p 00000000 00:00 0 
7f73b99b4000-7f73b99b5000 ---p 00000000 00:00 0 
7f73b99b5000-7f73b99b6000 r--p 00027000 08:01 136934                     /lib/x86_64-linux-gnu/ld-2.27.so
7f73b99b6000-7f73b99b7000 rw-p 00028000 08:01 136934                     /lib/x86_64-linux-gnu/ld-2.27.so
7f73b99b7000-7f73b99b8000 rw-p 00000000 00:00 0 
7ffda4101000-7ffda4122000 rw-p 00000000 00:00 0                          [stack]
7ffda41a0000-7ffda41a3000 r--p 00000000 00:00 0                          [vvar]
7ffda41a3000-7ffda41a5000 r-xp 00000000 00:00 0                          [vdso]
ffffffffff600000-ffffffffff601000 r-xp 00000000 00:00 0                  [vsyscall]


VM Arguments:
jvm_args: -Djava.library.path=. 
java_command: Gui
java_class_path (initial): .
Launcher Type: SUN_STANDARD

[Global flags]
     intx CICompilerCount                          = 2                                         {product} {ergonomic}
   size_t InitialHeapSize                          = 65011712                                  {product} {ergonomic}
   size_t MaxHeapSize                              = 1035993088                                {product} {ergonomic}
   size_t MaxNewSize                               = 345309184                                 {product} {ergonomic}
   size_t MinHeapDeltaBytes                        = 196608                                    {product} {ergonomic}
   size_t NewSize                                  = 21626880                                  {product} {ergonomic}
    uintx NonNMethodCodeHeapSize                   = 5825164                                {pd product} {ergonomic}
    uintx NonProfiledCodeHeapSize                  = 122916538                              {pd product} {ergonomic}
   size_t OldSize                                  = 43384832                                  {product} {ergonomic}
    uintx ProfiledCodeHeapSize                     = 122916538                              {pd product} {ergonomic}
    uintx ReservedCodeCacheSize                    = 251658240                              {pd product} {ergonomic}
     bool SegmentedCodeCache                       = true                                      {product} {ergonomic}
     bool UseCompressedClassPointers               = true                                 {lp64_product} {ergonomic}
     bool UseCompressedOops                        = true                                 {lp64_product} {ergonomic}
     bool UseSerialGC                              = true                                      {product} {ergonomic}

Logging:
Log output configuration:
 #0: stdout all=warning uptime,level,tags
 #1: stderr all=off uptime,level,tags

Environment Variables:
JAVA_HOME=/usr/lib/jvm/jdk-12.0.1
PATH=/usr/local/sbin:/usr/local/bin:/usr/sbin:/usr/bin:/sbin:/bin:/usr/games:/usr/local/games:/snap/bin:/usr/lib/jvm/jdk-12.0.1/bin
USERNAME=kiit
SHELL=/bin/bash
DISPLAY=:0

Signal Handlers:
SIGSEGV: [libjvm.so+0xe45640], sa_mask[0]=11111111011111111101111111111110, sa_flags=SA_RESTART|SA_SIGINFO
SIGBUS: [libjvm.so+0xe45640], sa_mask[0]=11111111011111111101111111111110, sa_flags=SA_RESTART|SA_SIGINFO
SIGFPE: [libjvm.so+0xe45640], sa_mask[0]=11111111011111111101111111111110, sa_flags=SA_RESTART|SA_SIGINFO
SIGPIPE: SIG_IGN, sa_mask[0]=00000000000010000000000000000000, sa_flags=SA_RESTART
SIGXFSZ: [libjvm.so+0xbf4b50], sa_mask[0]=11111111011111111101111111111110, sa_flags=SA_RESTART|SA_SIGINFO
SIGILL: [libjvm.so+0xe45640], sa_mask[0]=11111111011111111101111111111110, sa_flags=SA_RESTART|SA_SIGINFO
SIGUSR2: [libjvm.so+0xbf49f0], sa_mask[0]=00000000000000000000000000000000, sa_flags=SA_RESTART|SA_SIGINFO
SIGHUP: [libjvm.so+0xbf4d50], sa_mask[0]=11111111011111111101111111111110, sa_flags=SA_RESTART|SA_SIGINFO
SIGINT: [libjvm.so+0xbf4d50], sa_mask[0]=11111111011111111101111111111110, sa_flags=SA_RESTART|SA_SIGINFO
SIGTERM: [libjvm.so+0xbf4d50], sa_mask[0]=11111111011111111101111111111110, sa_flags=SA_RESTART|SA_SIGINFO
SIGQUIT: [libjvm.so+0xbf4d50], sa_mask[0]=11111111011111111101111111111110, sa_flags=SA_RESTART|SA_SIGINFO


---------------  S Y S T E M  ---------------

OS:DISTRIB_ID=Ubuntu
DISTRIB_RELEASE=18.04
DISTRIB_CODENAME=bionic
DISTRIB_DESCRIPTION="Ubuntu 18.04.2 LTS"
uname:Linux 4.18.0-25-generic #26~18.04.1-Ubuntu SMP Thu Jun 27 07:28:31 UTC 2019 x86_64
libc:glibc 2.27 NPTL 2.27 
rlimit: STACK 8192k, CORE 0k, NPROC 15535, NOFILE 4096, AS infinity, DATA infinity, FSIZE infinity
load average:0.28 0.71 1.00

/proc/meminfo:
MemTotal:        4039508 kB
MemFree:         1505068 kB
MemAvailable:    2560728 kB
Buffers:           75700 kB
Cached:          1349216 kB
SwapCached:            0 kB
Active:          1336300 kB
Inactive:        1004364 kB
Active(anon):     916760 kB
Inactive(anon):   193892 kB
Active(file):     419540 kB
Inactive(file):   810472 kB
Unevictable:          32 kB
Mlocked:              32 kB
SwapTotal:       1471128 kB
SwapFree:        1471128 kB
Dirty:               204 kB
Writeback:             0 kB
AnonPages:        915824 kB
Mapped:           425796 kB
Shmem:            194832 kB
Slab:              90580 kB
SReclaimable:      56960 kB
SUnreclaim:        33620 kB
KernelStack:        7168 kB
PageTables:        32876 kB
NFS_Unstable:          0 kB
Bounce:                0 kB
WritebackTmp:          0 kB
CommitLimit:     3490880 kB
Committed_AS:    3992400 kB
VmallocTotal:   34359738367 kB
VmallocUsed:           0 kB
VmallocChunk:          0 kB
HardwareCorrupted:     0 kB
AnonHugePages:         0 kB
ShmemHugePages:        0 kB
ShmemPmdMapped:        0 kB
CmaTotal:              0 kB
CmaFree:               0 kB
HugePages_Total:       0
HugePages_Free:        0
HugePages_Rsvd:        0
HugePages_Surp:        0
Hugepagesize:       2048 kB
Hugetlb:               0 kB
DirectMap4k:      118720 kB
DirectMap2M:     4075520 kB


/proc/sys/kernel/threads-max (system-wide limit on the number of threads):
31070


/proc/sys/vm/max_map_count (maximum number of memory map areas a process may have):
65530


/proc/sys/kernel/pid_max (system-wide limit on number of process identifiers):
32768



container (cgroup) information:
container_type: cgroupv1
cpu_cpuset_cpus: 0
cpu_memory_nodes: 0
active_processor_count: 1
cpu_quota: -1
cpu_period: 100000
cpu_shares: -1
memory_limit_in_bytes: -1
memory_and_swap_limit_in_bytes: -2
memory_soft_limit_in_bytes: -1
memory_usage_in_bytes: 2396831744
memory_max_usage_in_bytes: 0


CPU:total 1 (initial active 1) (1 cores per cpu, 1 threads per core) family 6 model 142 stepping 10, cmov, cx8, fxsr, mmx, sse, sse2, sse3, ssse3, sse4.1, sse4.2, popcnt, avx, avx2, aes, clmul, 3dnowpref, lzcnt, tsc, tscinvbit
CPU Model and flags from /proc/cpuinfo:
model name	: Intel(R) Core(TM) i5-8250U CPU @ 1.60GHz
flags		: fpu vme de pse tsc msr pae mce cx8 apic sep mtrr pge mca cmov pat pse36 clflush mmx fxsr sse sse2 ht syscall nx rdtscp lm constant_tsc rep_good nopl xtopology nonstop_tsc cpuid tsc_known_freq pni pclmulqdq monitor ssse3 cx16 pcid sse4_1 sse4_2 x2apic movbe popcnt aes xsave avx rdrand hypervisor lahf_lm abm 3dnowprefetch invpcid_single pti fsgsbase avx2 invpcid rdseed clflushopt md_clear flush_l1d

Memory: 4k page, physical 4039508k(1505068k free), swap 1471128k(1471128k free)

vm_info: Java HotSpot(TM) 64-Bit Server VM (12.0.1+12) for linux-amd64 JRE (12.0.1+12), built on Apr  1 2019 23:46:14 by "mach5one" with gcc 7.3.0

END.
