#
# A fatal error has been detected by the Java Runtime Environment:
#
#  SIGSEGV (0xb) at pc=0x00007f3b5b897711, pid=2293, tid=2312
#
# JRE version: Java(TM) SE Runtime Environment (12.0.2+10) (build 12.0.2+10)
# Java VM: Java HotSpot(TM) 64-Bit Server VM (12.0.2+10, mixed mode, sharing, tiered, compressed oops, serial gc, linux-amd64)
# Problematic frame:
# V  [libjvm.so+0x552711]  AccessInternal::PostRuntimeDispatch<CardTableBarrierSet::AccessBarrier<1097844ul, CardTableBarrierSet>, (AccessInternal::BarrierType)2, 1097844ul>::oop_access_barrier(void*)+0x1
#
# Core dump will be written. Default location: Core dumps may be processed with "/usr/share/apport/apport %p %s %c %d %P %E" (or dumping to /home/virtualpanda/1905228/p2p/core.2293)
#
# If you would like to submit a bug report, please visit:
#   http://bugreport.java.com/bugreport/crash.jsp
#

---------------  S U M M A R Y ------------

Command Line: -Djava.library.path=. Gui

Host: Intel(R) Core(TM) i5-8250U CPU @ 1.60GHz, 1 cores, 3G, Ubuntu 20.04.3 LTS
Time: Wed Jan 12 19:39:43 2022 IST elapsed time: 20 seconds (0d 0h 0m 20s)

---------------  T H R E A D  ---------------

Current thread (0x00007f3b38005800):  JavaThread "AWT-EventQueue-0" [_thread_in_vm, id=2312, stack(0x00007f3b1d7a9000,0x00007f3b1d8aa000)]

Stack: [0x00007f3b1d7a9000,0x00007f3b1d8aa000],  sp=0x00007f3b1d8a7840,  free space=1018k
Native frames: (J=compiled Java code, A=aot compiled Java code, j=interpreted, Vv=VM code, C=native code)
V  [libjvm.so+0x552711]  AccessInternal::PostRuntimeDispatch<CardTableBarrierSet::AccessBarrier<1097844ul, CardTableBarrierSet>, (AccessInternal::BarrierType)2, 1097844ul>::oop_access_barrier(void*)+0x1
C  [libnative.so+0x149e]  Java_Gui_Auth+0xb3
j  Gui.Auth(Ljava/lang/String;Ljava/lang/String;I)Ljava/lang/String;+0
j  Gui.actionPerformed(Ljava/awt/event/ActionEvent;)V+18
j  javax.swing.AbstractButton.fireActionPerformed(Ljava/awt/event/ActionEvent;)V+83 java.desktop@12.0.2
j  javax.swing.AbstractButton$Handler.actionPerformed(Ljava/awt/event/ActionEvent;)V+5 java.desktop@12.0.2
j  javax.swing.DefaultButtonModel.fireActionPerformed(Ljava/awt/event/ActionEvent;)V+34 java.desktop@12.0.2
j  javax.swing.DefaultButtonModel.setPressed(Z)V+117 java.desktop@12.0.2
j  javax.swing.plaf.basic.BasicButtonListener.mouseReleased(Ljava/awt/event/MouseEvent;)V+35 java.desktop@12.0.2
j  java.awt.Component.processMouseEvent(Ljava/awt/event/MouseEvent;)V+64 java.desktop@12.0.2
j  javax.swing.JComponent.processMouseEvent(Ljava/awt/event/MouseEvent;)V+23 java.desktop@12.0.2
j  java.awt.Component.processEvent(Ljava/awt/AWTEvent;)V+81 java.desktop@12.0.2
j  java.awt.Container.processEvent(Ljava/awt/AWTEvent;)V+18 java.desktop@12.0.2
j  java.awt.Component.dispatchEventImpl(Ljava/awt/AWTEvent;)V+496 java.desktop@12.0.2
J 1060 c1 java.awt.Container.dispatchEventImpl(Ljava/awt/AWTEvent;)V java.desktop@12.0.2 (129 bytes) @ 0x00007f3b3d2b83bc [0x00007f3b3d2b8260+0x000000000000015c]
J 1058 c1 java.awt.Component.dispatchEvent(Ljava/awt/AWTEvent;)V java.desktop@12.0.2 (6 bytes) @ 0x00007f3b3d2b7a64 [0x00007f3b3d2b7940+0x0000000000000124]
j  java.awt.LightweightDispatcher.retargetMouseEvent(Ljava/awt/Component;ILjava/awt/event/MouseEvent;)V+349 java.desktop@12.0.2
j  java.awt.LightweightDispatcher.processMouseEvent(Ljava/awt/event/MouseEvent;)Z+155 java.desktop@12.0.2
j  java.awt.LightweightDispatcher.dispatchEvent(Ljava/awt/AWTEvent;)Z+50 java.desktop@12.0.2
J 1060 c1 java.awt.Container.dispatchEventImpl(Ljava/awt/AWTEvent;)V java.desktop@12.0.2 (129 bytes) @ 0x00007f3b3d2b835c [0x00007f3b3d2b8260+0x00000000000000fc]
j  java.awt.Window.dispatchEventImpl(Ljava/awt/AWTEvent;)V+19 java.desktop@12.0.2
J 1095 c1 java.awt.EventQueue.dispatchEventImpl(Ljava/awt/AWTEvent;Ljava/lang/Object;)V java.desktop@12.0.2 (136 bytes) @ 0x00007f3b3d2ea344 [0x00007f3b3d2e9e20+0x0000000000000524]
j  java.awt.EventQueue$4.run()Ljava/lang/Void;+32 java.desktop@12.0.2
j  java.awt.EventQueue$4.run()Ljava/lang/Object;+1 java.desktop@12.0.2
J 1046 c1 java.security.ProtectionDomain$JavaSecurityAccessImpl.doIntersectionPrivilege(Ljava/security/PrivilegedAction;Ljava/security/AccessControlContext;Ljava/security/AccessControlContext;)Ljava/lang/Object; java.base@12.0.2 (22 bytes) @ 0x00007f3b3d2b316c [0x00007f3b3d2b2c80+0x00000000000004ec]
J 1094 c1 java.awt.EventQueue.dispatchEvent(Ljava/awt/AWTEvent;)V java.desktop@12.0.2 (80 bytes) @ 0x00007f3b3d2e8a64 [0x00007f3b3d2e7ae0+0x0000000000000f84]
j  java.awt.EventDispatchThread.pumpOneEventForFilters(I)V+78 java.desktop@12.0.2
j  java.awt.EventDispatchThread.pumpEventsForFilter(ILjava/awt/Conditional;Ljava/awt/EventFilter;)V+35 java.desktop@12.0.2
j  java.awt.EventDispatchThread.pumpEventsForHierarchy(ILjava/awt/Conditional;Ljava/awt/Component;)V+11 java.desktop@12.0.2
j  java.awt.EventDispatchThread.pumpEvents(ILjava/awt/Conditional;)V+4 java.desktop@12.0.2
j  java.awt.EventDispatchThread.pumpEvents(Ljava/awt/Conditional;)V+3 java.desktop@12.0.2
j  java.awt.EventDispatchThread.run()V+9 java.desktop@12.0.2
v  ~StubRoutines::call_stub
V  [libjvm.so+0x86ec99]  JavaCalls::call_helper(JavaValue*, methodHandle const&, JavaCallArguments*, Thread*)+0x3c9
V  [libjvm.so+0x86cc2d]  JavaCalls::call_virtual(JavaValue*, Handle, Klass*, Symbol*, Symbol*, Thread*)+0x1ed
V  [libjvm.so+0x91a29c]  thread_entry(JavaThread*, Thread*)+0x6c
V  [libjvm.so+0xdd3d0f]  JavaThread::thread_main_inner()+0x22f
V  [libjvm.so+0xdd0b8f]  Thread::call_run()+0x16f
V  [libjvm.so+0xbfdc6e]  thread_native_entry(Thread*)+0xee

Java frames: (J=compiled Java code, j=interpreted, Vv=VM code)
j  Gui.Auth(Ljava/lang/String;Ljava/lang/String;I)Ljava/lang/String;+0
j  Gui.actionPerformed(Ljava/awt/event/ActionEvent;)V+18
j  javax.swing.AbstractButton.fireActionPerformed(Ljava/awt/event/ActionEvent;)V+83 java.desktop@12.0.2
j  javax.swing.AbstractButton$Handler.actionPerformed(Ljava/awt/event/ActionEvent;)V+5 java.desktop@12.0.2
j  javax.swing.DefaultButtonModel.fireActionPerformed(Ljava/awt/event/ActionEvent;)V+34 java.desktop@12.0.2
j  javax.swing.DefaultButtonModel.setPressed(Z)V+117 java.desktop@12.0.2
j  javax.swing.plaf.basic.BasicButtonListener.mouseReleased(Ljava/awt/event/MouseEvent;)V+35 java.desktop@12.0.2
j  java.awt.Component.processMouseEvent(Ljava/awt/event/MouseEvent;)V+64 java.desktop@12.0.2
j  javax.swing.JComponent.processMouseEvent(Ljava/awt/event/MouseEvent;)V+23 java.desktop@12.0.2
j  java.awt.Component.processEvent(Ljava/awt/AWTEvent;)V+81 java.desktop@12.0.2
j  java.awt.Container.processEvent(Ljava/awt/AWTEvent;)V+18 java.desktop@12.0.2
j  java.awt.Component.dispatchEventImpl(Ljava/awt/AWTEvent;)V+496 java.desktop@12.0.2
J 1060 c1 java.awt.Container.dispatchEventImpl(Ljava/awt/AWTEvent;)V java.desktop@12.0.2 (129 bytes) @ 0x00007f3b3d2b83bc [0x00007f3b3d2b8260+0x000000000000015c]
J 1058 c1 java.awt.Component.dispatchEvent(Ljava/awt/AWTEvent;)V java.desktop@12.0.2 (6 bytes) @ 0x00007f3b3d2b7a64 [0x00007f3b3d2b7940+0x0000000000000124]
j  java.awt.LightweightDispatcher.retargetMouseEvent(Ljava/awt/Component;ILjava/awt/event/MouseEvent;)V+349 java.desktop@12.0.2
j  java.awt.LightweightDispatcher.processMouseEvent(Ljava/awt/event/MouseEvent;)Z+155 java.desktop@12.0.2
j  java.awt.LightweightDispatcher.dispatchEvent(Ljava/awt/AWTEvent;)Z+50 java.desktop@12.0.2
J 1060 c1 java.awt.Container.dispatchEventImpl(Ljava/awt/AWTEvent;)V java.desktop@12.0.2 (129 bytes) @ 0x00007f3b3d2b835c [0x00007f3b3d2b8260+0x00000000000000fc]
j  java.awt.Window.dispatchEventImpl(Ljava/awt/AWTEvent;)V+19 java.desktop@12.0.2
J 1095 c1 java.awt.EventQueue.dispatchEventImpl(Ljava/awt/AWTEvent;Ljava/lang/Object;)V java.desktop@12.0.2 (136 bytes) @ 0x00007f3b3d2ea344 [0x00007f3b3d2e9e20+0x0000000000000524]
j  java.awt.EventQueue$4.run()Ljava/lang/Void;+32 java.desktop@12.0.2
j  java.awt.EventQueue$4.run()Ljava/lang/Object;+1 java.desktop@12.0.2
J 1046 c1 java.security.ProtectionDomain$JavaSecurityAccessImpl.doIntersectionPrivilege(Ljava/security/PrivilegedAction;Ljava/security/AccessControlContext;Ljava/security/AccessControlContext;)Ljava/lang/Object; java.base@12.0.2 (22 bytes) @ 0x00007f3b3d2b316c [0x00007f3b3d2b2c80+0x00000000000004ec]
J 1094 c1 java.awt.EventQueue.dispatchEvent(Ljava/awt/AWTEvent;)V java.desktop@12.0.2 (80 bytes) @ 0x00007f3b3d2e8a64 [0x00007f3b3d2e7ae0+0x0000000000000f84]
j  java.awt.EventDispatchThread.pumpOneEventForFilters(I)V+78 java.desktop@12.0.2
j  java.awt.EventDispatchThread.pumpEventsForFilter(ILjava/awt/Conditional;Ljava/awt/EventFilter;)V+35 java.desktop@12.0.2
j  java.awt.EventDispatchThread.pumpEventsForHierarchy(ILjava/awt/Conditional;Ljava/awt/Component;)V+11 java.desktop@12.0.2
j  java.awt.EventDispatchThread.pumpEvents(ILjava/awt/Conditional;)V+4 java.desktop@12.0.2
j  java.awt.EventDispatchThread.pumpEvents(Ljava/awt/Conditional;)V+3 java.desktop@12.0.2
j  java.awt.EventDispatchThread.run()V+9 java.desktop@12.0.2
v  ~StubRoutines::call_stub

siginfo: si_signo: 11 (SIGSEGV), si_code: 1 (SEGV_MAPERR), si_addr: 0x0000000000000000

Register to memory mapping:

RAX=0x0 is NULL
RBX=0x00007f3b38005800 is a thread
RCX=0x0 is NULL
RDX=0x00007f3b5b7dd310: <offset 0x0000000000498310> in /usr/lib/jvm/jdk-12.0.2/lib/server/libjvm.so at 0x00007f3b5b345000
RSP=0x00007f3b1d8a7840 is pointing into the stack for thread: 0x00007f3b38005800
RBP=0x00007f3b1d8a78d0 is pointing into the stack for thread: 0x00007f3b38005800
RSI=0x0 is NULL
RDI=0x0 is NULL
R8 =0x00007f3b5bc2deb0: <offset 0x00000000008e8eb0> in /usr/lib/jvm/jdk-12.0.2/lib/server/libjvm.so at 0x00007f3b5b345000
R9 =0x0000000000000004 is an unknown value
R10=
[error occurred during error reporting (printing register info), id 0xb, SIGSEGV (0xb) at pc=0x00007f3b5c04027e]

Registers:
RAX=0x0000000000000000, RBX=0x00007f3b38005800, RCX=0x0000000000000000, RDX=0x00007f3b5b7dd310
RSP=0x00007f3b1d8a7840, RBP=0x00007f3b1d8a78d0, RSI=0x0000000000000000, RDI=0x0000000000000000
R8 =0x00007f3b5bc2deb0, R9 =0x0000000000000004, R10=0x00000000c3069403, R11=0x00007f3b5ca12be0
R12=0x0000000000000000, R13=0x00007f3b38005b30, R14=0x0000000000000000, R15=0x00007f3b38005800
RIP=0x00007f3b5b897711, EFLAGS=0x0000000000010246, CSGSFS=0x002b000000000033, ERR=0x0000000000000004
  TRAPNO=0x000000000000000e

Top of Stack: (sp=0x00007f3b1d8a7840)
0x00007f3b1d8a7840:   00007f3b1d8a78d0 00007f3b5bc2e039
0x00007f3b1d8a7850:   00007f3b38005800 0000000000000000
0x00007f3b1d8a7860:   00007f3b00000000 00007f3b5407ddb0
0x00007f3b1d8a7870:   0000000000000000 0000000000000000 

Instructions: (pc=0x00007f3b5b897711)
0x00007f3b5b897611:   fb fe ff ff 0f 1f 00 41 88 46 01 b8 02 00 00 00
0x00007f3b5b897621:   e9 ea fd ff ff 48 c1 e8 1c 83 c9 80 88 42 04 88
0x00007f3b5b897631:   4a 03 b8 05 00 00 00 e9 eb fc ff ff 88 4a 02 b8
0x00007f3b5b897641:   03 00 00 00 e9 de fc ff ff 88 42 02 b8 03 00 00
0x00007f3b5b897651:   00 e9 b9 fe ff ff 41 88 46 02 b8 03 00 00 00 e9
0x00007f3b5b897661:   ab fd ff ff 41 88 46 03 b8 04 00 00 00 e9 9d fd
0x00007f3b5b897671:   ff ff 88 42 03 b8 04 00 00 00 e9 90 fe ff ff 41
0x00007f3b5b897681:   88 46 04 b8 05 00 00 00 e9 82 fd ff ff 88 42 04
0x00007f3b5b897691:   b8 05 00 00 00 e9 75 fe ff ff 41 88 46 05 b8 06
0x00007f3b5b8976a1:   00 00 00 e9 67 fd ff ff 88 42 05 b8 06 00 00 00
0x00007f3b5b8976b1:   e9 5a fe ff ff 83 c8 80 49 c1 ed 38 41 88 46 07
0x00007f3b5b8976c1:   45 88 6e 08 b8 09 00 00 00 e9 41 fd ff ff 83 c8
0x00007f3b5b8976d1:   80 49 c1 ed 38 88 42 07 44 88 6a 08 b8 09 00 00
0x00007f3b5b8976e1:   00 e9 29 fe ff ff 41 88 46 06 b8 07 00 00 00 e9
0x00007f3b5b8976f1:   1b fd ff ff 88 42 06 b8 07 00 00 00 e9 0e fe ff
0x00007f3b5b897701:   ff 66 2e 0f 1f 84 00 00 00 00 00 0f 1f 40 00 55
0x00007f3b5b897711:   48 8b 07 48 89 e5 5d c3 0f 1f 80 00 00 00 00 55
0x00007f3b5b897721:   48 8b 07 48 89 e5 5d c3 0f 1f 80 00 00 00 00 55
0x00007f3b5b897731:   48 8b 07 48 89 e5 5d c3 0f 1f 80 00 00 00 00 55
0x00007f3b5b897741:   48 8b 07 48 89 e5 5d c3 0f 1f 80 00 00 00 00 55
0x00007f3b5b897751:   48 8b 07 48 89 e5 5d c3 0f 1f 80 00 00 00 00 55
0x00007f3b5b897761:   48 8b 07 48 89 e5 5d c3 0f 1f 80 00 00 00 00 55
0x00007f3b5b897771:   48 8b 07 48 89 e5 5d c3 0f 1f 80 00 00 00 00 55
0x00007f3b5b897781:   48 8b 07 48 89 e5 5d c3 0f 1f 80 00 00 00 00 55
0x00007f3b5b897791:   48 8b 07 48 89 e5 5d c3 0f 1f 80 00 00 00 00 55
0x00007f3b5b8977a1:   48 8b 07 48 89 e5 5d c3 0f 1f 80 00 00 00 00 55
0x00007f3b5b8977b1:   48 89 e5 53 48 89 fb 48 83 ec 08 48 8d 05 6d 1f
0x00007f3b5b8977c1:   f1 00 48 8b 00 8b 50 10 48 8d 05 dd d4 f3 00 80
0x00007f3b5b8977d1:   38 00 75 6b 83 fa 02 48 8d 05 71 ff ff ff 74 4c
0x00007f3b5b8977e1:   0f 86 89 00 00 00 83 fa 03 48 8d 05 6f ff ff ff
0x00007f3b5b8977f1:   74 3a 83 fa 04 48 8d 05 c3 03 00 00 74 2e 48 8d
0x00007f3b5b897801:   05 a2 6b ed 00 48 8d 15 13 bb 97 00 48 8d 3d 44 


Stack slot to memory mapping:
stack at sp + 0 slots: 0x00007f3b1d8a78d0 is pointing into the stack for thread: 0x00007f3b38005800
stack at sp + 1 slots: 0x00007f3b5bc2e039: <offset 0x00000000008e9039> in /usr/lib/jvm/jdk-12.0.2/lib/server/libjvm.so at 0x00007f3b5b345000
stack at sp + 2 slots: 0x00007f3b38005800 is a thread
stack at sp + 3 slots: 0x0 is NULL
stack at sp + 4 slots: 0x00007f3b00000000 is an unknown value
stack at sp + 5 slots: 0x00007f3b5407ddb0 points into unknown readable memory: 05 00 39 00 c3 2f 28 4c
stack at sp + 6 slots: 0x0 is NULL
stack at sp + 7 slots: 0x0 is NULL


---------------  P R O C E S S  ---------------

Threads class SMR info:
_java_thread_list=0x0000000000dfd9b0, length=14, elements={
0x00007f3b54058800, 0x00007f3b5405a800, 0x00007f3b54060800, 0x00007f3b54062800,
0x00007f3b54064800, 0x00007f3b54066800, 0x00007f3b540a1000, 0x00007f3b540aa800,
0x00007f3b541b5000, 0x00007f3b541dc000, 0x00007f3b5427f800, 0x00007f3b38005800,
0x00007f3b54010800, 0x0000000000dfc000
}

Java Threads: ( => current thread )
  0x00007f3b54058800 JavaThread "Reference Handler" daemon [_thread_blocked, id=2296, stack(0x00007f3b597f9000,0x00007f3b598fa000)]
  0x00007f3b5405a800 JavaThread "Finalizer" daemon [_thread_blocked, id=2297, stack(0x00007f3b596f8000,0x00007f3b597f9000)]
  0x00007f3b54060800 JavaThread "Signal Dispatcher" daemon [_thread_blocked, id=2298, stack(0x00007f3b58819000,0x00007f3b5891a000)]
  0x00007f3b54062800 JavaThread "C2 CompilerThread0" daemon [_thread_blocked, id=2299, stack(0x00007f3b58718000,0x00007f3b58819000)]
  0x00007f3b54064800 JavaThread "C1 CompilerThread0" daemon [_thread_blocked, id=2300, stack(0x00007f3b58617000,0x00007f3b58718000)]
  0x00007f3b54066800 JavaThread "Sweeper thread" daemon [_thread_blocked, id=2301, stack(0x00007f3b58516000,0x00007f3b58617000)]
  0x00007f3b540a1000 JavaThread "Service Thread" daemon [_thread_blocked, id=2302, stack(0x00007f3b58415000,0x00007f3b58516000)]
  0x00007f3b540aa800 JavaThread "Common-Cleaner" daemon [_thread_blocked, id=2304, stack(0x00007f3b58212000,0x00007f3b58313000)]
  0x00007f3b541b5000 JavaThread "Java2D Disposer" daemon [_thread_blocked, id=2308, stack(0x00007f3b1db10000,0x00007f3b1dc11000)]
  0x00007f3b541dc000 JavaThread "AWT-XAWT" daemon [_thread_in_native, id=2309, stack(0x00007f3b1d9f6000,0x00007f3b1daf7000)]
  0x00007f3b5427f800 JavaThread "AWT-Shutdown" [_thread_blocked, id=2311, stack(0x00007f3b1d8aa000,0x00007f3b1d9ab000)]
=>0x00007f3b38005800 JavaThread "AWT-EventQueue-0" [_thread_in_vm, id=2312, stack(0x00007f3b1d7a9000,0x00007f3b1d8aa000)]
  0x00007f3b54010800 JavaThread "DestroyJavaVM" [_thread_blocked, id=2294, stack(0x00007f3b5b0f5000,0x00007f3b5b1f6000)]
  0x0000000000dfc000 JavaThread "TimerQueue" daemon [_thread_blocked, id=2313, stack(0x00007f3b1d4a8000,0x00007f3b1d5a9000)]

Other Threads:
  0x00007f3b54055000 VMThread "VM Thread" [stack: 0x00007f3b598fc000,0x00007f3b599fc000] [id=2295]
  0x00007f3b540a7800 WatcherThread [stack: 0x00007f3b58315000,0x00007f3b58415000] [id=2303]

Threads with active compile tasks:

VM state:not at safepoint (normal execution)

VM Mutex/Monitor currently owned by a thread: None

Heap address: 0x00000000c2800000, size: 984 MB, Compressed Oops mode: 32-bit
Narrow klass base: 0x0000000800000000, Narrow klass shift: 3
Compressed class space size: 1073741824 Address: 0x000000080110c000

Heap:
 def new generation   total 19008K, used 8794K [0x00000000c2800000, 0x00000000c3ca0000, 0x00000000d7000000)
  eden space 16896K,  52% used [0x00000000c2800000, 0x00000000c30968d8, 0x00000000c3880000)
  from space 2112K,   0% used [0x00000000c3880000, 0x00000000c3880000, 0x00000000c3a90000)
  to   space 2112K,   0% used [0x00000000c3a90000, 0x00000000c3a90000, 0x00000000c3ca0000)
 tenured generation   total 42368K, used 0K [0x00000000d7000000, 0x00000000d9960000, 0x0000000100000000)
   the space 42368K,   0% used [0x00000000d7000000, 0x00000000d7000000, 0x00000000d7000200, 0x00000000d9960000)
 Metaspace       used 10028K, capacity 10408K, committed 10624K, reserved 1058816K
  class space    used 1105K, capacity 1290K, committed 1408K, reserved 1048576K

Card table byte_map: [0x00007f3b5a4a4000,0x00007f3b5a691000] _byte_map_base: 0x00007f3b59e90000

Polling page: 0x00007f3b5cc80000

Metaspace:

Usage:
  Non-class:      8.90 MB capacity,     8.71 MB ( 98%) used,   161.67 KB (  2%) free+waste,    33.44 KB ( <1%) overhead. 
      Class:      1.26 MB capacity,     1.08 MB ( 86%) used,   164.46 KB ( 13%) free+waste,    19.56 KB (  2%) overhead. 
       Both:     10.16 MB capacity,     9.79 MB ( 96%) used,   326.13 KB (  3%) free+waste,    53.00 KB ( <1%) overhead. 

Virtual space:
  Non-class space:       10.00 MB reserved,       9.00 MB ( 90%) committed 
      Class space:        1.00 GB reserved,       1.38 MB ( <1%) committed 
             Both:        1.01 GB reserved,      10.38 MB (  1%) committed 

Chunk freelists:
   Non-Class:  7.75 KB
       Class:  768 bytes
        Both:  8.50 KB

CodeHeap 'non-profiled nmethods': size=120036Kb used=323Kb max_used=323Kb free=119712Kb
 bounds [0x00007f3b44644000, 0x00007f3b448b4000, 0x00007f3b4bb7d000]
CodeHeap 'profiled nmethods': size=120032Kb used=2032Kb max_used=2032Kb free=117999Kb
 bounds [0x00007f3b3d10c000, 0x00007f3b3d37c000, 0x00007f3b44644000]
CodeHeap 'non-nmethods': size=5692Kb used=1251Kb max_used=1274Kb free=4441Kb
 bounds [0x00007f3b3cb7d000, 0x00007f3b3cded000, 0x00007f3b3d10c000]
 total_blobs=1900 nmethods=1126 adapters=562
 compilation: enabled
              stopped_count=0, restarted_count=0
 full_count=0

Compilation events (10 events):
Event: 19.946 Thread 0x00007f3b54062800 1123       4       java.util.concurrent.locks.ReentrantLock$NonfairSync::tryAcquire (6 bytes)
Event: 19.954 Thread 0x00007f3b54062800 nmethod 1123 0x00007f3b44694890 code [0x00007f3b44694a40, 0x00007f3b44694bf8]
Event: 20.294 Thread 0x00007f3b54064800 1124   !   3       sun.awt.AWTAutoShutdown::notifyThreadBusy (88 bytes)
Event: 20.296 Thread 0x00007f3b54064800 nmethod 1124 0x00007f3b3d305590 code [0x00007f3b3d3057a0, 0x00007f3b3d305f58]
Event: 20.299 Thread 0x00007f3b54064800 1125       3       sun.java2d.SunGraphics2D::constrain (11 bytes)
Event: 20.300 Thread 0x00007f3b54064800 nmethod 1125 0x00007f3b3d306210 code [0x00007f3b3d3063c0, 0x00007f3b3d306568]
Event: 20.300 Thread 0x00007f3b54064800 1126       3       sun.java2d.SunGraphics2D::constrain (216 bytes)
Event: 20.310 Thread 0x00007f3b54064800 nmethod 1126 0x00007f3b3d306610 code [0x00007f3b3d306900, 0x00007f3b3d3076a8]
Event: 20.310 Thread 0x00007f3b54064800 1127       3       sun.java2d.xr.DirtyRegion::setDirtyLineRegion (60 bytes)
Event: 20.311 Thread 0x00007f3b54064800 nmethod 1127 0x00007f3b3d307c90 code [0x00007f3b3d307e40, 0x00007f3b3d308070]

GC Heap History (0 events):
No events

Deoptimization events (5 events):
Event: 0.677 Thread 0x00007f3b54010800 Uncommon trap: reason=unstable_if action=reinterpret pc=0x00007f3b44648cd4 method=java.lang.String.hashCode()I @ 14 c2
Event: 5.534 Thread 0x00007f3b38005800 Uncommon trap: reason=class_check action=maybe_recompile pc=0x00007f3b4465bd68 method=java.lang.String.equals(Ljava/lang/Object;)Z @ 8 c2
Event: 5.535 Thread 0x00007f3b38005800 Uncommon trap: reason=class_check action=maybe_recompile pc=0x00007f3b4465bd68 method=java.lang.String.equals(Ljava/lang/Object;)Z @ 8 c2
Event: 6.039 Thread 0x00007f3b38005800 Uncommon trap: reason=class_check action=maybe_recompile pc=0x00007f3b4465bd68 method=java.lang.String.equals(Ljava/lang/Object;)Z @ 8 c2
Event: 6.039 Thread 0x00007f3b38005800 Uncommon trap: reason=class_check action=maybe_recompile pc=0x00007f3b4465bd68 method=java.lang.String.equals(Ljava/lang/Object;)Z @ 8 c2

Classes redefined (0 events):
No events

Internal exceptions (10 events):
Event: 2.150 Thread 0x00007f3b54010800 Exception <a 'java/lang/NoSuchMethodError'{0x00000000c2dcf028}: java.lang.invoke.DirectMethodHandle$Holder.invokeStatic(Ljava/lang/Object;Ljava/lang/Object;Ljava/lang/Object;Ljava/lang/Object;Ljava/lang/Object;Ljava/lang/Object;Ljava/lang/Object;Ljava/lan
Event: 2.151 Thread 0x00007f3b54010800 Exception <a 'java/lang/NoSuchMethodError'{0x00000000c2ddb5c8}: java.lang.invoke.DirectMethodHandle$Holder.invokeSpecial(Ljava/lang/Object;Ljava/lang/Object;JLjava/lang/Object;Ljava/lang/Object;Ljava/lang/Object;Ljava/lang/Object;Ljava/lang/Object;)Ljava/
Event: 2.152 Thread 0x00007f3b54010800 Exception <a 'java/lang/NoSuchMethodError'{0x00000000c2ddec50}: java.lang.invoke.DelegatingMethodHandle$Holder.reinvoke_L(Ljava/lang/Object;JLjava/lang/Object;Ljava/lang/Object;Ljava/lang/Object;Ljava/lang/Object;Ljava/lang/Object;)Ljava/lang/Object;> (0x
Event: 2.160 Thread 0x00007f3b54010800 Exception <a 'java/lang/NoSuchMethodError'{0x00000000c2df34d8}: java.lang.invoke.DirectMethodHandle$Holder.invokeStatic(Ljava/lang/Object;Ljava/lang/Object;Ljava/lang/Object;Ljava/lang/Object;Ljava/lang/Object;J)Ljava/lang/Object;> (0x00000000c2df34d8) th
Event: 2.168 Thread 0x00007f3b54010800 Exception <a 'java/lang/NoSuchMethodError'{0x00000000c2e108c8}: java.lang.invoke.Invokers$Holder.linkToTargetMethod(Ljava/lang/Object;Ljava/lang/Object;Ljava/lang/Object;Ljava/lang/Object;Ljava/lang/Object;Ljava/lang/Object;)Ljava/lang/Object;> (0x0000000
Event: 2.187 Thread 0x00007f3b54010800 Exception <a 'java/lang/NoSuchMethodError'{0x00000000c2e48b18}: java.lang.invoke.DirectMethodHandle$Holder.invokeSpecial(Ljava/lang/Object;Ljava/lang/Object;JLjava/lang/Object;Ljava/lang/Object;Ljava/lang/Object;Ljava/lang/Object;)Ljava/lang/Object;> (0x0
Event: 2.187 Thread 0x00007f3b54010800 Exception <a 'java/lang/NoSuchMethodError'{0x00000000c2e4bf58}: java.lang.invoke.DelegatingMethodHandle$Holder.reinvoke_L(Ljava/lang/Object;JLjava/lang/Object;Ljava/lang/Object;Ljava/lang/Object;Ljava/lang/Object;)Ljava/lang/Object;> (0x00000000c2e4bf58) 
Event: 2.196 Thread 0x00007f3b54010800 Exception <a 'java/lang/NoSuchMethodError'{0x00000000c2e63720}: java.lang.invoke.DirectMethodHandle$Holder.invokeStatic(Ljava/lang/Object;Ljava/lang/Object;Ljava/lang/Object;Ljava/lang/Object;Ljava/lang/Object;Ljava/lang/Object;J)Ljava/lang/Object;> (0x00
Event: 2.213 Thread 0x00007f3b54010800 Exception <a 'java/lang/NoSuchMethodError'{0x00000000c2e7a0c8}: java.lang.invoke.DirectMethodHandle$Holder.invokeStatic(Ljava/lang/Object;Ljava/lang/Object;Ljava/lang/Object;Ljava/lang/Object;Ljava/lang/Object;Ljava/lang/Object;JLjava/lang/Object;)Ljava/l
Event: 2.807 Thread 0x00007f3b38005800 Exception <a 'java/lang/UnsupportedOperationException'{0x00000000c2fbc510}: > (0x00000000c2fbc510) thrown at [/scratch/opt/mach5/mesos/work_dir/slaves/dd0bab7c-a530-4905-bb6b-daa7153eb2c1-S122/frameworks/1735e8a2-a1db-478c-8104-60c8b0af87dd-0196/executors

Events (10 events):
Event: 10.342 Executing VM operation: RevokeBias
Event: 10.342 Executing VM operation: RevokeBias done
Event: 10.342 Executing VM operation: RevokeBias
Event: 10.342 Executing VM operation: RevokeBias done
Event: 13.534 loading class java/awt/LightweightDispatcher$2
Event: 13.535 loading class java/awt/LightweightDispatcher$2 done
Event: 13.930 Executing VM operation: RevokeBias
Event: 13.930 Executing VM operation: RevokeBias done
Event: 18.227 loading class sun/awt/im/CompositionArea
Event: 18.228 loading class sun/awt/im/CompositionArea done


Dynamic libraries:
00400000-00401000 r-xp 00000000 08:05 140359                             /usr/lib/jvm/jdk-12.0.2/bin/java
00600000-00601000 r--p 00000000 08:05 140359                             /usr/lib/jvm/jdk-12.0.2/bin/java
00601000-00602000 rw-p 00001000 08:05 140359                             /usr/lib/jvm/jdk-12.0.2/bin/java
00dc0000-00e4e000 rw-p 00000000 00:00 0                                  [heap]
c2800000-c3ca0000 rw-p 00000000 00:00 0 
c3ca0000-d7000000 ---p 00000000 00:00 0 
d7000000-d9960000 rw-p 00000000 00:00 0 
d9960000-100000000 ---p 00000000 00:00 0 
800000000-800003000 rwxp 00001000 08:05 144986                           /usr/lib/jvm/jdk-12.0.2/lib/server/classes.jsa
800003000-8003d0000 rw-p 00004000 08:05 144986                           /usr/lib/jvm/jdk-12.0.2/lib/server/classes.jsa
8003d0000-800ad0000 r--p 003d1000 08:05 144986                           /usr/lib/jvm/jdk-12.0.2/lib/server/classes.jsa
800ad0000-800ad1000 rw-p 00ad1000 08:05 144986                           /usr/lib/jvm/jdk-12.0.2/lib/server/classes.jsa
800ad1000-80110c000 r--p 00ad2000 08:05 144986                           /usr/lib/jvm/jdk-12.0.2/lib/server/classes.jsa
80110c000-80126c000 rw-p 00000000 00:00 0 
80126c000-84110c000 ---p 00000000 00:00 0 
7f3b1d11b000-7f3b1d4a8000 rw-p 00000000 00:00 0 
7f3b1d4a8000-7f3b1d4ac000 ---p 00000000 00:00 0 
7f3b1d4ac000-7f3b1d6a9000 rw-p 00000000 00:00 0 
7f3b1d6a9000-7f3b1d7a9000 ---p 00000000 00:00 0 
7f3b1d7a9000-7f3b1d7ad000 ---p 00000000 00:00 0 
7f3b1d7ad000-7f3b1d8aa000 rw-p 00000000 00:00 0 
7f3b1d8aa000-7f3b1d8ae000 ---p 00000000 00:00 0 
7f3b1d8ae000-7f3b1d9ab000 rw-p 00000000 00:00 0 
7f3b1d9f6000-7f3b1d9fa000 ---p 00000000 00:00 0 
7f3b1d9fa000-7f3b1daf7000 rw-p 00000000 00:00 0 
7f3b1daf7000-7f3b1daf9000 r--p 00000000 08:05 143488                     /usr/lib/x86_64-linux-gnu/libXfixes.so.3.1.0
7f3b1daf9000-7f3b1dafc000 r-xp 00002000 08:05 143488                     /usr/lib/x86_64-linux-gnu/libXfixes.so.3.1.0
7f3b1dafc000-7f3b1dafd000 r--p 00005000 08:05 143488                     /usr/lib/x86_64-linux-gnu/libXfixes.so.3.1.0
7f3b1dafd000-7f3b1dafe000 r--p 00005000 08:05 143488                     /usr/lib/x86_64-linux-gnu/libXfixes.so.3.1.0
7f3b1dafe000-7f3b1daff000 rw-p 00006000 08:05 143488                     /usr/lib/x86_64-linux-gnu/libXfixes.so.3.1.0
7f3b1db10000-7f3b1db14000 ---p 00000000 00:00 0 
7f3b1db14000-7f3b1dc11000 rw-p 00000000 00:00 0 
7f3b1dc11000-7f3b1dc12000 ---p 00000000 00:00 0 
7f3b1dc12000-7f3b1e412000 rw-p 00000000 00:00 0 
7f3b1e412000-7f3b1e413000 ---p 00000000 00:00 0 
7f3b1e413000-7f3b1ec13000 rw-p 00000000 00:00 0 
7f3b1ec13000-7f3b1ec14000 ---p 00000000 00:00 0 
7f3b1ec14000-7f3b1f414000 rw-p 00000000 00:00 0 
7f3b1f414000-7f3b1f418000 r--p 00000000 08:05 399167                     /usr/lib/x86_64-linux-gnu/gio/modules/libdconfsettings.so
7f3b1f418000-7f3b1f420000 r-xp 00004000 08:05 399167                     /usr/lib/x86_64-linux-gnu/gio/modules/libdconfsettings.so
7f3b1f420000-7f3b1f423000 r--p 0000c000 08:05 399167                     /usr/lib/x86_64-linux-gnu/gio/modules/libdconfsettings.so
7f3b1f423000-7f3b1f424000 ---p 0000f000 08:05 399167                     /usr/lib/x86_64-linux-gnu/gio/modules/libdconfsettings.so
7f3b1f424000-7f3b1f425000 r--p 0000f000 08:05 399167                     /usr/lib/x86_64-linux-gnu/gio/modules/libdconfsettings.so
7f3b1f425000-7f3b1f426000 rw-p 00010000 08:05 399167                     /usr/lib/x86_64-linux-gnu/gio/modules/libdconfsettings.so
7f3b1f426000-7f3b1f458000 r--p 00000000 08:05 525131                     /usr/share/glib-2.0/schemas/gschemas.compiled
7f3b1f458000-7f3b1f45a000 r--p 00000000 08:05 144494                     /usr/lib/x86_64-linux-gnu/libpcre2-8.so.0.9.0
7f3b1f45a000-7f3b1f4be000 r-xp 00002000 08:05 144494                     /usr/lib/x86_64-linux-gnu/libpcre2-8.so.0.9.0
7f3b1f4be000-7f3b1f4e6000 r--p 00066000 08:05 144494                     /usr/lib/x86_64-linux-gnu/libpcre2-8.so.0.9.0
7f3b1f4e6000-7f3b1f4e7000 r--p 0008d000 08:05 144494                     /usr/lib/x86_64-linux-gnu/libpcre2-8.so.0.9.0
7f3b1f4e7000-7f3b1f4e8000 rw-p 0008e000 08:05 144494                     /usr/lib/x86_64-linux-gnu/libpcre2-8.so.0.9.0
7f3b1f4e8000-7f3b1f4f2000 r--p 00000000 08:05 143621                     /usr/lib/x86_64-linux-gnu/libblkid.so.1.1.0
7f3b1f4f2000-7f3b1f528000 r-xp 0000a000 08:05 143621                     /usr/lib/x86_64-linux-gnu/libblkid.so.1.1.0
7f3b1f528000-7f3b1f538000 r--p 00040000 08:05 143621                     /usr/lib/x86_64-linux-gnu/libblkid.so.1.1.0
7f3b1f538000-7f3b1f539000 ---p 00050000 08:05 143621                     /usr/lib/x86_64-linux-gnu/libblkid.so.1.1.0
7f3b1f539000-7f3b1f53e000 r--p 00050000 08:05 143621                     /usr/lib/x86_64-linux-gnu/libblkid.so.1.1.0
7f3b1f53e000-7f3b1f53f000 rw-p 00055000 08:05 143621                     /usr/lib/x86_64-linux-gnu/libblkid.so.1.1.0
7f3b1f53f000-7f3b1f541000 r--p 00000000 08:05 143874                     /usr/lib/x86_64-linux-gnu/libffi.so.7.1.0
7f3b1f541000-7f3b1f547000 r-xp 00002000 08:05 143874                     /usr/lib/x86_64-linux-gnu/libffi.so.7.1.0
7f3b1f547000-7f3b1f548000 r--p 00008000 08:05 143874                     /usr/lib/x86_64-linux-gnu/libffi.so.7.1.0
7f3b1f548000-7f3b1f549000 ---p 00009000 08:05 143874                     /usr/lib/x86_64-linux-gnu/libffi.so.7.1.0
7f3b1f549000-7f3b1f54a000 r--p 00009000 08:05 143874                     /usr/lib/x86_64-linux-gnu/libffi.so.7.1.0
7f3b1f54a000-7f3b1f54b000 rw-p 0000a000 08:05 143874                     /usr/lib/x86_64-linux-gnu/libffi.so.7.1.0
7f3b1f54b000-7f3b1f54d000 r--p 00000000 08:05 144490                     /usr/lib/x86_64-linux-gnu/libpcre.so.3.13.3
7f3b1f54d000-7f3b1f59e000 r-xp 00002000 08:05 144490                     /usr/lib/x86_64-linux-gnu/libpcre.so.3.13.3
7f3b1f59e000-7f3b1f5bc000 r--p 00053000 08:05 144490                     /usr/lib/x86_64-linux-gnu/libpcre.so.3.13.3
7f3b1f5bc000-7f3b1f5bd000 r--p 00070000 08:05 144490                     /usr/lib/x86_64-linux-gnu/libpcre.so.3.13.3
7f3b1f5bd000-7f3b1f5be000 rw-p 00071000 08:05 144490                     /usr/lib/x86_64-linux-gnu/libpcre.so.3.13.3
7f3b1f5be000-7f3b1f5c4000 r--p 00000000 08:05 144648                     /usr/lib/x86_64-linux-gnu/libselinux.so.1
7f3b1f5c4000-7f3b1f5dd000 r-xp 00006000 08:05 144648                     /usr/lib/x86_64-linux-gnu/libselinux.so.1
7f3b1f5dd000-7f3b1f5e4000 r--p 0001f000 08:05 144648                     /usr/lib/x86_64-linux-gnu/libselinux.so.1
7f3b1f5e4000-7f3b1f5e5000 ---p 00026000 08:05 144648                     /usr/lib/x86_64-linux-gnu/libselinux.so.1
7f3b1f5e5000-7f3b1f5e6000 r--p 00026000 08:05 144648                     /usr/lib/x86_64-linux-gnu/libselinux.so.1
7f3b1f5e6000-7f3b1f5e7000 rw-p 00027000 08:05 144648                     /usr/lib/x86_64-linux-gnu/libselinux.so.1
7f3b1f5e7000-7f3b1f5e9000 rw-p 00000000 00:00 0 
7f3b1f5e9000-7f3b1f5f4000 r--p 00000000 08:05 144311                     /usr/lib/x86_64-linux-gnu/libmount.so.1.1.0
7f3b1f5f4000-7f3b1f632000 r-xp 0000b000 08:05 144311                     /usr/lib/x86_64-linux-gnu/libmount.so.1.1.0
7f3b1f632000-7f3b1f645000 r--p 00049000 08:05 144311                     /usr/lib/x86_64-linux-gnu/libmount.so.1.1.0
7f3b1f645000-7f3b1f648000 r--p 0005b000 08:05 144311                     /usr/lib/x86_64-linux-gnu/libmount.so.1.1.0
7f3b1f648000-7f3b1f649000 rw-p 0005e000 08:05 144311                     /usr/lib/x86_64-linux-gnu/libmount.so.1.1.0
7f3b1f649000-7f3b1f657000 r--p 00000000 08:05 134266                     /usr/lib/x86_64-linux-gnu/libgobject-2.0.so.0.6400.6
7f3b1f657000-7f3b1f68d000 r-xp 0000e000 08:05 134266                     /usr/lib/x86_64-linux-gnu/libgobject-2.0.so.0.6400.6
7f3b1f68d000-7f3b1f6a5000 r--p 00044000 08:05 134266                     /usr/lib/x86_64-linux-gnu/libgobject-2.0.so.0.6400.6
7f3b1f6a5000-7f3b1f6a8000 r--p 0005b000 08:05 134266                     /usr/lib/x86_64-linux-gnu/libgobject-2.0.so.0.6400.6
7f3b1f6a8000-7f3b1f6a9000 rw-p 0005e000 08:05 134266                     /usr/lib/x86_64-linux-gnu/libgobject-2.0.so.0.6400.6
7f3b1f6a9000-7f3b1f6c5000 r--p 00000000 08:05 134243                     /usr/lib/x86_64-linux-gnu/libglib-2.0.so.0.6400.6
7f3b1f6c5000-7f3b1f749000 r-xp 0001c000 08:05 134243                     /usr/lib/x86_64-linux-gnu/libglib-2.0.so.0.6400.6
7f3b1f749000-7f3b1f7cf000 r--p 000a0000 08:05 134243                     /usr/lib/x86_64-linux-gnu/libglib-2.0.so.0.6400.6
7f3b1f7cf000-7f3b1f7d0000 r--p 00125000 08:05 134243                     /usr/lib/x86_64-linux-gnu/libglib-2.0.so.0.6400.6
7f3b1f7d0000-7f3b1f7d1000 rw-p 00126000 08:05 134243                     /usr/lib/x86_64-linux-gnu/libglib-2.0.so.0.6400.6
7f3b1f7d1000-7f3b1f7d2000 rw-p 00000000 00:00 0 
7f3b1f7d2000-7f3b1f80a000 r--p 00000000 08:05 134234                     /usr/lib/x86_64-linux-gnu/libgio-2.0.so.0.6400.6
7f3b1f80a000-7f3b1f91d000 r-xp 00038000 08:05 134234                     /usr/lib/x86_64-linux-gnu/libgio-2.0.so.0.6400.6
7f3b1f91d000-7f3b1f9a7000 r--p 0014b000 08:05 134234                     /usr/lib/x86_64-linux-gnu/libgio-2.0.so.0.6400.6
7f3b1f9a7000-7f3b1f9b0000 r--p 001d4000 08:05 134234                     /usr/lib/x86_64-linux-gnu/libgio-2.0.so.0.6400.6
7f3b1f9b0000-7f3b1f9b1000 rw-p 001dd000 08:05 134234                     /usr/lib/x86_64-linux-gnu/libgio-2.0.so.0.6400.6
7f3b1f9b1000-7f3b1f9b3000 rw-p 00000000 00:00 0 
7f3b1f9b3000-7f3b1f9b8000 r--p 00000000 08:05 144528                     /usr/lib/x86_64-linux-gnu/libpng16.so.16.37.0
7f3b1f9b8000-7f3b1f9dd000 r-xp 00005000 08:05 144528                     /usr/lib/x86_64-linux-gnu/libpng16.so.16.37.0
7f3b1f9dd000-7f3b1f9e9000 r--p 0002a000 08:05 144528                     /usr/lib/x86_64-linux-gnu/libpng16.so.16.37.0
7f3b1f9e9000-7f3b1f9ea000 r--p 00035000 08:05 144528                     /usr/lib/x86_64-linux-gnu/libpng16.so.16.37.0
7f3b1f9ea000-7f3b1f9eb000 rw-p 00036000 08:05 144528                     /usr/lib/x86_64-linux-gnu/libpng16.so.16.37.0
7f3b1f9eb000-7f3b1f9f7000 r--p 00000000 08:05 143907                     /usr/lib/x86_64-linux-gnu/libfreetype.so.6.17.1
7f3b1f9f7000-7f3b1fa77000 r-xp 0000c000 08:05 143907                     /usr/lib/x86_64-linux-gnu/libfreetype.so.6.17.1
7f3b1fa77000-7f3b1faa1000 r--p 0008c000 08:05 143907                     /usr/lib/x86_64-linux-gnu/libfreetype.so.6.17.1
7f3b1faa1000-7f3b1faa2000 ---p 000b6000 08:05 143907                     /usr/lib/x86_64-linux-gnu/libfreetype.so.6.17.1
7f3b1faa2000-7f3b1faa9000 r--p 000b6000 08:05 143907                     /usr/lib/x86_64-linux-gnu/libfreetype.so.6.17.1
7f3b1faa9000-7f3b1faaa000 rw-p 000bd000 08:05 143907                     /usr/lib/x86_64-linux-gnu/libfreetype.so.6.17.1
7f3b1faaa000-7f3b1fbf3000 r-xp 00000000 08:05 144730                     /usr/lib/jvm/jdk-12.0.2/lib/libfontmanager.so
7f3b1fbf3000-7f3b1fdf3000 ---p 00149000 08:05 144730                     /usr/lib/jvm/jdk-12.0.2/lib/libfontmanager.so
7f3b1fdf3000-7f3b1fdf5000 r--p 00149000 08:05 144730                     /usr/lib/jvm/jdk-12.0.2/lib/libfontmanager.so
7f3b1fdf5000-7f3b1fdf6000 rw-p 0014b000 08:05 144730                     /usr/lib/jvm/jdk-12.0.2/lib/libfontmanager.so
7f3b1fdf6000-7f3b1fdfa000 rw-p 00000000 00:00 0 
7f3b1fdfa000-7f3b1fdff000 r-xp 00000000 08:05 143512                     /usr/lib/x86_64-linux-gnu/libXtst.so.6.1.0
7f3b1fdff000-7f3b1fffe000 ---p 00005000 08:05 143512                     /usr/lib/x86_64-linux-gnu/libXtst.so.6.1.0
7f3b1fffe000-7f3b1ffff000 r--p 00004000 08:05 143512                     /usr/lib/x86_64-linux-gnu/libXtst.so.6.1.0
7f3b1ffff000-7f3b20000000 rw-p 00005000 08:05 143512                     /usr/lib/x86_64-linux-gnu/libXtst.so.6.1.0
7f3b20000000-7f3b206c9000 rw-p 00000000 00:00 0 
7f3b206c9000-7f3b24000000 ---p 00000000 00:00 0 
7f3b24000000-7f3b24021000 rw-p 00000000 00:00 0 
7f3b24021000-7f3b28000000 ---p 00000000 00:00 0 
7f3b28000000-7f3b28021000 rw-p 00000000 00:00 0 
7f3b28021000-7f3b2c000000 ---p 00000000 00:00 0 
7f3b2c000000-7f3b2c570000 rw-p 00000000 00:00 0 
7f3b2c570000-7f3b30000000 ---p 00000000 00:00 0 
7f3b30000000-7f3b30021000 rw-p 00000000 00:00 0 
7f3b30021000-7f3b34000000 ---p 00000000 00:00 0 
7f3b34000000-7f3b34021000 rw-p 00000000 00:00 0 
7f3b34021000-7f3b38000000 ---p 00000000 00:00 0 
7f3b38000000-7f3b38021000 rw-p 00000000 00:00 0 
7f3b38021000-7f3b3c000000 ---p 00000000 00:00 0 
7f3b3c006000-7f3b3c00a000 r--p 00000000 08:05 144592                     /usr/lib/x86_64-linux-gnu/libresolv-2.31.so
7f3b3c00a000-7f3b3c01a000 r-xp 00004000 08:05 144592                     /usr/lib/x86_64-linux-gnu/libresolv-2.31.so
7f3b3c01a000-7f3b3c01d000 r--p 00014000 08:05 144592                     /usr/lib/x86_64-linux-gnu/libresolv-2.31.so
7f3b3c01d000-7f3b3c01e000 ---p 00017000 08:05 144592                     /usr/lib/x86_64-linux-gnu/libresolv-2.31.so
7f3b3c01e000-7f3b3c01f000 r--p 00017000 08:05 144592                     /usr/lib/x86_64-linux-gnu/libresolv-2.31.so
7f3b3c01f000-7f3b3c020000 rw-p 00018000 08:05 144592                     /usr/lib/x86_64-linux-gnu/libresolv-2.31.so
7f3b3c020000-7f3b3c022000 rw-p 00000000 00:00 0 
7f3b3c022000-7f3b3c023000 r--p 00000000 08:05 134265                     /usr/lib/x86_64-linux-gnu/libgmodule-2.0.so.0.6400.6
7f3b3c023000-7f3b3c025000 r-xp 00001000 08:05 134265                     /usr/lib/x86_64-linux-gnu/libgmodule-2.0.so.0.6400.6
7f3b3c025000-7f3b3c026000 r--p 00003000 08:05 134265                     /usr/lib/x86_64-linux-gnu/libgmodule-2.0.so.0.6400.6
7f3b3c026000-7f3b3c027000 r--p 00003000 08:05 134265                     /usr/lib/x86_64-linux-gnu/libgmodule-2.0.so.0.6400.6
7f3b3c027000-7f3b3c028000 rw-p 00004000 08:05 134265                     /usr/lib/x86_64-linux-gnu/libgmodule-2.0.so.0.6400.6
7f3b3c028000-7f3b3c02a000 r--p 00000000 08:05 143504                     /usr/lib/x86_64-linux-gnu/libXrandr.so.2.2.0
7f3b3c02a000-7f3b3c031000 r-xp 00002000 08:05 143504                     /usr/lib/x86_64-linux-gnu/libXrandr.so.2.2.0
7f3b3c031000-7f3b3c033000 r--p 00009000 08:05 143504                     /usr/lib/x86_64-linux-gnu/libXrandr.so.2.2.0
7f3b3c033000-7f3b3c034000 r--p 0000a000 08:05 143504                     /usr/lib/x86_64-linux-gnu/libXrandr.so.2.2.0
7f3b3c034000-7f3b3c035000 rw-p 0000b000 08:05 143504                     /usr/lib/x86_64-linux-gnu/libXrandr.so.2.2.0
7f3b3c035000-7f3b3c039000 r--p 00000000 08:05 143640                     /usr/lib/x86_64-linux-gnu/libbsd.so.0.10.0
7f3b3c039000-7f3b3c048000 r-xp 00004000 08:05 143640                     /usr/lib/x86_64-linux-gnu/libbsd.so.0.10.0
7f3b3c048000-7f3b3c04b000 r--p 00013000 08:05 143640                     /usr/lib/x86_64-linux-gnu/libbsd.so.0.10.0
7f3b3c04b000-7f3b3c04c000 ---p 00016000 08:05 143640                     /usr/lib/x86_64-linux-gnu/libbsd.so.0.10.0
7f3b3c04c000-7f3b3c04d000 r--p 00016000 08:05 143640                     /usr/lib/x86_64-linux-gnu/libbsd.so.0.10.0
7f3b3c04d000-7f3b3c04e000 rw-p 00017000 08:05 143640                     /usr/lib/x86_64-linux-gnu/libbsd.so.0.10.0
7f3b3c04e000-7f3b3c04f000 rw-p 00000000 00:00 0 
7f3b3c04f000-7f3b3c051000 r--p 00000000 08:05 143484                     /usr/lib/x86_64-linux-gnu/libXdmcp.so.6.0.0
7f3b3c051000-7f3b3c053000 r-xp 00002000 08:05 143484                     /usr/lib/x86_64-linux-gnu/libXdmcp.so.6.0.0
7f3b3c053000-7f3b3c055000 r--p 00004000 08:05 143484                     /usr/lib/x86_64-linux-gnu/libXdmcp.so.6.0.0
7f3b3c055000-7f3b3c056000 r--p 00005000 08:05 143484                     /usr/lib/x86_64-linux-gnu/libXdmcp.so.6.0.0
7f3b3c056000-7f3b3c057000 rw-p 00006000 08:05 143484                     /usr/lib/x86_64-linux-gnu/libXdmcp.so.6.0.0
7f3b3c057000-7f3b3c062000 r--p 00000000 08:05 144946                     /usr/lib/x86_64-linux-gnu/libxcb.so.1.1.0
7f3b3c062000-7f3b3c076000 r-xp 0000b000 08:05 144946                     /usr/lib/x86_64-linux-gnu/libxcb.so.1.1.0
7f3b3c076000-7f3b3c07f000 r--p 0001f000 08:05 144946                     /usr/lib/x86_64-linux-gnu/libxcb.so.1.1.0
7f3b3c07f000-7f3b3c080000 r--p 00027000 08:05 144946                     /usr/lib/x86_64-linux-gnu/libxcb.so.1.1.0
7f3b3c080000-7f3b3c081000 rw-p 00028000 08:05 144946                     /usr/lib/x86_64-linux-gnu/libxcb.so.1.1.0
7f3b3c081000-7f3b3c083000 r--p 00000000 08:05 143494                     /usr/lib/x86_64-linux-gnu/libXi.so.6.1.0
7f3b3c083000-7f3b3c08e000 r-xp 00002000 08:05 143494                     /usr/lib/x86_64-linux-gnu/libXi.so.6.1.0
7f3b3c08e000-7f3b3c091000 r--p 0000d000 08:05 143494                     /usr/lib/x86_64-linux-gnu/libXi.so.6.1.0
7f3b3c091000-7f3b3c092000 r--p 0000f000 08:05 143494                     /usr/lib/x86_64-linux-gnu/libXi.so.6.1.0
7f3b3c092000-7f3b3c093000 rw-p 00010000 08:05 143494                     /usr/lib/x86_64-linux-gnu/libXi.so.6.1.0
7f3b3c093000-7f3b3c09c000 r-xp 00000000 08:05 143506                     /usr/lib/x86_64-linux-gnu/libXrender.so.1.3.0
7f3b3c09c000-7f3b3c29b000 ---p 00009000 08:05 143506                     /usr/lib/x86_64-linux-gnu/libXrender.so.1.3.0
7f3b3c29b000-7f3b3c29c000 r--p 00008000 08:05 143506                     /usr/lib/x86_64-linux-gnu/libXrender.so.1.3.0
7f3b3c29c000-7f3b3c29d000 rw-p 00009000 08:05 143506                     /usr/lib/x86_64-linux-gnu/libXrender.so.1.3.0
7f3b3c29d000-7f3b3c2b5000 r--p 00000000 08:05 145399                     /usr/lib/x86_64-linux-gnu/libX11.so.6.3.0
7f3b3c2b5000-7f3b3c340000 r-xp 00018000 08:05 145399                     /usr/lib/x86_64-linux-gnu/libX11.so.6.3.0
7f3b3c340000-7f3b3c3d4000 r--p 000a3000 08:05 145399                     /usr/lib/x86_64-linux-gnu/libX11.so.6.3.0
7f3b3c3d4000-7f3b3c3d5000 ---p 00137000 08:05 145399                     /usr/lib/x86_64-linux-gnu/libX11.so.6.3.0
7f3b3c3d5000-7f3b3c3d6000 r--p 00137000 08:05 145399                     /usr/lib/x86_64-linux-gnu/libX11.so.6.3.0
7f3b3c3d6000-7f3b3c3da000 rw-p 00138000 08:05 145399                     /usr/lib/x86_64-linux-gnu/libX11.so.6.3.0
7f3b3c3da000-7f3b3c3de000 r--p 00000000 08:05 143486                     /usr/lib/x86_64-linux-gnu/libXext.so.6.4.0
7f3b3c3de000-7f3b3c3e9000 r-xp 00004000 08:05 143486                     /usr/lib/x86_64-linux-gnu/libXext.so.6.4.0
7f3b3c3e9000-7f3b3c3ed000 r--p 0000f000 08:05 143486                     /usr/lib/x86_64-linux-gnu/libXext.so.6.4.0
7f3b3c3ed000-7f3b3c3ee000 r--p 00012000 08:05 143486                     /usr/lib/x86_64-linux-gnu/libXext.so.6.4.0
7f3b3c3ee000-7f3b3c3ef000 rw-p 00013000 08:05 143486                     /usr/lib/x86_64-linux-gnu/libXext.so.6.4.0
7f3b3c3f1000-7f3b3c3f4000 r--p 00000000 08:05 143480                     /usr/lib/x86_64-linux-gnu/libXcursor.so.1.0.2
7f3b3c3f4000-7f3b3c3fa000 r-xp 00003000 08:05 143480                     /usr/lib/x86_64-linux-gnu/libXcursor.so.1.0.2
7f3b3c3fa000-7f3b3c3fc000 r--p 00009000 08:05 143480                     /usr/lib/x86_64-linux-gnu/libXcursor.so.1.0.2
7f3b3c3fc000-7f3b3c3fd000 r--p 0000a000 08:05 143480                     /usr/lib/x86_64-linux-gnu/libXcursor.so.1.0.2
7f3b3c3fd000-7f3b3c3fe000 rw-p 0000b000 08:05 143480                     /usr/lib/x86_64-linux-gnu/libXcursor.so.1.0.2
7f3b3c3fe000-7f3b3c400000 r--p 00000000 08:05 524                        /home/virtualpanda/.config/dconf/user
7f3b3c400000-7f3b3c45e000 r-xp 00000000 08:05 144983                     /usr/lib/jvm/jdk-12.0.2/lib/libawt_xawt.so
7f3b3c45e000-7f3b3c65d000 ---p 0005e000 08:05 144983                     /usr/lib/jvm/jdk-12.0.2/lib/libawt_xawt.so
7f3b3c65d000-7f3b3c65e000 r--p 0005d000 08:05 144983                     /usr/lib/jvm/jdk-12.0.2/lib/libawt_xawt.so
7f3b3c65e000-7f3b3c661000 rw-p 0005e000 08:05 144983                     /usr/lib/jvm/jdk-12.0.2/lib/libawt_xawt.so
7f3b3c661000-7f3b3c663000 rw-p 00000000 00:00 0 
7f3b3c663000-7f3b3c703000 r-xp 00000000 08:05 144877                     /usr/lib/jvm/jdk-12.0.2/lib/libawt.so
7f3b3c703000-7f3b3c903000 ---p 000a0000 08:05 144877                     /usr/lib/jvm/jdk-12.0.2/lib/libawt.so
7f3b3c903000-7f3b3c904000 r--p 000a0000 08:05 144877                     /usr/lib/jvm/jdk-12.0.2/lib/libawt.so
7f3b3c904000-7f3b3c90f000 rw-p 000a1000 08:05 144877                     /usr/lib/jvm/jdk-12.0.2/lib/libawt.so
7f3b3c90f000-7f3b3c965000 rw-p 00000000 00:00 0 
7f3b3c965000-7f3b3c97b000 r-xp 00000000 08:05 144405                     /usr/lib/jvm/jdk-12.0.2/lib/libnet.so
7f3b3c97b000-7f3b3cb7b000 ---p 00016000 08:05 144405                     /usr/lib/jvm/jdk-12.0.2/lib/libnet.so
7f3b3cb7b000-7f3b3cb7c000 r--p 00016000 08:05 144405                     /usr/lib/jvm/jdk-12.0.2/lib/libnet.so
7f3b3cb7c000-7f3b3cb7d000 rw-p 00017000 08:05 144405                     /usr/lib/jvm/jdk-12.0.2/lib/libnet.so
7f3b3cb7d000-7f3b3cded000 rwxp 00000000 00:00 0 
7f3b3cded000-7f3b3d10c000 ---p 00000000 00:00 0 
7f3b3d10c000-7f3b3d37c000 rwxp 00000000 00:00 0 
7f3b3d37c000-7f3b44644000 ---p 00000000 00:00 0 
7f3b44644000-7f3b448b4000 rwxp 00000000 00:00 0 
7f3b448b4000-7f3b4bb7d000 ---p 00000000 00:00 0 
7f3b4bb7d000-7f3b54000000 r--s 00000000 08:05 144873                     /usr/lib/jvm/jdk-12.0.2/lib/modules
7f3b54000000-7f3b54319000 rw-p 00000000 00:00 0 
7f3b54319000-7f3b58000000 ---p 00000000 00:00 0 
7f3b58000000-7f3b58011000 r-xp 00000000 08:05 144424                     /usr/lib/jvm/jdk-12.0.2/lib/libnio.so
7f3b58011000-7f3b58210000 ---p 00011000 08:05 144424                     /usr/lib/jvm/jdk-12.0.2/lib/libnio.so
7f3b58210000-7f3b58211000 r--p 00010000 08:05 144424                     /usr/lib/jvm/jdk-12.0.2/lib/libnio.so
7f3b58211000-7f3b58212000 rw-p 00011000 08:05 144424                     /usr/lib/jvm/jdk-12.0.2/lib/libnio.so
7f3b58212000-7f3b58216000 ---p 00000000 00:00 0 
7f3b58216000-7f3b58313000 rw-p 00000000 00:00 0 
7f3b58313000-7f3b58314000 ---p 00000000 00:00 0 
7f3b58314000-7f3b58415000 rw-p 00000000 00:00 0 
7f3b58415000-7f3b58419000 ---p 00000000 00:00 0 
7f3b58419000-7f3b58516000 rw-p 00000000 00:00 0 
7f3b58516000-7f3b5851a000 ---p 00000000 00:00 0 
7f3b5851a000-7f3b58617000 rw-p 00000000 00:00 0 
7f3b58617000-7f3b5861b000 ---p 00000000 00:00 0 
7f3b5861b000-7f3b58718000 rw-p 00000000 00:00 0 
7f3b58718000-7f3b5871c000 ---p 00000000 00:00 0 
7f3b5871c000-7f3b58819000 rw-p 00000000 00:00 0 
7f3b58819000-7f3b5881d000 ---p 00000000 00:00 0 
7f3b5881d000-7f3b5891a000 rw-p 00000000 00:00 0 
7f3b5891a000-7f3b596f8000 r--p 00000000 08:05 138328                     /usr/lib/locale/locale-archive
7f3b596f8000-7f3b596fc000 ---p 00000000 00:00 0 
7f3b596fc000-7f3b597f9000 rw-p 00000000 00:00 0 
7f3b597f9000-7f3b597fd000 ---p 00000000 00:00 0 
7f3b597fd000-7f3b598fa000 rw-p 00000000 00:00 0 
7f3b598fa000-7f3b598fb000 ---p 00000000 00:00 0 
7f3b598fb000-7f3b5a319000 rw-p 00000000 00:00 0 
7f3b5a319000-7f3b5a370000 rw-p 00000000 00:00 0 
7f3b5a370000-7f3b5a4a4000 ---p 00000000 00:00 0 
7f3b5a4a4000-7f3b5a4af000 rw-p 00000000 00:00 0 
7f3b5a4af000-7f3b5a548000 ---p 00000000 00:00 0 
7f3b5a548000-7f3b5a55d000 rw-p 00000000 00:00 0 
7f3b5a55d000-7f3b5a690000 ---p 00000000 00:00 0 
7f3b5a690000-7f3b5a696000 rw-p 00000000 00:00 0 
7f3b5a696000-7f3b5a77c000 ---p 00000000 00:00 0 
7f3b5a77c000-7f3b5a781000 rw-p 00000000 00:00 0 
7f3b5a781000-7f3b5a867000 ---p 00000000 00:00 0 
7f3b5a867000-7f3b5a882000 r-xp 00000000 08:05 144753                     /usr/lib/jvm/jdk-12.0.2/lib/libjimage.so
7f3b5a882000-7f3b5aa81000 ---p 0001b000 08:05 144753                     /usr/lib/jvm/jdk-12.0.2/lib/libjimage.so
7f3b5aa81000-7f3b5aa83000 r--p 0001a000 08:05 144753                     /usr/lib/jvm/jdk-12.0.2/lib/libjimage.so
7f3b5aa83000-7f3b5aa84000 rw-p 0001c000 08:05 144753                     /usr/lib/jvm/jdk-12.0.2/lib/libjimage.so
7f3b5aa84000-7f3b5aa8b000 r-xp 00000000 08:05 144710                     /usr/lib/jvm/jdk-12.0.2/lib/libzip.so
7f3b5aa8b000-7f3b5ac8a000 ---p 00007000 08:05 144710                     /usr/lib/jvm/jdk-12.0.2/lib/libzip.so
7f3b5ac8a000-7f3b5ac8b000 r--p 00006000 08:05 144710                     /usr/lib/jvm/jdk-12.0.2/lib/libzip.so
7f3b5ac8b000-7f3b5ac8c000 rw-p 00007000 08:05 144710                     /usr/lib/jvm/jdk-12.0.2/lib/libzip.so
7f3b5ac8c000-7f3b5ac8f000 r--p 00000000 08:05 144410                     /usr/lib/x86_64-linux-gnu/libnss_files-2.31.so
7f3b5ac8f000-7f3b5ac96000 r-xp 00003000 08:05 144410                     /usr/lib/x86_64-linux-gnu/libnss_files-2.31.so
7f3b5ac96000-7f3b5ac98000 r--p 0000a000 08:05 144410                     /usr/lib/x86_64-linux-gnu/libnss_files-2.31.so
7f3b5ac98000-7f3b5ac99000 r--p 0000b000 08:05 144410                     /usr/lib/x86_64-linux-gnu/libnss_files-2.31.so
7f3b5ac99000-7f3b5ac9a000 rw-p 0000c000 08:05 144410                     /usr/lib/x86_64-linux-gnu/libnss_files-2.31.so
7f3b5ac9a000-7f3b5aca0000 rw-p 00000000 00:00 0 
7f3b5aca0000-7f3b5aca1000 r--p 00000000 08:05 545                        /home/virtualpanda/1905228/p2p/libnative.so
7f3b5aca1000-7f3b5aca2000 r-xp 00001000 08:05 545                        /home/virtualpanda/1905228/p2p/libnative.so
7f3b5aca2000-7f3b5aca3000 r--p 00002000 08:05 545                        /home/virtualpanda/1905228/p2p/libnative.so
7f3b5aca3000-7f3b5aca4000 r--p 00002000 08:05 545                        /home/virtualpanda/1905228/p2p/libnative.so
7f3b5aca4000-7f3b5aca5000 rw-p 00003000 08:05 545                        /home/virtualpanda/1905228/p2p/libnative.so
7f3b5aca5000-7f3b5acaa000 rw-p 00000000 00:00 0 
7f3b5acaa000-7f3b5acb1000 ---p 00000000 00:00 0 
7f3b5acb1000-7f3b5acd9000 r-xp 00000000 08:05 144981                     /usr/lib/jvm/jdk-12.0.2/lib/libjava.so
7f3b5acd9000-7f3b5aed8000 ---p 00028000 08:05 144981                     /usr/lib/jvm/jdk-12.0.2/lib/libjava.so
7f3b5aed8000-7f3b5aed9000 r--p 00027000 08:05 144981                     /usr/lib/jvm/jdk-12.0.2/lib/libjava.so
7f3b5aed9000-7f3b5aedb000 rw-p 00028000 08:05 144981                     /usr/lib/jvm/jdk-12.0.2/lib/libjava.so
7f3b5aedb000-7f3b5aee8000 r-xp 00000000 08:05 144956                     /usr/lib/jvm/jdk-12.0.2/lib/libverify.so
7f3b5aee8000-7f3b5b0e7000 ---p 0000d000 08:05 144956                     /usr/lib/jvm/jdk-12.0.2/lib/libverify.so
7f3b5b0e7000-7f3b5b0e9000 r--p 0000c000 08:05 144956                     /usr/lib/jvm/jdk-12.0.2/lib/libverify.so
7f3b5b0e9000-7f3b5b0ea000 rw-p 0000e000 08:05 144956                     /usr/lib/jvm/jdk-12.0.2/lib/libverify.so
7f3b5b0ea000-7f3b5b0ed000 r--p 00000000 08:05 144612                     /usr/lib/x86_64-linux-gnu/librt-2.31.so
7f3b5b0ed000-7f3b5b0f1000 r-xp 00003000 08:05 144612                     /usr/lib/x86_64-linux-gnu/librt-2.31.so
7f3b5b0f1000-7f3b5b0f2000 r--p 00007000 08:05 144612                     /usr/lib/x86_64-linux-gnu/librt-2.31.so
7f3b5b0f2000-7f3b5b0f3000 ---p 00008000 08:05 144612                     /usr/lib/x86_64-linux-gnu/librt-2.31.so
7f3b5b0f3000-7f3b5b0f4000 r--p 00008000 08:05 144612                     /usr/lib/x86_64-linux-gnu/librt-2.31.so
7f3b5b0f4000-7f3b5b0f5000 rw-p 00009000 08:05 144612                     /usr/lib/x86_64-linux-gnu/librt-2.31.so
7f3b5b0f5000-7f3b5b0f9000 ---p 00000000 00:00 0 
7f3b5b0f9000-7f3b5b1f6000 rw-p 00000000 00:00 0 
7f3b5b1f6000-7f3b5b205000 r--p 00000000 08:05 144286                     /usr/lib/x86_64-linux-gnu/libm-2.31.so
7f3b5b205000-7f3b5b2ac000 r-xp 0000f000 08:05 144286                     /usr/lib/x86_64-linux-gnu/libm-2.31.so
7f3b5b2ac000-7f3b5b343000 r--p 000b6000 08:05 144286                     /usr/lib/x86_64-linux-gnu/libm-2.31.so
7f3b5b343000-7f3b5b344000 r--p 0014c000 08:05 144286                     /usr/lib/x86_64-linux-gnu/libm-2.31.so
7f3b5b344000-7f3b5b345000 rw-p 0014d000 08:05 144286                     /usr/lib/x86_64-linux-gnu/libm-2.31.so
7f3b5b345000-7f3b5c4a8000 r-xp 00000000 08:05 144987                     /usr/lib/jvm/jdk-12.0.2/lib/server/libjvm.so
7f3b5c4a8000-7f3b5c6a8000 ---p 01163000 08:05 144987                     /usr/lib/jvm/jdk-12.0.2/lib/server/libjvm.so
7f3b5c6a8000-7f3b5c769000 r--p 01163000 08:05 144987                     /usr/lib/jvm/jdk-12.0.2/lib/server/libjvm.so
7f3b5c769000-7f3b5c7a2000 rw-p 01224000 08:05 144987                     /usr/lib/jvm/jdk-12.0.2/lib/server/libjvm.so
7f3b5c7a2000-7f3b5c827000 rw-p 00000000 00:00 0 
7f3b5c827000-7f3b5c84c000 r--p 00000000 08:05 143644                     /usr/lib/x86_64-linux-gnu/libc-2.31.so
7f3b5c84c000-7f3b5c9c4000 r-xp 00025000 08:05 143644                     /usr/lib/x86_64-linux-gnu/libc-2.31.so
7f3b5c9c4000-7f3b5ca0e000 r--p 0019d000 08:05 143644                     /usr/lib/x86_64-linux-gnu/libc-2.31.so
7f3b5ca0e000-7f3b5ca0f000 ---p 001e7000 08:05 143644                     /usr/lib/x86_64-linux-gnu/libc-2.31.so
7f3b5ca0f000-7f3b5ca12000 r--p 001e7000 08:05 143644                     /usr/lib/x86_64-linux-gnu/libc-2.31.so
7f3b5ca12000-7f3b5ca15000 rw-p 001ea000 08:05 143644                     /usr/lib/x86_64-linux-gnu/libc-2.31.so
7f3b5ca15000-7f3b5ca19000 rw-p 00000000 00:00 0 
7f3b5ca19000-7f3b5ca1a000 r--p 00000000 08:05 143779                     /usr/lib/x86_64-linux-gnu/libdl-2.31.so
7f3b5ca1a000-7f3b5ca1c000 r-xp 00001000 08:05 143779                     /usr/lib/x86_64-linux-gnu/libdl-2.31.so
7f3b5ca1c000-7f3b5ca1d000 r--p 00003000 08:05 143779                     /usr/lib/x86_64-linux-gnu/libdl-2.31.so
7f3b5ca1d000-7f3b5ca1e000 r--p 00003000 08:05 143779                     /usr/lib/x86_64-linux-gnu/libdl-2.31.so
7f3b5ca1e000-7f3b5ca1f000 rw-p 00004000 08:05 143779                     /usr/lib/x86_64-linux-gnu/libdl-2.31.so
7f3b5ca1f000-7f3b5ca26000 r--p 00000000 08:05 144551                     /usr/lib/x86_64-linux-gnu/libpthread-2.31.so
7f3b5ca26000-7f3b5ca37000 r-xp 00007000 08:05 144551                     /usr/lib/x86_64-linux-gnu/libpthread-2.31.so
7f3b5ca37000-7f3b5ca3c000 r--p 00018000 08:05 144551                     /usr/lib/x86_64-linux-gnu/libpthread-2.31.so
7f3b5ca3c000-7f3b5ca3d000 r--p 0001c000 08:05 144551                     /usr/lib/x86_64-linux-gnu/libpthread-2.31.so
7f3b5ca3d000-7f3b5ca3e000 rw-p 0001d000 08:05 144551                     /usr/lib/x86_64-linux-gnu/libpthread-2.31.so
7f3b5ca3e000-7f3b5ca42000 rw-p 00000000 00:00 0 
7f3b5ca42000-7f3b5ca52000 r-xp 00000000 08:05 144293                     /usr/lib/jvm/jdk-12.0.2/lib/libjli.so
7f3b5ca52000-7f3b5cc51000 ---p 00010000 08:05 144293                     /usr/lib/jvm/jdk-12.0.2/lib/libjli.so
7f3b5cc51000-7f3b5cc52000 r--p 0000f000 08:05 144293                     /usr/lib/jvm/jdk-12.0.2/lib/libjli.so
7f3b5cc52000-7f3b5cc53000 rw-p 00010000 08:05 144293                     /usr/lib/jvm/jdk-12.0.2/lib/libjli.so
7f3b5cc53000-7f3b5cc55000 r--p 00000000 08:05 144976                     /usr/lib/x86_64-linux-gnu/libz.so.1.2.11
7f3b5cc55000-7f3b5cc66000 r-xp 00002000 08:05 144976                     /usr/lib/x86_64-linux-gnu/libz.so.1.2.11
7f3b5cc66000-7f3b5cc6c000 r--p 00013000 08:05 144976                     /usr/lib/x86_64-linux-gnu/libz.so.1.2.11
7f3b5cc6c000-7f3b5cc6d000 ---p 00019000 08:05 144976                     /usr/lib/x86_64-linux-gnu/libz.so.1.2.11
7f3b5cc6d000-7f3b5cc6e000 r--p 00019000 08:05 144976                     /usr/lib/x86_64-linux-gnu/libz.so.1.2.11
7f3b5cc6e000-7f3b5cc6f000 rw-p 0001a000 08:05 144976                     /usr/lib/x86_64-linux-gnu/libz.so.1.2.11
7f3b5cc6f000-7f3b5cc71000 rw-p 00000000 00:00 0 
7f3b5cc71000-7f3b5cc72000 r--s 00000000 00:35 37                         /run/user/1000/dconf/user
7f3b5cc72000-7f3b5cc73000 r--p 00000000 08:05 143473                     /usr/lib/x86_64-linux-gnu/libXau.so.6.0.0
7f3b5cc73000-7f3b5cc75000 r-xp 00001000 08:05 143473                     /usr/lib/x86_64-linux-gnu/libXau.so.6.0.0
7f3b5cc75000-7f3b5cc76000 r--p 00003000 08:05 143473                     /usr/lib/x86_64-linux-gnu/libXau.so.6.0.0
7f3b5cc76000-7f3b5cc77000 r--p 00003000 08:05 143473                     /usr/lib/x86_64-linux-gnu/libXau.so.6.0.0
7f3b5cc77000-7f3b5cc78000 rw-p 00004000 08:05 143473                     /usr/lib/x86_64-linux-gnu/libXau.so.6.0.0
7f3b5cc78000-7f3b5cc80000 rw-s 00000000 08:05 131290                     /tmp/hsperfdata_virtualpanda/2293
7f3b5cc80000-7f3b5cc81000 ---p 00000000 00:00 0 
7f3b5cc81000-7f3b5cc82000 r--p 00000000 00:00 0 
7f3b5cc82000-7f3b5cc83000 r--p 00000000 08:05 143428                     /usr/lib/x86_64-linux-gnu/ld-2.31.so
7f3b5cc83000-7f3b5cca6000 r-xp 00001000 08:05 143428                     /usr/lib/x86_64-linux-gnu/ld-2.31.so
7f3b5cca6000-7f3b5ccae000 r--p 00024000 08:05 143428                     /usr/lib/x86_64-linux-gnu/ld-2.31.so
7f3b5ccae000-7f3b5ccaf000 ---p 00000000 00:00 0 
7f3b5ccaf000-7f3b5ccb0000 r--p 0002c000 08:05 143428                     /usr/lib/x86_64-linux-gnu/ld-2.31.so
7f3b5ccb0000-7f3b5ccb1000 rw-p 0002d000 08:05 143428                     /usr/lib/x86_64-linux-gnu/ld-2.31.so
7f3b5ccb1000-7f3b5ccb2000 rw-p 00000000 00:00 0 
7ffeaa647000-7ffeaa668000 rw-p 00000000 00:00 0                          [stack]
7ffeaa7b6000-7ffeaa7ba000 r--p 00000000 00:00 0                          [vvar]
7ffeaa7ba000-7ffeaa7bc000 r-xp 00000000 00:00 0                          [vdso]
ffffffffff600000-ffffffffff601000 --xp 00000000 00:00 0                  [vsyscall]


VM Arguments:
jvm_args: -Djava.library.path=. 
java_command: Gui
java_class_path (initial): .
Launcher Type: SUN_STANDARD

[Global flags]
     intx CICompilerCount                          = 2                                         {product} {ergonomic}
   size_t InitialHeapSize                          = 65011712                                  {product} {ergonomic}
   size_t MaxHeapSize                              = 1031798784                                {product} {ergonomic}
   size_t MaxNewSize                               = 343932928                                 {product} {ergonomic}
   size_t MinHeapDeltaBytes                        = 196608                                    {product} {ergonomic}
   size_t NewSize                                  = 21626880                                  {product} {ergonomic}
    uintx NonNMethodCodeHeapSize                   = 5825164                                {pd product} {ergonomic}
    uintx NonProfiledCodeHeapSize                  = 122916538                              {pd product} {ergonomic}
   size_t OldSize                                  = 43384832                                  {product} {ergonomic}
    uintx ProfiledCodeHeapSize                     = 122916538                              {pd product} {ergonomic}
    uintx ReservedCodeCacheSize                    = 251658240                              {pd product} {ergonomic}
     bool SegmentedCodeCache                       = true                                      {product} {ergonomic}
     bool UseCompressedClassPointers               = true                                 {lp64_product} {ergonomic}
     bool UseCompressedOops                        = true                                 {lp64_product} {ergonomic}
     bool UseSerialGC                              = true                                      {product} {ergonomic}

Logging:
Log output configuration:
 #0: stdout all=warning uptime,level,tags
 #1: stderr all=off uptime,level,tags

Environment Variables:
JAVA_HOME=/usr/lib/jvm/jdk-12.0.2
PATH=/usr/local/sbin:/usr/local/bin:/usr/sbin:/usr/bin:/sbin:/bin:/usr/games:/usr/local/games:/snap/bin:/usr/lib/jvm/jdk-12.0.2/bin
USERNAME=virtualpanda
SHELL=/bin/bash
DISPLAY=:0

Signal Handlers:
SIGSEGV: [libjvm.so+0xe44380], sa_mask[0]=11111111011111111101111111111110, sa_flags=SA_RESTART|SA_SIGINFO
SIGBUS: [libjvm.so+0xe44380], sa_mask[0]=11111111011111111101111111111110, sa_flags=SA_RESTART|SA_SIGINFO
SIGFPE: [libjvm.so+0xe44380], sa_mask[0]=11111111011111111101111111111110, sa_flags=SA_RESTART|SA_SIGINFO
SIGPIPE: SIG_IGN, sa_mask[0]=00000000000010000000000000000000, sa_flags=SA_RESTART
SIGXFSZ: [libjvm.so+0xbf3e70], sa_mask[0]=11111111011111111101111111111110, sa_flags=SA_RESTART|SA_SIGINFO
SIGILL: [libjvm.so+0xe44380], sa_mask[0]=11111111011111111101111111111110, sa_flags=SA_RESTART|SA_SIGINFO
SIGUSR2: [libjvm.so+0xbf3d10], sa_mask[0]=00000000000000000000000000000000, sa_flags=SA_RESTART|SA_SIGINFO
SIGHUP: [libjvm.so+0xbf4070], sa_mask[0]=11111111011111111101111111111110, sa_flags=SA_RESTART|SA_SIGINFO
SIGINT: [libjvm.so+0xbf4070], sa_mask[0]=11111111011111111101111111111110, sa_flags=SA_RESTART|SA_SIGINFO
SIGTERM: [libjvm.so+0xbf4070], sa_mask[0]=11111111011111111101111111111110, sa_flags=SA_RESTART|SA_SIGINFO
SIGQUIT: [libjvm.so+0xbf4070], sa_mask[0]=11111111011111111101111111111110, sa_flags=SA_RESTART|SA_SIGINFO


---------------  S Y S T E M  ---------------

OS:DISTRIB_ID=Ubuntu
DISTRIB_RELEASE=20.04
DISTRIB_CODENAME=focal
DISTRIB_DESCRIPTION="Ubuntu 20.04.3 LTS"
uname:Linux 5.11.0-43-generic #47~20.04.2-Ubuntu SMP Mon Dec 13 11:06:56 UTC 2021 x86_64
libc:glibc 2.31 NPTL 2.31 
rlimit: STACK 8192k, CORE 0k, NPROC 15460, NOFILE 1048576, AS infinity, DATA infinity, FSIZE infinity
load average:0.79 0.42 0.41

/proc/meminfo:
MemTotal:        4023432 kB
MemFree:         2116072 kB
MemAvailable:    2955128 kB
Buffers:           46244 kB
Cached:           989864 kB
SwapCached:            0 kB
Active:           366820 kB
Inactive:        1373232 kB
Active(anon):       1324 kB
Inactive(anon):   724272 kB
Active(file):     365496 kB
Inactive(file):   648960 kB
Unevictable:           0 kB
Mlocked:               0 kB
SwapTotal:        459260 kB
SwapFree:         459260 kB
Dirty:               188 kB
Writeback:             0 kB
AnonPages:        703992 kB
Mapped:           285820 kB
Shmem:             25896 kB
KReclaimable:      55152 kB
Slab:             104756 kB
SReclaimable:      55152 kB
SUnreclaim:        49604 kB
KernelStack:        7008 kB
PageTables:        13328 kB
NFS_Unstable:          0 kB
Bounce:                0 kB
WritebackTmp:          0 kB
CommitLimit:     2470976 kB
Committed_AS:    3592704 kB
VmallocTotal:   34359738367 kB
VmallocUsed:       35952 kB
VmallocChunk:          0 kB
Percpu:              652 kB
HardwareCorrupted:     0 kB
AnonHugePages:         0 kB
ShmemHugePages:        0 kB
ShmemPmdMapped:        0 kB
FileHugePages:         0 kB
FilePmdMapped:         0 kB
HugePages_Total:       0
HugePages_Free:        0
HugePages_Rsvd:        0
HugePages_Surp:        0
Hugepagesize:       2048 kB
Hugetlb:               0 kB
DirectMap4k:      141248 kB
DirectMap2M:     4052992 kB


/proc/sys/kernel/threads-max (system-wide limit on the number of threads):
30921


/proc/sys/vm/max_map_count (maximum number of memory map areas a process may have):
65530


/proc/sys/kernel/pid_max (system-wide limit on number of process identifiers):
4194304



container (cgroup) information:
container_type: cgroupv1
cpu_cpuset_cpus: 0
cpu_memory_nodes: 0
active_processor_count: 1
cpu_quota: -1
cpu_period: 100000
cpu_shares: -1
memory_limit_in_bytes: -1
memory_and_swap_limit_in_bytes: -1
memory_soft_limit_in_bytes: -1
memory_usage_in_bytes: 818515968
memory_max_usage_in_bytes: 826179584


CPU:total 1 (initial active 1) (1 cores per cpu, 1 threads per core) family 6 model 142 stepping 10, cmov, cx8, fxsr, mmx, sse, sse2, sse3, ssse3, sse4.1, sse4.2, popcnt, avx, avx2, aes, clmul, 3dnowpref, lzcnt, tsc, tscinvbit
CPU Model and flags from /proc/cpuinfo:
model name	: Intel(R) Core(TM) i5-8250U CPU @ 1.60GHz
flags		: fpu vme de pse tsc msr pae mce cx8 apic sep mtrr pge mca cmov pat pse36 clflush mmx fxsr sse sse2 ht syscall nx rdtscp lm constant_tsc rep_good nopl xtopology nonstop_tsc cpuid tsc_known_freq pni pclmulqdq monitor ssse3 cx16 pcid sse4_1 sse4_2 x2apic movbe popcnt aes xsave avx rdrand hypervisor lahf_lm abm 3dnowprefetch invpcid_single pti fsgsbase avx2 invpcid rdseed clflushopt md_clear flush_l1d

Memory: 4k page, physical 4023432k(2116072k free), swap 459260k(459260k free)

vm_info: Java HotSpot(TM) 64-Bit Server VM (12.0.2+10) for linux-amd64 JRE (12.0.2+10), built on Jul 16 2019 00:56:35 by "mach5one" with gcc 7.3.0

END.
