#
# A fatal error has been detected by the Java Runtime Environment:
#
#  SIGSEGV (0xb) at pc=0x00007f304973d5a1, pid=3623, tid=3642
#
# JRE version: Java(TM) SE Runtime Environment (12.0.1+12) (build 12.0.1+12)
# Java VM: Java HotSpot(TM) 64-Bit Server VM (12.0.1+12, mixed mode, sharing, tiered, compressed oops, serial gc, linux-amd64)
# Problematic frame:
# C  [libc.so.6+0x18e5a1]
#
# Core dump will be written. Default location: Core dumps may be processed with "/usr/share/apport/apport %p %s %c %d %P" (or dumping to /home/kiit/1905243/cnProject/CN-p2p-file-sharing/core.3623)
#
# If you would like to submit a bug report, please visit:
#   http://bugreport.java.com/bugreport/crash.jsp
# The crash happened outside the Java Virtual Machine in native code.
# See problematic frame for where to report the bug.
#

---------------  S U M M A R Y ------------

Command Line: -Djava.library.path=. Gui

Host: Intel(R) Core(TM) i5-8250U CPU @ 1.60GHz, 1 cores, 3G, Ubuntu 18.04.2 LTS
Time: Mon Jan 24 20:26:40 2022 IST elapsed time: 11 seconds (0d 0h 0m 11s)

---------------  T H R E A D  ---------------

Current thread (0x00007f302402e800):  JavaThread "AWT-EventQueue-0" [_thread_in_native, id=3642, stack(0x00007f3008b7b000,0x00007f3008c7c000)]

Stack: [0x00007f3008b7b000,0x00007f3008c7c000],  sp=0x00007f3008c79258,  free space=1016k
Native frames: (J=compiled Java code, A=aot compiled Java code, j=interpreted, Vv=VM code, C=native code)
C  [libc.so.6+0x18e5a1]
C  [libc.so.6+0x64f26]  _IO_printf+0xa6
j  Gui.getStructArray()[Lfileinfo;+0

[error occurred during error reporting (printing native stack), id 0xb, SIGSEGV (0xb) at pc=0x00007f30487f0b42]

Java frames: (J=compiled Java code, j=interpreted, Vv=VM code)
j  Gui.getStructArray()[Lfileinfo;+0

[error occurred during error reporting (printing Java stack), id 0xb, SIGSEGV (0xb) at pc=0x00007f30487f0b42]


siginfo: si_signo: 11 (SIGSEGV), si_code: 2 (SEGV_ACCERR), si_addr: 0x00007f3008c7c00a

Register to memory mapping:

RAX=0x0000000000000018 is an unknown value
RBX=0x00007f300b1a1928: <offset 0x0000000000001928> in /home/kiit/1905243/cnProject/CN-p2p-file-sharing/libnative.so at 0x00007f300b1a0000
RCX=0x000000000000000a is an unknown value
RDX=0x00007f3008c7c00a is pointing into the stack for thread: 0x00007f304029f800
RSP=0x00007f3008c79258 is pointing into the stack for thread: 0x00007f302402e800
RBP=0x00007f3008c797d0 is pointing into the stack for thread: 0x00007f302402e800
RSI=0x00007f3008c79798 is pointing into the stack for thread: 0x00007f302402e800
RDI=0x00007f3008c7c00a is pointing into the stack for thread: 0x00007f304029f800
R8 =0x00007f3008c7c00a is pointing into the stack for thread: 0x00007f304029f800
R9 =0x0 is NULL
R10=0x0 is NULL
R11=0x00007f300b1a1941: <offset 0x0000000000001941> in /home/kiit/1905243/cnProject/CN-p2p-file-sharing/libnative.so at 0x00007f300b1a0000
R12=0x00007f3008c797e0 is pointing into the stack for thread: 0x00007f302402e800
R13=0x0000000000000016 is an unknown value
R14=0x00007f304999b760: _IO_2_1_stdout_+0x0000000000000000 in /lib/x86_64-linux-gnu/libc.so.6 at 0x00007f30495af000
R15=0x0000000000000073 is an unknown value


Registers:
RAX=0x0000000000000018, RBX=0x00007f300b1a1928, RCX=0x000000000000000a, RDX=0x00007f3008c7c00a
RSP=0x00007f3008c79258, RBP=0x00007f3008c797d0, RSI=0x00007f3008c79798, RDI=0x00007f3008c7c00a
R8 =0x00007f3008c7c00a, R9 =0x0000000000000000, R10=0x0000000000000000, R11=0x00007f300b1a1941
R12=0x00007f3008c797e0, R13=0x0000000000000016, R14=0x00007f304999b760, R15=0x0000000000000073
RIP=0x00007f304973d5a1, EFLAGS=0x0000000000010283, CSGSFS=0x002b000000000033, ERR=0x0000000000000004
  TRAPNO=0x000000000000000e

Top of Stack: (sp=0x00007f3008c79258)
0x00007f3008c79258:   00007f304960c4d3 00007f3008c792c8
0x00007f3008c79268:   0000000000000000 00007f300b1a194a
0x00007f3008c79278:   00007f3000000000 0000000000000000
0x00007f3008c79288:   0000000000000001 ffffffffffffffff 

Instructions: (pc=0x00007f304973d5a1)
0x00007f304973d581:   c0 c5 f8 77 c3 66 2e 0f 1f 84 00 00 00 00 00 89
0x00007f304973d591:   f9 48 89 fa c5 f9 ef c0 83 e1 3f 83 f9 20 77 1f
0x00007f304973d5a1:   c5 fd 74 0f c5 fd d7 c1 85 c0 0f 85 df 00 00 00
0x00007f304973d5b1:   48 83 c7 20 83 e1 1f 48 83 e7 e0 eb 36 66 90 83 

Stack slot to memory mapping:
stack at sp + 0 slots: 0x00007f304960c4d3: _IO_vfprintf+0x0000000000002143 in /lib/x86_64-linux-gnu/libc.so.6 at 0x00007f30495af000
stack at sp + 1 slots: 0x00007f3008c792c8 is pointing into the stack for thread: 0x00007f302402e800
stack at sp + 2 slots: 0x0 is NULL
stack at sp + 3 slots: 0x00007f300b1a194a: <offset 0x000000000000194a> in /home/kiit/1905243/cnProject/CN-p2p-file-sharing/libnative.so at 0x00007f300b1a0000
stack at sp + 4 slots: 0x00007f3000000000 is an unknown value
stack at sp + 5 slots: 0x0 is NULL
stack at sp + 6 slots: 0x0000000000000001 is an unknown value
stack at sp + 7 slots: 0xffffffffffffffff is an unknown value


---------------  P R O C E S S  ---------------

Threads class SMR info:
_java_thread_list=0x0000000000ba69d0, length=14, elements={
0x00007f3040059800, 0x00007f304005b800, 0x00007f3040062000, 0x00007f3040064000,
0x00007f3040066000, 0x00007f3040068000, 0x00007f30400a2800, 0x00007f30400ac000,
0x00007f30401d2000, 0x00007f30401f8800, 0x00007f304029f800, 0x00007f302402e800,
0x00007f3040011000, 0x0000000000ba5000
}

Java Threads: ( => current thread )
  0x00007f3040059800 JavaThread "Reference Handler" daemon [_thread_blocked, id=3626, stack(0x00007f3045a9a000,0x00007f3045b9b000)]
  0x00007f304005b800 JavaThread "Finalizer" daemon [_thread_blocked, id=3627, stack(0x00007f3045999000,0x00007f3045a9a000)]
  0x00007f3040062000 JavaThread "Signal Dispatcher" daemon [_thread_blocked, id=3628, stack(0x00007f3044ec9000,0x00007f3044fca000)]
  0x00007f3040064000 JavaThread "C2 CompilerThread0" daemon [_thread_blocked, id=3629, stack(0x00007f3044dc8000,0x00007f3044ec9000)]
  0x00007f3040066000 JavaThread "C1 CompilerThread0" daemon [_thread_blocked, id=3630, stack(0x00007f3044cc7000,0x00007f3044dc8000)]
  0x00007f3040068000 JavaThread "Sweeper thread" daemon [_thread_blocked, id=3631, stack(0x00007f3044bc6000,0x00007f3044cc7000)]
  0x00007f30400a2800 JavaThread "Service Thread" daemon [_thread_blocked, id=3632, stack(0x00007f3044ac5000,0x00007f3044bc6000)]
  0x00007f30400ac000 JavaThread "Common-Cleaner" daemon [_thread_blocked, id=3634, stack(0x00007f30448c2000,0x00007f30449c3000)]
  0x00007f30401d2000 JavaThread "Java2D Disposer" daemon [_thread_blocked, id=3638, stack(0x00007f3044099000,0x00007f304419a000)]
  0x00007f30401f8800 JavaThread "AWT-XAWT" daemon [_thread_in_native, id=3639, stack(0x00007f30280c0000,0x00007f30281c1000)]
  0x00007f304029f800 JavaThread "AWT-Shutdown" [_thread_blocked, id=3641, stack(0x00007f3008c7c000,0x00007f3008d7d000)]
=>0x00007f302402e800 JavaThread "AWT-EventQueue-0" [_thread_in_native, id=3642, stack(0x00007f3008b7b000,0x00007f3008c7c000)]
  0x00007f3040011000 JavaThread "DestroyJavaVM" [_thread_blocked, id=3624, stack(0x00007f304a2fd000,0x00007f304a3fe000)]
  0x0000000000ba5000 JavaThread "TimerQueue" daemon [_thread_blocked, id=3643, stack(0x00007f3005c09000,0x00007f3005d0a000)]

Other Threads:
  0x00007f3040056800 VMThread "VM Thread" [stack: 0x00007f3045b9d000,0x00007f3045c9d000] [id=3625]
  0x00007f30400a9000 WatcherThread [stack: 0x00007f30449c5000,0x00007f3044ac5000] [id=3633]

Threads with active compile tasks:

VM state:not at safepoint (normal execution)

VM Mutex/Monitor currently owned by a thread: None

Heap address: 0x00000000c2400000, size: 988 MB, Compressed Oops mode: 32-bit
Narrow klass base: 0x0000000800000000, Narrow klass shift: 3
Compressed class space size: 1073741824 Address: 0x0000000801129000

Heap:
 def new generation   total 19008K, used 9471K [0x00000000c2400000, 0x00000000c38a0000, 0x00000000d6d50000)
  eden space 16896K,  56% used [0x00000000c2400000, 0x00000000c2d3fd40, 0x00000000c3480000)
  from space 2112K,   0% used [0x00000000c3480000, 0x00000000c3480000, 0x00000000c3690000)
  to   space 2112K,   0% used [0x00000000c3690000, 0x00000000c3690000, 0x00000000c38a0000)
 tenured generation   total 42368K, used 0K [0x00000000d6d50000, 0x00000000d96b0000, 0x0000000100000000)
   the space 42368K,   0% used [0x00000000d6d50000, 0x00000000d6d50000, 0x00000000d6d50200, 0x00000000d96b0000)
 Metaspace       used 10280K, capacity 10668K, committed 11136K, reserved 1058816K
  class space    used 1118K, capacity 1283K, committed 1408K, reserved 1048576K

Card table byte_map: [0x00007f30466c3000,0x00007f30468b2000] _byte_map_base: 0x00007f30460b1000

Polling page: 0x00007f304a415000

Metaspace:

Usage:
  Non-class:      9.17 MB capacity,     8.95 MB ( 98%) used,   189.04 KB (  2%) free+waste,    33.81 KB ( <1%) overhead. 
      Class:      1.25 MB capacity,     1.09 MB ( 87%) used,   145.52 KB ( 11%) free+waste,    19.31 KB (  2%) overhead. 
       Both:     10.42 MB capacity,    10.04 MB ( 96%) used,   334.56 KB (  3%) free+waste,    53.12 KB ( <1%) overhead. 

Virtual space:
  Non-class space:       10.00 MB reserved,       9.50 MB ( 95%) committed 
      Class space:        1.00 GB reserved,       1.38 MB ( <1%) committed 
             Both:        1.01 GB reserved,      10.88 MB (  1%) committed 

Chunk freelists:
   Non-Class:  13.88 KB
       Class:  3.12 KB
        Both:  17.00 KB

CodeHeap 'non-profiled nmethods': size=120036Kb used=359Kb max_used=359Kb free=119676Kb
 bounds [0x00007f303063f000, 0x00007f30308af000, 0x00007f3037b78000]
CodeHeap 'profiled nmethods': size=120032Kb used=2454Kb max_used=2454Kb free=117577Kb
 bounds [0x00007f3029107000, 0x00007f3029377000, 0x00007f303063f000]
CodeHeap 'non-nmethods': size=5692Kb used=1250Kb max_used=1264Kb free=4441Kb
 bounds [0x00007f3028b78000, 0x00007f3028de8000, 0x00007f3029107000]
 total_blobs=2055 nmethods=1259 adapters=562
 compilation: enabled
              stopped_count=0, restarted_count=0
 full_count=0

Compilation events (10 events):
Event: 11.398 Thread 0x00007f3040066000 1258       1       sun.java2d.xr.GrowableIntArray::getCellIndex (7 bytes)
Event: 11.398 Thread 0x00007f3040066000 nmethod 1258 0x00007f3030698810 code [0x00007f30306989c0, 0x00007f3030698af0]
Event: 11.399 Thread 0x00007f3040066000 1259       3       java.security.AccessControlContext::<init> (30 bytes)
Event: 11.399 Thread 0x00007f3040066000 nmethod 1259 0x00007f302936b090 code [0x00007f302936b240, 0x00007f302936b450]
Event: 11.399 Thread 0x00007f3040066000 1257       1       javax.swing.JComponent::isOptimizedDrawingEnabled (2 bytes)
Event: 11.399 Thread 0x00007f3040066000 nmethod 1257 0x00007f3030698b90 code [0x00007f3030698d40, 0x00007f3030698e70]
Event: 11.399 Thread 0x00007f3040066000 1255       3       sun.awt.X11.XContentWindow::isEventDisabled (87 bytes)
Event: 11.399 Thread 0x00007f3040066000 nmethod 1255 0x00007f302936b510 code [0x00007f302936b720, 0x00007f302936be38]
Event: 11.399 Thread 0x00007f3040066000 1256       3       sun.awt.X11.XContentWindow::postEventToEventQueue (6 bytes)
Event: 11.400 Thread 0x00007f3040066000 nmethod 1256 0x00007f302936c090 code [0x00007f302936c280, 0x00007f302936c758]

GC Heap History (0 events):
No events

Deoptimization events (5 events):
Event: 0.070 Thread 0x00007f3040011000 Uncommon trap: reason=unstable_if action=reinterpret pc=0x00007f30306438e0 method=java.lang.String.hashCode()I @ 14 c2
Event: 2.764 Thread 0x00007f302402e800 Uncommon trap: reason=class_check action=maybe_recompile pc=0x00007f3030657568 method=java.lang.String.equals(Ljava/lang/Object;)Z @ 8 c2
Event: 2.764 Thread 0x00007f302402e800 Uncommon trap: reason=class_check action=maybe_recompile pc=0x00007f3030657568 method=java.lang.String.equals(Ljava/lang/Object;)Z @ 8 c2
Event: 2.928 Thread 0x00007f302402e800 Uncommon trap: reason=class_check action=maybe_recompile pc=0x00007f3030657568 method=java.lang.String.equals(Ljava/lang/Object;)Z @ 8 c2
Event: 2.928 Thread 0x00007f302402e800 Uncommon trap: reason=class_check action=maybe_recompile pc=0x00007f3030657568 method=java.lang.String.equals(Ljava/lang/Object;)Z @ 8 c2

Classes redefined (0 events):
No events

Internal exceptions (10 events):
Event: 0.884 Thread 0x00007f3040011000 Exception <a 'java/lang/NoSuchMethodError'{0x00000000c29e7ad8}: java.lang.invoke.DirectMethodHandle$Holder.invokeStatic(Ljava/lang/Object;Ljava/lang/Object;Ljava/lang/Object;Ljava/lang/Object;Ljava/lang/Object;Ljava/lang/Object;Ljava/lang/Object;Ljava/lan
Event: 0.889 Thread 0x00007f3040011000 Exception <a 'java/lang/NoSuchMethodError'{0x00000000c29f43a0}: java.lang.invoke.DirectMethodHandle$Holder.invokeSpecial(Ljava/lang/Object;Ljava/lang/Object;JLjava/lang/Object;Ljava/lang/Object;Ljava/lang/Object;Ljava/lang/Object;Ljava/lang/Object;)Ljava/
Event: 0.889 Thread 0x00007f3040011000 Exception <a 'java/lang/NoSuchMethodError'{0x00000000c29f7a20}: java.lang.invoke.DelegatingMethodHandle$Holder.reinvoke_L(Ljava/lang/Object;JLjava/lang/Object;Ljava/lang/Object;Ljava/lang/Object;Ljava/lang/Object;Ljava/lang/Object;)Ljava/lang/Object;> (0x
Event: 0.904 Thread 0x00007f3040011000 Exception <a 'java/lang/NoSuchMethodError'{0x00000000c2a0be98}: java.lang.invoke.DirectMethodHandle$Holder.invokeStatic(Ljava/lang/Object;Ljava/lang/Object;Ljava/lang/Object;Ljava/lang/Object;Ljava/lang/Object;J)Ljava/lang/Object;> (0x00000000c2a0be98) th
Event: 0.913 Thread 0x00007f3040011000 Exception <a 'java/lang/NoSuchMethodError'{0x00000000c2a29260}: java.lang.invoke.Invokers$Holder.linkToTargetMethod(Ljava/lang/Object;Ljava/lang/Object;Ljava/lang/Object;Ljava/lang/Object;Ljava/lang/Object;Ljava/lang/Object;)Ljava/lang/Object;> (0x0000000
Event: 0.925 Thread 0x00007f3040011000 Exception <a 'java/lang/NoSuchMethodError'{0x00000000c2a61450}: java.lang.invoke.DirectMethodHandle$Holder.invokeSpecial(Ljava/lang/Object;Ljava/lang/Object;JLjava/lang/Object;Ljava/lang/Object;Ljava/lang/Object;Ljava/lang/Object;)Ljava/lang/Object;> (0x0
Event: 0.925 Thread 0x00007f3040011000 Exception <a 'java/lang/NoSuchMethodError'{0x00000000c2a64888}: java.lang.invoke.DelegatingMethodHandle$Holder.reinvoke_L(Ljava/lang/Object;JLjava/lang/Object;Ljava/lang/Object;Ljava/lang/Object;Ljava/lang/Object;)Ljava/lang/Object;> (0x00000000c2a64888) 
Event: 0.934 Thread 0x00007f3040011000 Exception <a 'java/lang/NoSuchMethodError'{0x00000000c2a7c030}: java.lang.invoke.DirectMethodHandle$Holder.invokeStatic(Ljava/lang/Object;Ljava/lang/Object;Ljava/lang/Object;Ljava/lang/Object;Ljava/lang/Object;Ljava/lang/Object;J)Ljava/lang/Object;> (0x00
Event: 0.940 Thread 0x00007f3040011000 Exception <a 'java/lang/NoSuchMethodError'{0x00000000c2a929c0}: java.lang.invoke.DirectMethodHandle$Holder.invokeStatic(Ljava/lang/Object;Ljava/lang/Object;Ljava/lang/Object;Ljava/lang/Object;Ljava/lang/Object;Ljava/lang/Object;JLjava/lang/Object;)Ljava/l
Event: 1.265 Thread 0x00007f302402e800 Exception <a 'java/lang/UnsupportedOperationException'{0x00000000c2c15500}: > (0x00000000c2c15500) thrown at [/scratch/opt/mach5/mesos/work_dir/slaves/2dd962d0-8988-479b-a804-57ab764ada59-S77524/frameworks/1735e8a2-a1db-478c-8104-60c8b0af87dd-0196/executo

Events (10 events):
Event: 8.972 loading class sun/font/FontSubstitution
Event: 8.972 loading class sun/font/FontSubstitution done
Event: 8.972 loading class sun/font/StandardGlyphVector$GlyphStrike
Event: 8.972 loading class sun/font/StandardGlyphVector$GlyphStrike done
Event: 8.988 Executing VM operation: RevokeBias
Event: 8.988 Executing VM operation: RevokeBias done
Event: 9.620 loading class java/awt/LightweightDispatcher$2
Event: 9.620 loading class java/awt/LightweightDispatcher$2 done
Event: 11.397 loading class sun/awt/im/CompositionArea
Event: 11.397 loading class sun/awt/im/CompositionArea done


Dynamic libraries:
00400000-00401000 r-xp 00000000 08:01 937687                             /usr/lib/jvm/jdk-12.0.1/bin/java
00600000-00601000 r--p 00000000 08:01 937687                             /usr/lib/jvm/jdk-12.0.1/bin/java
00601000-00602000 rw-p 00001000 08:01 937687                             /usr/lib/jvm/jdk-12.0.1/bin/java
00b79000-00be4000 rw-p 00000000 00:00 0                                  [heap]
c2400000-c38a0000 rw-p 00000000 00:00 0 
c38a0000-d6d50000 ---p 00000000 00:00 0 
d6d50000-d96b0000 rw-p 00000000 00:00 0 
d96b0000-100000000 ---p 00000000 00:00 0 
800000000-800003000 rwxp 00001000 08:01 937604                           /usr/lib/jvm/jdk-12.0.1/lib/server/classes.jsa
800003000-8003d9000 rw-p 00004000 08:01 937604                           /usr/lib/jvm/jdk-12.0.1/lib/server/classes.jsa
8003d9000-800ae3000 r--p 003da000 08:01 937604                           /usr/lib/jvm/jdk-12.0.1/lib/server/classes.jsa
800ae3000-800ae4000 rw-p 00ae4000 08:01 937604                           /usr/lib/jvm/jdk-12.0.1/lib/server/classes.jsa
800ae4000-801129000 r--p 00ae5000 08:01 937604                           /usr/lib/jvm/jdk-12.0.1/lib/server/classes.jsa
801129000-801289000 rw-p 00000000 00:00 0 
801289000-841129000 ---p 00000000 00:00 0 
7f3005c09000-7f3005c0d000 ---p 00000000 00:00 0 
7f3005c0d000-7f3005e8a000 rw-p 00000000 00:00 0 
7f3005e8a000-7f3005f0a000 ---p 00000000 00:00 0 
7f3005f0a000-7f3005f0f000 r-xp 00000000 08:01 1845464                    /usr/lib/x86_64-linux-gnu/libXfixes.so.3.1.0
7f3005f0f000-7f300610e000 ---p 00005000 08:01 1845464                    /usr/lib/x86_64-linux-gnu/libXfixes.so.3.1.0
7f300610e000-7f300610f000 r--p 00004000 08:01 1845464                    /usr/lib/x86_64-linux-gnu/libXfixes.so.3.1.0
7f300610f000-7f3006110000 rw-p 00005000 08:01 1845464                    /usr/lib/x86_64-linux-gnu/libXfixes.so.3.1.0
7f3006110000-7f3006119000 r-xp 00000000 08:01 1845456                    /usr/lib/x86_64-linux-gnu/libXcursor.so.1.0.2
7f3006119000-7f3006318000 ---p 00009000 08:01 1845456                    /usr/lib/x86_64-linux-gnu/libXcursor.so.1.0.2
7f3006318000-7f3006319000 r--p 00008000 08:01 1845456                    /usr/lib/x86_64-linux-gnu/libXcursor.so.1.0.2
7f3006319000-7f300631a000 rw-p 00009000 08:01 1845456                    /usr/lib/x86_64-linux-gnu/libXcursor.so.1.0.2
7f300631a000-7f300631b000 ---p 00000000 00:00 0 
7f300631b000-7f3006b1b000 rw-p 00000000 00:00 0 
7f3006b1b000-7f3006b4c000 r-xp 00000000 08:01 397877                     /usr/lib/x86_64-linux-gnu/gio/modules/libgvfsdbus.so
7f3006b4c000-7f3006d4c000 ---p 00031000 08:01 397877                     /usr/lib/x86_64-linux-gnu/gio/modules/libgvfsdbus.so
7f3006d4c000-7f3006d4e000 r--p 00031000 08:01 397877                     /usr/lib/x86_64-linux-gnu/gio/modules/libgvfsdbus.so
7f3006d4e000-7f3006d4f000 rw-p 00033000 08:01 397877                     /usr/lib/x86_64-linux-gnu/gio/modules/libgvfsdbus.so
7f3006d4f000-7f3006d5b000 r-xp 00000000 08:01 397872                     /usr/lib/x86_64-linux-gnu/gio/modules/libdconfsettings.so
7f3006d5b000-7f3006f5a000 ---p 0000c000 08:01 397872                     /usr/lib/x86_64-linux-gnu/gio/modules/libdconfsettings.so
7f3006f5a000-7f3006f5b000 r--p 0000b000 08:01 397872                     /usr/lib/x86_64-linux-gnu/gio/modules/libdconfsettings.so
7f3006f5b000-7f3006f5c000 rw-p 0000c000 08:01 397872                     /usr/lib/x86_64-linux-gnu/gio/modules/libdconfsettings.so
7f3006f5c000-7f3006f5d000 ---p 00000000 00:00 0 
7f3006f5d000-7f300775d000 rw-p 00000000 00:00 0 
7f300775d000-7f300775e000 ---p 00000000 00:00 0 
7f300775e000-7f3007f5e000 rw-p 00000000 00:00 0 
7f3007f5e000-7f3007f94000 r-xp 00000000 08:01 398181                     /usr/lib/x86_64-linux-gnu/gvfs/libgvfscommon.so
7f3007f94000-7f3008194000 ---p 00036000 08:01 398181                     /usr/lib/x86_64-linux-gnu/gvfs/libgvfscommon.so
7f3008194000-7f300819a000 r--p 00036000 08:01 398181                     /usr/lib/x86_64-linux-gnu/gvfs/libgvfscommon.so
7f300819a000-7f300819b000 rw-p 0003c000 08:01 398181                     /usr/lib/x86_64-linux-gnu/gvfs/libgvfscommon.so
7f300819b000-7f30081b5000 r-xp 00000000 08:01 397876                     /usr/lib/x86_64-linux-gnu/gio/modules/libgioremote-volume-monitor.so
7f30081b5000-7f30083b4000 ---p 0001a000 08:01 397876                     /usr/lib/x86_64-linux-gnu/gio/modules/libgioremote-volume-monitor.so
7f30083b4000-7f30083b7000 r--p 00019000 08:01 397876                     /usr/lib/x86_64-linux-gnu/gio/modules/libgioremote-volume-monitor.so
7f30083b7000-7f30083b8000 rw-p 0001c000 08:01 397876                     /usr/lib/x86_64-linux-gnu/gio/modules/libgioremote-volume-monitor.so
7f30083b8000-7f30083cf000 r-xp 00000000 08:01 136771                     /lib/x86_64-linux-gnu/libgcc_s.so.1
7f30083cf000-7f30085ce000 ---p 00017000 08:01 136771                     /lib/x86_64-linux-gnu/libgcc_s.so.1
7f30085ce000-7f30085cf000 r--p 00016000 08:01 136771                     /lib/x86_64-linux-gnu/libgcc_s.so.1
7f30085cf000-7f30085d0000 rw-p 00017000 08:01 136771                     /lib/x86_64-linux-gnu/libgcc_s.so.1
7f30085d0000-7f3008749000 r-xp 00000000 08:01 1845922                    /usr/lib/x86_64-linux-gnu/libstdc++.so.6.0.25
7f3008749000-7f3008949000 ---p 00179000 08:01 1845922                    /usr/lib/x86_64-linux-gnu/libstdc++.so.6.0.25
7f3008949000-7f3008953000 r--p 00179000 08:01 1845922                    /usr/lib/x86_64-linux-gnu/libstdc++.so.6.0.25
7f3008953000-7f3008955000 rw-p 00183000 08:01 1845922                    /usr/lib/x86_64-linux-gnu/libstdc++.so.6.0.25
7f3008955000-7f3008959000 rw-p 00000000 00:00 0 
7f3008959000-7f3008977000 r-xp 00000000 08:01 1846335                    /usr/lib/x86_64-linux-gnu/libproxy.so.1.0.0
7f3008977000-7f3008b77000 ---p 0001e000 08:01 1846335                    /usr/lib/x86_64-linux-gnu/libproxy.so.1.0.0
7f3008b77000-7f3008b78000 r--p 0001e000 08:01 1846335                    /usr/lib/x86_64-linux-gnu/libproxy.so.1.0.0
7f3008b78000-7f3008b79000 rw-p 0001f000 08:01 1846335                    /usr/lib/x86_64-linux-gnu/libproxy.so.1.0.0
7f3008b7b000-7f3008b7f000 ---p 00000000 00:00 0 
7f3008b7f000-7f3008c7c000 rw-p 00000000 00:00 0 
7f3008c7c000-7f3008c80000 ---p 00000000 00:00 0 
7f3008c80000-7f3008d7d000 rw-p 00000000 00:00 0 
7f3008d7d000-7f3008d83000 r-xp 00000000 08:01 137130                     /lib/x86_64-linux-gnu/libuuid.so.1.3.0
7f3008d83000-7f3008f82000 ---p 00006000 08:01 137130                     /lib/x86_64-linux-gnu/libuuid.so.1.3.0
7f3008f82000-7f3008f83000 r--p 00005000 08:01 137130                     /lib/x86_64-linux-gnu/libuuid.so.1.3.0
7f3008f83000-7f3008f84000 rw-p 00006000 08:01 137130                     /lib/x86_64-linux-gnu/libuuid.so.1.3.0
7f3008f84000-7f3008fcb000 r-xp 00000000 08:01 136954                     /lib/x86_64-linux-gnu/libblkid.so.1.1.0
7f3008fcb000-7f30091cb000 ---p 00047000 08:01 136954                     /lib/x86_64-linux-gnu/libblkid.so.1.1.0
7f30091cb000-7f30091cf000 r--p 00047000 08:01 136954                     /lib/x86_64-linux-gnu/libblkid.so.1.1.0
7f30091cf000-7f30091d0000 rw-p 0004b000 08:01 136954                     /lib/x86_64-linux-gnu/libblkid.so.1.1.0
7f30091d0000-7f30091d1000 rw-p 00000000 00:00 0 
7f30091d1000-7f3009241000 r-xp 00000000 08:01 137084                     /lib/x86_64-linux-gnu/libpcre.so.3.13.3
7f3009241000-7f3009441000 ---p 00070000 08:01 137084                     /lib/x86_64-linux-gnu/libpcre.so.3.13.3
7f3009441000-7f3009442000 r--p 00070000 08:01 137084                     /lib/x86_64-linux-gnu/libpcre.so.3.13.3
7f3009442000-7f3009443000 rw-p 00071000 08:01 137084                     /lib/x86_64-linux-gnu/libpcre.so.3.13.3
7f3009443000-7f300944a000 r-xp 00000000 08:01 1845797                    /usr/lib/x86_64-linux-gnu/libffi.so.6.0.4
7f300944a000-7f3009649000 ---p 00007000 08:01 1845797                    /usr/lib/x86_64-linux-gnu/libffi.so.6.0.4
7f3009649000-7f300964a000 r--p 00006000 08:01 1845797                    /usr/lib/x86_64-linux-gnu/libffi.so.6.0.4
7f300964a000-7f300964b000 rw-p 00007000 08:01 1845797                    /usr/lib/x86_64-linux-gnu/libffi.so.6.0.4
7f300964b000-7f300969c000 r-xp 00000000 08:01 137031                     /lib/x86_64-linux-gnu/libmount.so.1.1.0
7f300969c000-7f300989b000 ---p 00051000 08:01 137031                     /lib/x86_64-linux-gnu/libmount.so.1.1.0
7f300989b000-7f300989d000 r--p 00050000 08:01 137031                     /lib/x86_64-linux-gnu/libmount.so.1.1.0
7f300989d000-7f300989e000 rw-p 00052000 08:01 137031                     /lib/x86_64-linux-gnu/libmount.so.1.1.0
7f300989e000-7f300989f000 rw-p 00000000 00:00 0 
7f300989f000-7f30098b6000 r-xp 00000000 08:01 137101                     /lib/x86_64-linux-gnu/libresolv-2.27.so
7f30098b6000-7f3009ab6000 ---p 00017000 08:01 137101                     /lib/x86_64-linux-gnu/libresolv-2.27.so
7f3009ab6000-7f3009ab7000 r--p 00017000 08:01 137101                     /lib/x86_64-linux-gnu/libresolv-2.27.so
7f3009ab7000-7f3009ab8000 rw-p 00018000 08:01 137101                     /lib/x86_64-linux-gnu/libresolv-2.27.so
7f3009ab8000-7f3009aba000 rw-p 00000000 00:00 0 
7f3009aba000-7f3009adf000 r-xp 00000000 08:01 137107                     /lib/x86_64-linux-gnu/libselinux.so.1
7f3009adf000-7f3009cde000 ---p 00025000 08:01 137107                     /lib/x86_64-linux-gnu/libselinux.so.1
7f3009cde000-7f3009cdf000 r--p 00024000 08:01 137107                     /lib/x86_64-linux-gnu/libselinux.so.1
7f3009cdf000-7f3009ce0000 rw-p 00025000 08:01 137107                     /lib/x86_64-linux-gnu/libselinux.so.1
7f3009ce0000-7f3009ce2000 rw-p 00000000 00:00 0 
7f3009ce2000-7f3009df5000 r-xp 00000000 08:01 1845891                    /usr/lib/x86_64-linux-gnu/libglib-2.0.so.0.5600.3
7f3009df5000-7f3009ff5000 ---p 00113000 08:01 1845891                    /usr/lib/x86_64-linux-gnu/libglib-2.0.so.0.5600.3
7f3009ff5000-7f3009ff6000 r--p 00113000 08:01 1845891                    /usr/lib/x86_64-linux-gnu/libglib-2.0.so.0.5600.3
7f3009ff6000-7f3009ff7000 rw-p 00114000 08:01 1845891                    /usr/lib/x86_64-linux-gnu/libglib-2.0.so.0.5600.3
7f3009ff7000-7f3009ff8000 rw-p 00000000 00:00 0 
7f3009ff8000-7f3009ffb000 r-xp 00000000 08:01 1845895                    /usr/lib/x86_64-linux-gnu/libgmodule-2.0.so.0.5600.3
7f3009ffb000-7f300a1fa000 ---p 00003000 08:01 1845895                    /usr/lib/x86_64-linux-gnu/libgmodule-2.0.so.0.5600.3
7f300a1fa000-7f300a1fb000 r--p 00002000 08:01 1845895                    /usr/lib/x86_64-linux-gnu/libgmodule-2.0.so.0.5600.3
7f300a1fb000-7f300a1fc000 rw-p 00003000 08:01 1845895                    /usr/lib/x86_64-linux-gnu/libgmodule-2.0.so.0.5600.3
7f300a1fc000-7f300a24e000 r-xp 00000000 08:01 1845919                    /usr/lib/x86_64-linux-gnu/libgobject-2.0.so.0.5600.3
7f300a24e000-7f300a44e000 ---p 00052000 08:01 1845919                    /usr/lib/x86_64-linux-gnu/libgobject-2.0.so.0.5600.3
7f300a44e000-7f300a44f000 r--p 00052000 08:01 1845919                    /usr/lib/x86_64-linux-gnu/libgobject-2.0.so.0.5600.3
7f300a44f000-7f300a450000 rw-p 00053000 08:01 1845919                    /usr/lib/x86_64-linux-gnu/libgobject-2.0.so.0.5600.3
7f300a450000-7f300a5e5000 r-xp 00000000 08:01 1845885                    /usr/lib/x86_64-linux-gnu/libgio-2.0.so.0.5600.3
7f300a5e5000-7f300a7e5000 ---p 00195000 08:01 1845885                    /usr/lib/x86_64-linux-gnu/libgio-2.0.so.0.5600.3
7f300a7e5000-7f300a7ec000 r--p 00195000 08:01 1845885                    /usr/lib/x86_64-linux-gnu/libgio-2.0.so.0.5600.3
7f300a7ec000-7f300a7ed000 rw-p 0019c000 08:01 1845885                    /usr/lib/x86_64-linux-gnu/libgio-2.0.so.0.5600.3
7f300a7ed000-7f300a7ef000 rw-p 00000000 00:00 0 
7f300a7ef000-7f300a7f9000 r-xp 00000000 08:01 1845480                    /usr/lib/x86_64-linux-gnu/libXrandr.so.2.2.0
7f300a7f9000-7f300a9f8000 ---p 0000a000 08:01 1845480                    /usr/lib/x86_64-linux-gnu/libXrandr.so.2.2.0
7f300a9f8000-7f300a9f9000 r--p 00009000 08:01 1845480                    /usr/lib/x86_64-linux-gnu/libXrandr.so.2.2.0
7f300a9f9000-7f300a9fa000 rw-p 0000a000 08:01 1845480                    /usr/lib/x86_64-linux-gnu/libXrandr.so.2.2.0
7f300a9fa000-7f300aa2b000 r-xp 00000000 08:01 1846319                    /usr/lib/x86_64-linux-gnu/libpng16.so.16.34.0
7f300aa2b000-7f300ac2a000 ---p 00031000 08:01 1846319                    /usr/lib/x86_64-linux-gnu/libpng16.so.16.34.0
7f300ac2a000-7f300ac2b000 r--p 00030000 08:01 1846319                    /usr/lib/x86_64-linux-gnu/libpng16.so.16.34.0
7f300ac2b000-7f300ac2c000 rw-p 00031000 08:01 1846319                    /usr/lib/x86_64-linux-gnu/libpng16.so.16.34.0
7f300ac2c000-7f300acd9000 r-xp 00000000 08:01 1845829                    /usr/lib/x86_64-linux-gnu/libfreetype.so.6.15.0
7f300acd9000-7f300aed8000 ---p 000ad000 08:01 1845829                    /usr/lib/x86_64-linux-gnu/libfreetype.so.6.15.0
7f300aed8000-7f300aedf000 r--p 000ac000 08:01 1845829                    /usr/lib/x86_64-linux-gnu/libfreetype.so.6.15.0
7f300aedf000-7f300aee0000 rw-p 000b3000 08:01 1845829                    /usr/lib/x86_64-linux-gnu/libfreetype.so.6.15.0
7f300aee0000-7f300af9d000 r-xp 00000000 08:01 790477                     /usr/lib/jvm/jdk-12.0.1/lib/libfontmanager.so
7f300af9d000-7f300b19c000 ---p 000bd000 08:01 790477                     /usr/lib/jvm/jdk-12.0.1/lib/libfontmanager.so
7f300b19c000-7f300b19e000 r--p 000bc000 08:01 790477                     /usr/lib/jvm/jdk-12.0.1/lib/libfontmanager.so
7f300b19e000-7f300b19f000 rw-p 000be000 08:01 790477                     /usr/lib/jvm/jdk-12.0.1/lib/libfontmanager.so
7f300b19f000-7f300b1a0000 rw-p 00000000 00:00 0 
7f300b1a0000-7f300b1a2000 r-xp 00000000 08:01 1708956                    /home/kiit/1905243/cnProject/CN-p2p-file-sharing/libnative.so
7f300b1a2000-7f300b3a1000 ---p 00002000 08:01 1708956                    /home/kiit/1905243/cnProject/CN-p2p-file-sharing/libnative.so
7f300b3a1000-7f300b3a2000 r--p 00001000 08:01 1708956                    /home/kiit/1905243/cnProject/CN-p2p-file-sharing/libnative.so
7f300b3a2000-7f300b3a3000 rw-p 00002000 08:01 1708956                    /home/kiit/1905243/cnProject/CN-p2p-file-sharing/libnative.so
7f300b3a3000-7f300b3b6000 r-xp 00000000 08:01 136819                     /lib/x86_64-linux-gnu/libbsd.so.0.8.7
7f300b3b6000-7f300b5b5000 ---p 00013000 08:01 136819                     /lib/x86_64-linux-gnu/libbsd.so.0.8.7
7f300b5b5000-7f300b5b6000 r--p 00012000 08:01 136819                     /lib/x86_64-linux-gnu/libbsd.so.0.8.7
7f300b5b6000-7f300b5b7000 rw-p 00013000 08:01 136819                     /lib/x86_64-linux-gnu/libbsd.so.0.8.7
7f300b5b7000-7f300b5b8000 rw-p 00000000 00:00 0 
7f300b5b8000-7f300b5bd000 r-xp 00000000 08:01 1845460                    /usr/lib/x86_64-linux-gnu/libXdmcp.so.6.0.0
7f300b5bd000-7f300b7bc000 ---p 00005000 08:01 1845460                    /usr/lib/x86_64-linux-gnu/libXdmcp.so.6.0.0
7f300b7bc000-7f300b7bd000 r--p 00004000 08:01 1845460                    /usr/lib/x86_64-linux-gnu/libXdmcp.so.6.0.0
7f300b7bd000-7f300b7be000 rw-p 00005000 08:01 1845460                    /usr/lib/x86_64-linux-gnu/libXdmcp.so.6.0.0
7f300b7be000-7f300b7c0000 r-xp 00000000 08:01 1855880                    /usr/lib/x86_64-linux-gnu/libXau.so.6.0.0
7f300b7c0000-7f300b9c0000 ---p 00002000 08:01 1855880                    /usr/lib/x86_64-linux-gnu/libXau.so.6.0.0
7f300b9c0000-7f300b9c1000 r--p 00002000 08:01 1855880                    /usr/lib/x86_64-linux-gnu/libXau.so.6.0.0
7f300b9c1000-7f300b9c2000 rw-p 00003000 08:01 1855880                    /usr/lib/x86_64-linux-gnu/libXau.so.6.0.0
7f300b9c2000-7f300b9e8000 r-xp 00000000 08:01 1845448                    /usr/lib/x86_64-linux-gnu/libxcb.so.1.1.0
7f300b9e8000-7f300bbe8000 ---p 00026000 08:01 1845448                    /usr/lib/x86_64-linux-gnu/libxcb.so.1.1.0
7f300bbe8000-7f300bbe9000 r--p 00026000 08:01 1845448                    /usr/lib/x86_64-linux-gnu/libxcb.so.1.1.0
7f300bbe9000-7f300bbea000 rw-p 00027000 08:01 1845448                    /usr/lib/x86_64-linux-gnu/libxcb.so.1.1.0
7f300bbea000-7f300bbf9000 r-xp 00000000 08:01 1845470                    /usr/lib/x86_64-linux-gnu/libXi.so.6.1.0
7f300bbf9000-7f300bdf8000 ---p 0000f000 08:01 1845470                    /usr/lib/x86_64-linux-gnu/libXi.so.6.1.0
7f300bdf8000-7f300bdf9000 r--p 0000e000 08:01 1845470                    /usr/lib/x86_64-linux-gnu/libXi.so.6.1.0
7f300bdf9000-7f300bdfa000 rw-p 0000f000 08:01 1845470                    /usr/lib/x86_64-linux-gnu/libXi.so.6.1.0
7f300bdfa000-7f300bdff000 r-xp 00000000 08:01 1845488                    /usr/lib/x86_64-linux-gnu/libXtst.so.6.1.0
7f300bdff000-7f300bffe000 ---p 00005000 08:01 1845488                    /usr/lib/x86_64-linux-gnu/libXtst.so.6.1.0
7f300bffe000-7f300bfff000 r--p 00004000 08:01 1845488                    /usr/lib/x86_64-linux-gnu/libXtst.so.6.1.0
7f300bfff000-7f300c000000 rw-p 00005000 08:01 1845488                    /usr/lib/x86_64-linux-gnu/libXtst.so.6.1.0
7f300c000000-7f300c6fc000 rw-p 00000000 00:00 0 
7f300c6fc000-7f3010000000 ---p 00000000 00:00 0 
7f3010000000-7f3010021000 rw-p 00000000 00:00 0 
7f3010021000-7f3014000000 ---p 00000000 00:00 0 
7f3014000000-7f3014021000 rw-p 00000000 00:00 0 
7f3014021000-7f3018000000 ---p 00000000 00:00 0 
7f3018000000-7f30185b1000 rw-p 00000000 00:00 0 
7f30185b1000-7f301c000000 ---p 00000000 00:00 0 
7f301c000000-7f301c021000 rw-p 00000000 00:00 0 
7f301c021000-7f3020000000 ---p 00000000 00:00 0 
7f3020000000-7f3020021000 rw-p 00000000 00:00 0 
7f3020021000-7f3024000000 ---p 00000000 00:00 0 
7f3024000000-7f302403e000 rw-p 00000000 00:00 0 
7f302403e000-7f3028000000 ---p 00000000 00:00 0 
7f30280c0000-7f30280c4000 ---p 00000000 00:00 0 
7f30280c4000-7f30281c1000 rw-p 00000000 00:00 0 
7f30281c1000-7f30281ca000 r-xp 00000000 08:01 1845482                    /usr/lib/x86_64-linux-gnu/libXrender.so.1.3.0
7f30281ca000-7f30283c9000 ---p 00009000 08:01 1845482                    /usr/lib/x86_64-linux-gnu/libXrender.so.1.3.0
7f30283c9000-7f30283ca000 r--p 00008000 08:01 1845482                    /usr/lib/x86_64-linux-gnu/libXrender.so.1.3.0
7f30283ca000-7f30283cb000 rw-p 00009000 08:01 1845482                    /usr/lib/x86_64-linux-gnu/libXrender.so.1.3.0
7f30283cb000-7f30284fe000 r-xp 00000000 08:01 1846661                    /usr/lib/x86_64-linux-gnu/libX11.so.6.3.0
7f30284fe000-7f30286fe000 ---p 00133000 08:01 1846661                    /usr/lib/x86_64-linux-gnu/libX11.so.6.3.0
7f30286fe000-7f30286ff000 r--p 00133000 08:01 1846661                    /usr/lib/x86_64-linux-gnu/libX11.so.6.3.0
7f30286ff000-7f3028703000 rw-p 00134000 08:01 1846661                    /usr/lib/x86_64-linux-gnu/libX11.so.6.3.0
7f3028703000-7f3028714000 r-xp 00000000 08:01 1845462                    /usr/lib/x86_64-linux-gnu/libXext.so.6.4.0
7f3028714000-7f3028913000 ---p 00011000 08:01 1845462                    /usr/lib/x86_64-linux-gnu/libXext.so.6.4.0
7f3028913000-7f3028914000 r--p 00010000 08:01 1845462                    /usr/lib/x86_64-linux-gnu/libXext.so.6.4.0
7f3028914000-7f3028915000 rw-p 00011000 08:01 1845462                    /usr/lib/x86_64-linux-gnu/libXext.so.6.4.0
7f3028915000-7f3028973000 r-xp 00000000 08:01 790494                     /usr/lib/jvm/jdk-12.0.1/lib/libawt_xawt.so
7f3028973000-7f3028b72000 ---p 0005e000 08:01 790494                     /usr/lib/jvm/jdk-12.0.1/lib/libawt_xawt.so
7f3028b72000-7f3028b73000 r--p 0005d000 08:01 790494                     /usr/lib/jvm/jdk-12.0.1/lib/libawt_xawt.so
7f3028b73000-7f3028b76000 rw-p 0005e000 08:01 790494                     /usr/lib/jvm/jdk-12.0.1/lib/libawt_xawt.so
7f3028b76000-7f3028b78000 rw-p 00000000 00:00 0 
7f3028b78000-7f3028de8000 rwxp 00000000 00:00 0 
7f3028de8000-7f3029107000 ---p 00000000 00:00 0 
7f3029107000-7f3029377000 rwxp 00000000 00:00 0 
7f3029377000-7f303063f000 ---p 00000000 00:00 0 
7f303063f000-7f30308af000 rwxp 00000000 00:00 0 
7f30308af000-7f3037b78000 ---p 00000000 00:00 0 
7f3037b78000-7f3040000000 r--s 00000000 08:01 790479                     /usr/lib/jvm/jdk-12.0.1/lib/modules
7f3040000000-7f3040367000 rw-p 00000000 00:00 0 
7f3040367000-7f3044000000 ---p 00000000 00:00 0 
7f3044099000-7f304409d000 ---p 00000000 00:00 0 
7f304409d000-7f304419a000 rw-p 00000000 00:00 0 
7f304419a000-7f30441c7000 r--p 00000000 08:01 264999                     /usr/share/glib-2.0/schemas/gschemas.compiled
7f30441c7000-7f3044267000 r-xp 00000000 08:01 790495                     /usr/lib/jvm/jdk-12.0.1/lib/libawt.so
7f3044267000-7f3044467000 ---p 000a0000 08:01 790495                     /usr/lib/jvm/jdk-12.0.1/lib/libawt.so
7f3044467000-7f3044468000 r--p 000a0000 08:01 790495                     /usr/lib/jvm/jdk-12.0.1/lib/libawt.so
7f3044468000-7f3044473000 rw-p 000a1000 08:01 790495                     /usr/lib/jvm/jdk-12.0.1/lib/libawt.so
7f3044473000-7f3044498000 rw-p 00000000 00:00 0 
7f3044498000-7f30444ae000 r-xp 00000000 08:01 796432                     /usr/lib/jvm/jdk-12.0.1/lib/libnet.so
7f30444ae000-7f30446ae000 ---p 00016000 08:01 796432                     /usr/lib/jvm/jdk-12.0.1/lib/libnet.so
7f30446ae000-7f30446af000 r--p 00016000 08:01 796432                     /usr/lib/jvm/jdk-12.0.1/lib/libnet.so
7f30446af000-7f30446b0000 rw-p 00017000 08:01 796432                     /usr/lib/jvm/jdk-12.0.1/lib/libnet.so
7f30446b0000-7f30446c1000 r-xp 00000000 08:01 796429                     /usr/lib/jvm/jdk-12.0.1/lib/libnio.so
7f30446c1000-7f30448c0000 ---p 00011000 08:01 796429                     /usr/lib/jvm/jdk-12.0.1/lib/libnio.so
7f30448c0000-7f30448c1000 r--p 00010000 08:01 796429                     /usr/lib/jvm/jdk-12.0.1/lib/libnio.so
7f30448c1000-7f30448c2000 rw-p 00011000 08:01 796429                     /usr/lib/jvm/jdk-12.0.1/lib/libnio.so
7f30448c2000-7f30448c6000 ---p 00000000 00:00 0 
7f30448c6000-7f30449c3000 rw-p 00000000 00:00 0 
7f30449c3000-7f30449c4000 ---p 00000000 00:00 0 
7f30449c4000-7f3044ac5000 rw-p 00000000 00:00 0 
7f3044ac5000-7f3044ac9000 ---p 00000000 00:00 0 
7f3044ac9000-7f3044bc6000 rw-p 00000000 00:00 0 
7f3044bc6000-7f3044bca000 ---p 00000000 00:00 0 
7f3044bca000-7f3044cc7000 rw-p 00000000 00:00 0 
7f3044cc7000-7f3044ccb000 ---p 00000000 00:00 0 
7f3044ccb000-7f3044dc8000 rw-p 00000000 00:00 0 
7f3044dc8000-7f3044dcc000 ---p 00000000 00:00 0 
7f3044dcc000-7f3044ec9000 rw-p 00000000 00:00 0 
7f3044ec9000-7f3044ecd000 ---p 00000000 00:00 0 
7f3044ecd000-7f3044fca000 rw-p 00000000 00:00 0 
7f3044fca000-7f3045999000 r--p 00000000 08:01 1841870                    /usr/lib/locale/locale-archive
7f3045999000-7f304599d000 ---p 00000000 00:00 0 
7f304599d000-7f3045a9a000 rw-p 00000000 00:00 0 
7f3045a9a000-7f3045a9e000 ---p 00000000 00:00 0 
7f3045a9e000-7f3045b9b000 rw-p 00000000 00:00 0 
7f3045b9b000-7f3045b9c000 ---p 00000000 00:00 0 
7f3045b9c000-7f304658e000 rw-p 00000000 00:00 0 
7f304658e000-7f30466c3000 ---p 00000000 00:00 0 
7f30466c3000-7f30466ce000 rw-p 00000000 00:00 0 
7f30466ce000-7f3046767000 ---p 00000000 00:00 0 
7f3046767000-7f304677d000 rw-p 00000000 00:00 0 
7f304677d000-7f30468b1000 ---p 00000000 00:00 0 
7f30468b1000-7f30468b7000 rw-p 00000000 00:00 0 
7f30468b7000-7f304699d000 ---p 00000000 00:00 0 
7f304699d000-7f30469a2000 rw-p 00000000 00:00 0 
7f30469a2000-7f3046a88000 ---p 00000000 00:00 0 
7f3046a88000-7f3046aa3000 r-xp 00000000 08:01 790509                     /usr/lib/jvm/jdk-12.0.1/lib/libjimage.so
7f3046aa3000-7f3046ca2000 ---p 0001b000 08:01 790509                     /usr/lib/jvm/jdk-12.0.1/lib/libjimage.so
7f3046ca2000-7f3046ca4000 r--p 0001a000 08:01 790509                     /usr/lib/jvm/jdk-12.0.1/lib/libjimage.so
7f3046ca4000-7f3046ca5000 rw-p 0001c000 08:01 790509                     /usr/lib/jvm/jdk-12.0.1/lib/libjimage.so
7f3046ca5000-7f3046cac000 r-xp 00000000 08:01 790511                     /usr/lib/jvm/jdk-12.0.1/lib/libzip.so
7f3046cac000-7f3046eab000 ---p 00007000 08:01 790511                     /usr/lib/jvm/jdk-12.0.1/lib/libzip.so
7f3046eab000-7f3046eac000 r--p 00006000 08:01 790511                     /usr/lib/jvm/jdk-12.0.1/lib/libzip.so
7f3046eac000-7f3046ead000 rw-p 00007000 08:01 790511                     /usr/lib/jvm/jdk-12.0.1/lib/libzip.so
7f3046ead000-7f3046eb8000 r-xp 00000000 08:01 137052                     /lib/x86_64-linux-gnu/libnss_files-2.27.so
7f3046eb8000-7f30470b7000 ---p 0000b000 08:01 137052                     /lib/x86_64-linux-gnu/libnss_files-2.27.so
7f30470b7000-7f30470b8000 r--p 0000a000 08:01 137052                     /lib/x86_64-linux-gnu/libnss_files-2.27.so
7f30470b8000-7f30470b9000 rw-p 0000b000 08:01 137052                     /lib/x86_64-linux-gnu/libnss_files-2.27.so
7f30470b9000-7f30470bf000 rw-p 00000000 00:00 0 
7f30470bf000-7f30470d6000 r-xp 00000000 08:01 137046                     /lib/x86_64-linux-gnu/libnsl-2.27.so
7f30470d6000-7f30472d5000 ---p 00017000 08:01 137046                     /lib/x86_64-linux-gnu/libnsl-2.27.so
7f30472d5000-7f30472d6000 r--p 00016000 08:01 137046                     /lib/x86_64-linux-gnu/libnsl-2.27.so
7f30472d6000-7f30472d7000 rw-p 00017000 08:01 137046                     /lib/x86_64-linux-gnu/libnsl-2.27.so
7f30472d7000-7f30472d9000 rw-p 00000000 00:00 0 
7f30472d9000-7f30472e4000 r-xp 00000000 08:01 137063                     /lib/x86_64-linux-gnu/libnss_nis-2.27.so
7f30472e4000-7f30474e3000 ---p 0000b000 08:01 137063                     /lib/x86_64-linux-gnu/libnss_nis-2.27.so
7f30474e3000-7f30474e4000 r--p 0000a000 08:01 137063                     /lib/x86_64-linux-gnu/libnss_nis-2.27.so
7f30474e4000-7f30474e5000 rw-p 0000b000 08:01 137063                     /lib/x86_64-linux-gnu/libnss_nis-2.27.so
7f30474e5000-7f30474ed000 r-xp 00000000 08:01 137048                     /lib/x86_64-linux-gnu/libnss_compat-2.27.so
7f30474ed000-7f30476ed000 ---p 00008000 08:01 137048                     /lib/x86_64-linux-gnu/libnss_compat-2.27.so
7f30476ed000-7f30476ee000 r--p 00008000 08:01 137048                     /lib/x86_64-linux-gnu/libnss_compat-2.27.so
7f30476ee000-7f30476ef000 rw-p 00009000 08:01 137048                     /lib/x86_64-linux-gnu/libnss_compat-2.27.so
7f30476ef000-7f3047717000 r-xp 00000000 08:01 790481                     /usr/lib/jvm/jdk-12.0.1/lib/libjava.so
7f3047717000-7f3047916000 ---p 00028000 08:01 790481                     /usr/lib/jvm/jdk-12.0.1/lib/libjava.so
7f3047916000-7f3047917000 r--p 00027000 08:01 790481                     /usr/lib/jvm/jdk-12.0.1/lib/libjava.so
7f3047917000-7f3047919000 rw-p 00028000 08:01 790481                     /usr/lib/jvm/jdk-12.0.1/lib/libjava.so
7f3047919000-7f3047926000 r-xp 00000000 08:01 796437                     /usr/lib/jvm/jdk-12.0.1/lib/libverify.so
7f3047926000-7f3047b25000 ---p 0000d000 08:01 796437                     /usr/lib/jvm/jdk-12.0.1/lib/libverify.so
7f3047b25000-7f3047b27000 r--p 0000c000 08:01 796437                     /usr/lib/jvm/jdk-12.0.1/lib/libverify.so
7f3047b27000-7f3047b28000 rw-p 0000e000 08:01 796437                     /usr/lib/jvm/jdk-12.0.1/lib/libverify.so
7f3047b28000-7f3047b2f000 r-xp 00000000 08:01 137103                     /lib/x86_64-linux-gnu/librt-2.27.so
7f3047b2f000-7f3047d2e000 ---p 00007000 08:01 137103                     /lib/x86_64-linux-gnu/librt-2.27.so
7f3047d2e000-7f3047d2f000 r--p 00006000 08:01 137103                     /lib/x86_64-linux-gnu/librt-2.27.so
7f3047d2f000-7f3047d30000 rw-p 00007000 08:01 137103                     /lib/x86_64-linux-gnu/librt-2.27.so
7f3047d30000-7f3047ecd000 r-xp 00000000 08:01 137025                     /lib/x86_64-linux-gnu/libm-2.27.so
7f3047ecd000-7f30480cc000 ---p 0019d000 08:01 137025                     /lib/x86_64-linux-gnu/libm-2.27.so
7f30480cc000-7f30480cd000 r--p 0019c000 08:01 137025                     /lib/x86_64-linux-gnu/libm-2.27.so
7f30480cd000-7f30480ce000 rw-p 0019d000 08:01 137025                     /lib/x86_64-linux-gnu/libm-2.27.so
7f30480ce000-7f3049232000 r-xp 00000000 08:01 937605                     /usr/lib/jvm/jdk-12.0.1/lib/server/libjvm.so
7f3049232000-7f3049432000 ---p 01164000 08:01 937605                     /usr/lib/jvm/jdk-12.0.1/lib/server/libjvm.so
7f3049432000-7f30494f3000 r--p 01164000 08:01 937605                     /usr/lib/jvm/jdk-12.0.1/lib/server/libjvm.so
7f30494f3000-7f304952c000 rw-p 01225000 08:01 937605                     /usr/lib/jvm/jdk-12.0.1/lib/server/libjvm.so
7f304952c000-7f30495af000 rw-p 00000000 00:00 0 
7f30495af000-7f3049796000 r-xp 00000000 08:01 136962                     /lib/x86_64-linux-gnu/libc-2.27.so
7f3049796000-7f3049996000 ---p 001e7000 08:01 136962                     /lib/x86_64-linux-gnu/libc-2.27.so
7f3049996000-7f304999a000 r--p 001e7000 08:01 136962                     /lib/x86_64-linux-gnu/libc-2.27.so
7f304999a000-7f304999c000 rw-p 001eb000 08:01 136962                     /lib/x86_64-linux-gnu/libc-2.27.so
7f304999c000-7f30499a0000 rw-p 00000000 00:00 0 
7f30499a0000-7f30499a3000 r-xp 00000000 08:01 136985                     /lib/x86_64-linux-gnu/libdl-2.27.so
7f30499a3000-7f3049ba2000 ---p 00003000 08:01 136985                     /lib/x86_64-linux-gnu/libdl-2.27.so
7f3049ba2000-7f3049ba3000 r--p 00002000 08:01 136985                     /lib/x86_64-linux-gnu/libdl-2.27.so
7f3049ba3000-7f3049ba4000 rw-p 00003000 08:01 136985                     /lib/x86_64-linux-gnu/libdl-2.27.so
7f3049ba4000-7f3049bbe000 r-xp 00000000 08:01 137095                     /lib/x86_64-linux-gnu/libpthread-2.27.so
7f3049bbe000-7f3049dbd000 ---p 0001a000 08:01 137095                     /lib/x86_64-linux-gnu/libpthread-2.27.so
7f3049dbd000-7f3049dbe000 r--p 00019000 08:01 137095                     /lib/x86_64-linux-gnu/libpthread-2.27.so
7f3049dbe000-7f3049dbf000 rw-p 0001a000 08:01 137095                     /lib/x86_64-linux-gnu/libpthread-2.27.so
7f3049dbf000-7f3049dc3000 rw-p 00000000 00:00 0 
7f3049dc3000-7f3049dd3000 r-xp 00000000 08:01 790513                     /usr/lib/jvm/jdk-12.0.1/lib/libjli.so
7f3049dd3000-7f3049fd2000 ---p 00010000 08:01 790513                     /usr/lib/jvm/jdk-12.0.1/lib/libjli.so
7f3049fd2000-7f3049fd3000 r--p 0000f000 08:01 790513                     /usr/lib/jvm/jdk-12.0.1/lib/libjli.so
7f3049fd3000-7f3049fd4000 rw-p 00010000 08:01 790513                     /usr/lib/jvm/jdk-12.0.1/lib/libjli.so
7f3049fd4000-7f3049ff0000 r-xp 00000000 08:01 137134                     /lib/x86_64-linux-gnu/libz.so.1.2.11
7f3049ff0000-7f304a1ef000 ---p 0001c000 08:01 137134                     /lib/x86_64-linux-gnu/libz.so.1.2.11
7f304a1ef000-7f304a1f0000 r--p 0001b000 08:01 137134                     /lib/x86_64-linux-gnu/libz.so.1.2.11
7f304a1f0000-7f304a1f1000 rw-p 0001c000 08:01 137134                     /lib/x86_64-linux-gnu/libz.so.1.2.11
7f304a1f1000-7f304a218000 r-xp 00000000 08:01 136934                     /lib/x86_64-linux-gnu/ld-2.27.so
7f304a23d000-7f304a2f6000 rw-p 00000000 00:00 0 
7f304a2f6000-7f304a2fd000 ---p 00000000 00:00 0 
7f304a2fd000-7f304a301000 ---p 00000000 00:00 0 
7f304a301000-7f304a402000 rw-p 00000000 00:00 0 
7f304a408000-7f304a40c000 r--p 00000000 08:01 1584621                    /home/kiit/.config/dconf/user
7f304a40c000-7f304a40d000 r--s 00000000 00:2e 36                         /run/user/1000/dconf/user
7f304a40d000-7f304a415000 rw-s 00000000 08:01 790429                     /tmp/hsperfdata_kiit/3623
7f304a415000-7f304a416000 ---p 00000000 00:00 0 
7f304a416000-7f304a417000 r--p 00000000 00:00 0 
7f304a417000-7f304a418000 ---p 00000000 00:00 0 
7f304a418000-7f304a419000 r--p 00027000 08:01 136934                     /lib/x86_64-linux-gnu/ld-2.27.so
7f304a419000-7f304a41a000 rw-p 00028000 08:01 136934                     /lib/x86_64-linux-gnu/ld-2.27.so
7f304a41a000-7f304a41b000 rw-p 00000000 00:00 0 
7ffcef32b000-7ffcef34c000 rw-p 00000000 00:00 0                          [stack]
7ffcef3b9000-7ffcef3bc000 r--p 00000000 00:00 0                          [vvar]
7ffcef3bc000-7ffcef3be000 r-xp 00000000 00:00 0                          [vdso]
ffffffffff600000-ffffffffff601000 r-xp 00000000 00:00 0                  [vsyscall]


VM Arguments:
jvm_args: -Djava.library.path=. 
java_command: Gui
java_class_path (initial): .
Launcher Type: SUN_STANDARD

[Global flags]
     intx CICompilerCount                          = 2                                         {product} {ergonomic}
   size_t InitialHeapSize                          = 65011712                                  {product} {ergonomic}
   size_t MaxHeapSize                              = 1035993088                                {product} {ergonomic}
   size_t MaxNewSize                               = 345309184                                 {product} {ergonomic}
   size_t MinHeapDeltaBytes                        = 196608                                    {product} {ergonomic}
   size_t NewSize                                  = 21626880                                  {product} {ergonomic}
    uintx NonNMethodCodeHeapSize                   = 5825164                                {pd product} {ergonomic}
    uintx NonProfiledCodeHeapSize                  = 122916538                              {pd product} {ergonomic}
   size_t OldSize                                  = 43384832                                  {product} {ergonomic}
    uintx ProfiledCodeHeapSize                     = 122916538                              {pd product} {ergonomic}
    uintx ReservedCodeCacheSize                    = 251658240                              {pd product} {ergonomic}
     bool SegmentedCodeCache                       = true                                      {product} {ergonomic}
     bool UseCompressedClassPointers               = true                                 {lp64_product} {ergonomic}
     bool UseCompressedOops                        = true                                 {lp64_product} {ergonomic}
     bool UseSerialGC                              = true                                      {product} {ergonomic}

Logging:
Log output configuration:
 #0: stdout all=warning uptime,level,tags
 #1: stderr all=off uptime,level,tags

Environment Variables:
JAVA_HOME=/usr/lib/jvm/jdk-12.0.1
PATH=/usr/local/sbin:/usr/local/bin:/usr/sbin:/usr/bin:/sbin:/bin:/usr/games:/usr/local/games:/snap/bin:/usr/lib/jvm/jdk-12.0.1/bin
USERNAME=kiit
SHELL=/bin/bash
DISPLAY=:0

Signal Handlers:
SIGSEGV: [libjvm.so+0xe45640], sa_mask[0]=11111111011111111101111111111110, sa_flags=SA_RESTART|SA_SIGINFO
SIGBUS: [libjvm.so+0xe45640], sa_mask[0]=11111111011111111101111111111110, sa_flags=SA_RESTART|SA_SIGINFO
SIGFPE: [libjvm.so+0xe45640], sa_mask[0]=11111111011111111101111111111110, sa_flags=SA_RESTART|SA_SIGINFO
SIGPIPE: SIG_IGN, sa_mask[0]=00000000000010000000000000000000, sa_flags=SA_RESTART
SIGXFSZ: [libjvm.so+0xbf4b50], sa_mask[0]=11111111011111111101111111111110, sa_flags=SA_RESTART|SA_SIGINFO
SIGILL: [libjvm.so+0xe45640], sa_mask[0]=11111111011111111101111111111110, sa_flags=SA_RESTART|SA_SIGINFO
SIGUSR2: [libjvm.so+0xbf49f0], sa_mask[0]=00000000000000000000000000000000, sa_flags=SA_RESTART|SA_SIGINFO
SIGHUP: [libjvm.so+0xbf4d50], sa_mask[0]=11111111011111111101111111111110, sa_flags=SA_RESTART|SA_SIGINFO
SIGINT: [libjvm.so+0xbf4d50], sa_mask[0]=11111111011111111101111111111110, sa_flags=SA_RESTART|SA_SIGINFO
SIGTERM: [libjvm.so+0xbf4d50], sa_mask[0]=11111111011111111101111111111110, sa_flags=SA_RESTART|SA_SIGINFO
SIGQUIT: [libjvm.so+0xbf4d50], sa_mask[0]=11111111011111111101111111111110, sa_flags=SA_RESTART|SA_SIGINFO


---------------  S Y S T E M  ---------------

OS:DISTRIB_ID=Ubuntu
DISTRIB_RELEASE=18.04
DISTRIB_CODENAME=bionic
DISTRIB_DESCRIPTION="Ubuntu 18.04.2 LTS"
uname:Linux 4.18.0-25-generic #26~18.04.1-Ubuntu SMP Thu Jun 27 07:28:31 UTC 2019 x86_64
libc:glibc 2.27 NPTL 2.27 
rlimit: STACK 8192k, CORE 0k, NPROC 15535, NOFILE 4096, AS infinity, DATA infinity, FSIZE infinity
load average:0.38 1.68 1.36

/proc/meminfo:
MemTotal:        4039508 kB
MemFree:         1509152 kB
MemAvailable:    2564428 kB
Buffers:           75452 kB
Cached:          1342952 kB
SwapCached:            0 kB
Active:          1338284 kB
Inactive:         998148 kB
Active(anon):     919040 kB
Inactive(anon):   187748 kB
Active(file):     419244 kB
Inactive(file):   810400 kB
Unevictable:          32 kB
Mlocked:              32 kB
SwapTotal:       1471128 kB
SwapFree:        1471128 kB
Dirty:               644 kB
Writeback:             0 kB
AnonPages:        918132 kB
Mapped:           420620 kB
Shmem:            188688 kB
Slab:              90628 kB
SReclaimable:      56928 kB
SUnreclaim:        33700 kB
KernelStack:        7184 kB
PageTables:        32868 kB
NFS_Unstable:          0 kB
Bounce:                0 kB
WritebackTmp:          0 kB
CommitLimit:     3490880 kB
Committed_AS:    3986892 kB
VmallocTotal:   34359738367 kB
VmallocUsed:           0 kB
VmallocChunk:          0 kB
HardwareCorrupted:     0 kB
AnonHugePages:         0 kB
ShmemHugePages:        0 kB
ShmemPmdMapped:        0 kB
CmaTotal:              0 kB
CmaFree:               0 kB
HugePages_Total:       0
HugePages_Free:        0
HugePages_Rsvd:        0
HugePages_Surp:        0
Hugepagesize:       2048 kB
Hugetlb:               0 kB
DirectMap4k:      118720 kB
DirectMap2M:     4075520 kB


/proc/sys/kernel/threads-max (system-wide limit on the number of threads):
31070


/proc/sys/vm/max_map_count (maximum number of memory map areas a process may have):
65530


/proc/sys/kernel/pid_max (system-wide limit on number of process identifiers):
32768



container (cgroup) information:
container_type: cgroupv1
cpu_cpuset_cpus: 0
cpu_memory_nodes: 0
active_processor_count: 1
cpu_quota: -1
cpu_period: 100000
cpu_shares: -1
memory_limit_in_bytes: -1
memory_and_swap_limit_in_bytes: -2
memory_soft_limit_in_bytes: -1
memory_usage_in_bytes: 2392477696
memory_max_usage_in_bytes: 0


CPU:total 1 (initial active 1) (1 cores per cpu, 1 threads per core) family 6 model 142 stepping 10, cmov, cx8, fxsr, mmx, sse, sse2, sse3, ssse3, sse4.1, sse4.2, popcnt, avx, avx2, aes, clmul, 3dnowpref, lzcnt, tsc, tscinvbit
CPU Model and flags from /proc/cpuinfo:
model name	: Intel(R) Core(TM) i5-8250U CPU @ 1.60GHz
flags		: fpu vme de pse tsc msr pae mce cx8 apic sep mtrr pge mca cmov pat pse36 clflush mmx fxsr sse sse2 ht syscall nx rdtscp lm constant_tsc rep_good nopl xtopology nonstop_tsc cpuid tsc_known_freq pni pclmulqdq monitor ssse3 cx16 pcid sse4_1 sse4_2 x2apic movbe popcnt aes xsave avx rdrand hypervisor lahf_lm abm 3dnowprefetch invpcid_single pti fsgsbase avx2 invpcid rdseed clflushopt md_clear flush_l1d

Memory: 4k page, physical 4039508k(1509152k free), swap 1471128k(1471128k free)

vm_info: Java HotSpot(TM) 64-Bit Server VM (12.0.1+12) for linux-amd64 JRE (12.0.1+12), built on Apr  1 2019 23:46:14 by "mach5one" with gcc 7.3.0

END.
